[2025-03-06 05:10:38,821] [autoreload.py:637] [autoreload:run_with_reloader] [INFO]- Watching for file changes with StatReloader
[2025-03-06 05:12:38,783] [autoreload.py:637] [autoreload:run_with_reloader] [INFO]- Watching for file changes with StatReloader
[2025-03-06 05:12:44,373] [basehttp.py:161] [basehttp:log_message] [INFO]- "GET / HTTP/1.1" 200 10330
[2025-03-06 05:12:44,666] [log.py:224] [log:log_response] [WARNING]- Not Found: /api/count
[2025-03-06 05:12:44,666] [basehttp.py:161] [basehttp:log_message] [WARNING]- "GET /api/count HTTP/1.1" 404 3142
[2025-03-06 05:12:52,009] [basehttp.py:161] [basehttp:log_message] [INFO]- "GET / HTTP/1.1" 200 10330
[2025-03-06 05:12:52,046] [log.py:224] [log:log_response] [WARNING]- Not Found: /api/count
[2025-03-06 05:12:52,047] [basehttp.py:161] [basehttp:log_message] [WARNING]- "GET /api/count HTTP/1.1" 404 3142
[2025-03-06 05:12:52,960] [basehttp.py:161] [basehttp:log_message] [INFO]- "GET /admin/ HTTP/1.1" 302 0
[2025-03-06 05:12:52,988] [basehttp.py:161] [basehttp:log_message] [INFO]- "GET /admin/login/?next=/admin/ HTTP/1.1" 200 2216
[2025-03-06 05:12:52,998] [basehttp.py:161] [basehttp:log_message] [INFO]- "GET /static/admin/css/base.css HTTP/1.1" 200 19513
[2025-03-06 05:12:53,002] [basehttp.py:161] [basehttp:log_message] [INFO]- "GET /static/admin/js/nav_sidebar.js HTTP/1.1" 200 1360
[2025-03-06 05:12:53,003] [basehttp.py:161] [basehttp:log_message] [INFO]- "GET /static/admin/css/nav_sidebar.css HTTP/1.1" 200 2271
[2025-03-06 05:12:53,004] [basehttp.py:161] [basehttp:log_message] [INFO]- "GET /static/admin/css/login.css HTTP/1.1" 200 939
[2025-03-06 05:12:53,006] [basehttp.py:161] [basehttp:log_message] [INFO]- "GET /static/admin/css/responsive.css HTTP/1.1" 200 18545
[2025-03-06 05:12:53,006] [basehttp.py:161] [basehttp:log_message] [INFO]- "GET /static/admin/css/fonts.css HTTP/1.1" 200 423
[2025-03-06 05:12:53,012] [basehttp.py:161] [basehttp:log_message] [INFO]- "GET /static/admin/fonts/Roboto-Regular-webfont.woff HTTP/1.1" 200 85876
[2025-03-06 05:12:53,024] [log.py:224] [log:log_response] [WARNING]- Not Found: /favicon.ico
[2025-03-06 05:12:53,025] [basehttp.py:161] [basehttp:log_message] [WARNING]- "GET /favicon.ico HTTP/1.1" 404 3148
[2025-03-06 05:12:53,025] [basehttp.py:161] [basehttp:log_message] [INFO]- "GET /static/admin/fonts/Roboto-Light-webfont.woff HTTP/1.1" 200 85692
[2025-03-06 05:12:53,032] [basehttp.py:161] [basehttp:log_message] [INFO]- "GET /static/admin/fonts/Roboto-Bold-webfont.woff HTTP/1.1" 200 86184
[2025-03-06 05:24:16,791] [autoreload.py:637] [autoreload:run_with_reloader] [INFO]- Watching for file changes with StatReloader
[2025-03-06 05:24:19,389] [autoreload.py:637] [autoreload:run_with_reloader] [INFO]- Watching for file changes with StatReloader
[2025-03-06 05:58:53,451] [autoreload.py:251] [autoreload:trigger_reload] [INFO]- /app/Professor_Student_Manage/admin.py changed, reloading.
[2025-03-06 05:58:53,911] [autoreload.py:637] [autoreload:run_with_reloader] [INFO]- Watching for file changes with StatReloader
[2025-03-06 05:58:55,846] [autoreload.py:637] [autoreload:run_with_reloader] [INFO]- Watching for file changes with StatReloader
[2025-03-06 05:59:07,052] [basehttp.py:161] [basehttp:log_message] [INFO]- "GET / HTTP/1.1" 200 10330
[2025-03-06 05:59:07,183] [log.py:224] [log:log_response] [WARNING]- Not Found: /api/count
[2025-03-06 05:59:07,184] [basehttp.py:161] [basehttp:log_message] [WARNING]- "GET /api/count HTTP/1.1" 404 3142
[2025-03-06 05:59:10,233] [basehttp.py:161] [basehttp:log_message] [INFO]- "GET / HTTP/1.1" 200 10330
[2025-03-06 05:59:10,248] [log.py:224] [log:log_response] [WARNING]- Not Found: /api/count
[2025-03-06 05:59:10,249] [basehttp.py:161] [basehttp:log_message] [WARNING]- "GET /api/count HTTP/1.1" 404 3142
[2025-03-06 05:59:11,141] [basehttp.py:161] [basehttp:log_message] [INFO]- "GET /admin/ HTTP/1.1" 302 0
[2025-03-06 05:59:11,172] [basehttp.py:161] [basehttp:log_message] [INFO]- "GET /admin/login/?next=/admin/ HTTP/1.1" 200 2216
[2025-03-06 05:59:11,176] [basehttp.py:161] [basehttp:log_message] [INFO]- "GET /static/admin/css/login.css HTTP/1.1" 304 0
[2025-03-06 05:59:11,176] [basehttp.py:161] [basehttp:log_message] [INFO]- "GET /static/admin/js/nav_sidebar.js HTTP/1.1" 304 0
[2025-03-06 05:59:11,177] [basehttp.py:161] [basehttp:log_message] [INFO]- "GET /static/admin/css/base.css HTTP/1.1" 304 0
[2025-03-06 05:59:11,177] [basehttp.py:161] [basehttp:log_message] [INFO]- "GET /static/admin/css/responsive.css HTTP/1.1" 304 0
[2025-03-06 05:59:11,177] [basehttp.py:161] [basehttp:log_message] [INFO]- "GET /static/admin/css/fonts.css HTTP/1.1" 304 0
[2025-03-06 05:59:11,178] [basehttp.py:161] [basehttp:log_message] [INFO]- "GET /static/admin/fonts/Roboto-Regular-webfont.woff HTTP/1.1" 304 0
[2025-03-06 05:59:11,180] [basehttp.py:161] [basehttp:log_message] [INFO]- "GET /static/admin/fonts/Roboto-Light-webfont.woff HTTP/1.1" 304 0
[2025-03-06 05:59:11,180] [basehttp.py:161] [basehttp:log_message] [INFO]- "GET /static/admin/css/nav_sidebar.css HTTP/1.1" 304 0
[2025-03-06 05:59:11,182] [basehttp.py:161] [basehttp:log_message] [INFO]- "GET /static/admin/fonts/Roboto-Bold-webfont.woff HTTP/1.1" 304 0
[2025-03-06 05:59:16,548] [basehttp.py:161] [basehttp:log_message] [INFO]- "POST /admin/login/?next=/admin/ HTTP/1.1" 302 0
[2025-03-06 05:59:17,009] [basehttp.py:161] [basehttp:log_message] [INFO]- "GET /admin/ HTTP/1.1" 200 12046
[2025-03-06 05:59:17,019] [basehttp.py:161] [basehttp:log_message] [INFO]- "GET /static/admin/css/dashboard.css HTTP/1.1" 200 380
[2025-03-06 05:59:17,026] [basehttp.py:161] [basehttp:log_message] [INFO]- "GET /static/admin/img/icon-changelink.svg HTTP/1.1" 200 380
[2025-03-06 05:59:17,027] [basehttp.py:161] [basehttp:log_message] [INFO]- "GET /static/admin/img/icon-addlink.svg HTTP/1.1" 200 331
[2025-03-06 05:59:17,030] [basehttp.py:161] [basehttp:log_message] [INFO]- "GET /static/admin/img/icon-deletelink.svg HTTP/1.1" 200 392
[2025-03-06 05:59:21,651] [basehttp.py:161] [basehttp:log_message] [INFO]- "GET /admin/Professor_Student_Manage/student/ HTTP/1.1" 200 28785
[2025-03-06 05:59:21,671] [basehttp.py:161] [basehttp:log_message] [INFO]- "GET /static/admin/js/core.js HTTP/1.1" 200 5698
[2025-03-06 05:59:21,673] [basehttp.py:161] [basehttp:log_message] [INFO]- "GET /static/admin/css/changelists.css HTTP/1.1" 200 6874
[2025-03-06 05:59:21,674] [basehttp.py:161] [basehttp:log_message] [INFO]- "GET /static/admin/js/jquery.init.js HTTP/1.1" 200 347
[2025-03-06 05:59:21,677] [basehttp.py:161] [basehttp:log_message] [INFO]- "GET /static/admin/js/admin/RelatedObjectLookups.js HTTP/1.1" 200 5984
[2025-03-06 05:59:21,679] [basehttp.py:161] [basehttp:log_message] [INFO]- "GET /static/admin/js/prepopulate.js HTTP/1.1" 200 1531
[2025-03-06 05:59:21,680] [basehttp.py:161] [basehttp:log_message] [INFO]- "GET /static/admin/js/actions.js HTTP/1.1" 200 7867
[2025-03-06 05:59:21,683] [basehttp.py:161] [basehttp:log_message] [INFO]- "GET /static/admin/js/urlify.js HTTP/1.1" 200 7902
[2025-03-06 05:59:21,685] [basehttp.py:161] [basehttp:log_message] [INFO]- "GET /static/admin/js/vendor/jquery/jquery.js HTTP/1.1" 200 287630
[2025-03-06 05:59:21,690] [basehttp.py:161] [basehttp:log_message] [INFO]- "GET /static/admin/js/vendor/xregexp/xregexp.js HTTP/1.1" 200 232381
[2025-03-06 05:59:21,691] [basehttp.py:161] [basehttp:log_message] [INFO]- "GET /static/admin/img/search.svg HTTP/1.1" 200 458
[2025-03-06 05:59:21,693] [basehttp.py:161] [basehttp:log_message] [INFO]- "GET /static/admin/img/icon-no.svg HTTP/1.1" 200 560
[2025-03-06 05:59:21,695] [basehttp.py:161] [basehttp:log_message] [INFO]- "GET /static/admin/img/icon-yes.svg HTTP/1.1" 200 436
[2025-03-06 05:59:22,024] [basehttp.py:161] [basehttp:log_message] [INFO]- "GET /admin/jsi18n/ HTTP/1.1" 200 8398
[2025-03-06 05:59:22,058] [basehttp.py:161] [basehttp:log_message] [INFO]- "GET /static/admin/img/tooltag-add.svg HTTP/1.1" 200 331
[2025-03-06 05:59:36,801] [basehttp.py:161] [basehttp:log_message] [INFO]- "GET /admin/Professor_Student_Manage/professor/ HTTP/1.1" 200 65794
[2025-03-06 05:59:37,120] [basehttp.py:161] [basehttp:log_message] [INFO]- "GET /admin/jsi18n/ HTTP/1.1" 200 8398
[2025-03-06 05:59:41,632] [basehttp.py:161] [basehttp:log_message] [INFO]- "GET /admin/Professor_Student_Manage/professor/ HTTP/1.1" 200 65794
[2025-03-06 05:59:42,905] [basehttp.py:161] [basehttp:log_message] [INFO]- "GET /admin/Professor_Student_Manage/student/ HTTP/1.1" 200 28785
[2025-03-06 05:59:43,233] [basehttp.py:161] [basehttp:log_message] [INFO]- "GET /admin/jsi18n/ HTTP/1.1" 200 8398
[2025-03-06 05:59:51,874] [basehttp.py:161] [basehttp:log_message] [INFO]- "GET /admin/Professor_Student_Manage/student/?o=8 HTTP/1.1" 200 29824
[2025-03-06 05:59:52,282] [basehttp.py:161] [basehttp:log_message] [INFO]- "GET /admin/jsi18n/ HTTP/1.1" 200 8398
[2025-03-06 05:59:52,302] [basehttp.py:161] [basehttp:log_message] [INFO]- "GET /static/admin/img/sorting-icons.svg HTTP/1.1" 200 1097
[2025-03-06 05:59:54,709] [basehttp.py:161] [basehttp:log_message] [INFO]- "GET /admin/Professor_Student_Manage/student/?o=-8 HTTP/1.1" 200 29868
[2025-03-06 05:59:55,040] [basehttp.py:161] [basehttp:log_message] [INFO]- "GET /admin/jsi18n/ HTTP/1.1" 200 8398
[2025-03-06 06:00:03,002] [basehttp.py:161] [basehttp:log_message] [INFO]- "GET /admin/Professor_Student_Manage/professor/ HTTP/1.1" 200 65794
[2025-03-06 06:00:03,333] [basehttp.py:161] [basehttp:log_message] [INFO]- "GET /admin/jsi18n/ HTTP/1.1" 200 8398
[2025-03-06 06:00:11,962] [basehttp.py:161] [basehttp:log_message] [INFO]- "GET /admin/Enrollment_Manage/subject/ HTTP/1.1" 200 12522
[2025-03-06 06:00:12,306] [basehttp.py:161] [basehttp:log_message] [INFO]- "GET /admin/jsi18n/ HTTP/1.1" 200 8398
[2025-03-06 06:00:14,309] [basehttp.py:161] [basehttp:log_message] [INFO]- "GET /admin/Enrollment_Manage/department/ HTTP/1.1" 200 14416
[2025-03-06 06:00:14,621] [basehttp.py:161] [basehttp:log_message] [INFO]- "GET /admin/jsi18n/ HTTP/1.1" 200 8398
[2025-03-06 06:00:23,700] [basehttp.py:161] [basehttp:log_message] [INFO]- "GET /admin/Select_Information/reviewrecord/ HTTP/1.1" 200 11395
[2025-03-06 06:00:23,991] [basehttp.py:161] [basehttp:log_message] [INFO]- "GET /admin/jsi18n/ HTTP/1.1" 200 8398
[2025-03-06 06:00:26,176] [basehttp.py:161] [basehttp:log_message] [INFO]- "GET /admin/Select_Information/selectiontime/ HTTP/1.1" 200 10231
[2025-03-06 06:00:26,517] [basehttp.py:161] [basehttp:log_message] [INFO]- "GET /admin/jsi18n/ HTTP/1.1" 200 8398
[2025-03-06 06:00:28,902] [basehttp.py:161] [basehttp:log_message] [INFO]- "GET /admin/Select_Information/studentprofessorchoice/ HTTP/1.1" 200 14765
[2025-03-06 06:00:29,242] [basehttp.py:161] [basehttp:log_message] [INFO]- "GET /admin/jsi18n/ HTTP/1.1" 200 8398
[2025-03-06 06:00:36,302] [basehttp.py:161] [basehttp:log_message] [INFO]- "GET /admin/Professor_Student_Manage/student/ HTTP/1.1" 200 28785
[2025-03-06 06:00:36,624] [basehttp.py:161] [basehttp:log_message] [INFO]- "GET /admin/jsi18n/ HTTP/1.1" 200 8398
[2025-03-06 06:00:43,440] [basehttp.py:161] [basehttp:log_message] [INFO]- "GET /admin/Professor_Student_Manage/professor/ HTTP/1.1" 200 65794
[2025-03-06 06:00:43,752] [basehttp.py:161] [basehttp:log_message] [INFO]- "GET /admin/jsi18n/ HTTP/1.1" 200 8398
[2025-03-06 06:00:47,816] [basehttp.py:161] [basehttp:log_message] [INFO]- "GET /admin/Professor_Student_Manage/student/ HTTP/1.1" 200 28785
[2025-03-06 06:00:48,154] [basehttp.py:161] [basehttp:log_message] [INFO]- "GET /admin/jsi18n/ HTTP/1.1" 200 8398
[2025-03-06 06:01:34,515] [basehttp.py:161] [basehttp:log_message] [INFO]- "GET /admin/Professor_Student_Manage/student/?o=7 HTTP/1.1" 200 29824
[2025-03-06 06:01:34,846] [basehttp.py:161] [basehttp:log_message] [INFO]- "GET /admin/jsi18n/ HTTP/1.1" 200 8398
[2025-03-06 06:01:38,428] [basehttp.py:161] [basehttp:log_message] [INFO]- "GET /admin/Professor_Student_Manage/student/?o=-7 HTTP/1.1" 200 29868
[2025-03-06 06:01:38,767] [basehttp.py:161] [basehttp:log_message] [INFO]- "GET /admin/jsi18n/ HTTP/1.1" 200 8398
[2025-03-06 06:02:15,142] [basehttp.py:161] [basehttp:log_message] [INFO]- "GET /admin/Professor_Student_Manage/professor/ HTTP/1.1" 200 65794
[2025-03-06 06:02:15,504] [basehttp.py:161] [basehttp:log_message] [INFO]- "GET /admin/jsi18n/ HTTP/1.1" 200 8398
[2025-03-06 06:02:19,184] [basehttp.py:161] [basehttp:log_message] [INFO]- "GET /admin/Professor_Student_Manage/student/ HTTP/1.1" 200 28785
[2025-03-06 06:02:19,463] [basehttp.py:161] [basehttp:log_message] [INFO]- "GET /admin/jsi18n/ HTTP/1.1" 200 8398
[2025-03-06 06:15:20,207] [autoreload.py:637] [autoreload:run_with_reloader] [INFO]- Watching for file changes with StatReloader
[2025-03-06 06:15:23,256] [autoreload.py:637] [autoreload:run_with_reloader] [INFO]- Watching for file changes with StatReloader
[2025-03-06 06:15:31,699] [log.py:224] [log:log_response] [ERROR]- Internal Server Error: /admin/Professor_Student_Manage/student/
Traceback (most recent call last):
  File "/root/.local/lib/python3.8/site-packages/django/db/models/options.py", line 608, in get_field
    return self.fields_map[field_name]
KeyError: 'download_hx_file'

During handling of the above exception, another exception occurred:

Traceback (most recent call last):
  File "/root/.local/lib/python3.8/site-packages/django/contrib/admin/utils.py", line 265, in lookup_field
    f = _get_non_gfk_field(opts, name)
  File "/root/.local/lib/python3.8/site-packages/django/contrib/admin/utils.py", line 296, in _get_non_gfk_field
    field = opts.get_field(name)
  File "/root/.local/lib/python3.8/site-packages/django/db/models/options.py", line 610, in get_field
    raise FieldDoesNotExist("%s has no field named '%s'" % (self.object_name, field_name))
django.core.exceptions.FieldDoesNotExist: Student has no field named 'download_hx_file'

During handling of the above exception, another exception occurred:

Traceback (most recent call last):
  File "/root/.local/lib/python3.8/site-packages/django/core/handlers/exception.py", line 47, in inner
    response = get_response(request)
  File "/root/.local/lib/python3.8/site-packages/django/core/handlers/base.py", line 204, in _get_response
    response = response.render()
  File "/root/.local/lib/python3.8/site-packages/django/template/response.py", line 105, in render
    self.content = self.rendered_content
  File "/root/.local/lib/python3.8/site-packages/django/template/response.py", line 83, in rendered_content
    return template.render(context, self._request)
  File "/root/.local/lib/python3.8/site-packages/django/template/backends/django.py", line 61, in render
    return self.template.render(context)
  File "/root/.local/lib/python3.8/site-packages/django/template/base.py", line 170, in render
    return self._render(context)
  File "/root/.local/lib/python3.8/site-packages/django/template/base.py", line 162, in _render
    return self.nodelist.render(context)
  File "/root/.local/lib/python3.8/site-packages/django/template/base.py", line 938, in render
    bit = node.render_annotated(context)
  File "/root/.local/lib/python3.8/site-packages/django/template/base.py", line 905, in render_annotated
    return self.render(context)
  File "/root/.local/lib/python3.8/site-packages/django/template/loader_tags.py", line 150, in render
    return compiled_parent._render(context)
  File "/root/.local/lib/python3.8/site-packages/django/template/base.py", line 162, in _render
    return self.nodelist.render(context)
  File "/root/.local/lib/python3.8/site-packages/django/template/base.py", line 938, in render
    bit = node.render_annotated(context)
  File "/root/.local/lib/python3.8/site-packages/django/template/base.py", line 905, in render_annotated
    return self.render(context)
  File "/root/.local/lib/python3.8/site-packages/django/template/loader_tags.py", line 150, in render
    return compiled_parent._render(context)
  File "/root/.local/lib/python3.8/site-packages/django/template/base.py", line 162, in _render
    return self.nodelist.render(context)
  File "/root/.local/lib/python3.8/site-packages/django/template/base.py", line 938, in render
    bit = node.render_annotated(context)
  File "/root/.local/lib/python3.8/site-packages/django/template/base.py", line 905, in render_annotated
    return self.render(context)
  File "/root/.local/lib/python3.8/site-packages/django/template/loader_tags.py", line 62, in render
    result = block.nodelist.render(context)
  File "/root/.local/lib/python3.8/site-packages/django/template/base.py", line 938, in render
    bit = node.render_annotated(context)
  File "/root/.local/lib/python3.8/site-packages/django/template/base.py", line 905, in render_annotated
    return self.render(context)
  File "/root/.local/lib/python3.8/site-packages/django/template/loader_tags.py", line 62, in render
    result = block.nodelist.render(context)
  File "/root/.local/lib/python3.8/site-packages/django/template/base.py", line 938, in render
    bit = node.render_annotated(context)
  File "/root/.local/lib/python3.8/site-packages/django/template/base.py", line 905, in render_annotated
    return self.render(context)
  File "/root/.local/lib/python3.8/site-packages/django/contrib/admin/templatetags/base.py", line 33, in render
    return super().render(context)
  File "/root/.local/lib/python3.8/site-packages/django/template/library.py", line 214, in render
    _dict = self.func(*resolved_args, **resolved_kwargs)
  File "/root/.local/lib/python3.8/site-packages/django/contrib/admin/templatetags/admin_list.py", line 308, in result_list
    'results': list(results(cl)),
  File "/root/.local/lib/python3.8/site-packages/django/contrib/admin/templatetags/admin_list.py", line 284, in results
    yield ResultList(None, items_for_result(cl, res, None))
  File "/root/.local/lib/python3.8/site-packages/django/contrib/admin/templatetags/admin_list.py", line 275, in __init__
    super().__init__(*items)
  File "/root/.local/lib/python3.8/site-packages/django/contrib/admin/templatetags/admin_list.py", line 200, in items_for_result
    f, attr, value = lookup_field(field_name, result, cl.model_admin)
  File "/root/.local/lib/python3.8/site-packages/django/contrib/admin/utils.py", line 274, in lookup_field
    value = attr(obj)
  File "/app/Professor_Student_Manage/admin.py", line 46, in download_hx_file
    return format_html(
NameError: name 'format_html' is not defined
[2025-03-06 06:15:31,706] [basehttp.py:161] [basehttp:log_message] [ERROR]- "GET /admin/Professor_Student_Manage/student/ HTTP/1.1" 500 376683
[2025-03-06 06:15:50,224] [autoreload.py:251] [autoreload:trigger_reload] [INFO]- /app/Professor_Student_Manage/admin.py changed, reloading.
[2025-03-06 06:15:50,626] [autoreload.py:637] [autoreload:run_with_reloader] [INFO]- Watching for file changes with StatReloader
[2025-03-06 06:15:55,366] [basehttp.py:161] [basehttp:log_message] [INFO]- "GET /admin/Professor_Student_Manage/student/ HTTP/1.1" 200 30272
[2025-03-06 06:15:55,390] [basehttp.py:161] [basehttp:log_message] [INFO]- "GET /static/admin/js/nav_sidebar.js HTTP/1.1" 304 0
[2025-03-06 06:15:55,390] [basehttp.py:161] [basehttp:log_message] [INFO]- "GET /static/admin/css/nav_sidebar.css HTTP/1.1" 304 0
[2025-03-06 06:15:55,390] [basehttp.py:161] [basehttp:log_message] [INFO]- "GET /static/admin/css/base.css HTTP/1.1" 304 0
[2025-03-06 06:15:55,393] [basehttp.py:161] [basehttp:log_message] [INFO]- "GET /static/admin/css/changelists.css HTTP/1.1" 304 0
[2025-03-06 06:15:55,395] [basehttp.py:161] [basehttp:log_message] [INFO]- "GET /static/admin/js/jquery.init.js HTTP/1.1" 304 0
[2025-03-06 06:15:55,395] [basehttp.py:161] [basehttp:log_message] [INFO]- "GET /static/admin/js/vendor/jquery/jquery.js HTTP/1.1" 304 0
[2025-03-06 06:15:55,395] [basehttp.py:161] [basehttp:log_message] [INFO]- "GET /static/admin/js/admin/RelatedObjectLookups.js HTTP/1.1" 304 0
[2025-03-06 06:15:55,397] [basehttp.py:161] [basehttp:log_message] [INFO]- "GET /static/admin/js/core.js HTTP/1.1" 304 0
[2025-03-06 06:15:55,400] [basehttp.py:161] [basehttp:log_message] [INFO]- "GET /static/admin/js/urlify.js HTTP/1.1" 304 0
[2025-03-06 06:15:55,402] [basehttp.py:161] [basehttp:log_message] [INFO]- "GET /static/admin/js/prepopulate.js HTTP/1.1" 304 0
[2025-03-06 06:15:55,402] [basehttp.py:161] [basehttp:log_message] [INFO]- "GET /static/admin/js/actions.js HTTP/1.1" 304 0
[2025-03-06 06:15:55,403] [basehttp.py:161] [basehttp:log_message] [INFO]- "GET /static/admin/js/vendor/xregexp/xregexp.js HTTP/1.1" 304 0
[2025-03-06 06:15:55,404] [basehttp.py:161] [basehttp:log_message] [INFO]- "GET /static/admin/img/search.svg HTTP/1.1" 304 0
[2025-03-06 06:15:55,405] [basehttp.py:161] [basehttp:log_message] [INFO]- "GET /static/admin/img/icon-no.svg HTTP/1.1" 304 0
[2025-03-06 06:15:55,406] [basehttp.py:161] [basehttp:log_message] [INFO]- "GET /static/admin/img/icon-yes.svg HTTP/1.1" 304 0
[2025-03-06 06:15:55,407] [basehttp.py:161] [basehttp:log_message] [INFO]- "GET /static/admin/css/responsive.css HTTP/1.1" 304 0
[2025-03-06 06:15:55,408] [basehttp.py:161] [basehttp:log_message] [INFO]- "GET /static/admin/css/fonts.css HTTP/1.1" 304 0
[2025-03-06 06:15:55,654] [basehttp.py:161] [basehttp:log_message] [INFO]- "GET /admin/jsi18n/ HTTP/1.1" 200 8398
[2025-03-06 06:15:55,689] [basehttp.py:161] [basehttp:log_message] [INFO]- "GET /static/admin/fonts/Roboto-Regular-webfont.woff HTTP/1.1" 304 0
[2025-03-06 06:15:55,691] [basehttp.py:161] [basehttp:log_message] [INFO]- "GET /static/admin/img/tooltag-add.svg HTTP/1.1" 304 0
[2025-03-06 06:15:55,693] [basehttp.py:161] [basehttp:log_message] [INFO]- "GET /static/admin/img/icon-addlink.svg HTTP/1.1" 304 0
[2025-03-06 06:15:55,694] [basehttp.py:161] [basehttp:log_message] [INFO]- "GET /static/admin/fonts/Roboto-Bold-webfont.woff HTTP/1.1" 304 0
[2025-03-06 06:15:55,694] [basehttp.py:161] [basehttp:log_message] [INFO]- "GET /static/admin/fonts/Roboto-Light-webfont.woff HTTP/1.1" 304 0
[2025-03-06 06:16:48,275] [basehttp.py:161] [basehttp:log_message] [INFO]- "GET /admin/Professor_Student_Manage/professor/ HTTP/1.1" 200 65794
[2025-03-06 06:16:48,584] [basehttp.py:161] [basehttp:log_message] [INFO]- "GET /admin/jsi18n/ HTTP/1.1" 200 8398
[2025-03-06 06:16:52,245] [basehttp.py:161] [basehttp:log_message] [INFO]- "GET /admin/Select_Information/reviewrecord/ HTTP/1.1" 200 11395
[2025-03-06 06:16:52,556] [basehttp.py:161] [basehttp:log_message] [INFO]- "GET /admin/jsi18n/ HTTP/1.1" 200 8398
[2025-03-06 06:18:10,581] [autoreload.py:637] [autoreload:run_with_reloader] [INFO]- Watching for file changes with StatReloader
[2025-03-06 06:18:13,127] [autoreload.py:637] [autoreload:run_with_reloader] [INFO]- Watching for file changes with StatReloader
[2025-03-06 06:18:24,551] [basehttp.py:161] [basehttp:log_message] [INFO]- "GET /admin/Professor_Student_Manage/student/ HTTP/1.1" 200 30455
[2025-03-06 06:18:24,960] [basehttp.py:161] [basehttp:log_message] [INFO]- "GET /admin/jsi18n/ HTTP/1.1" 200 8398
[2025-03-06 06:29:10,990] [autoreload.py:637] [autoreload:run_with_reloader] [INFO]- Watching for file changes with StatReloader
[2025-03-06 06:29:19,055] [autoreload.py:637] [autoreload:run_with_reloader] [INFO]- Watching for file changes with StatReloader
[2025-03-06 06:29:22,100] [log.py:224] [log:log_response] [ERROR]- Internal Server Error: /admin/Professor_Student_Manage/student/
Traceback (most recent call last):
  File "/root/.local/lib/python3.8/site-packages/django/db/models/options.py", line 608, in get_field
    return self.fields_map[field_name]
KeyError: 'download_hx_file'

During handling of the above exception, another exception occurred:

Traceback (most recent call last):
  File "/root/.local/lib/python3.8/site-packages/django/contrib/admin/utils.py", line 265, in lookup_field
    f = _get_non_gfk_field(opts, name)
  File "/root/.local/lib/python3.8/site-packages/django/contrib/admin/utils.py", line 296, in _get_non_gfk_field
    field = opts.get_field(name)
  File "/root/.local/lib/python3.8/site-packages/django/db/models/options.py", line 610, in get_field
    raise FieldDoesNotExist("%s has no field named '%s'" % (self.object_name, field_name))
django.core.exceptions.FieldDoesNotExist: Student has no field named 'download_hx_file'

During handling of the above exception, another exception occurred:

Traceback (most recent call last):
  File "/root/.local/lib/python3.8/site-packages/django/core/handlers/exception.py", line 47, in inner
    response = get_response(request)
  File "/root/.local/lib/python3.8/site-packages/django/core/handlers/base.py", line 204, in _get_response
    response = response.render()
  File "/root/.local/lib/python3.8/site-packages/django/template/response.py", line 105, in render
    self.content = self.rendered_content
  File "/root/.local/lib/python3.8/site-packages/django/template/response.py", line 83, in rendered_content
    return template.render(context, self._request)
  File "/root/.local/lib/python3.8/site-packages/django/template/backends/django.py", line 61, in render
    return self.template.render(context)
  File "/root/.local/lib/python3.8/site-packages/django/template/base.py", line 170, in render
    return self._render(context)
  File "/root/.local/lib/python3.8/site-packages/django/template/base.py", line 162, in _render
    return self.nodelist.render(context)
  File "/root/.local/lib/python3.8/site-packages/django/template/base.py", line 938, in render
    bit = node.render_annotated(context)
  File "/root/.local/lib/python3.8/site-packages/django/template/base.py", line 905, in render_annotated
    return self.render(context)
  File "/root/.local/lib/python3.8/site-packages/django/template/loader_tags.py", line 150, in render
    return compiled_parent._render(context)
  File "/root/.local/lib/python3.8/site-packages/django/template/base.py", line 162, in _render
    return self.nodelist.render(context)
  File "/root/.local/lib/python3.8/site-packages/django/template/base.py", line 938, in render
    bit = node.render_annotated(context)
  File "/root/.local/lib/python3.8/site-packages/django/template/base.py", line 905, in render_annotated
    return self.render(context)
  File "/root/.local/lib/python3.8/site-packages/django/template/loader_tags.py", line 150, in render
    return compiled_parent._render(context)
  File "/root/.local/lib/python3.8/site-packages/django/template/base.py", line 162, in _render
    return self.nodelist.render(context)
  File "/root/.local/lib/python3.8/site-packages/django/template/base.py", line 938, in render
    bit = node.render_annotated(context)
  File "/root/.local/lib/python3.8/site-packages/django/template/base.py", line 905, in render_annotated
    return self.render(context)
  File "/root/.local/lib/python3.8/site-packages/django/template/loader_tags.py", line 62, in render
    result = block.nodelist.render(context)
  File "/root/.local/lib/python3.8/site-packages/django/template/base.py", line 938, in render
    bit = node.render_annotated(context)
  File "/root/.local/lib/python3.8/site-packages/django/template/base.py", line 905, in render_annotated
    return self.render(context)
  File "/root/.local/lib/python3.8/site-packages/django/template/loader_tags.py", line 62, in render
    result = block.nodelist.render(context)
  File "/root/.local/lib/python3.8/site-packages/django/template/base.py", line 938, in render
    bit = node.render_annotated(context)
  File "/root/.local/lib/python3.8/site-packages/django/template/base.py", line 905, in render_annotated
    return self.render(context)
  File "/root/.local/lib/python3.8/site-packages/django/contrib/admin/templatetags/base.py", line 33, in render
    return super().render(context)
  File "/root/.local/lib/python3.8/site-packages/django/template/library.py", line 214, in render
    _dict = self.func(*resolved_args, **resolved_kwargs)
  File "/root/.local/lib/python3.8/site-packages/django/contrib/admin/templatetags/admin_list.py", line 308, in result_list
    'results': list(results(cl)),
  File "/root/.local/lib/python3.8/site-packages/django/contrib/admin/templatetags/admin_list.py", line 284, in results
    yield ResultList(None, items_for_result(cl, res, None))
  File "/root/.local/lib/python3.8/site-packages/django/contrib/admin/templatetags/admin_list.py", line 275, in __init__
    super().__init__(*items)
  File "/root/.local/lib/python3.8/site-packages/django/contrib/admin/templatetags/admin_list.py", line 200, in items_for_result
    f, attr, value = lookup_field(field_name, result, cl.model_admin)
  File "/root/.local/lib/python3.8/site-packages/django/contrib/admin/utils.py", line 274, in lookup_field
    value = attr(obj)
  File "/app/Professor_Student_Manage/admin.py", line 49, in download_hx_file
    response_data_signature = self.get_fileid_download_url(obj.signature_table)
  File "/app/Professor_Student_Manage/admin.py", line 77, in get_fileid_download_url
    response = requests.post(url, json=data)
NameError: name 'requests' is not defined
[2025-03-06 06:29:22,103] [basehttp.py:161] [basehttp:log_message] [ERROR]- "GET /admin/Professor_Student_Manage/student/ HTTP/1.1" 500 381506
[2025-03-06 06:30:19,000] [autoreload.py:637] [autoreload:run_with_reloader] [INFO]- Watching for file changes with StatReloader
[2025-03-06 06:30:20,807] [log.py:224] [log:log_response] [ERROR]- Internal Server Error: /admin/Professor_Student_Manage/student/
Traceback (most recent call last):
  File "/root/.local/lib/python3.8/site-packages/django/db/models/options.py", line 608, in get_field
    return self.fields_map[field_name]
KeyError: 'download_hx_file'

During handling of the above exception, another exception occurred:

Traceback (most recent call last):
  File "/root/.local/lib/python3.8/site-packages/django/contrib/admin/utils.py", line 265, in lookup_field
    f = _get_non_gfk_field(opts, name)
  File "/root/.local/lib/python3.8/site-packages/django/contrib/admin/utils.py", line 296, in _get_non_gfk_field
    field = opts.get_field(name)
  File "/root/.local/lib/python3.8/site-packages/django/db/models/options.py", line 610, in get_field
    raise FieldDoesNotExist("%s has no field named '%s'" % (self.object_name, field_name))
django.core.exceptions.FieldDoesNotExist: Student has no field named 'download_hx_file'

During handling of the above exception, another exception occurred:

Traceback (most recent call last):
  File "/root/.local/lib/python3.8/site-packages/django/core/handlers/exception.py", line 47, in inner
    response = get_response(request)
  File "/root/.local/lib/python3.8/site-packages/django/core/handlers/base.py", line 204, in _get_response
    response = response.render()
  File "/root/.local/lib/python3.8/site-packages/django/template/response.py", line 105, in render
    self.content = self.rendered_content
  File "/root/.local/lib/python3.8/site-packages/django/template/response.py", line 83, in rendered_content
    return template.render(context, self._request)
  File "/root/.local/lib/python3.8/site-packages/django/template/backends/django.py", line 61, in render
    return self.template.render(context)
  File "/root/.local/lib/python3.8/site-packages/django/template/base.py", line 170, in render
    return self._render(context)
  File "/root/.local/lib/python3.8/site-packages/django/template/base.py", line 162, in _render
    return self.nodelist.render(context)
  File "/root/.local/lib/python3.8/site-packages/django/template/base.py", line 938, in render
    bit = node.render_annotated(context)
  File "/root/.local/lib/python3.8/site-packages/django/template/base.py", line 905, in render_annotated
    return self.render(context)
  File "/root/.local/lib/python3.8/site-packages/django/template/loader_tags.py", line 150, in render
    return compiled_parent._render(context)
  File "/root/.local/lib/python3.8/site-packages/django/template/base.py", line 162, in _render
    return self.nodelist.render(context)
  File "/root/.local/lib/python3.8/site-packages/django/template/base.py", line 938, in render
    bit = node.render_annotated(context)
  File "/root/.local/lib/python3.8/site-packages/django/template/base.py", line 905, in render_annotated
    return self.render(context)
  File "/root/.local/lib/python3.8/site-packages/django/template/loader_tags.py", line 150, in render
    return compiled_parent._render(context)
  File "/root/.local/lib/python3.8/site-packages/django/template/base.py", line 162, in _render
    return self.nodelist.render(context)
  File "/root/.local/lib/python3.8/site-packages/django/template/base.py", line 938, in render
    bit = node.render_annotated(context)
  File "/root/.local/lib/python3.8/site-packages/django/template/base.py", line 905, in render_annotated
    return self.render(context)
  File "/root/.local/lib/python3.8/site-packages/django/template/loader_tags.py", line 62, in render
    result = block.nodelist.render(context)
  File "/root/.local/lib/python3.8/site-packages/django/template/base.py", line 938, in render
    bit = node.render_annotated(context)
  File "/root/.local/lib/python3.8/site-packages/django/template/base.py", line 905, in render_annotated
    return self.render(context)
  File "/root/.local/lib/python3.8/site-packages/django/template/loader_tags.py", line 62, in render
    result = block.nodelist.render(context)
  File "/root/.local/lib/python3.8/site-packages/django/template/base.py", line 938, in render
    bit = node.render_annotated(context)
  File "/root/.local/lib/python3.8/site-packages/django/template/base.py", line 905, in render_annotated
    return self.render(context)
  File "/root/.local/lib/python3.8/site-packages/django/contrib/admin/templatetags/base.py", line 33, in render
    return super().render(context)
  File "/root/.local/lib/python3.8/site-packages/django/template/library.py", line 214, in render
    _dict = self.func(*resolved_args, **resolved_kwargs)
  File "/root/.local/lib/python3.8/site-packages/django/contrib/admin/templatetags/admin_list.py", line 308, in result_list
    'results': list(results(cl)),
  File "/root/.local/lib/python3.8/site-packages/django/contrib/admin/templatetags/admin_list.py", line 284, in results
    yield ResultList(None, items_for_result(cl, res, None))
  File "/root/.local/lib/python3.8/site-packages/django/contrib/admin/templatetags/admin_list.py", line 275, in __init__
    super().__init__(*items)
  File "/root/.local/lib/python3.8/site-packages/django/contrib/admin/templatetags/admin_list.py", line 200, in items_for_result
    f, attr, value = lookup_field(field_name, result, cl.model_admin)
  File "/root/.local/lib/python3.8/site-packages/django/contrib/admin/utils.py", line 274, in lookup_field
    value = attr(obj)
  File "/app/Professor_Student_Manage/admin.py", line 55, in download_hx_file
    return Response({'message': '获取签名图片下载地址失败'}, status=status.HTTP_500_INTERNAL_SERVER_ERROR)
NameError: name 'Response' is not defined
[2025-03-06 06:30:20,809] [basehttp.py:161] [basehttp:log_message] [ERROR]- "GET /admin/Professor_Student_Manage/student/ HTTP/1.1" 500 377270
[2025-03-06 06:30:30,052] [autoreload.py:637] [autoreload:run_with_reloader] [INFO]- Watching for file changes with StatReloader
[2025-03-06 06:30:31,903] [log.py:224] [log:log_response] [ERROR]- Internal Server Error: /admin/Professor_Student_Manage/student/
Traceback (most recent call last):
  File "/root/.local/lib/python3.8/site-packages/django/db/models/options.py", line 608, in get_field
    return self.fields_map[field_name]
KeyError: 'download_hx_file'

During handling of the above exception, another exception occurred:

Traceback (most recent call last):
  File "/root/.local/lib/python3.8/site-packages/django/contrib/admin/utils.py", line 265, in lookup_field
    f = _get_non_gfk_field(opts, name)
  File "/root/.local/lib/python3.8/site-packages/django/contrib/admin/utils.py", line 296, in _get_non_gfk_field
    field = opts.get_field(name)
  File "/root/.local/lib/python3.8/site-packages/django/db/models/options.py", line 610, in get_field
    raise FieldDoesNotExist("%s has no field named '%s'" % (self.object_name, field_name))
django.core.exceptions.FieldDoesNotExist: Student has no field named 'download_hx_file'

During handling of the above exception, another exception occurred:

Traceback (most recent call last):
  File "/root/.local/lib/python3.8/site-packages/django/core/handlers/exception.py", line 47, in inner
    response = get_response(request)
  File "/root/.local/lib/python3.8/site-packages/django/core/handlers/base.py", line 204, in _get_response
    response = response.render()
  File "/root/.local/lib/python3.8/site-packages/django/template/response.py", line 105, in render
    self.content = self.rendered_content
  File "/root/.local/lib/python3.8/site-packages/django/template/response.py", line 83, in rendered_content
    return template.render(context, self._request)
  File "/root/.local/lib/python3.8/site-packages/django/template/backends/django.py", line 61, in render
    return self.template.render(context)
  File "/root/.local/lib/python3.8/site-packages/django/template/base.py", line 170, in render
    return self._render(context)
  File "/root/.local/lib/python3.8/site-packages/django/template/base.py", line 162, in _render
    return self.nodelist.render(context)
  File "/root/.local/lib/python3.8/site-packages/django/template/base.py", line 938, in render
    bit = node.render_annotated(context)
  File "/root/.local/lib/python3.8/site-packages/django/template/base.py", line 905, in render_annotated
    return self.render(context)
  File "/root/.local/lib/python3.8/site-packages/django/template/loader_tags.py", line 150, in render
    return compiled_parent._render(context)
  File "/root/.local/lib/python3.8/site-packages/django/template/base.py", line 162, in _render
    return self.nodelist.render(context)
  File "/root/.local/lib/python3.8/site-packages/django/template/base.py", line 938, in render
    bit = node.render_annotated(context)
  File "/root/.local/lib/python3.8/site-packages/django/template/base.py", line 905, in render_annotated
    return self.render(context)
  File "/root/.local/lib/python3.8/site-packages/django/template/loader_tags.py", line 150, in render
    return compiled_parent._render(context)
  File "/root/.local/lib/python3.8/site-packages/django/template/base.py", line 162, in _render
    return self.nodelist.render(context)
  File "/root/.local/lib/python3.8/site-packages/django/template/base.py", line 938, in render
    bit = node.render_annotated(context)
  File "/root/.local/lib/python3.8/site-packages/django/template/base.py", line 905, in render_annotated
    return self.render(context)
  File "/root/.local/lib/python3.8/site-packages/django/template/loader_tags.py", line 62, in render
    result = block.nodelist.render(context)
  File "/root/.local/lib/python3.8/site-packages/django/template/base.py", line 938, in render
    bit = node.render_annotated(context)
  File "/root/.local/lib/python3.8/site-packages/django/template/base.py", line 905, in render_annotated
    return self.render(context)
  File "/root/.local/lib/python3.8/site-packages/django/template/loader_tags.py", line 62, in render
    result = block.nodelist.render(context)
  File "/root/.local/lib/python3.8/site-packages/django/template/base.py", line 938, in render
    bit = node.render_annotated(context)
  File "/root/.local/lib/python3.8/site-packages/django/template/base.py", line 905, in render_annotated
    return self.render(context)
  File "/root/.local/lib/python3.8/site-packages/django/contrib/admin/templatetags/base.py", line 33, in render
    return super().render(context)
  File "/root/.local/lib/python3.8/site-packages/django/template/library.py", line 214, in render
    _dict = self.func(*resolved_args, **resolved_kwargs)
  File "/root/.local/lib/python3.8/site-packages/django/contrib/admin/templatetags/admin_list.py", line 308, in result_list
    'results': list(results(cl)),
  File "/root/.local/lib/python3.8/site-packages/django/contrib/admin/templatetags/admin_list.py", line 284, in results
    yield ResultList(None, items_for_result(cl, res, None))
  File "/root/.local/lib/python3.8/site-packages/django/contrib/admin/templatetags/admin_list.py", line 275, in __init__
    super().__init__(*items)
  File "/root/.local/lib/python3.8/site-packages/django/contrib/admin/templatetags/admin_list.py", line 200, in items_for_result
    f, attr, value = lookup_field(field_name, result, cl.model_admin)
  File "/root/.local/lib/python3.8/site-packages/django/contrib/admin/utils.py", line 274, in lookup_field
    value = attr(obj)
  File "/app/Professor_Student_Manage/admin.py", line 56, in download_hx_file
    return Response({'message': '获取签名图片下载地址失败'}, status=status.HTTP_500_INTERNAL_SERVER_ERROR)
NameError: name 'status' is not defined
[2025-03-06 06:30:31,905] [basehttp.py:161] [basehttp:log_message] [ERROR]- "GET /admin/Professor_Student_Manage/student/ HTTP/1.1" 500 377258
[2025-03-06 06:31:13,719] [autoreload.py:637] [autoreload:run_with_reloader] [INFO]- Watching for file changes with StatReloader
[2025-03-06 06:31:17,144] [basehttp.py:161] [basehttp:log_message] [INFO]- "GET /admin/Professor_Student_Manage/student/ HTTP/1.1" 200 30276
[2025-03-06 06:31:17,170] [basehttp.py:161] [basehttp:log_message] [INFO]- "GET /static/admin/css/changelists.css HTTP/1.1" 304 0
[2025-03-06 06:31:17,170] [basehttp.py:161] [basehttp:log_message] [INFO]- "GET /static/admin/css/base.css HTTP/1.1" 304 0
[2025-03-06 06:31:17,171] [basehttp.py:161] [basehttp:log_message] [INFO]- "GET /static/admin/js/nav_sidebar.js HTTP/1.1" 304 0
[2025-03-06 06:31:17,173] [basehttp.py:161] [basehttp:log_message] [INFO]- "GET /static/admin/js/core.js HTTP/1.1" 304 0
[2025-03-06 06:31:17,175] [basehttp.py:161] [basehttp:log_message] [INFO]- "GET /static/admin/js/vendor/jquery/jquery.js HTTP/1.1" 304 0
[2025-03-06 06:31:17,176] [basehttp.py:161] [basehttp:log_message] [INFO]- "GET /static/admin/js/jquery.init.js HTTP/1.1" 304 0
[2025-03-06 06:31:17,177] [basehttp.py:161] [basehttp:log_message] [INFO]- "GET /static/admin/js/actions.js HTTP/1.1" 304 0
[2025-03-06 06:31:17,178] [basehttp.py:161] [basehttp:log_message] [INFO]- "GET /static/admin/js/admin/RelatedObjectLookups.js HTTP/1.1" 304 0
[2025-03-06 06:31:17,178] [basehttp.py:161] [basehttp:log_message] [INFO]- "GET /static/admin/css/nav_sidebar.css HTTP/1.1" 304 0
[2025-03-06 06:31:17,180] [basehttp.py:161] [basehttp:log_message] [INFO]- "GET /static/admin/js/urlify.js HTTP/1.1" 304 0
[2025-03-06 06:31:17,181] [basehttp.py:161] [basehttp:log_message] [INFO]- "GET /static/admin/js/prepopulate.js HTTP/1.1" 304 0
[2025-03-06 06:31:17,182] [basehttp.py:161] [basehttp:log_message] [INFO]- "GET /static/admin/js/vendor/xregexp/xregexp.js HTTP/1.1" 304 0
[2025-03-06 06:31:17,183] [basehttp.py:161] [basehttp:log_message] [INFO]- "GET /static/admin/img/search.svg HTTP/1.1" 304 0
[2025-03-06 06:31:17,185] [basehttp.py:161] [basehttp:log_message] [INFO]- "GET /static/admin/img/icon-no.svg HTTP/1.1" 304 0
[2025-03-06 06:31:17,185] [basehttp.py:161] [basehttp:log_message] [INFO]- "GET /static/admin/css/responsive.css HTTP/1.1" 304 0
[2025-03-06 06:31:17,187] [basehttp.py:161] [basehttp:log_message] [INFO]- "GET /static/admin/img/icon-yes.svg HTTP/1.1" 304 0
[2025-03-06 06:31:17,188] [basehttp.py:161] [basehttp:log_message] [INFO]- "GET /static/admin/css/fonts.css HTTP/1.1" 304 0
[2025-03-06 06:31:17,445] [basehttp.py:161] [basehttp:log_message] [INFO]- "GET /admin/jsi18n/ HTTP/1.1" 200 8398
[2025-03-06 06:31:17,481] [basehttp.py:161] [basehttp:log_message] [INFO]- "GET /static/admin/fonts/Roboto-Regular-webfont.woff HTTP/1.1" 304 0
[2025-03-06 06:31:17,483] [basehttp.py:161] [basehttp:log_message] [INFO]- "GET /static/admin/fonts/Roboto-Bold-webfont.woff HTTP/1.1" 304 0
[2025-03-06 06:31:17,484] [basehttp.py:161] [basehttp:log_message] [INFO]- "GET /static/admin/img/tooltag-add.svg HTTP/1.1" 304 0
[2025-03-06 06:31:17,486] [basehttp.py:161] [basehttp:log_message] [INFO]- "GET /static/admin/img/icon-addlink.svg HTTP/1.1" 304 0
[2025-03-06 06:31:17,487] [basehttp.py:161] [basehttp:log_message] [INFO]- "GET /static/admin/fonts/Roboto-Light-webfont.woff HTTP/1.1" 304 0
[2025-03-06 06:32:22,129] [autoreload.py:637] [autoreload:run_with_reloader] [INFO]- Watching for file changes with StatReloader
[2025-03-06 06:32:25,125] [autoreload.py:637] [autoreload:run_with_reloader] [INFO]- Watching for file changes with StatReloader
[2025-03-06 06:32:28,689] [autoreload.py:637] [autoreload:run_with_reloader] [INFO]- Watching for file changes with StatReloader
[2025-03-06 06:38:26,124] [basehttp.py:161] [basehttp:log_message] [INFO]- "GET /admin/Professor_Student_Manage/student/ HTTP/1.1" 200 30276
[2025-03-06 06:38:26,447] [basehttp.py:161] [basehttp:log_message] [INFO]- "GET /admin/jsi18n/ HTTP/1.1" 200 8398
[2025-03-06 06:38:26,513] [log.py:224] [log:log_response] [WARNING]- Not Found: /apple-touch-icon-precomposed.png
[2025-03-06 06:38:26,513] [basehttp.py:161] [basehttp:log_message] [WARNING]- "GET /apple-touch-icon-precomposed.png HTTP/1.1" 404 3211
[2025-03-06 06:38:26,518] [log.py:224] [log:log_response] [WARNING]- Not Found: /apple-touch-icon.png
[2025-03-06 06:38:26,519] [basehttp.py:161] [basehttp:log_message] [WARNING]- "GET /apple-touch-icon.png HTTP/1.1" 404 3175
[2025-03-06 06:42:08,852] [autoreload.py:637] [autoreload:run_with_reloader] [INFO]- Watching for file changes with StatReloader
[2025-03-06 06:42:12,946] [basehttp.py:161] [basehttp:log_message] [INFO]- "GET /admin/Professor_Student_Manage/student/ HTTP/1.1" 200 31829
[2025-03-06 06:42:12,961] [basehttp.py:161] [basehttp:log_message] [INFO]- "GET /static/admin/css/nav_sidebar.css HTTP/1.1" 304 0
[2025-03-06 06:42:12,965] [basehttp.py:161] [basehttp:log_message] [INFO]- "GET /static/admin/js/nav_sidebar.js HTTP/1.1" 304 0
[2025-03-06 06:42:12,968] [basehttp.py:161] [basehttp:log_message] [INFO]- "GET /static/admin/css/changelists.css HTTP/1.1" 304 0
[2025-03-06 06:42:12,968] [basehttp.py:161] [basehttp:log_message] [INFO]- "GET /static/admin/js/jquery.init.js HTTP/1.1" 304 0
[2025-03-06 06:42:12,969] [basehttp.py:161] [basehttp:log_message] [INFO]- "GET /static/admin/js/vendor/jquery/jquery.js HTTP/1.1" 304 0
[2025-03-06 06:42:12,969] [basehttp.py:161] [basehttp:log_message] [INFO]- "GET /static/admin/css/base.css HTTP/1.1" 304 0
[2025-03-06 06:42:12,970] [basehttp.py:161] [basehttp:log_message] [INFO]- "GET /static/admin/js/core.js HTTP/1.1" 304 0
[2025-03-06 06:42:12,973] [basehttp.py:161] [basehttp:log_message] [INFO]- "GET /static/admin/js/admin/RelatedObjectLookups.js HTTP/1.1" 304 0
[2025-03-06 06:42:12,974] [basehttp.py:161] [basehttp:log_message] [INFO]- "GET /static/admin/js/urlify.js HTTP/1.1" 304 0
[2025-03-06 06:42:12,974] [basehttp.py:161] [basehttp:log_message] [INFO]- "GET /static/admin/js/actions.js HTTP/1.1" 304 0
[2025-03-06 06:42:12,976] [basehttp.py:161] [basehttp:log_message] [INFO]- "GET /static/admin/img/search.svg HTTP/1.1" 304 0
[2025-03-06 06:42:12,977] [basehttp.py:161] [basehttp:log_message] [INFO]- "GET /static/admin/js/prepopulate.js HTTP/1.1" 304 0
[2025-03-06 06:42:12,979] [basehttp.py:161] [basehttp:log_message] [INFO]- "GET /static/admin/js/vendor/xregexp/xregexp.js HTTP/1.1" 304 0
[2025-03-06 06:42:12,980] [basehttp.py:161] [basehttp:log_message] [INFO]- "GET /static/admin/css/responsive.css HTTP/1.1" 304 0
[2025-03-06 06:42:12,982] [basehttp.py:161] [basehttp:log_message] [INFO]- "GET /static/admin/img/icon-no.svg HTTP/1.1" 304 0
[2025-03-06 06:42:12,983] [basehttp.py:161] [basehttp:log_message] [INFO]- "GET /static/admin/img/icon-yes.svg HTTP/1.1" 304 0
[2025-03-06 06:42:12,983] [basehttp.py:161] [basehttp:log_message] [INFO]- "GET /static/admin/css/fonts.css HTTP/1.1" 304 0
[2025-03-06 06:42:13,258] [basehttp.py:161] [basehttp:log_message] [INFO]- "GET /admin/jsi18n/ HTTP/1.1" 200 8398
[2025-03-06 06:42:13,281] [basehttp.py:161] [basehttp:log_message] [INFO]- "GET /static/admin/fonts/Roboto-Bold-webfont.woff HTTP/1.1" 304 0
[2025-03-06 06:42:13,285] [basehttp.py:161] [basehttp:log_message] [INFO]- "GET /static/admin/fonts/Roboto-Regular-webfont.woff HTTP/1.1" 304 0
[2025-03-06 06:42:13,285] [basehttp.py:161] [basehttp:log_message] [INFO]- "GET /static/admin/img/icon-addlink.svg HTTP/1.1" 304 0
[2025-03-06 06:42:13,286] [basehttp.py:161] [basehttp:log_message] [INFO]- "GET /static/admin/img/tooltag-add.svg HTTP/1.1" 304 0
[2025-03-06 06:42:13,286] [basehttp.py:161] [basehttp:log_message] [INFO]- "GET /static/admin/fonts/Roboto-Light-webfont.woff HTTP/1.1" 304 0
[2025-03-06 06:42:34,439] [autoreload.py:637] [autoreload:run_with_reloader] [INFO]- Watching for file changes with StatReloader
[2025-03-06 06:42:37,996] [basehttp.py:161] [basehttp:log_message] [INFO]- "GET /admin/Professor_Student_Manage/student/ HTTP/1.1" 200 31828
[2025-03-06 06:42:38,311] [basehttp.py:161] [basehttp:log_message] [INFO]- "GET /admin/jsi18n/ HTTP/1.1" 200 8398
[2025-03-06 06:47:45,980] [autoreload.py:637] [autoreload:run_with_reloader] [INFO]- Watching for file changes with StatReloader
[2025-03-06 07:14:11,139] [basehttp.py:161] [basehttp:log_message] [INFO]- "GET /admin/Professor_Student_Manage/student/ HTTP/1.1" 200 30202
[2025-03-06 07:14:11,164] [basehttp.py:161] [basehttp:log_message] [INFO]- "GET /static/admin/css/nav_sidebar.css HTTP/1.1" 304 0
[2025-03-06 07:14:11,164] [basehttp.py:161] [basehttp:log_message] [INFO]- "GET /static/admin/css/base.css HTTP/1.1" 304 0
[2025-03-06 07:14:11,166] [basehttp.py:161] [basehttp:log_message] [INFO]- "GET /static/admin/js/jquery.init.js HTTP/1.1" 304 0
[2025-03-06 07:14:11,168] [basehttp.py:161] [basehttp:log_message] [INFO]- "GET /static/admin/js/core.js HTTP/1.1" 304 0
[2025-03-06 07:14:11,169] [basehttp.py:161] [basehttp:log_message] [INFO]- "GET /static/admin/css/changelists.css HTTP/1.1" 304 0
[2025-03-06 07:14:11,170] [basehttp.py:161] [basehttp:log_message] [INFO]- "GET /static/admin/js/admin/RelatedObjectLookups.js HTTP/1.1" 304 0
[2025-03-06 07:14:11,170] [basehttp.py:161] [basehttp:log_message] [INFO]- "GET /static/admin/js/nav_sidebar.js HTTP/1.1" 304 0
[2025-03-06 07:14:11,171] [basehttp.py:161] [basehttp:log_message] [INFO]- "GET /static/admin/js/vendor/jquery/jquery.js HTTP/1.1" 304 0
[2025-03-06 07:14:11,174] [basehttp.py:161] [basehttp:log_message] [INFO]- "GET /static/admin/js/urlify.js HTTP/1.1" 304 0
[2025-03-06 07:14:11,174] [basehttp.py:161] [basehttp:log_message] [INFO]- "GET /static/admin/js/prepopulate.js HTTP/1.1" 304 0
[2025-03-06 07:14:11,175] [basehttp.py:161] [basehttp:log_message] [INFO]- "GET /static/admin/js/actions.js HTTP/1.1" 304 0
[2025-03-06 07:14:11,177] [basehttp.py:161] [basehttp:log_message] [INFO]- "GET /static/admin/js/vendor/xregexp/xregexp.js HTTP/1.1" 304 0
[2025-03-06 07:14:11,177] [basehttp.py:161] [basehttp:log_message] [INFO]- "GET /static/admin/css/responsive.css HTTP/1.1" 304 0
[2025-03-06 07:14:11,178] [basehttp.py:161] [basehttp:log_message] [INFO]- "GET /static/admin/img/icon-no.svg HTTP/1.1" 304 0
[2025-03-06 07:14:11,179] [basehttp.py:161] [basehttp:log_message] [INFO]- "GET /static/admin/img/search.svg HTTP/1.1" 304 0
[2025-03-06 07:14:11,180] [basehttp.py:161] [basehttp:log_message] [INFO]- "GET /static/admin/img/icon-yes.svg HTTP/1.1" 304 0
[2025-03-06 07:14:11,182] [basehttp.py:161] [basehttp:log_message] [INFO]- "GET /static/admin/css/fonts.css HTTP/1.1" 304 0
[2025-03-06 07:14:11,539] [basehttp.py:161] [basehttp:log_message] [INFO]- "GET /admin/jsi18n/ HTTP/1.1" 200 8398
[2025-03-06 07:14:11,576] [basehttp.py:161] [basehttp:log_message] [INFO]- "GET /static/admin/fonts/Roboto-Regular-webfont.woff HTTP/1.1" 304 0
[2025-03-06 07:14:11,578] [basehttp.py:161] [basehttp:log_message] [INFO]- "GET /static/admin/fonts/Roboto-Bold-webfont.woff HTTP/1.1" 304 0
[2025-03-06 07:14:11,579] [basehttp.py:161] [basehttp:log_message] [INFO]- "GET /static/admin/fonts/Roboto-Light-webfont.woff HTTP/1.1" 304 0
[2025-03-06 07:14:11,580] [basehttp.py:161] [basehttp:log_message] [INFO]- "GET /static/admin/img/icon-addlink.svg HTTP/1.1" 304 0
[2025-03-06 07:14:11,581] [basehttp.py:161] [basehttp:log_message] [INFO]- "GET /static/admin/img/tooltag-add.svg HTTP/1.1" 304 0
[2025-03-06 07:14:13,818] [basehttp.py:161] [basehttp:log_message] [INFO]- "GET /admin/ HTTP/1.1" 200 11986
[2025-03-06 07:14:13,822] [basehttp.py:161] [basehttp:log_message] [INFO]- "GET /static/admin/css/login.css HTTP/1.1" 304 0
[2025-03-06 07:14:13,831] [basehttp.py:161] [basehttp:log_message] [INFO]- "GET /static/admin/css/dashboard.css HTTP/1.1" 304 0
[2025-03-06 07:14:13,840] [basehttp.py:161] [basehttp:log_message] [INFO]- "GET /static/admin/img/icon-deletelink.svg HTTP/1.1" 304 0
[2025-03-06 07:14:13,840] [basehttp.py:161] [basehttp:log_message] [INFO]- "GET /static/admin/img/icon-changelink.svg HTTP/1.1" 304 0
[2025-03-06 07:14:15,378] [basehttp.py:161] [basehttp:log_message] [INFO]- "GET /admin/ HTTP/1.1" 200 11986
[2025-03-06 07:14:30,672] [basehttp.py:161] [basehttp:log_message] [INFO]- "GET /admin/ HTTP/1.1" 200 11986
[2025-03-06 07:15:12,203] [basehttp.py:161] [basehttp:log_message] [INFO]- "GET /admin/ HTTP/1.1" 200 11986
[2025-03-06 07:15:14,034] [basehttp.py:161] [basehttp:log_message] [INFO]- "GET /admin/ HTTP/1.1" 200 11986
[2025-03-06 07:15:15,690] [basehttp.py:161] [basehttp:log_message] [INFO]- "GET /admin/ HTTP/1.1" 200 11986
[2025-03-06 07:15:25,687] [basehttp.py:161] [basehttp:log_message] [INFO]- "GET /admin/ HTTP/1.1" 200 11986
[2025-03-06 07:15:27,629] [basehttp.py:161] [basehttp:log_message] [INFO]- "GET /admin/ HTTP/1.1" 200 11986
[2025-03-06 07:15:51,042] [autoreload.py:637] [autoreload:run_with_reloader] [INFO]- Watching for file changes with StatReloader
[2025-03-06 07:16:01,133] [autoreload.py:637] [autoreload:run_with_reloader] [INFO]- Watching for file changes with StatReloader
[2025-03-06 07:16:04,802] [basehttp.py:161] [basehttp:log_message] [INFO]- "GET /admin/ HTTP/1.1" 200 11986
[2025-03-06 07:16:06,991] [basehttp.py:161] [basehttp:log_message] [INFO]- "GET /admin/ HTTP/1.1" 200 11986
[2025-03-06 07:16:24,953] [basehttp.py:161] [basehttp:log_message] [INFO]- "GET /admin/ HTTP/1.1" 200 11986
[2025-03-06 07:16:39,509] [basehttp.py:161] [basehttp:log_message] [INFO]- "GET /admin/ HTTP/1.1" 200 11986
[2025-03-06 07:16:48,759] [autoreload.py:637] [autoreload:run_with_reloader] [INFO]- Watching for file changes with StatReloader
[2025-03-06 07:19:27,564] [basehttp.py:161] [basehttp:log_message] [INFO]- "GET /admin/ HTTP/1.1" 200 11986
[2025-03-06 07:19:29,307] [basehttp.py:161] [basehttp:log_message] [INFO]- "GET /admin/ HTTP/1.1" 200 11986
[2025-03-06 07:21:41,156] [autoreload.py:637] [autoreload:run_with_reloader] [INFO]- Watching for file changes with StatReloader
[2025-03-06 07:22:22,092] [autoreload.py:637] [autoreload:run_with_reloader] [INFO]- Watching for file changes with StatReloader
[2025-03-06 07:22:32,846] [basehttp.py:161] [basehttp:log_message] [INFO]- "GET /admin/ HTTP/1.1" 200 11986
[2025-03-06 07:22:35,606] [basehttp.py:161] [basehttp:log_message] [INFO]- "GET /admin/ HTTP/1.1" 200 11986
[2025-03-06 07:22:45,127] [autoreload.py:637] [autoreload:run_with_reloader] [INFO]- Watching for file changes with StatReloader
[2025-03-06 07:22:46,989] [autoreload.py:637] [autoreload:run_with_reloader] [INFO]- Watching for file changes with StatReloader
[2025-03-06 07:22:52,576] [basehttp.py:161] [basehttp:log_message] [INFO]- "GET /admin/ HTTP/1.1" 200 11986
[2025-03-06 07:23:06,475] [autoreload.py:637] [autoreload:run_with_reloader] [INFO]- Watching for file changes with StatReloader
[2025-03-06 07:23:08,838] [basehttp.py:161] [basehttp:log_message] [INFO]- "GET /admin/ HTTP/1.1" 200 11986
[2025-03-06 07:23:10,692] [basehttp.py:161] [basehttp:log_message] [INFO]- "GET /admin/ HTTP/1.1" 200 11986
[2025-03-06 07:24:23,109] [autoreload.py:637] [autoreload:run_with_reloader] [INFO]- Watching for file changes with StatReloader
[2025-03-06 07:24:27,826] [basehttp.py:161] [basehttp:log_message] [INFO]- "GET /admin/ HTTP/1.1" 200 11986
[2025-03-06 07:24:31,361] [basehttp.py:161] [basehttp:log_message] [INFO]- "GET /admin/ HTTP/1.1" 200 11986
[2025-03-06 07:24:33,021] [basehttp.py:161] [basehttp:log_message] [INFO]- "GET /admin/ HTTP/1.1" 200 11986
[2025-03-06 07:24:37,770] [autoreload.py:637] [autoreload:run_with_reloader] [INFO]- Watching for file changes with StatReloader
[2025-03-06 07:24:40,163] [basehttp.py:161] [basehttp:log_message] [INFO]- "GET /admin/ HTTP/1.1" 200 11986
[2025-03-06 07:24:43,456] [basehttp.py:161] [basehttp:log_message] [INFO]- "GET /admin/ HTTP/1.1" 200 11986
[2025-03-06 07:24:46,057] [basehttp.py:161] [basehttp:log_message] [INFO]- "GET /admin/ HTTP/1.1" 200 11986
[2025-03-06 07:25:03,613] [autoreload.py:637] [autoreload:run_with_reloader] [INFO]- Watching for file changes with StatReloader
[2025-03-06 07:25:06,332] [basehttp.py:161] [basehttp:log_message] [INFO]- "GET /admin/ HTTP/1.1" 200 11998
[2025-03-06 07:25:11,895] [basehttp.py:161] [basehttp:log_message] [INFO]- "GET /admin/ HTTP/1.1" 200 11998
[2025-03-06 07:25:15,892] [basehttp.py:161] [basehttp:log_message] [INFO]- "GET /admin/Professor_Student_Manage/student/ HTTP/1.1" 200 30214
[2025-03-06 07:25:16,276] [basehttp.py:161] [basehttp:log_message] [INFO]- "GET /admin/jsi18n/ HTTP/1.1" 200 8398
[2025-03-06 07:27:31,075] [basehttp.py:161] [basehttp:log_message] [INFO]- "GET /admin/Professor_Student_Manage/student/ HTTP/1.1" 200 30515
[2025-03-06 07:27:31,098] [basehttp.py:161] [basehttp:log_message] [INFO]- "GET /static/admin/css/base.css HTTP/1.1" 304 0
[2025-03-06 07:27:31,099] [basehttp.py:161] [basehttp:log_message] [INFO]- "GET /static/admin/css/changelists.css HTTP/1.1" 304 0
[2025-03-06 07:27:31,102] [basehttp.py:161] [basehttp:log_message] [INFO]- "GET /static/admin/css/nav_sidebar.css HTTP/1.1" 304 0
[2025-03-06 07:27:31,103] [basehttp.py:161] [basehttp:log_message] [INFO]- "GET /static/admin/js/core.js HTTP/1.1" 304 0
[2025-03-06 07:27:31,104] [basehttp.py:161] [basehttp:log_message] [INFO]- "GET /static/admin/js/vendor/jquery/jquery.js HTTP/1.1" 304 0
[2025-03-06 07:27:31,104] [basehttp.py:161] [basehttp:log_message] [INFO]- "GET /static/admin/js/nav_sidebar.js HTTP/1.1" 304 0
[2025-03-06 07:27:31,106] [basehttp.py:161] [basehttp:log_message] [INFO]- "GET /static/admin/js/jquery.init.js HTTP/1.1" 304 0
[2025-03-06 07:27:31,107] [basehttp.py:161] [basehttp:log_message] [INFO]- "GET /static/admin/js/admin/RelatedObjectLookups.js HTTP/1.1" 304 0
[2025-03-06 07:27:31,108] [basehttp.py:161] [basehttp:log_message] [INFO]- "GET /static/admin/js/actions.js HTTP/1.1" 304 0
[2025-03-06 07:27:31,109] [basehttp.py:161] [basehttp:log_message] [INFO]- "GET /static/admin/js/urlify.js HTTP/1.1" 304 0
[2025-03-06 07:27:31,110] [basehttp.py:161] [basehttp:log_message] [INFO]- "GET /static/admin/js/prepopulate.js HTTP/1.1" 304 0
[2025-03-06 07:27:31,111] [basehttp.py:161] [basehttp:log_message] [INFO]- "GET /static/admin/img/search.svg HTTP/1.1" 304 0
[2025-03-06 07:27:31,112] [basehttp.py:161] [basehttp:log_message] [INFO]- "GET /static/admin/js/vendor/xregexp/xregexp.js HTTP/1.1" 304 0
[2025-03-06 07:27:31,114] [basehttp.py:161] [basehttp:log_message] [INFO]- "GET /static/admin/img/icon-yes.svg HTTP/1.1" 304 0
[2025-03-06 07:27:31,114] [basehttp.py:161] [basehttp:log_message] [INFO]- "GET /static/admin/img/icon-no.svg HTTP/1.1" 304 0
[2025-03-06 07:27:31,116] [basehttp.py:161] [basehttp:log_message] [INFO]- "GET /static/admin/css/fonts.css HTTP/1.1" 304 0
[2025-03-06 07:27:31,117] [basehttp.py:161] [basehttp:log_message] [INFO]- "GET /static/admin/css/responsive.css HTTP/1.1" 304 0
[2025-03-06 07:27:31,391] [basehttp.py:161] [basehttp:log_message] [INFO]- "GET /admin/jsi18n/ HTTP/1.1" 200 8398
[2025-03-06 07:27:31,426] [basehttp.py:161] [basehttp:log_message] [INFO]- "GET /static/admin/fonts/Roboto-Bold-webfont.woff HTTP/1.1" 304 0
[2025-03-06 07:27:31,430] [basehttp.py:161] [basehttp:log_message] [INFO]- "GET /static/admin/fonts/Roboto-Regular-webfont.woff HTTP/1.1" 304 0
[2025-03-06 07:27:31,431] [basehttp.py:161] [basehttp:log_message] [INFO]- "GET /static/admin/img/icon-addlink.svg HTTP/1.1" 304 0
[2025-03-06 07:27:31,432] [basehttp.py:161] [basehttp:log_message] [INFO]- "GET /static/admin/img/tooltag-add.svg HTTP/1.1" 304 0
[2025-03-06 07:27:31,432] [basehttp.py:161] [basehttp:log_message] [INFO]- "GET /static/admin/fonts/Roboto-Light-webfont.woff HTTP/1.1" 304 0
[2025-03-06 07:27:33,023] [basehttp.py:161] [basehttp:log_message] [INFO]- "GET /admin/ HTTP/1.1" 200 12299
[2025-03-06 07:27:33,036] [basehttp.py:161] [basehttp:log_message] [INFO]- "GET /static/admin/css/dashboard.css HTTP/1.1" 304 0
[2025-03-06 07:27:33,044] [basehttp.py:161] [basehttp:log_message] [INFO]- "GET /static/admin/img/icon-deletelink.svg HTTP/1.1" 304 0
[2025-03-06 07:27:33,044] [basehttp.py:161] [basehttp:log_message] [INFO]- "GET /static/admin/img/icon-changelink.svg HTTP/1.1" 304 0
[2025-03-06 07:27:41,522] [basehttp.py:161] [basehttp:log_message] [INFO]- "GET / HTTP/1.1" 200 10330
[2025-03-06 07:27:41,556] [log.py:224] [log:log_response] [WARNING]- Not Found: /api/count
[2025-03-06 07:27:41,556] [basehttp.py:161] [basehttp:log_message] [WARNING]- "GET /api/count HTTP/1.1" 404 3142
[2025-03-06 07:28:01,717] [basehttp.py:161] [basehttp:log_message] [INFO]- "GET /admin/ HTTP/1.1" 200 12299
[2025-03-06 07:28:09,587] [basehttp.py:161] [basehttp:log_message] [INFO]- "GET /admin/ HTTP/1.1" 200 12241
[2025-03-06 07:31:10,498] [basehttp.py:161] [basehttp:log_message] [INFO]- "GET /admin/ HTTP/1.1" 200 12322
[2025-03-06 07:31:10,512] [log.py:224] [log:log_response] [WARNING]- Not Found: /logo.png
[2025-03-06 07:31:10,512] [basehttp.py:161] [basehttp:log_message] [WARNING]- "GET /logo.png HTTP/1.1" 404 3139
[2025-03-06 07:31:43,683] [basehttp.py:161] [basehttp:log_message] [INFO]- "GET /admin/ HTTP/1.1" 200 12322
[2025-03-06 07:31:43,695] [log.py:224] [log:log_response] [WARNING]- Not Found: /logo.png
[2025-03-06 07:31:43,696] [basehttp.py:161] [basehttp:log_message] [WARNING]- "GET /logo.png HTTP/1.1" 404 3139
[2025-03-06 07:31:51,170] [log.py:224] [log:log_response] [WARNING]- Not Found: /logo.png
[2025-03-06 07:31:51,171] [basehttp.py:161] [basehttp:log_message] [WARNING]- "GET /logo.png HTTP/1.1" 404 3139
[2025-03-06 07:34:08,085] [autoreload.py:637] [autoreload:run_with_reloader] [INFO]- Watching for file changes with StatReloader
[2025-03-06 07:35:09,460] [autoreload.py:637] [autoreload:run_with_reloader] [INFO]- Watching for file changes with StatReloader
[2025-03-06 07:35:12,570] [basehttp.py:161] [basehttp:log_message] [INFO]- "GET /admin/ HTTP/1.1" 200 12327
[2025-03-06 07:35:12,577] [basehttp.py:161] [basehttp:log_message] [INFO]- "GET /static/logo.png HTTP/1.1" 200 29743
[2025-03-06 07:35:27,457] [basehttp.py:161] [basehttp:log_message] [INFO]- "GET /admin/ HTTP/1.1" 200 12327
[2025-03-06 07:35:30,251] [basehttp.py:161] [basehttp:log_message] [INFO]- "GET /admin/ HTTP/1.1" 200 12327
[2025-03-06 07:35:42,937] [basehttp.py:161] [basehttp:log_message] [INFO]- "GET /admin/ HTTP/1.1" 200 12336
[2025-03-06 07:36:06,842] [basehttp.py:161] [basehttp:log_message] [INFO]- "GET /admin/ HTTP/1.1" 200 12351
[2025-03-06 07:36:20,130] [basehttp.py:161] [basehttp:log_message] [INFO]- "GET /admin/ HTTP/1.1" 200 12342
[2025-03-06 07:36:30,478] [basehttp.py:161] [basehttp:log_message] [INFO]- "GET /admin/ HTTP/1.1" 200 12342
[2025-03-06 07:36:33,083] [basehttp.py:161] [basehttp:log_message] [INFO]- "GET /admin/ HTTP/1.1" 200 12342
[2025-03-06 07:37:16,635] [basehttp.py:161] [basehttp:log_message] [INFO]- "GET /admin/ HTTP/1.1" 200 12342
[2025-03-06 07:37:30,333] [basehttp.py:161] [basehttp:log_message] [INFO]- "GET /admin/ HTTP/1.1" 200 12342
[2025-03-06 07:39:05,186] [basehttp.py:161] [basehttp:log_message] [INFO]- "GET /admin/ HTTP/1.1" 200 12327
[2025-03-06 07:39:17,563] [basehttp.py:161] [basehttp:log_message] [INFO]- "GET /admin/ HTTP/1.1" 200 12333
[2025-03-06 07:39:31,682] [basehttp.py:161] [basehttp:log_message] [INFO]- "GET /admin/ HTTP/1.1" 200 12348
[2025-03-06 07:42:03,573] [basehttp.py:161] [basehttp:log_message] [INFO]- "GET /admin/ HTTP/1.1" 200 12447
[2025-03-06 07:42:03,588] [basehttp.py:161] [basehttp:log_message] [INFO]- "GET /static/admin/js/nav_sidebar.js HTTP/1.1" 304 0
[2025-03-06 07:42:03,595] [basehttp.py:161] [basehttp:log_message] [INFO]- "GET /static/admin/css/responsive.css HTTP/1.1" 304 0
[2025-03-06 07:42:03,596] [basehttp.py:161] [basehttp:log_message] [INFO]- "GET /static/admin/css/base.css HTTP/1.1" 304 0
[2025-03-06 07:42:03,596] [basehttp.py:161] [basehttp:log_message] [INFO]- "GET /static/admin/css/dashboard.css HTTP/1.1" 304 0
[2025-03-06 07:42:03,596] [basehttp.py:161] [basehttp:log_message] [INFO]- "GET /static/admin/css/nav_sidebar.css HTTP/1.1" 304 0
[2025-03-06 07:42:03,601] [basehttp.py:161] [basehttp:log_message] [INFO]- "GET /static/admin/css/fonts.css HTTP/1.1" 304 0
[2025-03-06 07:42:03,635] [basehttp.py:161] [basehttp:log_message] [INFO]- "GET /static/admin/img/icon-changelink.svg HTTP/1.1" 304 0
[2025-03-06 07:42:03,640] [basehttp.py:161] [basehttp:log_message] [INFO]- "GET /static/admin/fonts/Roboto-Bold-webfont.woff HTTP/1.1" 304 0
[2025-03-06 07:42:03,638] [basehttp.py:161] [basehttp:log_message] [INFO]- "GET /static/admin/fonts/Roboto-Regular-webfont.woff HTTP/1.1" 304 0
[2025-03-06 07:42:03,640] [basehttp.py:161] [basehttp:log_message] [INFO]- "GET /static/admin/img/icon-deletelink.svg HTTP/1.1" 304 0
[2025-03-06 07:42:03,642] [basehttp.py:161] [basehttp:log_message] [INFO]- "GET /static/admin/img/icon-addlink.svg HTTP/1.1" 304 0
[2025-03-06 07:42:03,645] [basehttp.py:161] [basehttp:log_message] [INFO]- "GET /static/admin/fonts/Roboto-Light-webfont.woff HTTP/1.1" 304 0
[2025-03-06 07:42:13,948] [basehttp.py:161] [basehttp:log_message] [INFO]- "GET /admin/ HTTP/1.1" 200 12454
[2025-03-06 07:42:19,458] [basehttp.py:161] [basehttp:log_message] [INFO]- "GET /admin/ HTTP/1.1" 200 12454
[2025-03-06 07:43:23,438] [basehttp.py:161] [basehttp:log_message] [INFO]- "GET /admin/ HTTP/1.1" 200 12334
