[2025-03-24 02:52:45,613] [autoreload.py:637] [autoreload:run_with_reloader] [INFO]- Watching for file changes with StatReloader
[2025-03-24 02:54:09,245] [autoreload.py:637] [autoreload:run_with_reloader] [INFO]- Watching for file changes with StatReloader
[2025-03-24 02:54:18,957] [basehttp.py:161] [basehttp:log_message] [INFO]- "POST /admin/Professor_Student_Manage/professor/ HTTP/1.1" 302 0
[2025-03-24 02:54:19,950] [basehttp.py:161] [basehttp:log_message] [INFO]- "GET /admin/Professor_Student_Manage/professor/ HTTP/1.1" 200 66700
[2025-03-24 02:54:20,391] [basehttp.py:161] [basehttp:log_message] [INFO]- "GET /admin/jsi18n/ HTTP/1.1" 200 8398
[2025-03-24 02:54:44,035] [autoreload.py:637] [autoreload:run_with_reloader] [INFO]- Watching for file changes with StatReloader
[2025-03-24 02:54:54,170] [basehttp.py:161] [basehttp:log_message] [INFO]- "POST /admin/Professor_Student_Manage/professor/ HTTP/1.1" 302 0
[2025-03-24 02:54:55,097] [basehttp.py:161] [basehttp:log_message] [INFO]- "GET /admin/Professor_Student_Manage/professor/ HTTP/1.1" 200 66700
[2025-03-24 02:54:55,549] [basehttp.py:161] [basehttp:log_message] [INFO]- "GET /admin/jsi18n/ HTTP/1.1" 200 8398
[2025-03-24 02:56:17,180] [autoreload.py:637] [autoreload:run_with_reloader] [INFO]- Watching for file changes with StatReloader
[2025-03-24 02:56:24,857] [basehttp.py:161] [basehttp:log_message] [INFO]- "POST /admin/Professor_Student_Manage/professor/ HTTP/1.1" 302 0
[2025-03-24 02:56:25,796] [basehttp.py:161] [basehttp:log_message] [INFO]- "GET /admin/Professor_Student_Manage/professor/ HTTP/1.1" 200 66660
[2025-03-24 02:56:26,225] [basehttp.py:161] [basehttp:log_message] [INFO]- "GET /admin/jsi18n/ HTTP/1.1" 200 8398
[2025-03-24 02:56:26,255] [basehttp.py:161] [basehttp:log_message] [INFO]- "GET /static/admin/img/icon-alert.svg HTTP/1.1" 304 0
[2025-03-24 02:57:00,807] [autoreload.py:637] [autoreload:run_with_reloader] [INFO]- Watching for file changes with StatReloader
[2025-03-24 02:57:07,655] [basehttp.py:161] [basehttp:log_message] [INFO]- "POST /admin/Professor_Student_Manage/professor/ HTTP/1.1" 302 0
[2025-03-24 02:57:08,695] [basehttp.py:161] [basehttp:log_message] [INFO]- "GET /admin/Professor_Student_Manage/professor/ HTTP/1.1" 200 66701
[2025-03-24 02:57:09,218] [basehttp.py:161] [basehttp:log_message] [INFO]- "GET /admin/jsi18n/ HTTP/1.1" 200 8398
[2025-03-24 02:57:14,234] [basehttp.py:161] [basehttp:log_message] [INFO]- "GET /Select_Information/get-select-time/ HTTP/1.1" 200 91
[2025-03-24 02:57:17,193] [basehttp.py:161] [basehttp:log_message] [INFO]- "GET /Select_Information/get-select-time/ HTTP/1.1" 200 91
[2025-03-24 02:57:19,668] [basehttp.py:161] [basehttp:log_message] [INFO]- "GET /Select_Information/get-select-info/?usertype=professor HTTP/1.1" 200 54
[2025-03-24 02:57:19,922] [basehttp.py:161] [basehttp:log_message] [INFO]- "GET /Professor_Student_Manage/user-info/?usertype=professor HTTP/1.1" 200 520
[2025-03-24 02:57:20,366] [basehttp.py:161] [basehttp:log_message] [INFO]- "GET /Select_Information/get-select-info/?usertype=professor HTTP/1.1" 200 54
[2025-03-24 02:57:20,369] [basehttp.py:161] [basehttp:log_message] [INFO]- "GET /Professor_Student_Manage/departments/reviewers/ HTTP/1.1" 200 1193
[2025-03-24 02:57:20,478] [basehttp.py:161] [basehttp:log_message] [INFO]- "GET /Select_Information/get-select-time/ HTTP/1.1" 200 91
[2025-03-24 02:57:20,597] [basehttp.py:161] [basehttp:log_message] [INFO]- "GET /Professor_Student_Manage/user-info/?usertype=professor HTTP/1.1" 200 520
[2025-03-24 02:57:21,438] [basehttp.py:161] [basehttp:log_message] [INFO]- "GET /Professor_Student_Manage/departments/reviewers/ HTTP/1.1" 200 1193
[2025-03-24 02:57:23,829] [basehttp.py:161] [basehttp:log_message] [INFO]- "GET /Select_Information/get-select-time/ HTTP/1.1" 200 91
[2025-03-24 02:57:35,561] [basehttp.py:161] [basehttp:log_message] [INFO]- "GET /Professor_Student_Manage/professors_and_departments/ HTTP/1.1" 200 87414
[2025-03-24 02:57:44,132] [basehttp.py:161] [basehttp:log_message] [INFO]- "POST /admin/Professor_Student_Manage/professor/ HTTP/1.1" 302 0
[2025-03-24 02:57:45,200] [basehttp.py:161] [basehttp:log_message] [INFO]- "GET /admin/Professor_Student_Manage/professor/ HTTP/1.1" 200 66701
[2025-03-24 02:57:45,729] [basehttp.py:161] [basehttp:log_message] [INFO]- "GET /admin/jsi18n/ HTTP/1.1" 200 8398
[2025-03-24 02:57:59,686] [basehttp.py:161] [basehttp:log_message] [INFO]- "GET /Professor_Student_Manage/professors_and_departments/ HTTP/1.1" 200 87414
[2025-03-24 02:58:03,841] [basehttp.py:161] [basehttp:log_message] [INFO]- "GET /Professor_Student_Manage/professors_and_departments/ HTTP/1.1" 200 87414
[2025-03-24 02:58:06,428] [basehttp.py:161] [basehttp:log_message] [INFO]- "GET /Professor_Student_Manage/professors_and_departments/ HTTP/1.1" 200 87414
[2025-03-24 03:40:40,695] [log.py:224] [log:log_response] [ERROR]- Internal Server Error: /admin/Enrollment_Manage/subject/
Traceback (most recent call last):
  File "/root/.local/lib/python3.8/site-packages/django/contrib/sessions/backends/base.py", line 233, in _get_session
    return self._session_cache
AttributeError: 'SessionStore' object has no attribute '_session_cache'

During handling of the above exception, another exception occurred:

Traceback (most recent call last):
  File "/root/.local/lib/python3.8/site-packages/django/db/backends/utils.py", line 82, in _execute
    return self.cursor.execute(sql)
  File "/root/.local/lib/python3.8/site-packages/django/db/backends/mysql/base.py", line 73, in execute
    return self.cursor.execute(query, args)
  File "/root/.local/lib/python3.8/site-packages/pymysql/cursors.py", line 148, in execute
    result = self._query(query)
  File "/root/.local/lib/python3.8/site-packages/pymysql/cursors.py", line 310, in _query
    conn.query(q)
  File "/root/.local/lib/python3.8/site-packages/pymysql/connections.py", line 548, in query
    self._affected_rows = self._read_query_result(unbuffered=unbuffered)
  File "/root/.local/lib/python3.8/site-packages/pymysql/connections.py", line 775, in _read_query_result
    result.read()
  File "/root/.local/lib/python3.8/site-packages/pymysql/connections.py", line 1156, in read
    first_packet = self.connection._read_packet()
  File "/root/.local/lib/python3.8/site-packages/pymysql/connections.py", line 692, in _read_packet
    packet_header = self._read_bytes(4)
  File "/root/.local/lib/python3.8/site-packages/pymysql/connections.py", line 748, in _read_bytes
    raise err.OperationalError(
pymysql.err.OperationalError: (2013, 'Lost connection to MySQL server during query')

The above exception was the direct cause of the following exception:

Traceback (most recent call last):
  File "/root/.local/lib/python3.8/site-packages/django/core/handlers/exception.py", line 47, in inner
    response = get_response(request)
  File "/root/.local/lib/python3.8/site-packages/django/core/handlers/base.py", line 181, in _get_response
    response = wrapped_callback(request, *callback_args, **callback_kwargs)
  File "/root/.local/lib/python3.8/site-packages/django/contrib/admin/options.py", line 616, in wrapper
    return self.admin_site.admin_view(view)(*args, **kwargs)
  File "/root/.local/lib/python3.8/site-packages/django/utils/decorators.py", line 130, in _wrapped_view
    response = view_func(request, *args, **kwargs)
  File "/root/.local/lib/python3.8/site-packages/django/views/decorators/cache.py", line 44, in _wrapped_view_func
    response = view_func(request, *args, **kwargs)
  File "/root/.local/lib/python3.8/site-packages/django/contrib/admin/sites.py", line 221, in inner
    if not self.has_permission(request):
  File "/root/.local/lib/python3.8/site-packages/django/contrib/admin/sites.py", line 195, in has_permission
    return request.user.is_active and request.user.is_staff
  File "/root/.local/lib/python3.8/site-packages/django/utils/functional.py", line 246, in inner
    self._setup()
  File "/root/.local/lib/python3.8/site-packages/django/utils/functional.py", line 382, in _setup
    self._wrapped = self._setupfunc()
  File "/root/.local/lib/python3.8/site-packages/django/contrib/auth/middleware.py", line 23, in <lambda>
    request.user = SimpleLazyObject(lambda: get_user(request))
  File "/root/.local/lib/python3.8/site-packages/django/contrib/auth/middleware.py", line 11, in get_user
    request._cached_user = auth.get_user(request)
  File "/root/.local/lib/python3.8/site-packages/django/contrib/auth/__init__.py", line 177, in get_user
    user_id = _get_user_session_key(request)
  File "/root/.local/lib/python3.8/site-packages/django/contrib/auth/__init__.py", line 60, in _get_user_session_key
    return get_user_model()._meta.pk.to_python(request.session[SESSION_KEY])
  File "/root/.local/lib/python3.8/site-packages/django/contrib/sessions/backends/base.py", line 65, in __getitem__
    return self._session[key]
  File "/root/.local/lib/python3.8/site-packages/django/contrib/sessions/backends/base.py", line 238, in _get_session
    self._session_cache = self.load()
  File "/root/.local/lib/python3.8/site-packages/django/contrib/sessions/backends/db.py", line 43, in load
    s = self._get_session_from_db()
  File "/root/.local/lib/python3.8/site-packages/django/contrib/sessions/backends/db.py", line 32, in _get_session_from_db
    return self.model.objects.get(
  File "/root/.local/lib/python3.8/site-packages/django/db/models/manager.py", line 85, in manager_method
    return getattr(self.get_queryset(), name)(*args, **kwargs)
  File "/root/.local/lib/python3.8/site-packages/django/db/models/query.py", line 431, in get
    num = len(clone)
  File "/root/.local/lib/python3.8/site-packages/django/db/models/query.py", line 262, in __len__
    self._fetch_all()
  File "/root/.local/lib/python3.8/site-packages/django/db/models/query.py", line 1324, in _fetch_all
    self._result_cache = list(self._iterable_class(self))
  File "/root/.local/lib/python3.8/site-packages/django/db/models/query.py", line 51, in __iter__
    results = compiler.execute_sql(chunked_fetch=self.chunked_fetch, chunk_size=self.chunk_size)
  File "/root/.local/lib/python3.8/site-packages/django/db/models/sql/compiler.py", line 1173, in execute_sql
    cursor = self.connection.cursor()
  File "/root/.local/lib/python3.8/site-packages/django/utils/asyncio.py", line 26, in inner
    return func(*args, **kwargs)
  File "/root/.local/lib/python3.8/site-packages/django/db/backends/base/base.py", line 259, in cursor
    return self._cursor()
  File "/root/.local/lib/python3.8/site-packages/django/db/backends/base/base.py", line 235, in _cursor
    self.ensure_connection()
  File "/root/.local/lib/python3.8/site-packages/django/utils/asyncio.py", line 26, in inner
    return func(*args, **kwargs)
  File "/root/.local/lib/python3.8/site-packages/django/db/backends/base/base.py", line 219, in ensure_connection
    self.connect()
  File "/root/.local/lib/python3.8/site-packages/django/utils/asyncio.py", line 26, in inner
    return func(*args, **kwargs)
  File "/root/.local/lib/python3.8/site-packages/django/db/backends/base/base.py", line 202, in connect
    self.init_connection_state()
  File "/root/.local/lib/python3.8/site-packages/django/db/backends/mysql/base.py", line 245, in init_connection_state
    if self.features.is_sql_auto_is_null_enabled:
  File "/root/.local/lib/python3.8/site-packages/django/utils/functional.py", line 48, in __get__
    res = instance.__dict__[self.name] = self.func(instance)
  File "/root/.local/lib/python3.8/site-packages/django/db/backends/mysql/features.py", line 150, in is_sql_auto_is_null_enabled
    return self.connection.mysql_server_data['sql_auto_is_null']
  File "/root/.local/lib/python3.8/site-packages/django/utils/functional.py", line 48, in __get__
    res = instance.__dict__[self.name] = self.func(instance)
  File "/root/.local/lib/python3.8/site-packages/django/db/backends/mysql/base.py", line 370, in mysql_server_data
    cursor.execute("""
  File "/root/.local/lib/python3.8/site-packages/django/db/backends/utils.py", line 98, in execute
    return super().execute(sql, params)
  File "/root/.local/lib/python3.8/site-packages/django/db/backends/utils.py", line 66, in execute
    return self._execute_with_wrappers(sql, params, many=False, executor=self._execute)
  File "/root/.local/lib/python3.8/site-packages/django/db/backends/utils.py", line 75, in _execute_with_wrappers
    return executor(sql, params, many, context)
  File "/root/.local/lib/python3.8/site-packages/django/db/backends/utils.py", line 84, in _execute
    return self.cursor.execute(sql, params)
  File "/root/.local/lib/python3.8/site-packages/django/db/utils.py", line 90, in __exit__
    raise dj_exc_value.with_traceback(traceback) from exc_value
  File "/root/.local/lib/python3.8/site-packages/django/db/backends/utils.py", line 82, in _execute
    return self.cursor.execute(sql)
  File "/root/.local/lib/python3.8/site-packages/django/db/backends/mysql/base.py", line 73, in execute
    return self.cursor.execute(query, args)
  File "/root/.local/lib/python3.8/site-packages/pymysql/cursors.py", line 148, in execute
    result = self._query(query)
  File "/root/.local/lib/python3.8/site-packages/pymysql/cursors.py", line 310, in _query
    conn.query(q)
  File "/root/.local/lib/python3.8/site-packages/pymysql/connections.py", line 548, in query
    self._affected_rows = self._read_query_result(unbuffered=unbuffered)
  File "/root/.local/lib/python3.8/site-packages/pymysql/connections.py", line 775, in _read_query_result
    result.read()
  File "/root/.local/lib/python3.8/site-packages/pymysql/connections.py", line 1156, in read
    first_packet = self.connection._read_packet()
  File "/root/.local/lib/python3.8/site-packages/pymysql/connections.py", line 692, in _read_packet
    packet_header = self._read_bytes(4)
  File "/root/.local/lib/python3.8/site-packages/pymysql/connections.py", line 748, in _read_bytes
    raise err.OperationalError(
django.db.utils.OperationalError: (2013, 'Lost connection to MySQL server during query')
[2025-03-24 03:40:40,699] [basehttp.py:161] [basehttp:log_message] [ERROR]- "GET /admin/Enrollment_Manage/subject/ HTTP/1.1" 500 302708
[2025-03-24 03:40:56,069] [basehttp.py:161] [basehttp:log_message] [INFO]- "GET /admin/Professor_Student_Manage/professor/ HTTP/1.1" 200 66539
[2025-03-24 03:40:56,914] [basehttp.py:161] [basehttp:log_message] [INFO]- "GET /admin/jsi18n/ HTTP/1.1" 200 8398
[2025-03-24 03:40:59,891] [basehttp.py:161] [basehttp:log_message] [INFO]- "GET /admin/Enrollment_Manage/subject/ HTTP/1.1" 200 12522
[2025-03-24 03:41:00,576] [basehttp.py:161] [basehttp:log_message] [INFO]- "GET /admin/jsi18n/ HTTP/1.1" 200 8398
[2025-03-24 03:41:03,477] [basehttp.py:161] [basehttp:log_message] [INFO]- "GET /admin/Enrollment_Manage/department/ HTTP/1.1" 200 14941
[2025-03-24 03:41:04,207] [basehttp.py:161] [basehttp:log_message] [INFO]- "GET /admin/jsi18n/ HTTP/1.1" 200 8398
[2025-03-24 03:41:10,581] [basehttp.py:161] [basehttp:log_message] [INFO]- "GET /admin/Professor_Student_Manage/student/ HTTP/1.1" 200 26243
[2025-03-24 03:41:11,421] [basehttp.py:161] [basehttp:log_message] [INFO]- "GET /admin/jsi18n/ HTTP/1.1" 200 8398
[2025-03-24 04:03:42,424] [basehttp.py:161] [basehttp:log_message] [INFO]- "GET /admin/Enrollment_Manage/department/ HTTP/1.1" 200 14941
[2025-03-24 04:03:42,461] [basehttp.py:161] [basehttp:log_message] [INFO]- "GET /static/admin/css/base.css HTTP/1.1" 304 0
[2025-03-24 04:03:42,467] [basehttp.py:161] [basehttp:log_message] [INFO]- "GET /static/admin/js/vendor/jquery/jquery.js HTTP/1.1" 304 0
[2025-03-24 04:03:42,469] [basehttp.py:161] [basehttp:log_message] [INFO]- "GET /static/admin/css/changelists.css HTTP/1.1" 304 0
[2025-03-24 04:03:42,470] [basehttp.py:161] [basehttp:log_message] [INFO]- "GET /static/admin/css/nav_sidebar.css HTTP/1.1" 304 0
[2025-03-24 04:03:42,471] [basehttp.py:161] [basehttp:log_message] [INFO]- "GET /static/admin/js/admin/RelatedObjectLookups.js HTTP/1.1" 304 0
[2025-03-24 04:03:42,473] [basehttp.py:161] [basehttp:log_message] [INFO]- "GET /static/admin/js/jquery.init.js HTTP/1.1" 304 0
[2025-03-24 04:03:42,474] [basehttp.py:161] [basehttp:log_message] [INFO]- "GET /static/admin/js/nav_sidebar.js HTTP/1.1" 304 0
[2025-03-24 04:03:42,475] [basehttp.py:161] [basehttp:log_message] [INFO]- "GET /static/admin/js/core.js HTTP/1.1" 304 0
[2025-03-24 04:03:42,475] [basehttp.py:161] [basehttp:log_message] [INFO]- "GET /static/admin/js/actions.js HTTP/1.1" 304 0
[2025-03-24 04:03:42,477] [basehttp.py:161] [basehttp:log_message] [INFO]- "GET /static/admin/js/urlify.js HTTP/1.1" 304 0
[2025-03-24 04:03:42,478] [basehttp.py:161] [basehttp:log_message] [INFO]- "GET /static/admin/js/vendor/xregexp/xregexp.js HTTP/1.1" 304 0
[2025-03-24 04:03:42,480] [basehttp.py:161] [basehttp:log_message] [INFO]- "GET /static/admin/js/prepopulate.js HTTP/1.1" 304 0
[2025-03-24 04:03:42,481] [basehttp.py:161] [basehttp:log_message] [INFO]- "GET /static/admin/css/responsive.css HTTP/1.1" 304 0
[2025-03-24 04:03:42,482] [basehttp.py:161] [basehttp:log_message] [INFO]- "GET /static/admin/css/fonts.css HTTP/1.1" 304 0
[2025-03-24 04:03:42,699] [basehttp.py:161] [basehttp:log_message] [INFO]- "GET /admin/jsi18n/ HTTP/1.1" 200 8398
[2025-03-24 04:03:42,732] [basehttp.py:161] [basehttp:log_message] [INFO]- "GET /static/admin/img/tooltag-add.svg HTTP/1.1" 304 0
[2025-03-24 04:03:42,733] [basehttp.py:161] [basehttp:log_message] [INFO]- "GET /static/admin/fonts/Roboto-Regular-webfont.woff HTTP/1.1" 304 0
[2025-03-24 04:03:42,734] [basehttp.py:161] [basehttp:log_message] [INFO]- "GET /static/admin/img/icon-addlink.svg HTTP/1.1" 304 0
[2025-03-24 04:03:42,735] [basehttp.py:161] [basehttp:log_message] [INFO]- "GET /static/admin/fonts/Roboto-Light-webfont.woff HTTP/1.1" 304 0
[2025-03-24 04:03:42,735] [basehttp.py:161] [basehttp:log_message] [INFO]- "GET /static/admin/fonts/Roboto-Bold-webfont.woff HTTP/1.1" 304 0
[2025-03-24 04:03:44,261] [basehttp.py:161] [basehttp:log_message] [INFO]- "GET /admin/Enrollment_Manage/subject/ HTTP/1.1" 200 12522
[2025-03-24 04:03:44,555] [basehttp.py:161] [basehttp:log_message] [INFO]- "GET /admin/jsi18n/ HTTP/1.1" 200 8398
[2025-03-24 04:47:37,586] [basehttp.py:161] [basehttp:log_message] [INFO]- "POST /Professor_Student_Manage/user-login/ HTTP/1.1" 200 36
[2025-03-24 04:47:38,137] [basehttp.py:161] [basehttp:log_message] [INFO]- "GET /Select_Information/reviewer/review_records/ HTTP/1.1" 200 2
[2025-03-24 04:47:38,149] [basehttp.py:161] [basehttp:log_message] [INFO]- "GET /Professor_Student_Manage/user-info/?usertype=professor HTTP/1.1" 200 549
[2025-03-24 04:47:38,561] [basehttp.py:161] [basehttp:log_message] [INFO]- "GET /Professor_Student_Manage/user-info/?usertype=professor HTTP/1.1" 200 549
[2025-03-24 04:47:39,861] [basehttp.py:161] [basehttp:log_message] [INFO]- "GET /Professor_Student_Manage/user-info/?usertype=professor HTTP/1.1" 200 549
[2025-03-24 04:47:40,152] [basehttp.py:161] [basehttp:log_message] [INFO]- "GET /Professor_Student_Manage/departments/reviewers/ HTTP/1.1" 200 1742
[2025-03-24 04:47:40,199] [basehttp.py:161] [basehttp:log_message] [INFO]- "GET /Select_Information/get-select-info/?usertype=professor HTTP/1.1" 200 3545
[2025-03-24 04:47:40,277] [basehttp.py:161] [basehttp:log_message] [INFO]- "GET /Professor_Student_Manage/user-info/?usertype=professor HTTP/1.1" 200 549
[2025-03-24 04:47:40,910] [basehttp.py:161] [basehttp:log_message] [INFO]- "GET /Professor_Student_Manage/departments/reviewers/ HTTP/1.1" 200 1742
[2025-03-24 04:47:41,030] [basehttp.py:161] [basehttp:log_message] [INFO]- "GET /Select_Information/get-select-info/?usertype=professor HTTP/1.1" 200 3545
[2025-03-24 04:47:44,489] [log.py:224] [log:log_response] [WARNING]- Bad Request: /Select_Information/submit-pdf-review/
[2025-03-24 04:47:44,490] [basehttp.py:161] [basehttp:log_message] [WARNING]- "POST /Select_Information/submit-pdf-review/ HTTP/1.1" 400 44
[2025-03-24 04:58:50,856] [basehttp.py:161] [basehttp:log_message] [INFO]- "GET /Professor_Student_Manage/user-info/?usertype=professor HTTP/1.1" 200 549
[2025-03-24 04:58:51,222] [basehttp.py:161] [basehttp:log_message] [INFO]- "GET /Professor_Student_Manage/departments/reviewers/ HTTP/1.1" 200 1742
[2025-03-24 04:58:51,279] [basehttp.py:161] [basehttp:log_message] [INFO]- "GET /Select_Information/get-select-info/?usertype=professor HTTP/1.1" 200 3545
[2025-03-24 04:58:51,332] [basehttp.py:161] [basehttp:log_message] [INFO]- "GET /Professor_Student_Manage/user-info/?usertype=professor HTTP/1.1" 200 549
[2025-03-24 04:58:51,985] [basehttp.py:161] [basehttp:log_message] [INFO]- "GET /Professor_Student_Manage/departments/reviewers/ HTTP/1.1" 200 1742
[2025-03-24 04:58:52,135] [basehttp.py:161] [basehttp:log_message] [INFO]- "GET /Select_Information/get-select-info/?usertype=professor HTTP/1.1" 200 3545
[2025-03-24 05:03:39,739] [autoreload.py:637] [autoreload:run_with_reloader] [INFO]- Watching for file changes with StatReloader
[2025-03-24 05:03:44,768] [log.py:224] [log:log_response] [ERROR]- Internal Server Error: /Select_Information/get-select-info/
Traceback (most recent call last):
  File "/root/.local/lib/python3.8/site-packages/django/core/handlers/exception.py", line 47, in inner
    response = get_response(request)
  File "/root/.local/lib/python3.8/site-packages/django/core/handlers/base.py", line 181, in _get_response
    response = wrapped_callback(request, *callback_args, **callback_kwargs)
  File "/root/.local/lib/python3.8/site-packages/django/views/decorators/csrf.py", line 54, in wrapped_view
    return view_func(*args, **kwargs)
  File "/root/.local/lib/python3.8/site-packages/django/views/generic/base.py", line 70, in view
    return self.dispatch(request, *args, **kwargs)
  File "/root/.local/lib/python3.8/site-packages/rest_framework/views.py", line 509, in dispatch
    response = self.handle_exception(exc)
  File "/root/.local/lib/python3.8/site-packages/rest_framework/views.py", line 469, in handle_exception
    self.raise_uncaught_exception(exc)
  File "/root/.local/lib/python3.8/site-packages/rest_framework/views.py", line 480, in raise_uncaught_exception
    raise exc
  File "/root/.local/lib/python3.8/site-packages/rest_framework/views.py", line 506, in dispatch
    response = handler(request, *args, **kwargs)
  File "/app/Select_Information/views.py", line 67, in get
    'student_choices': serializer.data,
  File "/root/.local/lib/python3.8/site-packages/rest_framework/serializers.py", line 768, in data
    ret = super().data
  File "/root/.local/lib/python3.8/site-packages/rest_framework/serializers.py", line 253, in data
    self._data = self.to_representation(self.instance)
  File "/root/.local/lib/python3.8/site-packages/rest_framework/serializers.py", line 686, in to_representation
    return [
  File "/root/.local/lib/python3.8/site-packages/rest_framework/serializers.py", line 687, in <listcomp>
    self.child.to_representation(item) for item in iterable
  File "/root/.local/lib/python3.8/site-packages/rest_framework/serializers.py", line 507, in to_representation
    for field in fields:
  File "/root/.local/lib/python3.8/site-packages/rest_framework/serializers.py", line 368, in _readable_fields
    for field in self.fields.values():
  File "/root/.local/lib/python3.8/site-packages/django/utils/functional.py", line 48, in __get__
    res = instance.__dict__[self.name] = self.func(instance)
  File "/root/.local/lib/python3.8/site-packages/rest_framework/serializers.py", line 356, in fields
    for key, value in self.get_fields().items():
  File "/root/.local/lib/python3.8/site-packages/rest_framework/serializers.py", line 1052, in get_fields
    field_names = self.get_field_names(declared_fields, info)
  File "/root/.local/lib/python3.8/site-packages/rest_framework/serializers.py", line 1148, in get_field_names
    assert field_name in fields, (
AssertionError: The field 'student_signature_table_student_signature_status' was declared on serializer StudentProfessorChoiceSerializer, but has not been included in the 'fields' option.
[2025-03-24 05:03:44,772] [basehttp.py:161] [basehttp:log_message] [ERROR]- "GET /Select_Information/get-select-info/?usertype=professor HTTP/1.1" 500 148042
[2025-03-24 05:04:28,629] [autoreload.py:637] [autoreload:run_with_reloader] [INFO]- Watching for file changes with StatReloader
[2025-03-24 05:04:33,069] [basehttp.py:161] [basehttp:log_message] [INFO]- "GET /Select_Information/get-select-info/?usertype=professor HTTP/1.1" 200 3899
[2025-03-24 05:05:23,048] [autoreload.py:637] [autoreload:run_with_reloader] [INFO]- Watching for file changes with StatReloader
[2025-03-24 05:05:28,592] [basehttp.py:161] [basehttp:log_message] [INFO]- "GET /Select_Information/get-select-info/?usertype=professor HTTP/1.1" 200 3887
[2025-03-24 05:08:56,267] [basehttp.py:161] [basehttp:log_message] [INFO]- "GET /Select_Information/get-select-time/ HTTP/1.1" 200 91
[2025-03-24 05:08:56,541] [basehttp.py:161] [basehttp:log_message] [INFO]- "GET /Select_Information/get-select-time/ HTTP/1.1" 200 91
[2025-03-24 05:09:06,184] [basehttp.py:161] [basehttp:log_message] [INFO]- "GET /Professor_Student_Manage/user-info/?usertype=professor HTTP/1.1" 200 549
[2025-03-24 05:09:06,476] [basehttp.py:161] [basehttp:log_message] [INFO]- "GET /Professor_Student_Manage/departments/reviewers/ HTTP/1.1" 200 1742
[2025-03-24 05:09:06,540] [basehttp.py:161] [basehttp:log_message] [INFO]- "GET /Select_Information/get-select-info/?usertype=professor HTTP/1.1" 200 3887
[2025-03-24 05:09:07,237] [basehttp.py:161] [basehttp:log_message] [INFO]- "GET /Select_Information/get-select-time/ HTTP/1.1" 200 91
[2025-03-24 05:09:08,936] [basehttp.py:161] [basehttp:log_message] [INFO]- "GET /Professor_Student_Manage/professors_and_departments/ HTTP/1.1" 200 87443
[2025-03-24 05:09:10,618] [basehttp.py:161] [basehttp:log_message] [INFO]- "GET /Select_Information/get-select-time/ HTTP/1.1" 200 91
[2025-03-24 05:09:21,722] [basehttp.py:161] [basehttp:log_message] [INFO]- "GET /Professor_Student_Manage/professors_and_departments/ HTTP/1.1" 200 87443
[2025-03-24 05:09:33,282] [basehttp.py:161] [basehttp:log_message] [INFO]- "GET /Professor_Student_Manage/professors_and_departments/ HTTP/1.1" 200 87443
[2025-03-24 05:09:37,911] [basehttp.py:161] [basehttp:log_message] [INFO]- "GET /Professor_Student_Manage/user-info/?usertype=professor HTTP/1.1" 200 549
[2025-03-24 05:09:38,257] [basehttp.py:161] [basehttp:log_message] [INFO]- "GET /Professor_Student_Manage/departments/reviewers/ HTTP/1.1" 200 1742
[2025-03-24 05:09:38,323] [basehttp.py:161] [basehttp:log_message] [INFO]- "GET /Select_Information/get-select-info/?usertype=professor HTTP/1.1" 200 3887
[2025-03-24 05:09:42,630] [basehttp.py:161] [basehttp:log_message] [INFO]- "GET /Professor_Student_Manage/professors_and_departments/ HTTP/1.1" 200 87443
[2025-03-24 05:15:26,794] [basehttp.py:161] [basehttp:log_message] [INFO]- "GET /Professor_Student_Manage/user-info/?usertype=professor HTTP/1.1" 200 549
[2025-03-24 05:15:27,096] [basehttp.py:161] [basehttp:log_message] [INFO]- "GET /Select_Information/get-select-info/?usertype=professor HTTP/1.1" 200 3887
[2025-03-24 05:15:27,112] [basehttp.py:161] [basehttp:log_message] [INFO]- "GET /Professor_Student_Manage/departments/reviewers/ HTTP/1.1" 200 1742
[2025-03-24 05:15:27,229] [basehttp.py:161] [basehttp:log_message] [INFO]- "GET /Professor_Student_Manage/user-info/?usertype=professor HTTP/1.1" 200 549
[2025-03-24 05:15:27,869] [basehttp.py:161] [basehttp:log_message] [INFO]- "GET /Professor_Student_Manage/departments/reviewers/ HTTP/1.1" 200 1742
[2025-03-24 05:15:27,943] [basehttp.py:161] [basehttp:log_message] [INFO]- "GET /Select_Information/get-select-info/?usertype=professor HTTP/1.1" 200 3887
[2025-03-24 05:15:30,167] [basehttp.py:161] [basehttp:log_message] [INFO]- "GET /Select_Information/reviewer/review_records/ HTTP/1.1" 200 2
[2025-03-24 05:15:30,261] [basehttp.py:161] [basehttp:log_message] [INFO]- "GET /Professor_Student_Manage/user-info/?usertype=professor HTTP/1.1" 200 549
[2025-03-24 05:15:30,658] [basehttp.py:161] [basehttp:log_message] [INFO]- "GET /Professor_Student_Manage/user-info/?usertype=professor HTTP/1.1" 200 549
[2025-03-24 05:15:31,158] [basehttp.py:161] [basehttp:log_message] [INFO]- "GET /Professor_Student_Manage/user-info/?usertype=professor HTTP/1.1" 200 549
[2025-03-24 05:15:31,505] [basehttp.py:161] [basehttp:log_message] [INFO]- "GET /Professor_Student_Manage/departments/reviewers/ HTTP/1.1" 200 1742
[2025-03-24 05:15:31,576] [basehttp.py:161] [basehttp:log_message] [INFO]- "GET /Select_Information/get-select-info/?usertype=professor HTTP/1.1" 200 3887
[2025-03-24 05:17:18,644] [log.py:224] [log:log_response] [WARNING]- Bad Request: /Select_Information/submit-pdf-review/
[2025-03-24 05:17:18,645] [basehttp.py:161] [basehttp:log_message] [WARNING]- "POST /Select_Information/submit-pdf-review/ HTTP/1.1" 400 44
[2025-03-24 05:17:25,445] [basehttp.py:161] [basehttp:log_message] [INFO]- "GET /Select_Information/get-select-info/?usertype=professor HTTP/1.1" 200 3887
[2025-03-24 05:17:33,445] [log.py:224] [log:log_response] [ERROR]- Internal Server Error: /Professor_Student_Manage/update-professor/
[2025-03-24 05:17:33,446] [basehttp.py:161] [basehttp:log_message] [ERROR]- "PATCH /Professor_Student_Manage/update-professor/ HTTP/1.1" 500 50
[2025-03-24 05:17:33,910] [basehttp.py:161] [basehttp:log_message] [INFO]- "GET /Professor_Student_Manage/user-info/?usertype=professor HTTP/1.1" 200 549
[2025-03-24 05:17:34,274] [basehttp.py:161] [basehttp:log_message] [INFO]- "GET /Select_Information/get-select-info/?usertype=professor HTTP/1.1" 200 3887
[2025-03-24 05:17:34,279] [basehttp.py:161] [basehttp:log_message] [INFO]- "GET /Professor_Student_Manage/departments/reviewers/ HTTP/1.1" 200 1742
[2025-03-24 05:17:38,345] [basehttp.py:161] [basehttp:log_message] [INFO]- "GET /Select_Information/get-select-info/?usertype=professor HTTP/1.1" 200 3887
[2025-03-24 05:18:16,216] [autoreload.py:637] [autoreload:run_with_reloader] [INFO]- Watching for file changes with StatReloader
[2025-03-24 05:19:52,357] [basehttp.py:161] [basehttp:log_message] [INFO]- "GET /Select_Information/get-select-info/?usertype=professor HTTP/1.1" 200 3887
[2025-03-24 05:24:20,833] [basehttp.py:161] [basehttp:log_message] [INFO]- "GET /Select_Information/get-select-info/?usertype=professor HTTP/1.1" 200 3887
[2025-03-24 05:24:56,764] [basehttp.py:161] [basehttp:log_message] [INFO]- "GET /Professor_Student_Manage/user-info/?usertype=professor HTTP/1.1" 200 549
[2025-03-24 05:24:56,793] [basehttp.py:161] [basehttp:log_message] [INFO]- "GET /Select_Information/reviewer/review_records/ HTTP/1.1" 200 2
[2025-03-24 05:24:57,046] [basehttp.py:161] [basehttp:log_message] [INFO]- "GET /Professor_Student_Manage/departments/reviewers/ HTTP/1.1" 200 1742
[2025-03-24 05:24:57,116] [basehttp.py:161] [basehttp:log_message] [INFO]- "GET /Select_Information/get-select-info/?usertype=professor HTTP/1.1" 200 3887
[2025-03-24 05:24:57,227] [basehttp.py:161] [basehttp:log_message] [INFO]- "GET /Professor_Student_Manage/user-info/?usertype=professor HTTP/1.1" 200 549
[2025-03-24 05:24:57,635] [basehttp.py:161] [basehttp:log_message] [INFO]- "GET /Professor_Student_Manage/user-info/?usertype=professor HTTP/1.1" 200 549
[2025-03-24 05:24:57,718] [basehttp.py:161] [basehttp:log_message] [INFO]- "GET /Professor_Student_Manage/departments/reviewers/ HTTP/1.1" 200 1742
[2025-03-24 05:24:57,972] [basehttp.py:161] [basehttp:log_message] [INFO]- "GET /Select_Information/get-select-info/?usertype=professor HTTP/1.1" 200 3887
[2025-03-24 05:24:58,074] [basehttp.py:161] [basehttp:log_message] [INFO]- "GET /Professor_Student_Manage/user-info/?usertype=professor HTTP/1.1" 200 549
[2025-03-24 05:42:41,184] [autoreload.py:637] [autoreload:run_with_reloader] [INFO]- Watching for file changes with StatReloader
[2025-03-24 05:53:31,310] [autoreload.py:637] [autoreload:run_with_reloader] [INFO]- Watching for file changes with StatReloader
[2025-03-24 05:53:41,052] [basehttp.py:161] [basehttp:log_message] [INFO]- "POST /Professor_Student_Manage/user-login/ HTTP/1.1" 200 36
[2025-03-24 05:53:41,063] [basehttp.py:161] [basehttp:log_message] [INFO]- "POST /Professor_Student_Manage/user-login/ HTTP/1.1" 200 36
[2025-03-24 05:53:41,643] [basehttp.py:161] [basehttp:log_message] [INFO]- "GET /Professor_Student_Manage/user-info/?usertype=professor HTTP/1.1" 200 660
[2025-03-24 05:53:41,686] [basehttp.py:161] [basehttp:log_message] [INFO]- "GET /Select_Information/reviewer/review_records/ HTTP/1.1" 200 531
[2025-03-24 05:53:42,115] [basehttp.py:161] [basehttp:log_message] [INFO]- "GET /Professor_Student_Manage/user-info/?usertype=professor HTTP/1.1" 200 660
[2025-03-24 05:53:46,336] [basehttp.py:161] [basehttp:log_message] [INFO]- "POST /Select_Information/reviewer/review_record/37/ HTTP/1.1" 200 26
[2025-03-24 05:53:46,798] [basehttp.py:161] [basehttp:log_message] [INFO]- "GET /Select_Information/reviewer/review_records/ HTTP/1.1" 200 560
[2025-03-24 05:54:03,950] [basehttp.py:161] [basehttp:log_message] [INFO]- "GET /Select_Information/get-select-time/ HTTP/1.1" 200 91
[2025-03-24 05:54:04,209] [basehttp.py:161] [basehttp:log_message] [INFO]- "GET /Select_Information/get-select-time/ HTTP/1.1" 200 91
[2025-03-24 05:54:12,231] [basehttp.py:161] [basehttp:log_message] [INFO]- "GET /Professor_Student_Manage/user-info/?usertype=professor HTTP/1.1" 200 660
[2025-03-24 05:54:12,373] [basehttp.py:161] [basehttp:log_message] [INFO]- "GET /Select_Information/reviewer/review_records/ HTTP/1.1" 200 560
[2025-03-24 05:54:13,057] [basehttp.py:161] [basehttp:log_message] [INFO]- "GET /Professor_Student_Manage/user-info/?usertype=professor HTTP/1.1" 200 660
[2025-03-24 05:54:13,322] [basehttp.py:161] [basehttp:log_message] [INFO]- "GET /Professor_Student_Manage/departments/reviewers/ HTTP/1.1" 200 1853
[2025-03-24 05:54:13,397] [basehttp.py:161] [basehttp:log_message] [INFO]- "GET /Select_Information/get-select-info/?usertype=professor HTTP/1.1" 200 3902
[2025-03-24 05:54:13,474] [basehttp.py:161] [basehttp:log_message] [INFO]- "GET /Professor_Student_Manage/user-info/?usertype=professor HTTP/1.1" 200 660
[2025-03-24 05:54:14,060] [basehttp.py:161] [basehttp:log_message] [INFO]- "GET /Professor_Student_Manage/departments/reviewers/ HTTP/1.1" 200 1853
[2025-03-24 05:54:14,242] [basehttp.py:161] [basehttp:log_message] [INFO]- "GET /Select_Information/get-select-info/?usertype=professor HTTP/1.1" 200 3902
[2025-03-24 05:54:16,110] [basehttp.py:161] [basehttp:log_message] [INFO]- "GET /Professor_Student_Manage/professors_and_departments/ HTTP/1.1" 200 87554
[2025-03-24 05:54:17,332] [basehttp.py:161] [basehttp:log_message] [INFO]- "GET /Professor_Student_Manage/user-info/?usertype=professor HTTP/1.1" 200 660
[2025-03-24 05:54:17,404] [basehttp.py:161] [basehttp:log_message] [INFO]- "GET /Select_Information/reviewer/review_records/ HTTP/1.1" 200 560
[2025-03-24 05:54:28,735] [basehttp.py:161] [basehttp:log_message] [INFO]- "GET /Professor_Student_Manage/professors_and_departments/ HTTP/1.1" 200 87554
[2025-03-24 06:04:12,406] [autoreload.py:637] [autoreload:run_with_reloader] [INFO]- Watching for file changes with StatReloader
[2025-03-24 06:04:49,267] [autoreload.py:637] [autoreload:run_with_reloader] [INFO]- Watching for file changes with StatReloader
[2025-03-24 06:04:49,801] [autoreload.py:637] [autoreload:run_with_reloader] [INFO]- Watching for file changes with StatReloader
[2025-03-24 06:07:55,859] [autoreload.py:637] [autoreload:run_with_reloader] [INFO]- Watching for file changes with StatReloader
[2025-03-24 06:08:00,438] [autoreload.py:637] [autoreload:run_with_reloader] [INFO]- Watching for file changes with StatReloader
[2025-03-24 06:08:02,135] [basehttp.py:161] [basehttp:log_message] [INFO]- "GET /Professor_Student_Manage/user-info/?usertype=professor HTTP/1.1" 200 660
[2025-03-24 06:08:02,429] [basehttp.py:161] [basehttp:log_message] [INFO]- "GET /Professor_Student_Manage/departments/reviewers/ HTTP/1.1" 200 1853
[2025-03-24 06:08:02,559] [basehttp.py:161] [basehttp:log_message] [INFO]- "GET /Select_Information/get-select-info/?usertype=professor HTTP/1.1" 200 3902
[2025-03-24 06:08:05,192] [basehttp.py:161] [basehttp:log_message] [INFO]- "GET /Select_Information/get-select-info/?usertype=professor HTTP/1.1" 200 3902
[2025-03-24 06:08:08,185] [basehttp.py:161] [basehttp:log_message] [INFO]- "POST /Select_Information/submit-pdf-review/ HTTP/1.1" 200 50
[2025-03-24 06:08:12,926] [basehttp.py:161] [basehttp:log_message] [INFO]- "GET /Select_Information/get-select-info/?usertype=professor HTTP/1.1" 200 3902
[2025-03-24 06:08:14,485] [basehttp.py:161] [basehttp:log_message] [INFO]- "GET /Professor_Student_Manage/user-info/?usertype=professor HTTP/1.1" 200 666
[2025-03-24 06:08:14,617] [basehttp.py:161] [basehttp:log_message] [INFO]- "GET /Select_Information/reviewer/review_records/ HTTP/1.1" 200 1090
[2025-03-24 06:08:18,873] [log.py:224] [log:log_response] [ERROR]- Internal Server Error: /Select_Information/reviewer/review_record/38/
Traceback (most recent call last):
  File "/root/.local/lib/python3.8/site-packages/django/core/handlers/exception.py", line 47, in inner
    response = get_response(request)
  File "/root/.local/lib/python3.8/site-packages/django/core/handlers/base.py", line 181, in _get_response
    response = wrapped_callback(request, *callback_args, **callback_kwargs)
  File "/root/.local/lib/python3.8/site-packages/django/views/decorators/csrf.py", line 54, in wrapped_view
    return view_func(*args, **kwargs)
  File "/root/.local/lib/python3.8/site-packages/django/views/generic/base.py", line 70, in view
    return self.dispatch(request, *args, **kwargs)
  File "/root/.local/lib/python3.8/site-packages/rest_framework/views.py", line 509, in dispatch
    response = self.handle_exception(exc)
  File "/root/.local/lib/python3.8/site-packages/rest_framework/views.py", line 469, in handle_exception
    self.raise_uncaught_exception(exc)
  File "/root/.local/lib/python3.8/site-packages/rest_framework/views.py", line 480, in raise_uncaught_exception
    raise exc
  File "/root/.local/lib/python3.8/site-packages/rest_framework/views.py", line 506, in dispatch
    response = handler(request, *args, **kwargs)
  File "/app/Select_Information/views.py", line 587, in post
    if request.data.status == 1:
AttributeError: 'dict' object has no attribute 'status'
[2025-03-24 06:08:18,876] [basehttp.py:161] [basehttp:log_message] [ERROR]- "POST /Select_Information/reviewer/review_record/38/ HTTP/1.1" 500 87529
[2025-03-24 06:08:23,858] [log.py:224] [log:log_response] [ERROR]- Internal Server Error: /Select_Information/reviewer/review_record/38/
Traceback (most recent call last):
  File "/root/.local/lib/python3.8/site-packages/django/core/handlers/exception.py", line 47, in inner
    response = get_response(request)
  File "/root/.local/lib/python3.8/site-packages/django/core/handlers/base.py", line 181, in _get_response
    response = wrapped_callback(request, *callback_args, **callback_kwargs)
  File "/root/.local/lib/python3.8/site-packages/django/views/decorators/csrf.py", line 54, in wrapped_view
    return view_func(*args, **kwargs)
  File "/root/.local/lib/python3.8/site-packages/django/views/generic/base.py", line 70, in view
    return self.dispatch(request, *args, **kwargs)
  File "/root/.local/lib/python3.8/site-packages/rest_framework/views.py", line 509, in dispatch
    response = self.handle_exception(exc)
  File "/root/.local/lib/python3.8/site-packages/rest_framework/views.py", line 469, in handle_exception
    self.raise_uncaught_exception(exc)
  File "/root/.local/lib/python3.8/site-packages/rest_framework/views.py", line 480, in raise_uncaught_exception
    raise exc
  File "/root/.local/lib/python3.8/site-packages/rest_framework/views.py", line 506, in dispatch
    response = handler(request, *args, **kwargs)
  File "/app/Select_Information/views.py", line 587, in post
    if request.data.status == 1:
AttributeError: 'dict' object has no attribute 'status'
[2025-03-24 06:08:23,859] [basehttp.py:161] [basehttp:log_message] [ERROR]- "POST /Select_Information/reviewer/review_record/38/ HTTP/1.1" 500 87529
[2025-03-24 06:09:47,387] [autoreload.py:637] [autoreload:run_with_reloader] [INFO]- Watching for file changes with StatReloader
[2025-03-24 06:09:52,717] [log.py:224] [log:log_response] [ERROR]- Internal Server Error: /Select_Information/reviewer/review_record/38/
Traceback (most recent call last):
  File "/root/.local/lib/python3.8/site-packages/django/core/handlers/exception.py", line 47, in inner
    response = get_response(request)
  File "/root/.local/lib/python3.8/site-packages/django/core/handlers/base.py", line 181, in _get_response
    response = wrapped_callback(request, *callback_args, **callback_kwargs)
  File "/root/.local/lib/python3.8/site-packages/django/views/decorators/csrf.py", line 54, in wrapped_view
    return view_func(*args, **kwargs)
  File "/root/.local/lib/python3.8/site-packages/django/views/generic/base.py", line 70, in view
    return self.dispatch(request, *args, **kwargs)
  File "/root/.local/lib/python3.8/site-packages/rest_framework/views.py", line 509, in dispatch
    response = self.handle_exception(exc)
  File "/root/.local/lib/python3.8/site-packages/rest_framework/views.py", line 469, in handle_exception
    self.raise_uncaught_exception(exc)
  File "/root/.local/lib/python3.8/site-packages/rest_framework/views.py", line 480, in raise_uncaught_exception
    raise exc
  File "/root/.local/lib/python3.8/site-packages/rest_framework/views.py", line 506, in dispatch
    response = handler(request, *args, **kwargs)
  File "/app/Select_Information/views.py", line 587, in post
    if request.data[status] == 1:
KeyError: <module 'rest_framework.status' from '/root/.local/lib/python3.8/site-packages/rest_framework/status.py'>
[2025-03-24 06:09:52,719] [basehttp.py:161] [basehttp:log_message] [ERROR]- "POST /Select_Information/reviewer/review_record/38/ HTTP/1.1" 500 87879
[2025-03-24 06:10:21,357] [autoreload.py:637] [autoreload:run_with_reloader] [INFO]- Watching for file changes with StatReloader
[2025-03-24 06:10:25,931] [log.py:224] [log:log_response] [ERROR]- Internal Server Error: /Select_Information/reviewer/review_record/38/
Traceback (most recent call last):
  File "/root/.local/lib/python3.8/site-packages/django/core/handlers/exception.py", line 47, in inner
    response = get_response(request)
  File "/root/.local/lib/python3.8/site-packages/django/core/handlers/base.py", line 181, in _get_response
    response = wrapped_callback(request, *callback_args, **callback_kwargs)
  File "/root/.local/lib/python3.8/site-packages/django/views/decorators/csrf.py", line 54, in wrapped_view
    return view_func(*args, **kwargs)
  File "/root/.local/lib/python3.8/site-packages/django/views/generic/base.py", line 70, in view
    return self.dispatch(request, *args, **kwargs)
  File "/root/.local/lib/python3.8/site-packages/rest_framework/views.py", line 509, in dispatch
    response = self.handle_exception(exc)
  File "/root/.local/lib/python3.8/site-packages/rest_framework/views.py", line 469, in handle_exception
    self.raise_uncaught_exception(exc)
  File "/root/.local/lib/python3.8/site-packages/rest_framework/views.py", line 480, in raise_uncaught_exception
    raise exc
  File "/root/.local/lib/python3.8/site-packages/rest_framework/views.py", line 506, in dispatch
    response = handler(request, *args, **kwargs)
  File "/app/Select_Information/views.py", line 587, in post
    print(request.data.status)
AttributeError: 'dict' object has no attribute 'status'
[2025-03-24 06:10:25,933] [basehttp.py:161] [basehttp:log_message] [ERROR]- "POST /Select_Information/reviewer/review_record/38/ HTTP/1.1" 500 87549
[2025-03-24 06:11:34,926] [autoreload.py:637] [autoreload:run_with_reloader] [INFO]- Watching for file changes with StatReloader
[2025-03-24 06:11:39,369] [log.py:224] [log:log_response] [ERROR]- Internal Server Error: /Select_Information/reviewer/review_record/38/
Traceback (most recent call last):
  File "/root/.local/lib/python3.8/site-packages/django/core/handlers/exception.py", line 47, in inner
    response = get_response(request)
  File "/root/.local/lib/python3.8/site-packages/django/core/handlers/base.py", line 181, in _get_response
    response = wrapped_callback(request, *callback_args, **callback_kwargs)
  File "/root/.local/lib/python3.8/site-packages/django/views/decorators/csrf.py", line 54, in wrapped_view
    return view_func(*args, **kwargs)
  File "/root/.local/lib/python3.8/site-packages/django/views/generic/base.py", line 70, in view
    return self.dispatch(request, *args, **kwargs)
  File "/root/.local/lib/python3.8/site-packages/rest_framework/views.py", line 509, in dispatch
    response = self.handle_exception(exc)
  File "/root/.local/lib/python3.8/site-packages/rest_framework/views.py", line 469, in handle_exception
    self.raise_uncaught_exception(exc)
  File "/root/.local/lib/python3.8/site-packages/rest_framework/views.py", line 480, in raise_uncaught_exception
    raise exc
  File "/root/.local/lib/python3.8/site-packages/rest_framework/views.py", line 506, in dispatch
    response = handler(request, *args, **kwargs)
  File "/app/Select_Information/views.py", line 588, in post
    if request.data[status] == 1:
KeyError: <module 'rest_framework.status' from '/root/.local/lib/python3.8/site-packages/rest_framework/status.py'>
[2025-03-24 06:11:39,372] [basehttp.py:161] [basehttp:log_message] [ERROR]- "POST /Select_Information/reviewer/review_record/38/ HTTP/1.1" 500 87838
[2025-03-24 06:15:05,896] [autoreload.py:637] [autoreload:run_with_reloader] [INFO]- Watching for file changes with StatReloader
[2025-03-24 06:15:10,830] [log.py:224] [log:log_response] [ERROR]- Internal Server Error: /Select_Information/reviewer/review_record/38/
Traceback (most recent call last):
  File "/root/.local/lib/python3.8/site-packages/django/core/handlers/exception.py", line 47, in inner
    response = get_response(request)
  File "/root/.local/lib/python3.8/site-packages/django/core/handlers/base.py", line 181, in _get_response
    response = wrapped_callback(request, *callback_args, **callback_kwargs)
  File "/root/.local/lib/python3.8/site-packages/django/views/decorators/csrf.py", line 54, in wrapped_view
    return view_func(*args, **kwargs)
  File "/root/.local/lib/python3.8/site-packages/django/views/generic/base.py", line 70, in view
    return self.dispatch(request, *args, **kwargs)
  File "/root/.local/lib/python3.8/site-packages/rest_framework/views.py", line 509, in dispatch
    response = self.handle_exception(exc)
  File "/root/.local/lib/python3.8/site-packages/rest_framework/views.py", line 469, in handle_exception
    self.raise_uncaught_exception(exc)
  File "/root/.local/lib/python3.8/site-packages/rest_framework/views.py", line 480, in raise_uncaught_exception
    raise exc
  File "/root/.local/lib/python3.8/site-packages/rest_framework/views.py", line 506, in dispatch
    response = handler(request, *args, **kwargs)
  File "/app/Select_Information/views.py", line 582, in post
    review_status = request.data.status
AttributeError: 'dict' object has no attribute 'status'
[2025-03-24 06:15:10,832] [basehttp.py:161] [basehttp:log_message] [ERROR]- "POST /Select_Information/reviewer/review_record/38/ HTTP/1.1" 500 86715
[2025-03-24 06:15:45,455] [autoreload.py:637] [autoreload:run_with_reloader] [INFO]- Watching for file changes with StatReloader
[2025-03-24 06:15:50,892] [log.py:224] [log:log_response] [ERROR]- Internal Server Error: /Select_Information/reviewer/review_record/38/
Traceback (most recent call last):
  File "/root/.local/lib/python3.8/site-packages/django/core/handlers/exception.py", line 47, in inner
    response = get_response(request)
  File "/root/.local/lib/python3.8/site-packages/django/core/handlers/base.py", line 181, in _get_response
    response = wrapped_callback(request, *callback_args, **callback_kwargs)
  File "/root/.local/lib/python3.8/site-packages/django/views/decorators/csrf.py", line 54, in wrapped_view
    return view_func(*args, **kwargs)
  File "/root/.local/lib/python3.8/site-packages/django/views/generic/base.py", line 70, in view
    return self.dispatch(request, *args, **kwargs)
  File "/root/.local/lib/python3.8/site-packages/rest_framework/views.py", line 509, in dispatch
    response = self.handle_exception(exc)
  File "/root/.local/lib/python3.8/site-packages/rest_framework/views.py", line 469, in handle_exception
    self.raise_uncaught_exception(exc)
  File "/root/.local/lib/python3.8/site-packages/rest_framework/views.py", line 480, in raise_uncaught_exception
    raise exc
  File "/root/.local/lib/python3.8/site-packages/rest_framework/views.py", line 506, in dispatch
    response = handler(request, *args, **kwargs)
  File "/app/Select_Information/views.py", line 582, in post
    review_status = request.data[status]
KeyError: <module 'rest_framework.status' from '/root/.local/lib/python3.8/site-packages/rest_framework/status.py'>
[2025-03-24 06:15:50,894] [basehttp.py:161] [basehttp:log_message] [ERROR]- "POST /Select_Information/reviewer/review_record/38/ HTTP/1.1" 500 87065
[2025-03-24 06:16:13,019] [autoreload.py:637] [autoreload:run_with_reloader] [INFO]- Watching for file changes with StatReloader
[2025-03-24 06:16:26,877] [autoreload.py:637] [autoreload:run_with_reloader] [INFO]- Watching for file changes with StatReloader
[2025-03-24 06:16:31,275] [log.py:224] [log:log_response] [ERROR]- Internal Server Error: /Select_Information/reviewer/review_record/38/
Traceback (most recent call last):
  File "/root/.local/lib/python3.8/site-packages/django/core/handlers/exception.py", line 47, in inner
    response = get_response(request)
  File "/root/.local/lib/python3.8/site-packages/django/core/handlers/base.py", line 181, in _get_response
    response = wrapped_callback(request, *callback_args, **callback_kwargs)
  File "/root/.local/lib/python3.8/site-packages/django/views/decorators/csrf.py", line 54, in wrapped_view
    return view_func(*args, **kwargs)
  File "/root/.local/lib/python3.8/site-packages/django/views/generic/base.py", line 70, in view
    return self.dispatch(request, *args, **kwargs)
  File "/root/.local/lib/python3.8/site-packages/rest_framework/views.py", line 509, in dispatch
    response = self.handle_exception(exc)
  File "/root/.local/lib/python3.8/site-packages/rest_framework/views.py", line 469, in handle_exception
    self.raise_uncaught_exception(exc)
  File "/root/.local/lib/python3.8/site-packages/rest_framework/views.py", line 480, in raise_uncaught_exception
    raise exc
  File "/root/.local/lib/python3.8/site-packages/rest_framework/views.py", line 506, in dispatch
    response = handler(request, *args, **kwargs)
  File "/app/Select_Information/views.py", line 590, in post
    if request.data[status] == 1:
KeyError: <module 'rest_framework.status' from '/root/.local/lib/python3.8/site-packages/rest_framework/status.py'>
[2025-03-24 06:16:31,279] [basehttp.py:161] [basehttp:log_message] [ERROR]- "POST /Select_Information/reviewer/review_record/38/ HTTP/1.1" 500 88002
[2025-03-24 06:16:52,885] [autoreload.py:637] [autoreload:run_with_reloader] [INFO]- Watching for file changes with StatReloader
[2025-03-24 06:17:00,620] [autoreload.py:637] [autoreload:run_with_reloader] [INFO]- Watching for file changes with StatReloader
[2025-03-24 06:17:03,970] [basehttp.py:161] [basehttp:log_message] [INFO]- "POST /Select_Information/reviewer/review_record/38/ HTTP/1.1" 200 26
[2025-03-24 06:17:04,555] [basehttp.py:161] [basehttp:log_message] [INFO]- "GET /Select_Information/reviewer/review_records/ HTTP/1.1" 200 1119
[2025-03-24 06:17:10,341] [basehttp.py:161] [basehttp:log_message] [INFO]- "GET /Select_Information/get-select-time/ HTTP/1.1" 200 91
[2025-03-24 06:17:22,891] [basehttp.py:161] [basehttp:log_message] [INFO]- "GET /Professor_Student_Manage/professors_and_departments/ HTTP/1.1" 200 87560
[2025-03-24 06:20:04,386] [basehttp.py:161] [basehttp:log_message] [INFO]- "GET /Select_Information/reviewer/review_records/ HTTP/1.1" 200 2
[2025-03-24 06:20:04,495] [basehttp.py:161] [basehttp:log_message] [INFO]- "GET /Professor_Student_Manage/user-info/?usertype=professor HTTP/1.1" 200 656
[2025-03-24 06:20:06,368] [basehttp.py:161] [basehttp:log_message] [INFO]- "GET /Professor_Student_Manage/user-info/?usertype=professor HTTP/1.1" 200 656
[2025-03-24 06:20:06,474] [basehttp.py:161] [basehttp:log_message] [INFO]- "GET /Select_Information/get-select-time/ HTTP/1.1" 200 91
[2025-03-24 06:20:06,657] [basehttp.py:161] [basehttp:log_message] [INFO]- "GET /Professor_Student_Manage/departments/reviewers/ HTTP/1.1" 200 1849
[2025-03-24 06:20:06,731] [basehttp.py:161] [basehttp:log_message] [INFO]- "GET /Select_Information/get-select-info/?usertype=professor HTTP/1.1" 200 3911
[2025-03-24 06:20:18,375] [autoreload.py:637] [autoreload:run_with_reloader] [INFO]- Watching for file changes with StatReloader
[2025-03-24 06:20:21,995] [autoreload.py:637] [autoreload:run_with_reloader] [INFO]- Watching for file changes with StatReloader
[2025-03-24 06:21:57,704] [autoreload.py:637] [autoreload:run_with_reloader] [INFO]- Watching for file changes with StatReloader
[2025-03-24 06:22:01,696] [autoreload.py:637] [autoreload:run_with_reloader] [INFO]- Watching for file changes with StatReloader
[2025-03-24 06:25:56,579] [autoreload.py:637] [autoreload:run_with_reloader] [INFO]- Watching for file changes with StatReloader
[2025-03-24 06:26:00,463] [autoreload.py:637] [autoreload:run_with_reloader] [INFO]- Watching for file changes with StatReloader
[2025-03-24 06:26:15,566] [autoreload.py:637] [autoreload:run_with_reloader] [INFO]- Watching for file changes with StatReloader
[2025-03-24 06:26:20,232] [autoreload.py:637] [autoreload:run_with_reloader] [INFO]- Watching for file changes with StatReloader
[2025-03-24 06:26:38,945] [basehttp.py:161] [basehttp:log_message] [INFO]- "GET /Professor_Student_Manage/user-info/?usertype=professor HTTP/1.1" 200 656
[2025-03-24 06:26:39,198] [basehttp.py:161] [basehttp:log_message] [INFO]- "GET /Professor_Student_Manage/departments/reviewers/ HTTP/1.1" 200 1849
[2025-03-24 06:26:39,359] [basehttp.py:161] [basehttp:log_message] [INFO]- "GET /Select_Information/get-select-info/?usertype=professor HTTP/1.1" 200 3911
[2025-03-24 06:26:41,921] [basehttp.py:161] [basehttp:log_message] [INFO]- "POST /Select_Information/submit-pdf-review/ HTTP/1.1" 200 50
[2025-03-24 06:26:44,811] [basehttp.py:161] [basehttp:log_message] [INFO]- "GET /Professor_Student_Manage/user-info/?usertype=professor HTTP/1.1" 200 660
[2025-03-24 06:26:44,847] [basehttp.py:161] [basehttp:log_message] [INFO]- "GET /Select_Information/reviewer/review_records/ HTTP/1.1" 200 531
[2025-03-24 06:26:49,075] [basehttp.py:161] [basehttp:log_message] [INFO]- "POST /Select_Information/reviewer/review_record/39/ HTTP/1.1" 200 26
[2025-03-24 06:26:49,514] [basehttp.py:161] [basehttp:log_message] [INFO]- "GET /Select_Information/reviewer/review_records/ HTTP/1.1" 200 560
[2025-03-24 06:27:42,574] [autoreload.py:637] [autoreload:run_with_reloader] [INFO]- Watching for file changes with StatReloader
[2025-03-24 06:28:04,936] [basehttp.py:161] [basehttp:log_message] [INFO]- "GET /admin/Select_Information/reviewrecord/ HTTP/1.1" 200 11590
[2025-03-24 06:28:04,951] [basehttp.py:161] [basehttp:log_message] [INFO]- "GET /static/admin/js/vendor/jquery/jquery.js HTTP/1.1" 304 0
[2025-03-24 06:28:04,951] [basehttp.py:161] [basehttp:log_message] [INFO]- "GET /static/admin/css/nav_sidebar.css HTTP/1.1" 304 0
[2025-03-24 06:28:04,951] [basehttp.py:161] [basehttp:log_message] [INFO]- "GET /static/admin/js/nav_sidebar.js HTTP/1.1" 304 0
[2025-03-24 06:28:04,951] [basehttp.py:161] [basehttp:log_message] [INFO]- "GET /static/admin/css/base.css HTTP/1.1" 304 0
[2025-03-24 06:28:04,952] [basehttp.py:161] [basehttp:log_message] [INFO]- "GET /static/admin/css/changelists.css HTTP/1.1" 304 0
[2025-03-24 06:28:04,956] [basehttp.py:161] [basehttp:log_message] [INFO]- "GET /static/admin/js/admin/RelatedObjectLookups.js HTTP/1.1" 304 0
[2025-03-24 06:28:04,958] [basehttp.py:161] [basehttp:log_message] [INFO]- "GET /static/admin/js/core.js HTTP/1.1" 304 0
[2025-03-24 06:28:04,958] [basehttp.py:161] [basehttp:log_message] [INFO]- "GET /static/admin/js/jquery.init.js HTTP/1.1" 304 0
[2025-03-24 06:28:04,960] [basehttp.py:161] [basehttp:log_message] [INFO]- "GET /static/admin/js/urlify.js HTTP/1.1" 304 0
[2025-03-24 06:28:04,960] [basehttp.py:161] [basehttp:log_message] [INFO]- "GET /static/admin/js/vendor/xregexp/xregexp.js HTTP/1.1" 304 0
[2025-03-24 06:28:04,962] [basehttp.py:161] [basehttp:log_message] [INFO]- "GET /static/admin/js/prepopulate.js HTTP/1.1" 304 0
[2025-03-24 06:28:04,962] [basehttp.py:161] [basehttp:log_message] [INFO]- "GET /static/admin/js/actions.js HTTP/1.1" 304 0
[2025-03-24 06:28:04,963] [basehttp.py:161] [basehttp:log_message] [INFO]- "GET /static/admin/css/responsive.css HTTP/1.1" 304 0
[2025-03-24 06:28:04,965] [basehttp.py:161] [basehttp:log_message] [INFO]- "GET /static/admin/img/search.svg HTTP/1.1" 304 0
[2025-03-24 06:28:04,966] [basehttp.py:161] [basehttp:log_message] [INFO]- "GET /static/admin/img/icon-yes.svg HTTP/1.1" 304 0
[2025-03-24 06:28:04,967] [basehttp.py:161] [basehttp:log_message] [INFO]- "GET /static/admin/css/fonts.css HTTP/1.1" 304 0
[2025-03-24 06:28:05,193] [basehttp.py:161] [basehttp:log_message] [INFO]- "GET /admin/jsi18n/ HTTP/1.1" 200 8398
[2025-03-24 06:28:05,226] [basehttp.py:161] [basehttp:log_message] [INFO]- "GET /static/admin/fonts/Roboto-Bold-webfont.woff HTTP/1.1" 304 0
[2025-03-24 06:28:05,228] [basehttp.py:161] [basehttp:log_message] [INFO]- "GET /static/admin/fonts/Roboto-Regular-webfont.woff HTTP/1.1" 304 0
[2025-03-24 06:28:05,230] [basehttp.py:161] [basehttp:log_message] [INFO]- "GET /static/admin/img/icon-addlink.svg HTTP/1.1" 304 0
[2025-03-24 06:28:05,231] [basehttp.py:161] [basehttp:log_message] [INFO]- "GET /static/admin/img/tooltag-add.svg HTTP/1.1" 304 0
[2025-03-24 06:28:05,231] [basehttp.py:161] [basehttp:log_message] [INFO]- "GET /static/admin/fonts/Roboto-Light-webfont.woff HTTP/1.1" 304 0
[2025-03-24 06:28:17,534] [autoreload.py:637] [autoreload:run_with_reloader] [INFO]- Watching for file changes with StatReloader
[2025-03-24 06:28:20,467] [basehttp.py:161] [basehttp:log_message] [INFO]- "GET /admin/Select_Information/reviewrecord/ HTTP/1.1" 200 11590
[2025-03-24 06:28:20,754] [basehttp.py:161] [basehttp:log_message] [INFO]- "GET /admin/jsi18n/ HTTP/1.1" 200 8398
[2025-03-24 06:31:46,712] [autoreload.py:637] [autoreload:run_with_reloader] [INFO]- Watching for file changes with StatReloader
[2025-03-24 06:31:52,668] [autoreload.py:637] [autoreload:run_with_reloader] [INFO]- Watching for file changes with StatReloader
[2025-03-24 06:32:13,893] [autoreload.py:637] [autoreload:run_with_reloader] [INFO]- Watching for file changes with StatReloader
[2025-03-24 06:32:17,730] [basehttp.py:161] [basehttp:log_message] [INFO]- "GET /Select_Information/get-select-time/ HTTP/1.1" 200 91
[2025-03-24 06:32:19,117] [basehttp.py:161] [basehttp:log_message] [INFO]- "GET /Professor_Student_Manage/user-info/?usertype=professor HTTP/1.1" 200 660
[2025-03-24 06:32:19,416] [basehttp.py:161] [basehttp:log_message] [INFO]- "GET /Professor_Student_Manage/departments/reviewers/ HTTP/1.1" 200 1853
[2025-03-24 06:32:19,456] [basehttp.py:161] [basehttp:log_message] [INFO]- "GET /Select_Information/get-select-info/?usertype=professor HTTP/1.1" 200 3911
[2025-03-24 06:32:22,328] [basehttp.py:161] [basehttp:log_message] [INFO]- "GET /Select_Information/get-select-info/?usertype=professor HTTP/1.1" 200 3911
[2025-03-24 06:32:25,413] [basehttp.py:161] [basehttp:log_message] [INFO]- "POST /Select_Information/submit-pdf-review/ HTTP/1.1" 200 50
[2025-03-24 06:32:29,495] [basehttp.py:161] [basehttp:log_message] [INFO]- "GET /Select_Information/get-select-info/?usertype=professor HTTP/1.1" 200 3902
[2025-03-24 06:32:30,211] [basehttp.py:161] [basehttp:log_message] [INFO]- "GET /Professor_Student_Manage/professors_and_departments/ HTTP/1.1" 200 87560
[2025-03-24 06:32:31,057] [basehttp.py:161] [basehttp:log_message] [INFO]- "GET /Professor_Student_Manage/user-info/?usertype=professor HTTP/1.1" 200 666
[2025-03-24 06:32:31,251] [basehttp.py:161] [basehttp:log_message] [INFO]- "GET /Select_Information/reviewer/review_records/ HTTP/1.1" 200 1090
[2025-03-24 06:32:35,186] [basehttp.py:161] [basehttp:log_message] [INFO]- "POST /Select_Information/reviewer/review_record/40/ HTTP/1.1" 200 26
[2025-03-24 06:32:35,802] [basehttp.py:161] [basehttp:log_message] [INFO]- "GET /Select_Information/reviewer/review_records/ HTTP/1.1" 200 1119
[2025-03-24 06:32:37,671] [basehttp.py:161] [basehttp:log_message] [INFO]- "GET /Professor_Student_Manage/user-info/?usertype=professor HTTP/1.1" 200 666
[2025-03-24 06:32:37,989] [basehttp.py:161] [basehttp:log_message] [INFO]- "GET /Professor_Student_Manage/departments/reviewers/ HTTP/1.1" 200 1859
[2025-03-24 06:32:38,060] [basehttp.py:161] [basehttp:log_message] [INFO]- "GET /Select_Information/get-select-info/?usertype=professor HTTP/1.1" 200 3902
[2025-03-24 06:32:40,687] [basehttp.py:161] [basehttp:log_message] [INFO]- "GET /Select_Information/get-select-info/?usertype=professor HTTP/1.1" 200 3902
[2025-03-24 06:32:51,699] [basehttp.py:161] [basehttp:log_message] [INFO]- "GET /Select_Information/get-select-info/?usertype=professor HTTP/1.1" 200 3902
[2025-03-24 06:32:54,185] [basehttp.py:161] [basehttp:log_message] [INFO]- "GET /Select_Information/get-select-info/?usertype=professor HTTP/1.1" 200 3902
[2025-03-24 06:32:56,137] [basehttp.py:161] [basehttp:log_message] [INFO]- "GET /Professor_Student_Manage/user-info/?usertype=professor HTTP/1.1" 200 666
[2025-03-24 06:32:56,354] [basehttp.py:161] [basehttp:log_message] [INFO]- "GET /Select_Information/reviewer/review_records/ HTTP/1.1" 200 1119
[2025-03-24 06:32:56,596] [basehttp.py:161] [basehttp:log_message] [INFO]- "GET /Select_Information/get-select-info/?usertype=professor HTTP/1.1" 200 3902
[2025-03-24 06:33:00,543] [basehttp.py:161] [basehttp:log_message] [INFO]- "GET /Professor_Student_Manage/user-info/?usertype=professor HTTP/1.1" 200 666
[2025-03-24 06:33:00,911] [basehttp.py:161] [basehttp:log_message] [INFO]- "GET /Select_Information/get-select-info/?usertype=professor HTTP/1.1" 200 3902
[2025-03-24 06:33:00,916] [basehttp.py:161] [basehttp:log_message] [INFO]- "GET /Professor_Student_Manage/departments/reviewers/ HTTP/1.1" 200 1859
[2025-03-24 06:33:32,227] [basehttp.py:161] [basehttp:log_message] [INFO]- "GET /Select_Information/get-select-info/?usertype=professor HTTP/1.1" 200 3902
[2025-03-24 06:33:39,782] [basehttp.py:161] [basehttp:log_message] [INFO]- "GET /Professor_Student_Manage/user-info/?usertype=professor HTTP/1.1" 200 666
[2025-03-24 06:33:39,970] [basehttp.py:161] [basehttp:log_message] [INFO]- "GET /Select_Information/reviewer/review_records/ HTTP/1.1" 200 1119
[2025-03-24 06:33:42,986] [basehttp.py:161] [basehttp:log_message] [INFO]- "GET /Select_Information/get-select-time/ HTTP/1.1" 200 91
[2025-03-24 06:33:43,613] [basehttp.py:161] [basehttp:log_message] [INFO]- "GET /Professor_Student_Manage/user-info/?usertype=professor HTTP/1.1" 200 666
[2025-03-24 06:33:43,908] [basehttp.py:161] [basehttp:log_message] [INFO]- "GET /Professor_Student_Manage/departments/reviewers/ HTTP/1.1" 200 1859
[2025-03-24 06:33:44,014] [basehttp.py:161] [basehttp:log_message] [INFO]- "GET /Select_Information/get-select-info/?usertype=professor HTTP/1.1" 200 3902
[2025-03-24 06:33:45,984] [basehttp.py:161] [basehttp:log_message] [INFO]- "POST /Select_Information/submit-pdf-review/ HTTP/1.1" 200 50
[2025-03-24 06:33:50,604] [basehttp.py:161] [basehttp:log_message] [INFO]- "GET /Professor_Student_Manage/user-info/?usertype=professor HTTP/1.1" 200 672
[2025-03-24 06:33:50,918] [basehttp.py:161] [basehttp:log_message] [INFO]- "GET /Select_Information/reviewer/review_records/ HTTP/1.1" 200 1649
[2025-03-24 06:33:54,515] [basehttp.py:161] [basehttp:log_message] [INFO]- "POST /Select_Information/reviewer/review_record/41/ HTTP/1.1" 200 26
[2025-03-24 06:33:55,278] [basehttp.py:161] [basehttp:log_message] [INFO]- "GET /Select_Information/reviewer/review_records/ HTTP/1.1" 200 1678
[2025-03-24 06:33:55,634] [basehttp.py:161] [basehttp:log_message] [INFO]- "GET /Professor_Student_Manage/professors_and_departments/ HTTP/1.1" 200 87566
[2025-03-24 06:33:58,946] [basehttp.py:161] [basehttp:log_message] [INFO]- "GET /Professor_Student_Manage/user-info/?usertype=professor HTTP/1.1" 200 672
[2025-03-24 06:33:59,280] [basehttp.py:161] [basehttp:log_message] [INFO]- "GET /Professor_Student_Manage/departments/reviewers/ HTTP/1.1" 200 1865
[2025-03-24 06:33:59,351] [basehttp.py:161] [basehttp:log_message] [INFO]- "GET /Select_Information/get-select-info/?usertype=professor HTTP/1.1" 200 3902
[2025-03-24 06:34:01,850] [basehttp.py:161] [basehttp:log_message] [INFO]- "GET /Select_Information/get-select-info/?usertype=professor HTTP/1.1" 200 3902
[2025-03-24 06:37:07,499] [autoreload.py:637] [autoreload:run_with_reloader] [INFO]- Watching for file changes with StatReloader
[2025-03-24 06:37:12,307] [log.py:224] [log:log_response] [WARNING]- Bad Request: /Select_Information/submit-pdf-review/
[2025-03-24 06:37:12,308] [basehttp.py:161] [basehttp:log_message] [WARNING]- "POST /Select_Information/submit-pdf-review/ HTTP/1.1" 400 59
[2025-03-24 06:37:16,875] [log.py:224] [log:log_response] [WARNING]- Bad Request: /Select_Information/submit-pdf-review/
[2025-03-24 06:37:16,877] [basehttp.py:161] [basehttp:log_message] [WARNING]- "POST /Select_Information/submit-pdf-review/ HTTP/1.1" 400 59
[2025-03-24 06:38:54,958] [log.py:224] [log:log_response] [WARNING]- Bad Request: /Select_Information/submit-pdf-review/
[2025-03-24 06:38:54,959] [basehttp.py:161] [basehttp:log_message] [WARNING]- "POST /Select_Information/submit-pdf-review/ HTTP/1.1" 400 59
[2025-03-24 06:38:57,360] [basehttp.py:161] [basehttp:log_message] [INFO]- "GET /Professor_Student_Manage/user-info/?usertype=professor HTTP/1.1" 200 672
[2025-03-24 06:38:57,727] [basehttp.py:161] [basehttp:log_message] [INFO]- "GET /Select_Information/reviewer/review_records/ HTTP/1.1" 200 1678
[2025-03-24 06:38:58,798] [basehttp.py:161] [basehttp:log_message] [INFO]- "GET /Professor_Student_Manage/user-info/?usertype=professor HTTP/1.1" 200 672
[2025-03-24 06:38:59,102] [basehttp.py:161] [basehttp:log_message] [INFO]- "GET /Professor_Student_Manage/departments/reviewers/ HTTP/1.1" 200 1865
[2025-03-24 06:38:59,176] [basehttp.py:161] [basehttp:log_message] [INFO]- "GET /Select_Information/get-select-info/?usertype=professor HTTP/1.1" 200 3902
[2025-03-24 06:38:59,203] [basehttp.py:161] [basehttp:log_message] [INFO]- "GET /Select_Information/get-select-time/ HTTP/1.1" 200 91
[2025-03-24 06:39:02,298] [basehttp.py:161] [basehttp:log_message] [INFO]- "GET /Professor_Student_Manage/user-info/?usertype=professor HTTP/1.1" 200 672
[2025-03-24 06:39:02,562] [basehttp.py:161] [basehttp:log_message] [INFO]- "GET /Professor_Student_Manage/departments/reviewers/ HTTP/1.1" 200 1865
[2025-03-24 06:39:02,626] [basehttp.py:161] [basehttp:log_message] [INFO]- "GET /Select_Information/get-select-info/?usertype=professor HTTP/1.1" 200 3902
[2025-03-24 06:39:10,219] [basehttp.py:161] [basehttp:log_message] [INFO]- "GET /Professor_Student_Manage/user-info/?usertype=professor HTTP/1.1" 200 672
[2025-03-24 06:39:10,518] [basehttp.py:161] [basehttp:log_message] [INFO]- "GET /Professor_Student_Manage/departments/reviewers/ HTTP/1.1" 200 1865
[2025-03-24 06:39:10,621] [basehttp.py:161] [basehttp:log_message] [INFO]- "GET /Select_Information/get-select-info/?usertype=professor HTTP/1.1" 200 3902
[2025-03-24 06:39:10,697] [basehttp.py:161] [basehttp:log_message] [INFO]- "GET /Professor_Student_Manage/user-info/?usertype=professor HTTP/1.1" 200 672
[2025-03-24 06:39:11,311] [basehttp.py:161] [basehttp:log_message] [INFO]- "GET /Professor_Student_Manage/departments/reviewers/ HTTP/1.1" 200 1865
[2025-03-24 06:39:11,493] [basehttp.py:161] [basehttp:log_message] [INFO]- "GET /Select_Information/get-select-info/?usertype=professor HTTP/1.1" 200 3902
[2025-03-24 06:39:11,748] [basehttp.py:161] [basehttp:log_message] [INFO]- "GET /Professor_Student_Manage/professors_and_departments/ HTTP/1.1" 200 87566
[2025-03-24 06:39:13,862] [log.py:224] [log:log_response] [WARNING]- Bad Request: /Select_Information/submit-pdf-review/
[2025-03-24 06:39:13,863] [basehttp.py:161] [basehttp:log_message] [WARNING]- "POST /Select_Information/submit-pdf-review/ HTTP/1.1" 400 59
[2025-03-24 06:39:18,172] [log.py:224] [log:log_response] [WARNING]- Bad Request: /Select_Information/submit-pdf-review/
[2025-03-24 06:39:18,173] [basehttp.py:161] [basehttp:log_message] [WARNING]- "POST /Select_Information/submit-pdf-review/ HTTP/1.1" 400 59
[2025-03-24 06:39:21,574] [basehttp.py:161] [basehttp:log_message] [INFO]- "GET /Professor_Student_Manage/student-resumeinfo/?student_id=284 HTTP/1.1" 200 433
[2025-03-24 06:39:23,555] [basehttp.py:161] [basehttp:log_message] [INFO]- "GET /Professor_Student_Manage/user-info/?usertype=professor HTTP/1.1" 200 672
[2025-03-24 06:39:23,939] [basehttp.py:161] [basehttp:log_message] [INFO]- "GET /Professor_Student_Manage/departments/reviewers/ HTTP/1.1" 200 1865
[2025-03-24 06:39:23,969] [basehttp.py:161] [basehttp:log_message] [INFO]- "GET /Select_Information/get-select-info/?usertype=professor HTTP/1.1" 200 3902
[2025-03-24 06:42:23,203] [autoreload.py:637] [autoreload:run_with_reloader] [INFO]- Watching for file changes with StatReloader
[2025-03-24 06:43:19,992] [basehttp.py:161] [basehttp:log_message] [INFO]- "POST /Professor_Student_Manage/user-login/ HTTP/1.1" 200 36
[2025-03-24 06:43:20,608] [basehttp.py:161] [basehttp:log_message] [INFO]- "GET /Professor_Student_Manage/user-info/?usertype=professor HTTP/1.1" 200 672
[2025-03-24 06:43:20,995] [basehttp.py:161] [basehttp:log_message] [INFO]- "GET /Select_Information/reviewer/review_records/ HTTP/1.1" 200 1678
[2025-03-24 06:43:21,059] [basehttp.py:161] [basehttp:log_message] [INFO]- "GET /Professor_Student_Manage/user-info/?usertype=professor HTTP/1.1" 200 672
[2025-03-24 06:43:23,196] [basehttp.py:161] [basehttp:log_message] [INFO]- "GET /Professor_Student_Manage/user-info/?usertype=professor HTTP/1.1" 200 672
[2025-03-24 06:43:23,520] [basehttp.py:161] [basehttp:log_message] [INFO]- "GET /Professor_Student_Manage/departments/reviewers/ HTTP/1.1" 200 1865
[2025-03-24 06:43:23,539] [basehttp.py:161] [basehttp:log_message] [INFO]- "GET /Select_Information/get-select-info/?usertype=professor HTTP/1.1" 200 3908
[2025-03-24 06:43:23,631] [basehttp.py:161] [basehttp:log_message] [INFO]- "GET /Professor_Student_Manage/user-info/?usertype=professor HTTP/1.1" 200 672
[2025-03-24 06:43:24,219] [basehttp.py:161] [basehttp:log_message] [INFO]- "GET /Professor_Student_Manage/departments/reviewers/ HTTP/1.1" 200 1865
[2025-03-24 06:43:24,345] [basehttp.py:161] [basehttp:log_message] [INFO]- "GET /Select_Information/get-select-info/?usertype=professor HTTP/1.1" 200 3908
[2025-03-24 06:45:28,441] [basehttp.py:161] [basehttp:log_message] [INFO]- "GET /Professor_Student_Manage/user-info/?usertype=professor HTTP/1.1" 200 672
[2025-03-24 06:45:28,753] [basehttp.py:161] [basehttp:log_message] [INFO]- "GET /Professor_Student_Manage/departments/reviewers/ HTTP/1.1" 200 1865
[2025-03-24 06:45:28,811] [basehttp.py:161] [basehttp:log_message] [INFO]- "GET /Select_Information/get-select-info/?usertype=professor HTTP/1.1" 200 3908
[2025-03-24 06:45:28,853] [basehttp.py:161] [basehttp:log_message] [INFO]- "GET /Professor_Student_Manage/user-info/?usertype=professor HTTP/1.1" 200 672
[2025-03-24 06:45:29,498] [basehttp.py:161] [basehttp:log_message] [INFO]- "GET /Professor_Student_Manage/departments/reviewers/ HTTP/1.1" 200 1865
[2025-03-24 06:45:29,600] [basehttp.py:161] [basehttp:log_message] [INFO]- "GET /Select_Information/get-select-info/?usertype=professor HTTP/1.1" 200 3908
[2025-03-24 06:48:19,994] [basehttp.py:161] [basehttp:log_message] [INFO]- "GET /Professor_Student_Manage/user-info/?usertype=professor HTTP/1.1" 200 672
[2025-03-24 06:48:20,267] [basehttp.py:161] [basehttp:log_message] [INFO]- "GET /Professor_Student_Manage/departments/reviewers/ HTTP/1.1" 200 1865
[2025-03-24 06:48:20,332] [basehttp.py:161] [basehttp:log_message] [INFO]- "GET /Select_Information/get-select-info/?usertype=professor HTTP/1.1" 200 3908
[2025-03-24 06:48:20,397] [basehttp.py:161] [basehttp:log_message] [INFO]- "GET /Professor_Student_Manage/user-info/?usertype=professor HTTP/1.1" 200 672
[2025-03-24 06:48:21,025] [basehttp.py:161] [basehttp:log_message] [INFO]- "GET /Professor_Student_Manage/departments/reviewers/ HTTP/1.1" 200 1865
[2025-03-24 06:48:21,134] [basehttp.py:161] [basehttp:log_message] [INFO]- "GET /Select_Information/get-select-info/?usertype=professor HTTP/1.1" 200 3908
[2025-03-24 06:49:41,894] [basehttp.py:161] [basehttp:log_message] [INFO]- "GET /Professor_Student_Manage/departments/reviewers/ HTTP/1.1" 200 1865
[2025-03-24 06:49:42,045] [basehttp.py:161] [basehttp:log_message] [INFO]- "GET /Select_Information/get-select-info/?usertype=professor HTTP/1.1" 200 3908
[2025-03-24 06:49:42,275] [basehttp.py:161] [basehttp:log_message] [INFO]- "GET /Professor_Student_Manage/user-info/?usertype=professor HTTP/1.1" 200 672
[2025-03-24 06:49:42,572] [basehttp.py:161] [basehttp:log_message] [INFO]- "GET /Professor_Student_Manage/departments/reviewers/ HTTP/1.1" 200 1865
[2025-03-24 06:49:42,639] [basehttp.py:161] [basehttp:log_message] [INFO]- "GET /Professor_Student_Manage/user-info/?usertype=professor HTTP/1.1" 200 672
[2025-03-24 06:49:42,871] [basehttp.py:161] [basehttp:log_message] [INFO]- "GET /Select_Information/get-select-info/?usertype=professor HTTP/1.1" 200 3908
[2025-03-24 06:50:15,348] [basehttp.py:161] [basehttp:log_message] [INFO]- "GET /Professor_Student_Manage/user-info/?usertype=professor HTTP/1.1" 200 672
[2025-03-24 06:50:15,682] [basehttp.py:161] [basehttp:log_message] [INFO]- "GET /Professor_Student_Manage/departments/reviewers/ HTTP/1.1" 200 1865
[2025-03-24 06:50:15,706] [basehttp.py:161] [basehttp:log_message] [INFO]- "GET /Professor_Student_Manage/user-info/?usertype=professor HTTP/1.1" 200 672
[2025-03-24 06:50:15,747] [basehttp.py:161] [basehttp:log_message] [INFO]- "GET /Select_Information/get-select-info/?usertype=professor HTTP/1.1" 200 3908
[2025-03-24 06:50:16,424] [basehttp.py:161] [basehttp:log_message] [INFO]- "GET /Professor_Student_Manage/departments/reviewers/ HTTP/1.1" 200 1865
[2025-03-24 06:50:16,575] [basehttp.py:161] [basehttp:log_message] [INFO]- "GET /Select_Information/get-select-info/?usertype=professor HTTP/1.1" 200 3908
[2025-03-24 06:50:48,141] [basehttp.py:161] [basehttp:log_message] [INFO]- "GET /Professor_Student_Manage/user-info/?usertype=professor HTTP/1.1" 200 672
[2025-03-24 06:50:48,427] [basehttp.py:161] [basehttp:log_message] [INFO]- "GET /Professor_Student_Manage/departments/reviewers/ HTTP/1.1" 200 1865
[2025-03-24 06:50:48,540] [basehttp.py:161] [basehttp:log_message] [INFO]- "GET /Select_Information/get-select-info/?usertype=professor HTTP/1.1" 200 3908
[2025-03-24 06:50:48,549] [basehttp.py:161] [basehttp:log_message] [INFO]- "GET /Professor_Student_Manage/user-info/?usertype=professor HTTP/1.1" 200 672
[2025-03-24 06:50:49,192] [basehttp.py:161] [basehttp:log_message] [INFO]- "GET /Professor_Student_Manage/departments/reviewers/ HTTP/1.1" 200 1865
[2025-03-24 06:50:49,377] [basehttp.py:161] [basehttp:log_message] [INFO]- "GET /Select_Information/get-select-info/?usertype=professor HTTP/1.1" 200 3908
[2025-03-24 07:07:25,953] [basehttp.py:161] [basehttp:log_message] [INFO]- "GET /Professor_Student_Manage/user-info/?usertype=professor HTTP/1.1" 200 672
[2025-03-24 07:07:26,262] [basehttp.py:161] [basehttp:log_message] [INFO]- "GET /Select_Information/reviewer/review_records/ HTTP/1.1" 200 1678
[2025-03-24 07:07:26,337] [basehttp.py:161] [basehttp:log_message] [INFO]- "GET /Professor_Student_Manage/departments/reviewers/ HTTP/1.1" 200 1865
[2025-03-24 07:07:26,410] [basehttp.py:161] [basehttp:log_message] [INFO]- "GET /Professor_Student_Manage/user-info/?usertype=professor HTTP/1.1" 200 672
[2025-03-24 07:07:26,443] [basehttp.py:161] [basehttp:log_message] [INFO]- "GET /Select_Information/get-select-info/?usertype=professor HTTP/1.1" 200 3908
[2025-03-24 07:07:26,847] [basehttp.py:161] [basehttp:log_message] [INFO]- "GET /Professor_Student_Manage/user-info/?usertype=professor HTTP/1.1" 200 672
[2025-03-24 07:07:27,097] [basehttp.py:161] [basehttp:log_message] [INFO]- "GET /Professor_Student_Manage/departments/reviewers/ HTTP/1.1" 200 1865
[2025-03-24 07:07:27,283] [basehttp.py:161] [basehttp:log_message] [INFO]- "GET /Select_Information/get-select-info/?usertype=professor HTTP/1.1" 200 3908
[2025-03-24 07:07:27,285] [basehttp.py:161] [basehttp:log_message] [INFO]- "GET /Professor_Student_Manage/user-info/?usertype=professor HTTP/1.1" 200 672
[2025-03-24 07:07:45,921] [basehttp.py:161] [basehttp:log_message] [INFO]- "GET /Professor_Student_Manage/student-resumeinfo/?student_id=284 HTTP/1.1" 200 433
[2025-03-24 07:07:47,710] [basehttp.py:161] [basehttp:log_message] [INFO]- "GET /Professor_Student_Manage/user-info/?usertype=professor HTTP/1.1" 200 672
[2025-03-24 07:07:48,066] [basehttp.py:161] [basehttp:log_message] [INFO]- "GET /Professor_Student_Manage/departments/reviewers/ HTTP/1.1" 200 1865
[2025-03-24 07:07:48,099] [basehttp.py:161] [basehttp:log_message] [INFO]- "GET /Select_Information/get-select-info/?usertype=professor HTTP/1.1" 200 3908
[2025-03-24 07:07:53,808] [log.py:224] [log:log_response] [WARNING]- Bad Request: /Select_Information/submit-pdf-review/
[2025-03-24 07:07:53,809] [basehttp.py:161] [basehttp:log_message] [WARNING]- "POST /Select_Information/submit-pdf-review/ HTTP/1.1" 400 59
[2025-03-24 07:08:44,496] [autoreload.py:637] [autoreload:run_with_reloader] [INFO]- Watching for file changes with StatReloader
[2025-03-24 07:08:52,647] [log.py:224] [log:log_response] [WARNING]- Bad Request: /Select_Information/submit-pdf-review/
[2025-03-24 07:08:52,648] [basehttp.py:161] [basehttp:log_message] [WARNING]- "POST /Select_Information/submit-pdf-review/ HTTP/1.1" 400 59
[2025-03-24 07:09:12,658] [basehttp.py:161] [basehttp:log_message] [INFO]- "GET /Professor_Student_Manage/user-info/?usertype=professor HTTP/1.1" 200 672
[2025-03-24 07:09:12,928] [basehttp.py:161] [basehttp:log_message] [INFO]- "GET /Select_Information/reviewer/review_records/ HTTP/1.1" 200 1678
[2025-03-24 07:09:16,552] [basehttp.py:161] [basehttp:log_message] [INFO]- "GET /Professor_Student_Manage/user-info/?usertype=professor HTTP/1.1" 200 672
[2025-03-24 07:09:16,909] [basehttp.py:161] [basehttp:log_message] [INFO]- "GET /Select_Information/reviewer/review_records/ HTTP/1.1" 200 1678
[2025-03-24 07:10:19,171] [basehttp.py:161] [basehttp:log_message] [INFO]- "GET /Professor_Student_Manage/user-info/?usertype=professor HTTP/1.1" 200 672
[2025-03-24 07:10:19,435] [basehttp.py:161] [basehttp:log_message] [INFO]- "GET /Select_Information/get-select-info/?usertype=professor HTTP/1.1" 200 3908
[2025-03-24 07:10:19,457] [basehttp.py:161] [basehttp:log_message] [INFO]- "GET /Professor_Student_Manage/departments/reviewers/ HTTP/1.1" 200 1865
[2025-03-24 07:11:41,343] [basehttp.py:161] [basehttp:log_message] [INFO]- "GET /Professor_Student_Manage/user-info/?usertype=professor HTTP/1.1" 200 672
[2025-03-24 07:11:41,665] [basehttp.py:161] [basehttp:log_message] [INFO]- "GET /Select_Information/reviewer/review_records/ HTTP/1.1" 200 1678
[2025-03-24 07:11:43,042] [basehttp.py:161] [basehttp:log_message] [INFO]- "GET /Professor_Student_Manage/user-info/?usertype=professor HTTP/1.1" 200 672
[2025-03-24 07:11:43,387] [basehttp.py:161] [basehttp:log_message] [INFO]- "GET /Professor_Student_Manage/departments/reviewers/ HTTP/1.1" 200 1865
[2025-03-24 07:11:43,452] [basehttp.py:161] [basehttp:log_message] [INFO]- "GET /Select_Information/get-select-info/?usertype=professor HTTP/1.1" 200 3908
[2025-03-24 07:11:43,586] [basehttp.py:161] [basehttp:log_message] [INFO]- "GET /Professor_Student_Manage/user-info/?usertype=professor HTTP/1.1" 200 672
[2025-03-24 07:11:43,898] [basehttp.py:161] [basehttp:log_message] [INFO]- "GET /Select_Information/reviewer/review_records/ HTTP/1.1" 200 1678
[2025-03-24 07:11:44,066] [basehttp.py:161] [basehttp:log_message] [INFO]- "GET /Professor_Student_Manage/user-info/?usertype=professor HTTP/1.1" 200 672
[2025-03-24 07:11:44,403] [basehttp.py:161] [basehttp:log_message] [INFO]- "GET /Professor_Student_Manage/departments/reviewers/ HTTP/1.1" 200 1865
[2025-03-24 07:11:44,472] [basehttp.py:161] [basehttp:log_message] [INFO]- "GET /Select_Information/get-select-info/?usertype=professor HTTP/1.1" 200 3908
[2025-03-24 07:11:47,091] [log.py:224] [log:log_response] [WARNING]- Bad Request: /Select_Information/submit-pdf-review/
[2025-03-24 07:11:47,092] [basehttp.py:161] [basehttp:log_message] [WARNING]- "POST /Select_Information/submit-pdf-review/ HTTP/1.1" 400 59
[2025-03-24 07:11:53,693] [basehttp.py:161] [basehttp:log_message] [INFO]- "GET /Professor_Student_Manage/user-info/?usertype=professor HTTP/1.1" 200 672
[2025-03-24 07:11:53,955] [basehttp.py:161] [basehttp:log_message] [INFO]- "GET /Select_Information/reviewer/review_records/ HTTP/1.1" 200 1678
[2025-03-24 07:12:27,293] [basehttp.py:161] [basehttp:log_message] [INFO]- "GET /Professor_Student_Manage/user-info/?usertype=professor HTTP/1.1" 200 672
[2025-03-24 07:12:27,566] [basehttp.py:161] [basehttp:log_message] [INFO]- "GET /Professor_Student_Manage/departments/reviewers/ HTTP/1.1" 200 1865
[2025-03-24 07:12:27,627] [basehttp.py:161] [basehttp:log_message] [INFO]- "GET /Select_Information/get-select-info/?usertype=professor HTTP/1.1" 200 3908
[2025-03-24 07:17:34,043] [basehttp.py:161] [basehttp:log_message] [INFO]- "GET /Professor_Student_Manage/user-info/?usertype=professor HTTP/1.1" 200 672
[2025-03-24 07:17:34,280] [basehttp.py:161] [basehttp:log_message] [INFO]- "GET /Select_Information/reviewer/review_records/ HTTP/1.1" 200 1678
[2025-03-24 07:17:34,595] [basehttp.py:161] [basehttp:log_message] [INFO]- "GET /Professor_Student_Manage/user-info/?usertype=professor HTTP/1.1" 200 672
[2025-03-24 07:17:34,915] [basehttp.py:161] [basehttp:log_message] [INFO]- "GET /Professor_Student_Manage/departments/reviewers/ HTTP/1.1" 200 1865
[2025-03-24 07:17:34,945] [basehttp.py:161] [basehttp:log_message] [INFO]- "GET /Select_Information/get-select-info/?usertype=professor HTTP/1.1" 200 3908
[2025-03-24 07:17:36,814] [basehttp.py:161] [basehttp:log_message] [INFO]- "GET /Professor_Student_Manage/user-info/?usertype=professor HTTP/1.1" 200 672
[2025-03-24 07:17:37,163] [basehttp.py:161] [basehttp:log_message] [INFO]- "GET /Select_Information/reviewer/review_records/ HTTP/1.1" 200 1678
[2025-03-24 07:18:08,914] [autoreload.py:637] [autoreload:run_with_reloader] [INFO]- Watching for file changes with StatReloader
[2025-03-24 07:26:27,040] [autoreload.py:637] [autoreload:run_with_reloader] [INFO]- Watching for file changes with StatReloader
[2025-03-24 07:34:50,298] [autoreload.py:637] [autoreload:run_with_reloader] [INFO]- Watching for file changes with StatReloader
[2025-03-24 07:36:04,402] [basehttp.py:161] [basehttp:log_message] [INFO]- "GET /admin/Professor_Student_Manage/wechataccount/ HTTP/1.1" 200 10359
[2025-03-24 07:36:04,654] [basehttp.py:161] [basehttp:log_message] [INFO]- "GET /admin/jsi18n/ HTTP/1.1" 200 8398
[2025-03-24 07:38:03,204] [basehttp.py:161] [basehttp:log_message] [INFO]- "POST /userlogin/ HTTP/1.1" 200 1162
[2025-03-24 07:38:03,711] [basehttp.py:161] [basehttp:log_message] [INFO]- "GET /Professor_Student_Manage/user-info/?usertype=student HTTP/1.1" 200 1076
[2025-03-24 07:38:04,080] [basehttp.py:161] [basehttp:log_message] [INFO]- "GET /Professor_Student_Manage/user-info/?usertype=student HTTP/1.1" 200 1076
[2025-03-24 07:38:06,608] [basehttp.py:161] [basehttp:log_message] [INFO]- "POST /Professor_Student_Manage/user-logout/ HTTP/1.1" 200 50
[2025-03-24 07:38:26,446] [basehttp.py:161] [basehttp:log_message] [INFO]- "POST /userlogin/ HTTP/1.1" 200 761
[2025-03-24 07:38:26,982] [basehttp.py:161] [basehttp:log_message] [INFO]- "GET /Professor_Student_Manage/user-info/?usertype=professor HTTP/1.1" 200 675
[2025-03-24 07:38:27,360] [basehttp.py:161] [basehttp:log_message] [INFO]- "GET /Select_Information/reviewer/review_records/ HTTP/1.1" 200 1687
[2025-03-24 07:38:27,424] [basehttp.py:161] [basehttp:log_message] [INFO]- "GET /Professor_Student_Manage/user-info/?usertype=professor HTTP/1.1" 200 675
[2025-03-24 07:38:29,415] [basehttp.py:161] [basehttp:log_message] [INFO]- "POST /Professor_Student_Manage/user-logout/ HTTP/1.1" 200 50
[2025-03-24 07:38:35,799] [basehttp.py:161] [basehttp:log_message] [INFO]- "POST /userlogin/ HTTP/1.1" 200 1162
[2025-03-24 07:38:36,265] [basehttp.py:161] [basehttp:log_message] [INFO]- "GET /Professor_Student_Manage/user-info/?usertype=student HTTP/1.1" 200 1076
[2025-03-24 07:38:36,620] [basehttp.py:161] [basehttp:log_message] [INFO]- "GET /Professor_Student_Manage/user-info/?usertype=student HTTP/1.1" 200 1076
[2025-03-24 07:38:41,004] [basehttp.py:161] [basehttp:log_message] [INFO]- "POST /Professor_Student_Manage/user-logout/ HTTP/1.1" 200 50
[2025-03-24 07:38:52,551] [basehttp.py:161] [basehttp:log_message] [INFO]- "GET /admin/Professor_Student_Manage/wechataccount/ HTTP/1.1" 200 8714
[2025-03-24 07:38:52,865] [basehttp.py:161] [basehttp:log_message] [INFO]- "GET /admin/jsi18n/ HTTP/1.1" 200 8398
[2025-03-24 07:38:54,643] [basehttp.py:161] [basehttp:log_message] [INFO]- "GET /admin/Professor_Student_Manage/wechataccount/ HTTP/1.1" 200 8714
[2025-03-24 07:38:54,984] [basehttp.py:161] [basehttp:log_message] [INFO]- "GET /admin/jsi18n/ HTTP/1.1" 200 8398
[2025-03-24 07:39:13,582] [basehttp.py:161] [basehttp:log_message] [INFO]- "POST /userlogin/ HTTP/1.1" 200 761
[2025-03-24 07:39:14,130] [basehttp.py:161] [basehttp:log_message] [INFO]- "GET /Professor_Student_Manage/user-info/?usertype=professor HTTP/1.1" 200 675
[2025-03-24 07:39:14,458] [basehttp.py:161] [basehttp:log_message] [INFO]- "GET /Select_Information/reviewer/review_records/ HTTP/1.1" 200 1687
[2025-03-24 07:39:14,576] [basehttp.py:161] [basehttp:log_message] [INFO]- "GET /Professor_Student_Manage/user-info/?usertype=professor HTTP/1.1" 200 675
[2025-03-24 07:39:58,393] [basehttp.py:161] [basehttp:log_message] [INFO]- "GET /Professor_Student_Manage/user-info/?usertype=professor HTTP/1.1" 200 675
[2025-03-24 07:39:58,716] [basehttp.py:161] [basehttp:log_message] [INFO]- "GET /Professor_Student_Manage/departments/reviewers/ HTTP/1.1" 200 1868
[2025-03-24 07:39:58,785] [basehttp.py:161] [basehttp:log_message] [INFO]- "GET /Select_Information/get-select-info/?usertype=professor HTTP/1.1" 200 3917
[2025-03-24 07:39:58,850] [basehttp.py:161] [basehttp:log_message] [INFO]- "GET /Professor_Student_Manage/user-info/?usertype=professor HTTP/1.1" 200 675
[2025-03-24 07:39:59,278] [basehttp.py:161] [basehttp:log_message] [INFO]- "GET /Select_Information/get-select-time/ HTTP/1.1" 200 91
[2025-03-24 07:39:59,377] [basehttp.py:161] [basehttp:log_message] [INFO]- "GET /Professor_Student_Manage/departments/reviewers/ HTTP/1.1" 200 1868
[2025-03-24 07:39:59,557] [basehttp.py:161] [basehttp:log_message] [INFO]- "GET /Select_Information/get-select-time/ HTTP/1.1" 200 91
[2025-03-24 07:39:59,589] [basehttp.py:161] [basehttp:log_message] [INFO]- "GET /Select_Information/get-select-info/?usertype=professor HTTP/1.1" 200 3917
[2025-03-24 07:40:00,411] [basehttp.py:161] [basehttp:log_message] [INFO]- "GET /Professor_Student_Manage/user-info/?usertype=professor HTTP/1.1" 200 675
[2025-03-24 07:40:00,713] [basehttp.py:161] [basehttp:log_message] [INFO]- "GET /Professor_Student_Manage/departments/reviewers/ HTTP/1.1" 200 1868
[2025-03-24 07:40:00,820] [basehttp.py:161] [basehttp:log_message] [INFO]- "GET /Select_Information/get-select-info/?usertype=professor HTTP/1.1" 200 3917
[2025-03-24 07:40:07,141] [basehttp.py:161] [basehttp:log_message] [INFO]- "GET /Professor_Student_Manage/student-resumeinfo/?student_id=284 HTTP/1.1" 200 433
[2025-03-24 07:40:08,964] [basehttp.py:161] [basehttp:log_message] [INFO]- "GET /Professor_Student_Manage/user-info/?usertype=professor HTTP/1.1" 200 675
[2025-03-24 07:40:09,321] [basehttp.py:161] [basehttp:log_message] [INFO]- "GET /Professor_Student_Manage/departments/reviewers/ HTTP/1.1" 200 1868
[2025-03-24 07:40:09,353] [basehttp.py:161] [basehttp:log_message] [INFO]- "GET /Select_Information/get-select-info/?usertype=professor HTTP/1.1" 200 3917
[2025-03-24 07:40:10,718] [log.py:224] [log:log_response] [WARNING]- Bad Request: /Select_Information/submit-pdf-review/
[2025-03-24 07:40:10,719] [basehttp.py:161] [basehttp:log_message] [WARNING]- "POST /Select_Information/submit-pdf-review/ HTTP/1.1" 400 59
[2025-03-24 07:40:11,300] [basehttp.py:161] [basehttp:log_message] [INFO]- "GET /Professor_Student_Manage/professors_and_departments/ HTTP/1.1" 200 87668
[2025-03-24 07:40:17,472] [basehttp.py:161] [basehttp:log_message] [INFO]- "GET /Professor_Student_Manage/user-info/?usertype=professor HTTP/1.1" 200 675
[2025-03-24 07:40:17,807] [basehttp.py:161] [basehttp:log_message] [INFO]- "GET /Select_Information/reviewer/review_records/ HTTP/1.1" 200 1687
[2025-03-24 07:40:22,878] [basehttp.py:161] [basehttp:log_message] [INFO]- "GET /Professor_Student_Manage/professors_and_departments/ HTTP/1.1" 200 87668
[2025-03-24 07:40:24,092] [basehttp.py:161] [basehttp:log_message] [INFO]- "GET /Professor_Student_Manage/user-info/?usertype=professor HTTP/1.1" 200 675
[2025-03-24 07:40:24,375] [basehttp.py:161] [basehttp:log_message] [INFO]- "GET /Select_Information/get-select-info/?usertype=professor HTTP/1.1" 200 3917
[2025-03-24 07:40:24,411] [basehttp.py:161] [basehttp:log_message] [INFO]- "GET /Professor_Student_Manage/departments/reviewers/ HTTP/1.1" 200 1868
[2025-03-24 07:40:45,675] [basehttp.py:161] [basehttp:log_message] [INFO]- "GET /Professor_Student_Manage/user-info/?usertype=professor HTTP/1.1" 200 675
[2025-03-24 07:40:45,690] [basehttp.py:161] [basehttp:log_message] [INFO]- "GET /Select_Information/get-select-time/ HTTP/1.1" 200 91
[2025-03-24 07:40:45,935] [basehttp.py:161] [basehttp:log_message] [INFO]- "GET /Select_Information/get-select-time/ HTTP/1.1" 200 91
[2025-03-24 07:40:46,032] [basehttp.py:161] [basehttp:log_message] [INFO]- "GET /Professor_Student_Manage/departments/reviewers/ HTTP/1.1" 200 1868
[2025-03-24 07:40:46,128] [basehttp.py:161] [basehttp:log_message] [INFO]- "GET /Professor_Student_Manage/user-info/?usertype=professor HTTP/1.1" 200 675
[2025-03-24 07:40:46,136] [basehttp.py:161] [basehttp:log_message] [INFO]- "GET /Select_Information/reviewer/review_records/ HTTP/1.1" 200 1687
[2025-03-24 07:40:46,296] [basehttp.py:161] [basehttp:log_message] [INFO]- "GET /Select_Information/get-select-info/?usertype=professor HTTP/1.1" 200 3917
[2025-03-24 07:40:46,548] [basehttp.py:161] [basehttp:log_message] [INFO]- "GET /Professor_Student_Manage/user-info/?usertype=professor HTTP/1.1" 200 675
[2025-03-24 07:40:46,714] [basehttp.py:161] [basehttp:log_message] [INFO]- "GET /Professor_Student_Manage/departments/reviewers/ HTTP/1.1" 200 1868
[2025-03-24 07:40:47,128] [basehttp.py:161] [basehttp:log_message] [INFO]- "GET /Select_Information/get-select-info/?usertype=professor HTTP/1.1" 200 3917
[2025-03-24 07:40:58,114] [basehttp.py:161] [basehttp:log_message] [INFO]- "GET /Professor_Student_Manage/professors_and_departments/ HTTP/1.1" 200 87668
[2025-03-24 07:40:58,184] [basehttp.py:161] [basehttp:log_message] [INFO]- "GET /Professor_Student_Manage/professors_and_departments/ HTTP/1.1" 200 87668
[2025-03-24 07:53:37,870] [autoreload.py:637] [autoreload:run_with_reloader] [INFO]- Watching for file changes with StatReloader
[2025-03-24 07:53:41,147] [autoreload.py:637] [autoreload:run_with_reloader] [INFO]- Watching for file changes with StatReloader
[2025-03-24 08:13:32,471] [autoreload.py:637] [autoreload:run_with_reloader] [INFO]- Watching for file changes with StatReloader
[2025-03-24 08:13:44,558] [autoreload.py:637] [autoreload:run_with_reloader] [INFO]- Watching for file changes with StatReloader
[2025-03-24 08:17:30,293] [autoreload.py:637] [autoreload:run_with_reloader] [INFO]- Watching for file changes with StatReloader
[2025-03-24 08:17:31,687] [autoreload.py:637] [autoreload:run_with_reloader] [INFO]- Watching for file changes with StatReloader
[2025-03-24 08:26:59,131] [autoreload.py:637] [autoreload:run_with_reloader] [INFO]- Watching for file changes with StatReloader
[2025-03-24 08:27:37,204] [basehttp.py:161] [basehttp:log_message] [INFO]- "POST /Professor_Student_Manage/user-login/ HTTP/1.1" 200 36
[2025-03-24 08:27:37,766] [basehttp.py:161] [basehttp:log_message] [INFO]- "GET /Professor_Student_Manage/user-info/?usertype=professor HTTP/1.1" 200 728
[2025-03-24 08:27:38,259] [basehttp.py:161] [basehttp:log_message] [INFO]- "GET /Professor_Student_Manage/user-info/?usertype=professor HTTP/1.1" 200 728
[2025-03-24 08:27:38,912] [basehttp.py:161] [basehttp:log_message] [INFO]- "GET /Professor_Student_Manage/user-info/?usertype=professor HTTP/1.1" 200 728
[2025-03-24 08:27:38,989] [basehttp.py:161] [basehttp:log_message] [INFO]- "GET /Select_Information/reviewer/review_records/ HTTP/1.1" 200 4502
[2025-03-24 08:27:39,189] [basehttp.py:161] [basehttp:log_message] [INFO]- "GET /Professor_Student_Manage/departments/reviewers/ HTTP/1.1" 200 1921
[2025-03-24 08:27:39,390] [basehttp.py:161] [basehttp:log_message] [INFO]- "GET /Professor_Student_Manage/user-info/?usertype=professor HTTP/1.1" 200 728
[2025-03-24 08:27:39,430] [basehttp.py:161] [basehttp:log_message] [INFO]- "GET /Select_Information/get-select-info/?usertype=professor HTTP/1.1" 200 4888
[2025-03-24 08:27:40,001] [basehttp.py:161] [basehttp:log_message] [INFO]- "GET /Professor_Student_Manage/departments/reviewers/ HTTP/1.1" 200 1921
[2025-03-24 08:27:40,442] [basehttp.py:161] [basehttp:log_message] [INFO]- "GET /Select_Information/get-select-info/?usertype=professor HTTP/1.1" 200 4888
[2025-03-24 08:27:55,932] [autoreload.py:251] [autoreload:trigger_reload] [INFO]- /app/Select_Information/views.py changed, reloading.
[2025-03-24 08:27:56,430] [autoreload.py:637] [autoreload:run_with_reloader] [INFO]- Watching for file changes with StatReloader
[2025-03-24 08:28:01,809] [log.py:224] [log:log_response] [ERROR]- Internal Server Error: /Select_Information/submit-pdf-review/
[2025-03-24 08:28:01,816] [basehttp.py:161] [basehttp:log_message] [ERROR]- "POST /Select_Information/submit-pdf-review/ HTTP/1.1" 500 75
[2025-03-24 08:28:33,401] [basehttp.py:161] [basehttp:log_message] [INFO]- "GET /Professor_Student_Manage/user-info/?usertype=professor HTTP/1.1" 200 734
[2025-03-24 08:28:34,709] [basehttp.py:161] [basehttp:log_message] [INFO]- "GET /Select_Information/reviewer/review_records/ HTTP/1.1" 200 5036
[2025-03-24 08:28:37,990] [basehttp.py:161] [basehttp:log_message] [INFO]- "POST /Select_Information/reviewer/review_record/47/ HTTP/1.1" 200 26
[2025-03-24 08:28:39,709] [basehttp.py:161] [basehttp:log_message] [INFO]- "GET /Select_Information/reviewer/review_records/ HTTP/1.1" 200 5065
[2025-03-24 08:29:19,820] [autoreload.py:637] [autoreload:run_with_reloader] [INFO]- Watching for file changes with StatReloader
[2025-03-24 08:29:22,272] [basehttp.py:161] [basehttp:log_message] [INFO]- "GET /Professor_Student_Manage/user-info/?usertype=professor HTTP/1.1" 200 734
[2025-03-24 08:29:22,581] [basehttp.py:161] [basehttp:log_message] [INFO]- "GET /Professor_Student_Manage/departments/reviewers/ HTTP/1.1" 200 1927
[2025-03-24 08:29:22,845] [basehttp.py:161] [basehttp:log_message] [INFO]- "GET /Select_Information/get-select-info/?usertype=professor HTTP/1.1" 200 4888
[2025-03-24 08:29:24,833] [log.py:224] [log:log_response] [ERROR]- Internal Server Error: /Select_Information/submit-pdf-review/
[2025-03-24 08:29:24,834] [basehttp.py:161] [basehttp:log_message] [ERROR]- "POST /Select_Information/submit-pdf-review/ HTTP/1.1" 500 75
[2025-03-24 08:30:11,933] [autoreload.py:637] [autoreload:run_with_reloader] [INFO]- Watching for file changes with StatReloader
[2025-03-24 08:30:31,135] [autoreload.py:637] [autoreload:run_with_reloader] [INFO]- Watching for file changes with StatReloader
[2025-03-24 08:30:34,173] [autoreload.py:637] [autoreload:run_with_reloader] [INFO]- Watching for file changes with StatReloader
[2025-03-24 08:30:37,329] [basehttp.py:161] [basehttp:log_message] [INFO]- "GET /Professor_Student_Manage/user-info/?usertype=professor HTTP/1.1" 200 740
[2025-03-24 08:30:38,720] [basehttp.py:161] [basehttp:log_message] [INFO]- "GET /Select_Information/reviewer/review_records/ HTTP/1.1" 200 5599
[2025-03-24 08:30:42,444] [basehttp.py:161] [basehttp:log_message] [INFO]- "POST /Select_Information/reviewer/review_record/48/ HTTP/1.1" 200 26
[2025-03-24 08:30:44,372] [basehttp.py:161] [basehttp:log_message] [INFO]- "GET /Select_Information/reviewer/review_records/ HTTP/1.1" 200 5628
[2025-03-24 08:30:45,729] [basehttp.py:161] [basehttp:log_message] [INFO]- "GET /Professor_Student_Manage/user-info/?usertype=professor HTTP/1.1" 200 740
[2025-03-24 08:30:46,017] [basehttp.py:161] [basehttp:log_message] [INFO]- "GET /Professor_Student_Manage/departments/reviewers/ HTTP/1.1" 200 1933
[2025-03-24 08:30:46,257] [basehttp.py:161] [basehttp:log_message] [INFO]- "GET /Select_Information/get-select-info/?usertype=professor HTTP/1.1" 200 4888
[2025-03-24 08:30:48,447] [basehttp.py:161] [basehttp:log_message] [INFO]- "GET /Professor_Student_Manage/user-info/?usertype=professor HTTP/1.1" 200 740
[2025-03-24 08:30:49,815] [basehttp.py:161] [basehttp:log_message] [INFO]- "GET /Select_Information/reviewer/review_records/ HTTP/1.1" 200 5628
[2025-03-24 08:31:07,932] [basehttp.py:161] [basehttp:log_message] [INFO]- "GET /Professor_Student_Manage/user-info/?usertype=professor HTTP/1.1" 200 740
[2025-03-24 08:31:08,335] [basehttp.py:161] [basehttp:log_message] [INFO]- "GET /Professor_Student_Manage/departments/reviewers/ HTTP/1.1" 200 1933
[2025-03-24 08:31:08,466] [basehttp.py:161] [basehttp:log_message] [INFO]- "GET /Select_Information/get-select-info/?usertype=professor HTTP/1.1" 200 4888
[2025-03-24 08:31:10,561] [basehttp.py:161] [basehttp:log_message] [INFO]- "POST /Select_Information/submit-pdf-review/ HTTP/1.1" 200 50
[2025-03-24 08:31:34,224] [autoreload.py:637] [autoreload:run_with_reloader] [INFO]- Watching for file changes with StatReloader
[2025-03-24 08:37:43,807] [basehttp.py:161] [basehttp:log_message] [INFO]- "GET /Professor_Student_Manage/user-info/?usertype=professor HTTP/1.1" 200 746
[2025-03-24 08:37:45,297] [basehttp.py:161] [basehttp:log_message] [INFO]- "GET /Select_Information/reviewer/review_records/ HTTP/1.1" 200 6162
[2025-03-24 08:37:46,612] [basehttp.py:161] [basehttp:log_message] [INFO]- "GET /Professor_Student_Manage/user-info/?usertype=professor HTTP/1.1" 200 746
[2025-03-24 08:37:47,813] [basehttp.py:161] [basehttp:log_message] [INFO]- "POST /Professor_Student_Manage/user-logout/ HTTP/1.1" 200 50
[2025-03-24 08:37:48,089] [basehttp.py:161] [basehttp:log_message] [INFO]- "GET /Select_Information/reviewer/review_records/ HTTP/1.1" 200 6162
[2025-03-24 08:39:25,926] [log.py:224] [log:log_response] [ERROR]- Internal Server Error: /userlogin/
Traceback (most recent call last):
  File "/root/.local/lib/python3.8/site-packages/django/db/models/query.py", line 581, in get_or_create
    return self.get(**kwargs), False
  File "/root/.local/lib/python3.8/site-packages/django/db/models/query.py", line 435, in get
    raise self.model.DoesNotExist(
Professor_Student_Manage.models.WeChatAccount.DoesNotExist: WeChatAccount matching query does not exist.

During handling of the above exception, another exception occurred:

Traceback (most recent call last):
  File "/root/.local/lib/python3.8/site-packages/django/db/backends/utils.py", line 84, in _execute
    return self.cursor.execute(sql, params)
  File "/root/.local/lib/python3.8/site-packages/django/db/backends/mysql/base.py", line 73, in execute
    return self.cursor.execute(query, args)
  File "/root/.local/lib/python3.8/site-packages/pymysql/cursors.py", line 148, in execute
    result = self._query(query)
  File "/root/.local/lib/python3.8/site-packages/pymysql/cursors.py", line 310, in _query
    conn.query(q)
  File "/root/.local/lib/python3.8/site-packages/pymysql/connections.py", line 548, in query
    self._affected_rows = self._read_query_result(unbuffered=unbuffered)
  File "/root/.local/lib/python3.8/site-packages/pymysql/connections.py", line 775, in _read_query_result
    result.read()
  File "/root/.local/lib/python3.8/site-packages/pymysql/connections.py", line 1156, in read
    first_packet = self.connection._read_packet()
  File "/root/.local/lib/python3.8/site-packages/pymysql/connections.py", line 725, in _read_packet
    packet.raise_for_error()
  File "/root/.local/lib/python3.8/site-packages/pymysql/protocol.py", line 221, in raise_for_error
    err.raise_mysql_exception(self._data)
  File "/root/.local/lib/python3.8/site-packages/pymysql/err.py", line 143, in raise_mysql_exception
    raise errorclass(errno, errval)
pymysql.err.IntegrityError: (1062, "Duplicate entry '438' for key 'user_id'")

The above exception was the direct cause of the following exception:

Traceback (most recent call last):
  File "/root/.local/lib/python3.8/site-packages/django/core/handlers/exception.py", line 47, in inner
    response = get_response(request)
  File "/root/.local/lib/python3.8/site-packages/django/core/handlers/base.py", line 181, in _get_response
    response = wrapped_callback(request, *callback_args, **callback_kwargs)
  File "/root/.local/lib/python3.8/site-packages/django/views/decorators/csrf.py", line 54, in wrapped_view
    return view_func(*args, **kwargs)
  File "/root/.local/lib/python3.8/site-packages/django/views/generic/base.py", line 70, in view
    return self.dispatch(request, *args, **kwargs)
  File "/root/.local/lib/python3.8/site-packages/rest_framework/views.py", line 509, in dispatch
    response = self.handle_exception(exc)
  File "/root/.local/lib/python3.8/site-packages/rest_framework/views.py", line 469, in handle_exception
    self.raise_uncaught_exception(exc)
  File "/root/.local/lib/python3.8/site-packages/rest_framework/views.py", line 480, in raise_uncaught_exception
    raise exc
  File "/root/.local/lib/python3.8/site-packages/rest_framework/views.py", line 506, in dispatch
    response = handler(request, *args, **kwargs)
  File "/app/Professor_Student_Manage/views.py", line 138, in post
    wechat_account, created = WeChatAccount.objects.get_or_create(
  File "/root/.local/lib/python3.8/site-packages/django/db/models/manager.py", line 85, in manager_method
    return getattr(self.get_queryset(), name)(*args, **kwargs)
  File "/root/.local/lib/python3.8/site-packages/django/db/models/query.py", line 588, in get_or_create
    return self.create(**params), True
  File "/root/.local/lib/python3.8/site-packages/django/db/models/query.py", line 453, in create
    obj.save(force_insert=True, using=self.db)
  File "/root/.local/lib/python3.8/site-packages/django/db/models/base.py", line 726, in save
    self.save_base(using=using, force_insert=force_insert,
  File "/root/.local/lib/python3.8/site-packages/django/db/models/base.py", line 763, in save_base
    updated = self._save_table(
  File "/root/.local/lib/python3.8/site-packages/django/db/models/base.py", line 868, in _save_table
    results = self._do_insert(cls._base_manager, using, fields, returning_fields, raw)
  File "/root/.local/lib/python3.8/site-packages/django/db/models/base.py", line 906, in _do_insert
    return manager._insert(
  File "/root/.local/lib/python3.8/site-packages/django/db/models/manager.py", line 85, in manager_method
    return getattr(self.get_queryset(), name)(*args, **kwargs)
  File "/root/.local/lib/python3.8/site-packages/django/db/models/query.py", line 1270, in _insert
    return query.get_compiler(using=using).execute_sql(returning_fields)
  File "/root/.local/lib/python3.8/site-packages/django/db/models/sql/compiler.py", line 1416, in execute_sql
    cursor.execute(sql, params)
  File "/root/.local/lib/python3.8/site-packages/django/db/backends/utils.py", line 98, in execute
    return super().execute(sql, params)
  File "/root/.local/lib/python3.8/site-packages/django/db/backends/utils.py", line 66, in execute
    return self._execute_with_wrappers(sql, params, many=False, executor=self._execute)
  File "/root/.local/lib/python3.8/site-packages/django/db/backends/utils.py", line 75, in _execute_with_wrappers
    return executor(sql, params, many, context)
  File "/root/.local/lib/python3.8/site-packages/django/db/backends/utils.py", line 84, in _execute
    return self.cursor.execute(sql, params)
  File "/root/.local/lib/python3.8/site-packages/django/db/utils.py", line 90, in __exit__
    raise dj_exc_value.with_traceback(traceback) from exc_value
  File "/root/.local/lib/python3.8/site-packages/django/db/backends/utils.py", line 84, in _execute
    return self.cursor.execute(sql, params)
  File "/root/.local/lib/python3.8/site-packages/django/db/backends/mysql/base.py", line 73, in execute
    return self.cursor.execute(query, args)
  File "/root/.local/lib/python3.8/site-packages/pymysql/cursors.py", line 148, in execute
    result = self._query(query)
  File "/root/.local/lib/python3.8/site-packages/pymysql/cursors.py", line 310, in _query
    conn.query(q)
  File "/root/.local/lib/python3.8/site-packages/pymysql/connections.py", line 548, in query
    self._affected_rows = self._read_query_result(unbuffered=unbuffered)
  File "/root/.local/lib/python3.8/site-packages/pymysql/connections.py", line 775, in _read_query_result
    result.read()
  File "/root/.local/lib/python3.8/site-packages/pymysql/connections.py", line 1156, in read
    first_packet = self.connection._read_packet()
  File "/root/.local/lib/python3.8/site-packages/pymysql/connections.py", line 725, in _read_packet
    packet.raise_for_error()
  File "/root/.local/lib/python3.8/site-packages/pymysql/protocol.py", line 221, in raise_for_error
    err.raise_mysql_exception(self._data)
  File "/root/.local/lib/python3.8/site-packages/pymysql/err.py", line 143, in raise_mysql_exception
    raise errorclass(errno, errval)
django.db.utils.IntegrityError: (1062, "Duplicate entry '438' for key 'user_id'")
[2025-03-24 08:39:25,935] [basehttp.py:161] [basehttp:log_message] [ERROR]- "POST /userlogin/ HTTP/1.1" 500 257116
[2025-03-24 08:39:29,919] [log.py:224] [log:log_response] [ERROR]- Internal Server Error: /userlogin/
Traceback (most recent call last):
  File "/root/.local/lib/python3.8/site-packages/django/db/models/query.py", line 581, in get_or_create
    return self.get(**kwargs), False
  File "/root/.local/lib/python3.8/site-packages/django/db/models/query.py", line 435, in get
    raise self.model.DoesNotExist(
Professor_Student_Manage.models.WeChatAccount.DoesNotExist: WeChatAccount matching query does not exist.

During handling of the above exception, another exception occurred:

Traceback (most recent call last):
  File "/root/.local/lib/python3.8/site-packages/django/db/backends/utils.py", line 84, in _execute
    return self.cursor.execute(sql, params)
  File "/root/.local/lib/python3.8/site-packages/django/db/backends/mysql/base.py", line 73, in execute
    return self.cursor.execute(query, args)
  File "/root/.local/lib/python3.8/site-packages/pymysql/cursors.py", line 148, in execute
    result = self._query(query)
  File "/root/.local/lib/python3.8/site-packages/pymysql/cursors.py", line 310, in _query
    conn.query(q)
  File "/root/.local/lib/python3.8/site-packages/pymysql/connections.py", line 548, in query
    self._affected_rows = self._read_query_result(unbuffered=unbuffered)
  File "/root/.local/lib/python3.8/site-packages/pymysql/connections.py", line 775, in _read_query_result
    result.read()
  File "/root/.local/lib/python3.8/site-packages/pymysql/connections.py", line 1156, in read
    first_packet = self.connection._read_packet()
  File "/root/.local/lib/python3.8/site-packages/pymysql/connections.py", line 725, in _read_packet
    packet.raise_for_error()
  File "/root/.local/lib/python3.8/site-packages/pymysql/protocol.py", line 221, in raise_for_error
    err.raise_mysql_exception(self._data)
  File "/root/.local/lib/python3.8/site-packages/pymysql/err.py", line 143, in raise_mysql_exception
    raise errorclass(errno, errval)
pymysql.err.IntegrityError: (1062, "Duplicate entry '438' for key 'user_id'")

The above exception was the direct cause of the following exception:

Traceback (most recent call last):
  File "/root/.local/lib/python3.8/site-packages/django/core/handlers/exception.py", line 47, in inner
    response = get_response(request)
  File "/root/.local/lib/python3.8/site-packages/django/core/handlers/base.py", line 181, in _get_response
    response = wrapped_callback(request, *callback_args, **callback_kwargs)
  File "/root/.local/lib/python3.8/site-packages/django/views/decorators/csrf.py", line 54, in wrapped_view
    return view_func(*args, **kwargs)
  File "/root/.local/lib/python3.8/site-packages/django/views/generic/base.py", line 70, in view
    return self.dispatch(request, *args, **kwargs)
  File "/root/.local/lib/python3.8/site-packages/rest_framework/views.py", line 509, in dispatch
    response = self.handle_exception(exc)
  File "/root/.local/lib/python3.8/site-packages/rest_framework/views.py", line 469, in handle_exception
    self.raise_uncaught_exception(exc)
  File "/root/.local/lib/python3.8/site-packages/rest_framework/views.py", line 480, in raise_uncaught_exception
    raise exc
  File "/root/.local/lib/python3.8/site-packages/rest_framework/views.py", line 506, in dispatch
    response = handler(request, *args, **kwargs)
  File "/app/Professor_Student_Manage/views.py", line 138, in post
    wechat_account, created = WeChatAccount.objects.get_or_create(
  File "/root/.local/lib/python3.8/site-packages/django/db/models/manager.py", line 85, in manager_method
    return getattr(self.get_queryset(), name)(*args, **kwargs)
  File "/root/.local/lib/python3.8/site-packages/django/db/models/query.py", line 588, in get_or_create
    return self.create(**params), True
  File "/root/.local/lib/python3.8/site-packages/django/db/models/query.py", line 453, in create
    obj.save(force_insert=True, using=self.db)
  File "/root/.local/lib/python3.8/site-packages/django/db/models/base.py", line 726, in save
    self.save_base(using=using, force_insert=force_insert,
  File "/root/.local/lib/python3.8/site-packages/django/db/models/base.py", line 763, in save_base
    updated = self._save_table(
  File "/root/.local/lib/python3.8/site-packages/django/db/models/base.py", line 868, in _save_table
    results = self._do_insert(cls._base_manager, using, fields, returning_fields, raw)
  File "/root/.local/lib/python3.8/site-packages/django/db/models/base.py", line 906, in _do_insert
    return manager._insert(
  File "/root/.local/lib/python3.8/site-packages/django/db/models/manager.py", line 85, in manager_method
    return getattr(self.get_queryset(), name)(*args, **kwargs)
  File "/root/.local/lib/python3.8/site-packages/django/db/models/query.py", line 1270, in _insert
    return query.get_compiler(using=using).execute_sql(returning_fields)
  File "/root/.local/lib/python3.8/site-packages/django/db/models/sql/compiler.py", line 1416, in execute_sql
    cursor.execute(sql, params)
  File "/root/.local/lib/python3.8/site-packages/django/db/backends/utils.py", line 98, in execute
    return super().execute(sql, params)
  File "/root/.local/lib/python3.8/site-packages/django/db/backends/utils.py", line 66, in execute
    return self._execute_with_wrappers(sql, params, many=False, executor=self._execute)
  File "/root/.local/lib/python3.8/site-packages/django/db/backends/utils.py", line 75, in _execute_with_wrappers
    return executor(sql, params, many, context)
  File "/root/.local/lib/python3.8/site-packages/django/db/backends/utils.py", line 84, in _execute
    return self.cursor.execute(sql, params)
  File "/root/.local/lib/python3.8/site-packages/django/db/utils.py", line 90, in __exit__
    raise dj_exc_value.with_traceback(traceback) from exc_value
  File "/root/.local/lib/python3.8/site-packages/django/db/backends/utils.py", line 84, in _execute
    return self.cursor.execute(sql, params)
  File "/root/.local/lib/python3.8/site-packages/django/db/backends/mysql/base.py", line 73, in execute
    return self.cursor.execute(query, args)
  File "/root/.local/lib/python3.8/site-packages/pymysql/cursors.py", line 148, in execute
    result = self._query(query)
  File "/root/.local/lib/python3.8/site-packages/pymysql/cursors.py", line 310, in _query
    conn.query(q)
  File "/root/.local/lib/python3.8/site-packages/pymysql/connections.py", line 548, in query
    self._affected_rows = self._read_query_result(unbuffered=unbuffered)
  File "/root/.local/lib/python3.8/site-packages/pymysql/connections.py", line 775, in _read_query_result
    result.read()
  File "/root/.local/lib/python3.8/site-packages/pymysql/connections.py", line 1156, in read
    first_packet = self.connection._read_packet()
  File "/root/.local/lib/python3.8/site-packages/pymysql/connections.py", line 725, in _read_packet
    packet.raise_for_error()
  File "/root/.local/lib/python3.8/site-packages/pymysql/protocol.py", line 221, in raise_for_error
    err.raise_mysql_exception(self._data)
  File "/root/.local/lib/python3.8/site-packages/pymysql/err.py", line 143, in raise_mysql_exception
    raise errorclass(errno, errval)
django.db.utils.IntegrityError: (1062, "Duplicate entry '438' for key 'user_id'")
[2025-03-24 08:39:29,921] [basehttp.py:161] [basehttp:log_message] [ERROR]- "POST /userlogin/ HTTP/1.1" 500 257116
[2025-03-24 08:56:33,136] [autoreload.py:251] [autoreload:trigger_reload] [INFO]- /app/Select_Information/views.py changed, reloading.
[2025-03-24 08:56:33,711] [autoreload.py:637] [autoreload:run_with_reloader] [INFO]- Watching for file changes with StatReloader
[2025-03-24 09:03:17,015] [autoreload.py:637] [autoreload:run_with_reloader] [INFO]- Watching for file changes with StatReloader
[2025-03-24 09:04:21,157] [autoreload.py:637] [autoreload:run_with_reloader] [INFO]- Watching for file changes with StatReloader
[2025-03-24 09:04:25,962] [basehttp.py:161] [basehttp:log_message] [INFO]- "POST /Professor_Student_Manage/user-login/ HTTP/1.1" 200 36
[2025-03-24 09:04:26,550] [basehttp.py:161] [basehttp:log_message] [INFO]- "GET /Professor_Student_Manage/user-info/?usertype=professor HTTP/1.1" 200 782
[2025-03-24 09:04:27,007] [basehttp.py:161] [basehttp:log_message] [INFO]- "GET /Professor_Student_Manage/user-info/?usertype=professor HTTP/1.1" 200 782
[2025-03-24 09:04:28,733] [basehttp.py:161] [basehttp:log_message] [INFO]- "GET /Professor_Student_Manage/user-info/?usertype=professor HTTP/1.1" 200 782
[2025-03-24 09:04:28,942] [basehttp.py:161] [basehttp:log_message] [INFO]- "GET /Select_Information/reviewer/review_records/ HTTP/1.1" 200 9540
[2025-03-24 09:04:29,052] [basehttp.py:161] [basehttp:log_message] [INFO]- "GET /Professor_Student_Manage/departments/reviewers/ HTTP/1.1" 200 1975
[2025-03-24 09:04:29,201] [basehttp.py:161] [basehttp:log_message] [INFO]- "GET /Professor_Student_Manage/user-info/?usertype=professor HTTP/1.1" 200 782
[2025-03-24 09:04:29,220] [basehttp.py:161] [basehttp:log_message] [INFO]- "GET /Select_Information/get-select-info/?usertype=professor HTTP/1.1" 200 4888
[2025-03-24 09:04:29,806] [basehttp.py:161] [basehttp:log_message] [INFO]- "GET /Professor_Student_Manage/departments/reviewers/ HTTP/1.1" 200 1975
[2025-03-24 09:04:29,888] [basehttp.py:161] [basehttp:log_message] [INFO]- "GET /Professor_Student_Manage/user-info/?usertype=professor HTTP/1.1" 200 782
[2025-03-24 09:04:30,223] [basehttp.py:161] [basehttp:log_message] [INFO]- "GET /Select_Information/get-select-info/?usertype=professor HTTP/1.1" 200 4888
[2025-03-24 09:04:31,972] [basehttp.py:161] [basehttp:log_message] [INFO]- "GET /Select_Information/reviewer/review_records/ HTTP/1.1" 200 9540
[2025-03-24 09:04:32,631] [basehttp.py:161] [basehttp:log_message] [INFO]- "POST /Select_Information/reviewer/review_record/55/ HTTP/1.1" 200 26
[2025-03-24 09:04:33,618] [basehttp.py:161] [basehttp:log_message] [INFO]- "GET /Professor_Student_Manage/user-info/?usertype=professor HTTP/1.1" 200 782
[2025-03-24 09:04:33,925] [basehttp.py:161] [basehttp:log_message] [INFO]- "GET /Professor_Student_Manage/departments/reviewers/ HTTP/1.1" 200 1975
[2025-03-24 09:04:34,134] [basehttp.py:161] [basehttp:log_message] [INFO]- "GET /Select_Information/get-select-info/?usertype=professor HTTP/1.1" 200 4888
[2025-03-24 09:04:35,400] [basehttp.py:161] [basehttp:log_message] [INFO]- "GET /Select_Information/reviewer/review_records/ HTTP/1.1" 200 9569
[2025-03-24 09:04:37,793] [basehttp.py:161] [basehttp:log_message] [INFO]- "POST /Select_Information/submit-pdf-review/ HTTP/1.1" 200 50
[2025-03-24 09:05:14,137] [autoreload.py:637] [autoreload:run_with_reloader] [INFO]- Watching for file changes with StatReloader
[2025-03-24 09:05:16,117] [basehttp.py:161] [basehttp:log_message] [INFO]- "GET /Professor_Student_Manage/user-info/?usertype=professor HTTP/1.1" 200 788
[2025-03-24 09:05:18,415] [basehttp.py:161] [basehttp:log_message] [INFO]- "GET /Select_Information/reviewer/review_records/ HTTP/1.1" 200 10103
[2025-03-24 09:05:21,980] [basehttp.py:161] [basehttp:log_message] [INFO]- "POST /Select_Information/reviewer/review_record/56/ HTTP/1.1" 200 26
[2025-03-24 09:05:22,868] [basehttp.py:161] [basehttp:log_message] [INFO]- "GET /Professor_Student_Manage/user-info/?usertype=professor HTTP/1.1" 200 788
[2025-03-24 09:05:23,193] [basehttp.py:161] [basehttp:log_message] [INFO]- "GET /Professor_Student_Manage/departments/reviewers/ HTTP/1.1" 200 1981
[2025-03-24 09:05:23,372] [basehttp.py:161] [basehttp:log_message] [INFO]- "GET /Select_Information/get-select-info/?usertype=professor HTTP/1.1" 200 4888
[2025-03-24 09:05:24,987] [basehttp.py:161] [basehttp:log_message] [INFO]- "GET /Select_Information/reviewer/review_records/ HTTP/1.1" 200 10132
[2025-03-24 09:05:25,633] [basehttp.py:161] [basehttp:log_message] [INFO]- "POST /Select_Information/submit-pdf-review/ HTTP/1.1" 200 50
[2025-03-24 09:05:37,324] [autoreload.py:637] [autoreload:run_with_reloader] [INFO]- Watching for file changes with StatReloader
[2025-03-24 09:06:41,418] [autoreload.py:637] [autoreload:run_with_reloader] [INFO]- Watching for file changes with StatReloader
[2025-03-24 09:06:42,842] [basehttp.py:161] [basehttp:log_message] [INFO]- "GET /Professor_Student_Manage/user-info/?usertype=professor HTTP/1.1" 200 794
[2025-03-24 09:06:45,515] [basehttp.py:161] [basehttp:log_message] [INFO]- "GET /Select_Information/reviewer/review_records/ HTTP/1.1" 200 10666
[2025-03-24 09:06:48,709] [basehttp.py:161] [basehttp:log_message] [INFO]- "POST /Select_Information/reviewer/review_record/57/ HTTP/1.1" 200 26
[2025-03-24 09:06:49,843] [basehttp.py:161] [basehttp:log_message] [INFO]- "GET /Professor_Student_Manage/user-info/?usertype=professor HTTP/1.1" 200 794
[2025-03-24 09:06:50,108] [basehttp.py:161] [basehttp:log_message] [INFO]- "GET /Professor_Student_Manage/departments/reviewers/ HTTP/1.1" 200 1987
[2025-03-24 09:06:50,232] [basehttp.py:161] [basehttp:log_message] [INFO]- "GET /Select_Information/get-select-info/?usertype=professor HTTP/1.1" 200 4888
[2025-03-24 09:06:51,899] [basehttp.py:161] [basehttp:log_message] [INFO]- "GET /Select_Information/reviewer/review_records/ HTTP/1.1" 200 10695
[2025-03-24 09:06:52,462] [basehttp.py:161] [basehttp:log_message] [INFO]- "POST /Select_Information/submit-pdf-review/ HTTP/1.1" 200 50
[2025-03-24 09:07:51,184] [autoreload.py:637] [autoreload:run_with_reloader] [INFO]- Watching for file changes with StatReloader
[2025-03-24 09:18:09,914] [autoreload.py:637] [autoreload:run_with_reloader] [INFO]- Watching for file changes with StatReloader
[2025-03-24 09:18:13,807] [autoreload.py:637] [autoreload:run_with_reloader] [INFO]- Watching for file changes with StatReloader
[2025-03-24 09:22:04,180] [basehttp.py:161] [basehttp:log_message] [INFO]- "GET /Professor_Student_Manage/user-info/?usertype=professor HTTP/1.1" 200 800
[2025-03-24 09:22:06,774] [basehttp.py:161] [basehttp:log_message] [INFO]- "GET /Select_Information/reviewer/review_records/ HTTP/1.1" 200 11229
[2025-03-24 09:22:07,252] [basehttp.py:161] [basehttp:log_message] [INFO]- "POST /Professor_Student_Manage/user-logout/ HTTP/1.1" 200 50
[2025-03-24 09:26:25,033] [basehttp.py:161] [basehttp:log_message] [INFO]- "POST /userlogin/ HTTP/1.1" 200 748
[2025-03-24 09:26:25,557] [basehttp.py:161] [basehttp:log_message] [INFO]- "GET /Professor_Student_Manage/user-info/?usertype=student HTTP/1.1" 200 662
[2025-03-24 09:26:25,905] [basehttp.py:161] [basehttp:log_message] [INFO]- "GET /Professor_Student_Manage/user-info/?usertype=student HTTP/1.1" 200 662
[2025-03-24 09:26:28,558] [basehttp.py:161] [basehttp:log_message] [INFO]- "GET /Select_Information/get-select-info/?usertype=student HTTP/1.1" 200 22
[2025-03-24 09:26:28,602] [basehttp.py:161] [basehttp:log_message] [INFO]- "GET /Professor_Student_Manage/user-info/?usertype=student HTTP/1.1" 200 662
[2025-03-24 09:26:28,866] [basehttp.py:161] [basehttp:log_message] [INFO]- "GET /Select_Information/get-select-info/?usertype=student HTTP/1.1" 200 22
[2025-03-24 09:26:28,940] [basehttp.py:161] [basehttp:log_message] [INFO]- "GET /Professor_Student_Manage/user-info/?usertype=student HTTP/1.1" 200 662
[2025-03-24 09:26:29,153] [basehttp.py:161] [basehttp:log_message] [INFO]- "GET /Select_Information/get-select-time/ HTTP/1.1" 200 91
[2025-03-24 09:26:29,412] [basehttp.py:161] [basehttp:log_message] [INFO]- "GET /Select_Information/get-select-time/ HTTP/1.1" 200 91
[2025-03-24 09:26:37,301] [basehttp.py:161] [basehttp:log_message] [INFO]- "GET /Professor_Student_Manage/user-info/?usertype=student HTTP/1.1" 200 662
[2025-03-24 09:26:37,403] [basehttp.py:161] [basehttp:log_message] [INFO]- "GET /Select_Information/get-select-info/?usertype=student HTTP/1.1" 200 22
[2025-03-24 09:26:37,420] [basehttp.py:161] [basehttp:log_message] [INFO]- "GET /Select_Information/get-select-time/ HTTP/1.1" 200 91
[2025-03-24 09:26:37,661] [basehttp.py:161] [basehttp:log_message] [INFO]- "GET /Professor_Student_Manage/user-info/?usertype=student HTTP/1.1" 200 662
[2025-03-24 09:26:37,735] [basehttp.py:161] [basehttp:log_message] [INFO]- "GET /Select_Information/get-select-info/?usertype=student HTTP/1.1" 200 22
[2025-03-24 09:26:40,425] [basehttp.py:161] [basehttp:log_message] [INFO]- "GET /Professor_Student_Manage/professors_and_departments/ HTTP/1.1" 200 87799
[2025-03-24 09:33:19,525] [autoreload.py:637] [autoreload:run_with_reloader] [INFO]- Watching for file changes with StatReloader
[2025-03-24 09:33:41,305] [basehttp.py:161] [basehttp:log_message] [INFO]- "GET / HTTP/1.1" 200 10330
[2025-03-24 09:33:41,339] [log.py:224] [log:log_response] [WARNING]- Not Found: /api/count
[2025-03-24 09:33:41,340] [basehttp.py:161] [basehttp:log_message] [WARNING]- "GET /api/count HTTP/1.1" 404 3142
[2025-03-24 09:33:49,367] [basehttp.py:161] [basehttp:log_message] [INFO]- "GET /admin/ HTTP/1.1" 200 11407
[2025-03-24 09:33:49,372] [basehttp.py:161] [basehttp:log_message] [INFO]- "GET /static/admin/js/nav_sidebar.js HTTP/1.1" 200 1360
[2025-03-24 09:33:49,376] [basehttp.py:161] [basehttp:log_message] [INFO]- "GET /static/admin/css/dashboard.css HTTP/1.1" 200 380
[2025-03-24 09:33:49,377] [basehttp.py:161] [basehttp:log_message] [INFO]- "GET /static/admin/css/nav_sidebar.css HTTP/1.1" 200 2271
[2025-03-24 09:33:49,378] [basehttp.py:161] [basehttp:log_message] [INFO]- "GET /static/admin/css/base.css HTTP/1.1" 200 19513
[2025-03-24 09:33:49,379] [basehttp.py:161] [basehttp:log_message] [INFO]- "GET /static/admin/css/responsive.css HTTP/1.1" 200 18545
[2025-03-24 09:33:49,381] [basehttp.py:161] [basehttp:log_message] [INFO]- "GET /static/admin/css/fonts.css HTTP/1.1" 200 423
[2025-03-24 09:33:49,389] [basehttp.py:161] [basehttp:log_message] [INFO]- "GET /static/admin/img/icon-changelink.svg HTTP/1.1" 200 380
[2025-03-24 09:33:49,389] [basehttp.py:161] [basehttp:log_message] [INFO]- "GET /static/admin/img/icon-deletelink.svg HTTP/1.1" 200 392
[2025-03-24 09:33:49,390] [basehttp.py:161] [basehttp:log_message] [INFO]- "GET /static/admin/fonts/Roboto-Regular-webfont.woff HTTP/1.1" 200 85876
[2025-03-24 09:33:49,392] [basehttp.py:161] [basehttp:log_message] [INFO]- "GET /static/admin/fonts/Roboto-Bold-webfont.woff HTTP/1.1" 200 86184
[2025-03-24 09:33:49,393] [basehttp.py:161] [basehttp:log_message] [INFO]- "GET /static/admin/img/icon-addlink.svg HTTP/1.1" 200 331
[2025-03-24 09:33:49,406] [basehttp.py:161] [basehttp:log_message] [INFO]- "GET /static/admin/fonts/Roboto-Light-webfont.woff HTTP/1.1" 200 85692
[2025-03-24 09:37:40,788] [autoreload.py:637] [autoreload:run_with_reloader] [INFO]- Watching for file changes with StatReloader
[2025-03-24 09:37:48,748] [basehttp.py:161] [basehttp:log_message] [INFO]- "GET / HTTP/1.1" 200 10330
[2025-03-24 09:37:48,789] [log.py:224] [log:log_response] [WARNING]- Not Found: /api/count
[2025-03-24 09:37:48,792] [basehttp.py:161] [basehttp:log_message] [WARNING]- "GET /api/count HTTP/1.1" 404 3142
[2025-03-24 09:37:57,607] [basehttp.py:161] [basehttp:log_message] [INFO]- "GET /admin/Professor_Student_Manage/professor/ HTTP/1.1" 200 66539
[2025-03-24 09:37:57,620] [basehttp.py:161] [basehttp:log_message] [INFO]- "GET /static/admin/css/changelists.css HTTP/1.1" 200 6874
[2025-03-24 09:37:57,642] [basehttp.py:161] [basehttp:log_message] [INFO]- "GET /static/admin/js/nav_sidebar.js HTTP/1.1" 200 1360
[2025-03-24 09:37:57,646] [basehttp.py:161] [basehttp:log_message] [INFO]- "GET /static/admin/css/nav_sidebar.css HTTP/1.1" 200 2271
[2025-03-24 09:37:57,651] [basehttp.py:161] [basehttp:log_message] [INFO]- "GET /static/admin/js/jquery.init.js HTTP/1.1" 200 347
[2025-03-24 09:37:57,653] [basehttp.py:161] [basehttp:log_message] [INFO]- "GET /static/admin/js/core.js HTTP/1.1" 200 5698
[2025-03-24 09:37:57,654] [basehttp.py:161] [basehttp:log_message] [INFO]- "GET /static/admin/js/admin/RelatedObjectLookups.js HTTP/1.1" 200 5984
[2025-03-24 09:37:57,655] [basehttp.py:161] [basehttp:log_message] [INFO]- "GET /static/admin/js/urlify.js HTTP/1.1" 200 7902
[2025-03-24 09:37:57,656] [basehttp.py:161] [basehttp:log_message] [INFO]- "GET /static/admin/js/actions.js HTTP/1.1" 200 7867
[2025-03-24 09:37:57,657] [basehttp.py:161] [basehttp:log_message] [INFO]- "GET /static/admin/css/base.css HTTP/1.1" 200 19513
[2025-03-24 09:37:57,658] [basehttp.py:161] [basehttp:log_message] [INFO]- "GET /static/admin/js/prepopulate.js HTTP/1.1" 200 1531
[2025-03-24 09:37:57,658] [basehttp.py:161] [basehttp:log_message] [INFO]- "GET /static/admin/js/vendor/jquery/jquery.js HTTP/1.1" 200 287630
[2025-03-24 09:37:57,663] [basehttp.py:161] [basehttp:log_message] [INFO]- "GET /static/admin/img/icon-yes.svg HTTP/1.1" 200 436
[2025-03-24 09:37:57,666] [basehttp.py:161] [basehttp:log_message] [INFO]- "GET /static/admin/img/icon-no.svg HTTP/1.1" 200 560
[2025-03-24 09:37:57,667] [basehttp.py:161] [basehttp:log_message] [INFO]- "GET /static/admin/css/responsive.css HTTP/1.1" 200 18545
[2025-03-24 09:37:57,668] [basehttp.py:161] [basehttp:log_message] [INFO]- "GET /static/admin/js/vendor/xregexp/xregexp.js HTTP/1.1" 200 232381
[2025-03-24 09:37:57,671] [basehttp.py:161] [basehttp:log_message] [INFO]- "GET /static/admin/css/fonts.css HTTP/1.1" 200 423
[2025-03-24 09:37:57,706] [basehttp.py:161] [basehttp:log_message] [INFO]- "GET /static/admin/img/search.svg HTTP/1.1" 200 458
[2025-03-24 09:37:57,938] [basehttp.py:161] [basehttp:log_message] [INFO]- "GET /admin/jsi18n/ HTTP/1.1" 200 8398
[2025-03-24 09:37:57,982] [basehttp.py:161] [basehttp:log_message] [INFO]- "GET /static/admin/img/tooltag-add.svg HTTP/1.1" 200 331
[2025-03-24 09:37:57,983] [basehttp.py:161] [basehttp:log_message] [INFO]- "GET /static/admin/fonts/Roboto-Bold-webfont.woff HTTP/1.1" 200 86184
[2025-03-24 09:37:57,984] [basehttp.py:161] [basehttp:log_message] [INFO]- "GET /static/admin/img/icon-addlink.svg HTTP/1.1" 200 331
[2025-03-24 09:37:57,985] [basehttp.py:161] [basehttp:log_message] [INFO]- "GET /static/admin/fonts/Roboto-Regular-webfont.woff HTTP/1.1" 200 85876
[2025-03-24 09:37:57,987] [basehttp.py:161] [basehttp:log_message] [INFO]- "GET /static/admin/fonts/Roboto-Light-webfont.woff HTTP/1.1" 200 85692
[2025-03-24 09:38:59,205] [autoreload.py:637] [autoreload:run_with_reloader] [INFO]- Watching for file changes with StatReloader
[2025-03-24 09:39:36,916] [basehttp.py:161] [basehttp:log_message] [INFO]- "GET /admin/Professor_Student_Manage/professor/ HTTP/1.1" 200 66539
[2025-03-24 09:39:36,937] [basehttp.py:161] [basehttp:log_message] [INFO]- "GET /static/admin/css/nav_sidebar.css HTTP/1.1" 200 2271
[2025-03-24 09:39:36,941] [basehttp.py:161] [basehttp:log_message] [INFO]- "GET /static/admin/js/jquery.init.js HTTP/1.1" 200 347
[2025-03-24 09:39:36,941] [basehttp.py:161] [basehttp:log_message] [INFO]- "GET /static/admin/js/nav_sidebar.js HTTP/1.1" 200 1360
[2025-03-24 09:39:36,941] [basehttp.py:161] [basehttp:log_message] [INFO]- "GET /static/admin/css/changelists.css HTTP/1.1" 200 6874
[2025-03-24 09:39:36,941] [basehttp.py:161] [basehttp:log_message] [INFO]- "GET /static/admin/css/base.css HTTP/1.1" 200 19513
[2025-03-24 09:39:36,947] [basehttp.py:161] [basehttp:log_message] [INFO]- "GET /static/admin/js/actions.js HTTP/1.1" 200 7867
[2025-03-24 09:39:36,948] [basehttp.py:161] [basehttp:log_message] [INFO]- "GET /static/admin/js/urlify.js HTTP/1.1" 200 7902
[2025-03-24 09:39:36,951] [basehttp.py:161] [basehttp:log_message] [INFO]- "GET /static/admin/js/admin/RelatedObjectLookups.js HTTP/1.1" 200 5984
[2025-03-24 09:39:36,951] [basehttp.py:161] [basehttp:log_message] [INFO]- "GET /static/admin/js/core.js HTTP/1.1" 200 5698
[2025-03-24 09:39:36,952] [basehttp.py:161] [basehttp:log_message] [INFO]- "GET /static/admin/js/vendor/jquery/jquery.js HTTP/1.1" 200 287630
[2025-03-24 09:39:36,953] [basehttp.py:161] [basehttp:log_message] [INFO]- "GET /static/admin/js/prepopulate.js HTTP/1.1" 200 1531
[2025-03-24 09:39:36,955] [basehttp.py:161] [basehttp:log_message] [INFO]- "GET /static/admin/js/vendor/xregexp/xregexp.js HTTP/1.1" 200 232381
[2025-03-24 09:39:36,956] [basehttp.py:161] [basehttp:log_message] [INFO]- "GET /static/admin/img/icon-no.svg HTTP/1.1" 200 560
[2025-03-24 09:39:36,956] [basehttp.py:161] [basehttp:log_message] [INFO]- "GET /static/admin/css/responsive.css HTTP/1.1" 200 18545
[2025-03-24 09:39:36,956] [basehttp.py:161] [basehttp:log_message] [INFO]- "GET /static/admin/img/search.svg HTTP/1.1" 200 458
[2025-03-24 09:39:36,958] [basehttp.py:161] [basehttp:log_message] [INFO]- "GET /static/admin/css/fonts.css HTTP/1.1" 200 423
[2025-03-24 09:39:36,959] [basehttp.py:161] [basehttp:log_message] [INFO]- "GET /static/admin/img/icon-yes.svg HTTP/1.1" 200 436
[2025-03-24 09:39:37,174] [basehttp.py:161] [basehttp:log_message] [INFO]- "GET /admin/jsi18n/ HTTP/1.1" 200 8398
[2025-03-24 09:39:37,209] [basehttp.py:161] [basehttp:log_message] [INFO]- "GET /static/admin/img/icon-addlink.svg HTTP/1.1" 200 331
[2025-03-24 09:39:37,209] [basehttp.py:161] [basehttp:log_message] [INFO]- "GET /static/admin/img/tooltag-add.svg HTTP/1.1" 200 331
[2025-03-24 09:39:37,212] [basehttp.py:161] [basehttp:log_message] [INFO]- "GET /static/admin/fonts/Roboto-Light-webfont.woff HTTP/1.1" 200 85692
[2025-03-24 09:39:37,214] [basehttp.py:161] [basehttp:log_message] [INFO]- "GET /static/admin/fonts/Roboto-Regular-webfont.woff HTTP/1.1" 200 85876
[2025-03-24 09:39:37,214] [basehttp.py:161] [basehttp:log_message] [INFO]- "GET /static/admin/fonts/Roboto-Bold-webfont.woff HTTP/1.1" 200 86184
[2025-03-24 09:39:41,648] [basehttp.py:161] [basehttp:log_message] [INFO]- "GET /admin/Professor_Student_Manage/professor/ HTTP/1.1" 200 66539
[2025-03-24 09:39:41,663] [basehttp.py:161] [basehttp:log_message] [INFO]- "GET /static/admin/js/vendor/jquery/jquery.js HTTP/1.1" 304 0
[2025-03-24 09:39:41,663] [basehttp.py:161] [basehttp:log_message] [INFO]- "GET /static/admin/js/nav_sidebar.js HTTP/1.1" 304 0
[2025-03-24 09:39:41,663] [basehttp.py:161] [basehttp:log_message] [INFO]- "GET /static/admin/css/nav_sidebar.css HTTP/1.1" 304 0
[2025-03-24 09:39:41,664] [basehttp.py:161] [basehttp:log_message] [INFO]- "GET /static/admin/css/changelists.css HTTP/1.1" 304 0
[2025-03-24 09:39:41,665] [basehttp.py:161] [basehttp:log_message] [INFO]- "GET /static/admin/css/base.css HTTP/1.1" 304 0
[2025-03-24 09:39:41,666] [basehttp.py:161] [basehttp:log_message] [INFO]- "GET /static/admin/js/admin/RelatedObjectLookups.js HTTP/1.1" 304 0
[2025-03-24 09:39:41,666] [basehttp.py:161] [basehttp:log_message] [INFO]- "GET /static/admin/js/core.js HTTP/1.1" 304 0
[2025-03-24 09:39:41,669] [basehttp.py:161] [basehttp:log_message] [INFO]- "GET /static/admin/js/jquery.init.js HTTP/1.1" 304 0
[2025-03-24 09:39:41,669] [basehttp.py:161] [basehttp:log_message] [INFO]- "GET /static/admin/js/urlify.js HTTP/1.1" 304 0
[2025-03-24 09:39:41,671] [basehttp.py:161] [basehttp:log_message] [INFO]- "GET /static/admin/js/actions.js HTTP/1.1" 304 0
[2025-03-24 09:39:41,672] [basehttp.py:161] [basehttp:log_message] [INFO]- "GET /static/admin/js/prepopulate.js HTTP/1.1" 304 0
[2025-03-24 09:39:41,673] [basehttp.py:161] [basehttp:log_message] [INFO]- "GET /static/admin/js/vendor/xregexp/xregexp.js HTTP/1.1" 304 0
[2025-03-24 09:39:41,674] [basehttp.py:161] [basehttp:log_message] [INFO]- "GET /static/admin/css/responsive.css HTTP/1.1" 304 0
[2025-03-24 09:39:41,675] [basehttp.py:161] [basehttp:log_message] [INFO]- "GET /static/admin/img/search.svg HTTP/1.1" 304 0
[2025-03-24 09:39:41,677] [basehttp.py:161] [basehttp:log_message] [INFO]- "GET /static/admin/img/icon-yes.svg HTTP/1.1" 304 0
[2025-03-24 09:39:41,677] [basehttp.py:161] [basehttp:log_message] [INFO]- "GET /static/admin/img/icon-no.svg HTTP/1.1" 304 0
[2025-03-24 09:39:41,678] [basehttp.py:161] [basehttp:log_message] [INFO]- "GET /static/admin/css/fonts.css HTTP/1.1" 304 0
[2025-03-24 09:39:41,930] [basehttp.py:161] [basehttp:log_message] [INFO]- "GET /admin/jsi18n/ HTTP/1.1" 200 8398
[2025-03-24 09:39:41,963] [basehttp.py:161] [basehttp:log_message] [INFO]- "GET /static/admin/fonts/Roboto-Bold-webfont.woff HTTP/1.1" 304 0
[2025-03-24 09:39:41,963] [basehttp.py:161] [basehttp:log_message] [INFO]- "GET /static/admin/img/icon-addlink.svg HTTP/1.1" 304 0
[2025-03-24 09:39:41,963] [basehttp.py:161] [basehttp:log_message] [INFO]- "GET /static/admin/fonts/Roboto-Regular-webfont.woff HTTP/1.1" 304 0
[2025-03-24 09:39:41,966] [basehttp.py:161] [basehttp:log_message] [INFO]- "GET /static/admin/img/tooltag-add.svg HTTP/1.1" 304 0
[2025-03-24 09:39:41,966] [basehttp.py:161] [basehttp:log_message] [INFO]- "GET /static/admin/fonts/Roboto-Light-webfont.woff HTTP/1.1" 304 0
[2025-03-24 09:44:25,529] [autoreload.py:637] [autoreload:run_with_reloader] [INFO]- Watching for file changes with StatReloader
[2025-03-24 09:46:41,009] [autoreload.py:637] [autoreload:run_with_reloader] [INFO]- Watching for file changes with StatReloader
[2025-03-24 09:46:56,771] [autoreload.py:637] [autoreload:run_with_reloader] [INFO]- Watching for file changes with StatReloader
[2025-03-24 09:47:07,665] [autoreload.py:637] [autoreload:run_with_reloader] [INFO]- Watching for file changes with StatReloader
[2025-03-24 09:52:28,328] [autoreload.py:637] [autoreload:run_with_reloader] [INFO]- Watching for file changes with StatReloader
[2025-03-24 09:53:01,767] [autoreload.py:637] [autoreload:run_with_reloader] [INFO]- Watching for file changes with StatReloader
[2025-03-24 09:55:31,920] [autoreload.py:637] [autoreload:run_with_reloader] [INFO]- Watching for file changes with StatReloader
[2025-03-24 09:55:45,215] [autoreload.py:637] [autoreload:run_with_reloader] [INFO]- Watching for file changes with StatReloader
[2025-03-24 09:56:55,368] [autoreload.py:637] [autoreload:run_with_reloader] [INFO]- Watching for file changes with StatReloader
[2025-03-24 09:56:59,495] [autoreload.py:637] [autoreload:run_with_reloader] [INFO]- Watching for file changes with StatReloader
[2025-03-24 11:52:16,139] [autoreload.py:637] [autoreload:run_with_reloader] [INFO]- Watching for file changes with StatReloader
[2025-03-24 11:52:34,281] [autoreload.py:637] [autoreload:run_with_reloader] [INFO]- Watching for file changes with StatReloader
[2025-03-24 11:52:36,513] [autoreload.py:251] [autoreload:trigger_reload] [INFO]- /app/Select_Information/serializers.py changed, reloading.
[2025-03-24 11:52:37,027] [autoreload.py:637] [autoreload:run_with_reloader] [INFO]- Watching for file changes with StatReloader
[2025-03-24 11:52:47,624] [basehttp.py:161] [basehttp:log_message] [INFO]- "POST /Professor_Student_Manage/user-login/ HTTP/1.1" 200 36
[2025-03-24 11:52:48,273] [basehttp.py:161] [basehttp:log_message] [INFO]- "GET /Professor_Student_Manage/user-info/?usertype=professor HTTP/1.1" 200 860
[2025-03-24 11:52:48,685] [basehttp.py:161] [basehttp:log_message] [INFO]- "GET /Professor_Student_Manage/user-info/?usertype=professor HTTP/1.1" 200 860
[2025-03-24 11:52:49,650] [basehttp.py:161] [basehttp:log_message] [INFO]- "GET /Professor_Student_Manage/user-info/?usertype=professor HTTP/1.1" 200 860
[2025-03-24 11:52:49,874] [basehttp.py:161] [basehttp:log_message] [INFO]- "GET /Professor_Student_Manage/departments/reviewers/ HTTP/1.1" 200 2053
[2025-03-24 11:52:50,053] [basehttp.py:161] [basehttp:log_message] [INFO]- "GET /Professor_Student_Manage/user-info/?usertype=professor HTTP/1.1" 200 860
[2025-03-24 11:52:50,518] [basehttp.py:161] [basehttp:log_message] [INFO]- "GET /Select_Information/get-select-info/?usertype=professor HTTP/1.1" 200 7802
[2025-03-24 11:52:50,543] [basehttp.py:161] [basehttp:log_message] [INFO]- "GET /Professor_Student_Manage/departments/reviewers/ HTTP/1.1" 200 2053
[2025-03-24 11:52:51,449] [basehttp.py:161] [basehttp:log_message] [INFO]- "GET /Professor_Student_Manage/user-info/?usertype=professor HTTP/1.1" 200 860
[2025-03-24 11:52:51,907] [basehttp.py:161] [basehttp:log_message] [INFO]- "GET /Select_Information/get-select-info/?usertype=professor HTTP/1.1" 200 7802
[2025-03-24 11:52:53,221] [basehttp.py:161] [basehttp:log_message] [INFO]- "GET /Select_Information/reviewer/review_records/ HTTP/1.1" 200 18049
[2025-03-24 11:52:58,750] [basehttp.py:161] [basehttp:log_message] [INFO]- "GET /Select_Information/reviewer/review_records/ HTTP/1.1" 200 18049
[2025-03-24 11:57:40,276] [basehttp.py:161] [basehttp:log_message] [INFO]- "POST /Professor_Student_Manage/user-login/ HTTP/1.1" 200 36
[2025-03-24 11:57:41,045] [basehttp.py:161] [basehttp:log_message] [INFO]- "GET /Professor_Student_Manage/user-info/?usertype=professor HTTP/1.1" 200 860
[2025-03-24 11:57:41,441] [basehttp.py:161] [basehttp:log_message] [INFO]- "GET /Professor_Student_Manage/user-info/?usertype=professor HTTP/1.1" 200 860
[2025-03-24 11:57:45,847] [basehttp.py:161] [basehttp:log_message] [INFO]- "GET /Select_Information/reviewer/review_records/ HTTP/1.1" 200 18049
[2025-03-24 11:57:46,019] [basehttp.py:161] [basehttp:log_message] [INFO]- "GET /Professor_Student_Manage/user-info/?usertype=professor HTTP/1.1" 200 860
[2025-03-24 11:57:46,316] [basehttp.py:161] [basehttp:log_message] [INFO]- "GET /Professor_Student_Manage/departments/reviewers/ HTTP/1.1" 200 2053
[2025-03-24 11:57:46,427] [basehttp.py:161] [basehttp:log_message] [INFO]- "GET /Professor_Student_Manage/user-info/?usertype=professor HTTP/1.1" 200 860
[2025-03-24 11:57:46,889] [basehttp.py:161] [basehttp:log_message] [INFO]- "GET /Select_Information/get-select-info/?usertype=professor HTTP/1.1" 200 7802
[2025-03-24 11:57:47,015] [basehttp.py:161] [basehttp:log_message] [INFO]- "GET /Professor_Student_Manage/departments/reviewers/ HTTP/1.1" 200 2053
[2025-03-24 11:57:47,301] [basehttp.py:161] [basehttp:log_message] [INFO]- "GET /Professor_Student_Manage/user-info/?usertype=professor HTTP/1.1" 200 860
[2025-03-24 11:57:48,165] [basehttp.py:161] [basehttp:log_message] [INFO]- "GET /Select_Information/get-select-info/?usertype=professor HTTP/1.1" 200 7802
[2025-03-24 11:57:52,234] [basehttp.py:161] [basehttp:log_message] [INFO]- "GET /Select_Information/reviewer/review_records/ HTTP/1.1" 200 18049
[2025-03-24 12:07:17,152] [basehttp.py:161] [basehttp:log_message] [INFO]- "POST /userlogin/ HTTP/1.1" 200 946
[2025-03-24 12:07:17,751] [basehttp.py:161] [basehttp:log_message] [INFO]- "GET /Professor_Student_Manage/user-info/?usertype=professor HTTP/1.1" 200 860
[2025-03-24 12:07:18,178] [basehttp.py:161] [basehttp:log_message] [INFO]- "GET /Professor_Student_Manage/user-info/?usertype=professor HTTP/1.1" 200 860
[2025-03-24 12:07:23,946] [basehttp.py:161] [basehttp:log_message] [INFO]- "GET /Select_Information/reviewer/review_records/ HTTP/1.1" 200 18049
[2025-03-24 12:11:42,692] [basehttp.py:161] [basehttp:log_message] [INFO]- "GET /Professor_Student_Manage/user-info/?usertype=professor HTTP/1.1" 200 860
[2025-03-24 12:11:43,122] [basehttp.py:161] [basehttp:log_message] [INFO]- "GET /Professor_Student_Manage/user-info/?usertype=professor HTTP/1.1" 200 860
[2025-03-24 12:11:47,507] [basehttp.py:161] [basehttp:log_message] [INFO]- "GET /Select_Information/reviewer/review_records/ HTTP/1.1" 200 18049
[2025-03-24 12:12:24,137] [basehttp.py:161] [basehttp:log_message] [INFO]- "GET /Professor_Student_Manage/user-info/?usertype=professor HTTP/1.1" 200 860
[2025-03-24 12:12:24,556] [basehttp.py:161] [basehttp:log_message] [INFO]- "GET /Professor_Student_Manage/user-info/?usertype=professor HTTP/1.1" 200 860
[2025-03-24 12:12:28,908] [basehttp.py:161] [basehttp:log_message] [INFO]- "GET /Select_Information/reviewer/review_records/ HTTP/1.1" 200 18049
[2025-03-24 12:12:29,401] [basehttp.py:161] [basehttp:log_message] [INFO]- "POST /Professor_Student_Manage/user-login/ HTTP/1.1" 200 36
[2025-03-24 12:12:30,025] [basehttp.py:161] [basehttp:log_message] [INFO]- "GET /Professor_Student_Manage/user-info/?usertype=professor HTTP/1.1" 200 860
[2025-03-24 12:12:30,470] [basehttp.py:161] [basehttp:log_message] [INFO]- "GET /Professor_Student_Manage/user-info/?usertype=professor HTTP/1.1" 200 860
[2025-03-24 12:12:35,226] [basehttp.py:161] [basehttp:log_message] [INFO]- "GET /Select_Information/reviewer/review_records/ HTTP/1.1" 200 18049
