[2024-03-06 05:37:35,942] [autoreload.py:637] [autoreload:run_with_reloader] [INFO]- Watching for file changes with StatReloader
[2024-03-06 05:38:33,457] [autoreload.py:637] [autoreload:run_with_reloader] [INFO]- Watching for file changes with StatReloader
[2024-03-06 05:39:26,264] [autoreload.py:637] [autoreload:run_with_reloader] [INFO]- Watching for file changes with StatReloader
[2024-03-06 05:39:47,087] [autoreload.py:637] [autoreload:run_with_reloader] [INFO]- Watching for file changes with StatReloader
[2024-03-06 05:40:41,669] [autoreload.py:637] [autoreload:run_with_reloader] [INFO]- Watching for file changes with StatReloader
[2024-03-06 05:41:30,747] [autoreload.py:637] [autoreload:run_with_reloader] [INFO]- Watching for file changes with StatReloader
[2024-03-06 05:42:02,299] [autoreload.py:251] [autoreload:trigger_reload] [INFO]- /app/Professor_Student_Manage/models.py changed, reloading.
[2024-03-06 05:42:02,698] [autoreload.py:637] [autoreload:run_with_reloader] [INFO]- Watching for file changes with StatReloader
[2024-03-06 05:44:06,885] [autoreload.py:637] [autoreload:run_with_reloader] [INFO]- Watching for file changes with StatReloader
[2024-03-06 05:44:57,344] [autoreload.py:251] [autoreload:trigger_reload] [INFO]- /app/wxcloudrun/settings.py changed, reloading.
[2024-03-06 05:44:57,599] [autoreload.py:637] [autoreload:run_with_reloader] [INFO]- Watching for file changes with StatReloader
[2024-03-06 05:45:27,084] [autoreload.py:637] [autoreload:run_with_reloader] [INFO]- Watching for file changes with StatReloader
[2024-03-06 05:45:33,457] [autoreload.py:251] [autoreload:trigger_reload] [INFO]- /app/Professor_Student_Manage/models.py changed, reloading.
[2024-03-06 05:45:33,714] [autoreload.py:637] [autoreload:run_with_reloader] [INFO]- Watching for file changes with StatReloader
[2024-03-06 05:46:25,282] [autoreload.py:637] [autoreload:run_with_reloader] [INFO]- Watching for file changes with StatReloader
[2024-03-06 05:47:28,017] [autoreload.py:251] [autoreload:trigger_reload] [INFO]- /app/Professor_Student_Manage/signals.py changed, reloading.
[2024-03-06 05:47:28,292] [autoreload.py:637] [autoreload:run_with_reloader] [INFO]- Watching for file changes with StatReloader
[2024-03-06 05:48:21,142] [autoreload.py:637] [autoreload:run_with_reloader] [INFO]- Watching for file changes with StatReloader
[2024-03-06 05:48:30,188] [autoreload.py:637] [autoreload:run_with_reloader] [INFO]- Watching for file changes with StatReloader
[2024-03-06 05:49:46,050] [autoreload.py:637] [autoreload:run_with_reloader] [INFO]- Watching for file changes with StatReloader
[2024-03-06 05:50:23,825] [autoreload.py:637] [autoreload:run_with_reloader] [INFO]- Watching for file changes with StatReloader
[2024-03-06 05:51:34,172] [autoreload.py:637] [autoreload:run_with_reloader] [INFO]- Watching for file changes with StatReloader
[2024-03-06 05:52:28,427] [log.py:224] [log:log_response] [ERROR]- Internal Server Error: /admin/Professor_Student_Manage/professor/
Traceback (most recent call last):
  File "/root/.local/lib/python3.8/site-packages/django/db/backends/utils.py", line 84, in _execute
    return self.cursor.execute(sql, params)
  File "/root/.local/lib/python3.8/site-packages/django/db/backends/mysql/base.py", line 73, in execute
    return self.cursor.execute(query, args)
  File "/root/.local/lib/python3.8/site-packages/pymysql/cursors.py", line 148, in execute
    result = self._query(query)
  File "/root/.local/lib/python3.8/site-packages/pymysql/cursors.py", line 310, in _query
    conn.query(q)
  File "/root/.local/lib/python3.8/site-packages/pymysql/connections.py", line 548, in query
    self._affected_rows = self._read_query_result(unbuffered=unbuffered)
  File "/root/.local/lib/python3.8/site-packages/pymysql/connections.py", line 775, in _read_query_result
    result.read()
  File "/root/.local/lib/python3.8/site-packages/pymysql/connections.py", line 1156, in read
    first_packet = self.connection._read_packet()
  File "/root/.local/lib/python3.8/site-packages/pymysql/connections.py", line 725, in _read_packet
    packet.raise_for_error()
  File "/root/.local/lib/python3.8/site-packages/pymysql/protocol.py", line 221, in raise_for_error
    err.raise_mysql_exception(self._data)
  File "/root/.local/lib/python3.8/site-packages/pymysql/err.py", line 143, in raise_mysql_exception
    raise errorclass(errno, errval)
pymysql.err.ProgrammingError: (1146, "Table 'django_demo.Enrollment_Manage_department' doesn't exist")

The above exception was the direct cause of the following exception:

Traceback (most recent call last):
  File "/root/.local/lib/python3.8/site-packages/django/core/handlers/exception.py", line 47, in inner
    response = get_response(request)
  File "/root/.local/lib/python3.8/site-packages/django/core/handlers/base.py", line 181, in _get_response
    response = wrapped_callback(request, *callback_args, **callback_kwargs)
  File "/root/.local/lib/python3.8/site-packages/django/contrib/admin/options.py", line 616, in wrapper
    return self.admin_site.admin_view(view)(*args, **kwargs)
  File "/root/.local/lib/python3.8/site-packages/django/utils/decorators.py", line 130, in _wrapped_view
    response = view_func(request, *args, **kwargs)
  File "/root/.local/lib/python3.8/site-packages/django/views/decorators/cache.py", line 44, in _wrapped_view_func
    response = view_func(request, *args, **kwargs)
  File "/root/.local/lib/python3.8/site-packages/django/contrib/admin/sites.py", line 232, in inner
    return view(request, *args, **kwargs)
  File "/root/.local/lib/python3.8/site-packages/django/utils/decorators.py", line 43, in _wrapper
    return bound_method(*args, **kwargs)
  File "/root/.local/lib/python3.8/site-packages/django/utils/decorators.py", line 130, in _wrapped_view
    response = view_func(request, *args, **kwargs)
  File "/root/.local/lib/python3.8/site-packages/django/contrib/admin/options.py", line 1697, in changelist_view
    cl = self.get_changelist_instance(request)
  File "/root/.local/lib/python3.8/site-packages/django/contrib/admin/options.py", line 736, in get_changelist_instance
    return ChangeList(
  File "/root/.local/lib/python3.8/site-packages/django/contrib/admin/views/main.py", line 99, in __init__
    self.queryset = self.get_queryset(request)
  File "/root/.local/lib/python3.8/site-packages/django/contrib/admin/views/main.py", line 450, in get_queryset
    ) = self.get_filters(request)
  File "/root/.local/lib/python3.8/site-packages/django/contrib/admin/views/main.py", line 152, in get_filters
    spec = field_list_filter_class(
  File "/root/.local/lib/python3.8/site-packages/django/contrib/admin/filters.py", line 159, in create
    return list_filter_class(field, request, params, model, model_admin, field_path=field_path)
  File "/root/.local/lib/python3.8/site-packages/django/contrib/admin/filters.py", line 170, in __init__
    self.lookup_choices = self.field_choices(field, request, model_admin)
  File "/root/.local/lib/python3.8/site-packages/django/contrib/admin/filters.py", line 207, in field_choices
    return field.get_choices(include_blank=False, ordering=ordering)
  File "/root/.local/lib/python3.8/site-packages/django/db/models/fields/__init__.py", line 885, in get_choices
    return (blank_choice if include_blank else []) + [
  File "/root/.local/lib/python3.8/site-packages/django/db/models/query.py", line 280, in __iter__
    self._fetch_all()
  File "/root/.local/lib/python3.8/site-packages/django/db/models/query.py", line 1324, in _fetch_all
    self._result_cache = list(self._iterable_class(self))
  File "/root/.local/lib/python3.8/site-packages/django/db/models/query.py", line 51, in __iter__
    results = compiler.execute_sql(chunked_fetch=self.chunked_fetch, chunk_size=self.chunk_size)
  File "/root/.local/lib/python3.8/site-packages/django/db/models/sql/compiler.py", line 1175, in execute_sql
    cursor.execute(sql, params)
  File "/root/.local/lib/python3.8/site-packages/django/db/backends/utils.py", line 98, in execute
    return super().execute(sql, params)
  File "/root/.local/lib/python3.8/site-packages/django/db/backends/utils.py", line 66, in execute
    return self._execute_with_wrappers(sql, params, many=False, executor=self._execute)
  File "/root/.local/lib/python3.8/site-packages/django/db/backends/utils.py", line 75, in _execute_with_wrappers
    return executor(sql, params, many, context)
  File "/root/.local/lib/python3.8/site-packages/django/db/backends/utils.py", line 84, in _execute
    return self.cursor.execute(sql, params)
  File "/root/.local/lib/python3.8/site-packages/django/db/utils.py", line 90, in __exit__
    raise dj_exc_value.with_traceback(traceback) from exc_value
  File "/root/.local/lib/python3.8/site-packages/django/db/backends/utils.py", line 84, in _execute
    return self.cursor.execute(sql, params)
  File "/root/.local/lib/python3.8/site-packages/django/db/backends/mysql/base.py", line 73, in execute
    return self.cursor.execute(query, args)
  File "/root/.local/lib/python3.8/site-packages/pymysql/cursors.py", line 148, in execute
    result = self._query(query)
  File "/root/.local/lib/python3.8/site-packages/pymysql/cursors.py", line 310, in _query
    conn.query(q)
  File "/root/.local/lib/python3.8/site-packages/pymysql/connections.py", line 548, in query
    self._affected_rows = self._read_query_result(unbuffered=unbuffered)
  File "/root/.local/lib/python3.8/site-packages/pymysql/connections.py", line 775, in _read_query_result
    result.read()
  File "/root/.local/lib/python3.8/site-packages/pymysql/connections.py", line 1156, in read
    first_packet = self.connection._read_packet()
  File "/root/.local/lib/python3.8/site-packages/pymysql/connections.py", line 725, in _read_packet
    packet.raise_for_error()
  File "/root/.local/lib/python3.8/site-packages/pymysql/protocol.py", line 221, in raise_for_error
    err.raise_mysql_exception(self._data)
  File "/root/.local/lib/python3.8/site-packages/pymysql/err.py", line 143, in raise_mysql_exception
    raise errorclass(errno, errval)
django.db.utils.ProgrammingError: (1146, "Table 'django_demo.Enrollment_Manage_department' doesn't exist")
[2024-03-06 05:52:28,431] [basehttp.py:161] [basehttp:log_message] [ERROR]- "GET /admin/Professor_Student_Manage/professor/ HTTP/1.1" 500 267242
[2024-03-06 05:52:31,971] [log.py:224] [log:log_response] [ERROR]- Internal Server Error: /admin/Professor_Student_Manage/student/
Traceback (most recent call last):
  File "/root/.local/lib/python3.8/site-packages/django/db/backends/utils.py", line 84, in _execute
    return self.cursor.execute(sql, params)
  File "/root/.local/lib/python3.8/site-packages/django/db/backends/mysql/base.py", line 73, in execute
    return self.cursor.execute(query, args)
  File "/root/.local/lib/python3.8/site-packages/pymysql/cursors.py", line 148, in execute
    result = self._query(query)
  File "/root/.local/lib/python3.8/site-packages/pymysql/cursors.py", line 310, in _query
    conn.query(q)
  File "/root/.local/lib/python3.8/site-packages/pymysql/connections.py", line 548, in query
    self._affected_rows = self._read_query_result(unbuffered=unbuffered)
  File "/root/.local/lib/python3.8/site-packages/pymysql/connections.py", line 775, in _read_query_result
    result.read()
  File "/root/.local/lib/python3.8/site-packages/pymysql/connections.py", line 1156, in read
    first_packet = self.connection._read_packet()
  File "/root/.local/lib/python3.8/site-packages/pymysql/connections.py", line 725, in _read_packet
    packet.raise_for_error()
  File "/root/.local/lib/python3.8/site-packages/pymysql/protocol.py", line 221, in raise_for_error
    err.raise_mysql_exception(self._data)
  File "/root/.local/lib/python3.8/site-packages/pymysql/err.py", line 143, in raise_mysql_exception
    raise errorclass(errno, errval)
pymysql.err.ProgrammingError: (1146, "Table 'django_demo.Enrollment_Manage_subject' doesn't exist")

The above exception was the direct cause of the following exception:

Traceback (most recent call last):
  File "/root/.local/lib/python3.8/site-packages/django/core/handlers/exception.py", line 47, in inner
    response = get_response(request)
  File "/root/.local/lib/python3.8/site-packages/django/core/handlers/base.py", line 181, in _get_response
    response = wrapped_callback(request, *callback_args, **callback_kwargs)
  File "/root/.local/lib/python3.8/site-packages/django/contrib/admin/options.py", line 616, in wrapper
    return self.admin_site.admin_view(view)(*args, **kwargs)
  File "/root/.local/lib/python3.8/site-packages/django/utils/decorators.py", line 130, in _wrapped_view
    response = view_func(request, *args, **kwargs)
  File "/root/.local/lib/python3.8/site-packages/django/views/decorators/cache.py", line 44, in _wrapped_view_func
    response = view_func(request, *args, **kwargs)
  File "/root/.local/lib/python3.8/site-packages/django/contrib/admin/sites.py", line 232, in inner
    return view(request, *args, **kwargs)
  File "/root/.local/lib/python3.8/site-packages/django/utils/decorators.py", line 43, in _wrapper
    return bound_method(*args, **kwargs)
  File "/root/.local/lib/python3.8/site-packages/django/utils/decorators.py", line 130, in _wrapped_view
    response = view_func(request, *args, **kwargs)
  File "/root/.local/lib/python3.8/site-packages/django/contrib/admin/options.py", line 1697, in changelist_view
    cl = self.get_changelist_instance(request)
  File "/root/.local/lib/python3.8/site-packages/django/contrib/admin/options.py", line 736, in get_changelist_instance
    return ChangeList(
  File "/root/.local/lib/python3.8/site-packages/django/contrib/admin/views/main.py", line 99, in __init__
    self.queryset = self.get_queryset(request)
  File "/root/.local/lib/python3.8/site-packages/django/contrib/admin/views/main.py", line 450, in get_queryset
    ) = self.get_filters(request)
  File "/root/.local/lib/python3.8/site-packages/django/contrib/admin/views/main.py", line 152, in get_filters
    spec = field_list_filter_class(
  File "/root/.local/lib/python3.8/site-packages/django/contrib/admin/filters.py", line 159, in create
    return list_filter_class(field, request, params, model, model_admin, field_path=field_path)
  File "/root/.local/lib/python3.8/site-packages/django/contrib/admin/filters.py", line 170, in __init__
    self.lookup_choices = self.field_choices(field, request, model_admin)
  File "/root/.local/lib/python3.8/site-packages/django/contrib/admin/filters.py", line 207, in field_choices
    return field.get_choices(include_blank=False, ordering=ordering)
  File "/root/.local/lib/python3.8/site-packages/django/db/models/fields/__init__.py", line 885, in get_choices
    return (blank_choice if include_blank else []) + [
  File "/root/.local/lib/python3.8/site-packages/django/db/models/query.py", line 280, in __iter__
    self._fetch_all()
  File "/root/.local/lib/python3.8/site-packages/django/db/models/query.py", line 1324, in _fetch_all
    self._result_cache = list(self._iterable_class(self))
  File "/root/.local/lib/python3.8/site-packages/django/db/models/query.py", line 51, in __iter__
    results = compiler.execute_sql(chunked_fetch=self.chunked_fetch, chunk_size=self.chunk_size)
  File "/root/.local/lib/python3.8/site-packages/django/db/models/sql/compiler.py", line 1175, in execute_sql
    cursor.execute(sql, params)
  File "/root/.local/lib/python3.8/site-packages/django/db/backends/utils.py", line 98, in execute
    return super().execute(sql, params)
  File "/root/.local/lib/python3.8/site-packages/django/db/backends/utils.py", line 66, in execute
    return self._execute_with_wrappers(sql, params, many=False, executor=self._execute)
  File "/root/.local/lib/python3.8/site-packages/django/db/backends/utils.py", line 75, in _execute_with_wrappers
    return executor(sql, params, many, context)
  File "/root/.local/lib/python3.8/site-packages/django/db/backends/utils.py", line 84, in _execute
    return self.cursor.execute(sql, params)
  File "/root/.local/lib/python3.8/site-packages/django/db/utils.py", line 90, in __exit__
    raise dj_exc_value.with_traceback(traceback) from exc_value
  File "/root/.local/lib/python3.8/site-packages/django/db/backends/utils.py", line 84, in _execute
    return self.cursor.execute(sql, params)
  File "/root/.local/lib/python3.8/site-packages/django/db/backends/mysql/base.py", line 73, in execute
    return self.cursor.execute(query, args)
  File "/root/.local/lib/python3.8/site-packages/pymysql/cursors.py", line 148, in execute
    result = self._query(query)
  File "/root/.local/lib/python3.8/site-packages/pymysql/cursors.py", line 310, in _query
    conn.query(q)
  File "/root/.local/lib/python3.8/site-packages/pymysql/connections.py", line 548, in query
    self._affected_rows = self._read_query_result(unbuffered=unbuffered)
  File "/root/.local/lib/python3.8/site-packages/pymysql/connections.py", line 775, in _read_query_result
    result.read()
  File "/root/.local/lib/python3.8/site-packages/pymysql/connections.py", line 1156, in read
    first_packet = self.connection._read_packet()
  File "/root/.local/lib/python3.8/site-packages/pymysql/connections.py", line 725, in _read_packet
    packet.raise_for_error()
  File "/root/.local/lib/python3.8/site-packages/pymysql/protocol.py", line 221, in raise_for_error
    err.raise_mysql_exception(self._data)
  File "/root/.local/lib/python3.8/site-packages/pymysql/err.py", line 143, in raise_mysql_exception
    raise errorclass(errno, errval)
django.db.utils.ProgrammingError: (1146, "Table 'django_demo.Enrollment_Manage_subject' doesn't exist")
[2024-03-06 05:52:31,972] [basehttp.py:161] [basehttp:log_message] [ERROR]- "GET /admin/Professor_Student_Manage/student/ HTTP/1.1" 500 260020
[2024-03-06 05:52:33,936] [log.py:224] [log:log_response] [WARNING]- Not Found: /admin/Professor_Student_Manage/department/
[2024-03-06 05:52:33,938] [basehttp.py:161] [basehttp:log_message] [WARNING]- "GET /admin/Professor_Student_Manage/department/ HTTP/1.1" 404 5890
[2024-03-06 05:52:35,456] [basehttp.py:161] [basehttp:log_message] [INFO]- "GET /admin/Professor_Student_Manage/wechataccount/ HTTP/1.1" 200 9643
[2024-03-06 05:52:35,776] [basehttp.py:161] [basehttp:log_message] [INFO]- "GET /admin/jsi18n/ HTTP/1.1" 200 8398
[2024-03-06 05:52:42,234] [basehttp.py:161] [basehttp:log_message] [INFO]- "GET /admin/ HTTP/1.1" 200 10379
[2024-03-06 05:52:42,245] [basehttp.py:161] [basehttp:log_message] [INFO]- "GET /static/admin/css/nav_sidebar.css HTTP/1.1" 304 0
[2024-03-06 05:52:42,246] [basehttp.py:161] [basehttp:log_message] [INFO]- "GET /static/admin/css/responsive.css HTTP/1.1" 304 0
[2024-03-06 05:52:42,255] [basehttp.py:161] [basehttp:log_message] [INFO]- "GET /static/admin/js/nav_sidebar.js HTTP/1.1" 304 0
[2024-03-06 05:52:42,255] [basehttp.py:161] [basehttp:log_message] [INFO]- "GET /static/admin/css/fonts.css HTTP/1.1" 304 0
[2024-03-06 05:52:42,256] [basehttp.py:161] [basehttp:log_message] [INFO]- "GET /static/admin/fonts/Roboto-Regular-webfont.woff HTTP/1.1" 304 0
[2024-03-06 05:52:42,258] [basehttp.py:161] [basehttp:log_message] [INFO]- "GET /static/admin/css/dashboard.css HTTP/1.1" 304 0
[2024-03-06 05:52:42,259] [basehttp.py:161] [basehttp:log_message] [INFO]- "GET /static/admin/css/base.css HTTP/1.1" 304 0
[2024-03-06 05:52:42,259] [basehttp.py:161] [basehttp:log_message] [INFO]- "GET /static/admin/css/nav_sidebar.css HTTP/1.1" 304 0
[2024-03-06 05:52:42,262] [basehttp.py:161] [basehttp:log_message] [INFO]- "GET /static/admin/css/responsive.css HTTP/1.1" 304 0
[2024-03-06 05:52:42,263] [basehttp.py:161] [basehttp:log_message] [INFO]- "GET /static/admin/css/base.css HTTP/1.1" 304 0
[2024-03-06 05:52:42,264] [basehttp.py:161] [basehttp:log_message] [INFO]- "GET /static/admin/js/nav_sidebar.js HTTP/1.1" 304 0
[2024-03-06 05:52:42,268] [basehttp.py:161] [basehttp:log_message] [INFO]- "GET /static/admin/img/icon-addlink.svg HTTP/1.1" 304 0
[2024-03-06 05:52:42,270] [basehttp.py:161] [basehttp:log_message] [INFO]- "GET /static/admin/fonts/Roboto-Light-webfont.woff HTTP/1.1" 304 0
[2024-03-06 05:52:42,270] [basehttp.py:161] [basehttp:log_message] [INFO]- "GET /static/admin/img/icon-changelink.svg HTTP/1.1" 304 0
[2024-03-06 05:52:42,270] [basehttp.py:161] [basehttp:log_message] [INFO]- "GET /static/admin/fonts/Roboto-Bold-webfont.woff HTTP/1.1" 304 0
[2024-03-06 05:52:42,272] [basehttp.py:161] [basehttp:log_message] [INFO]- "GET /static/admin/img/icon-deletelink.svg HTTP/1.1" 304 0
[2024-03-06 05:52:42,272] [basehttp.py:161] [basehttp:log_message] [INFO]- "GET /static/admin/css/fonts.css HTTP/1.1" 304 0
[2024-03-06 05:52:42,277] [basehttp.py:161] [basehttp:log_message] [INFO]- "GET /static/admin/fonts/Roboto-Regular-webfont.woff HTTP/1.1" 304 0
[2024-03-06 05:52:42,280] [basehttp.py:161] [basehttp:log_message] [INFO]- "GET /static/admin/img/icon-addlink.svg HTTP/1.1" 304 0
[2024-03-06 05:52:42,287] [basehttp.py:161] [basehttp:log_message] [INFO]- "GET /static/admin/fonts/Roboto-Light-webfont.woff HTTP/1.1" 304 0
[2024-03-06 05:52:42,287] [basehttp.py:161] [basehttp:log_message] [INFO]- "GET /static/admin/fonts/Roboto-Bold-webfont.woff HTTP/1.1" 304 0
[2024-03-06 05:52:48,660] [log.py:224] [log:log_response] [ERROR]- Internal Server Error: /admin/Enrollment_Manage/subject/
Traceback (most recent call last):
  File "/root/.local/lib/python3.8/site-packages/django/db/backends/utils.py", line 84, in _execute
    return self.cursor.execute(sql, params)
  File "/root/.local/lib/python3.8/site-packages/django/db/backends/mysql/base.py", line 73, in execute
    return self.cursor.execute(query, args)
  File "/root/.local/lib/python3.8/site-packages/pymysql/cursors.py", line 148, in execute
    result = self._query(query)
  File "/root/.local/lib/python3.8/site-packages/pymysql/cursors.py", line 310, in _query
    conn.query(q)
  File "/root/.local/lib/python3.8/site-packages/pymysql/connections.py", line 548, in query
    self._affected_rows = self._read_query_result(unbuffered=unbuffered)
  File "/root/.local/lib/python3.8/site-packages/pymysql/connections.py", line 775, in _read_query_result
    result.read()
  File "/root/.local/lib/python3.8/site-packages/pymysql/connections.py", line 1156, in read
    first_packet = self.connection._read_packet()
  File "/root/.local/lib/python3.8/site-packages/pymysql/connections.py", line 725, in _read_packet
    packet.raise_for_error()
  File "/root/.local/lib/python3.8/site-packages/pymysql/protocol.py", line 221, in raise_for_error
    err.raise_mysql_exception(self._data)
  File "/root/.local/lib/python3.8/site-packages/pymysql/err.py", line 143, in raise_mysql_exception
    raise errorclass(errno, errval)
pymysql.err.ProgrammingError: (1146, "Table 'django_demo.Enrollment_Manage_subject' doesn't exist")

The above exception was the direct cause of the following exception:

Traceback (most recent call last):
  File "/root/.local/lib/python3.8/site-packages/django/core/handlers/exception.py", line 47, in inner
    response = get_response(request)
  File "/root/.local/lib/python3.8/site-packages/django/core/handlers/base.py", line 181, in _get_response
    response = wrapped_callback(request, *callback_args, **callback_kwargs)
  File "/root/.local/lib/python3.8/site-packages/django/contrib/admin/options.py", line 616, in wrapper
    return self.admin_site.admin_view(view)(*args, **kwargs)
  File "/root/.local/lib/python3.8/site-packages/django/utils/decorators.py", line 130, in _wrapped_view
    response = view_func(request, *args, **kwargs)
  File "/root/.local/lib/python3.8/site-packages/django/views/decorators/cache.py", line 44, in _wrapped_view_func
    response = view_func(request, *args, **kwargs)
  File "/root/.local/lib/python3.8/site-packages/django/contrib/admin/sites.py", line 232, in inner
    return view(request, *args, **kwargs)
  File "/root/.local/lib/python3.8/site-packages/django/utils/decorators.py", line 43, in _wrapper
    return bound_method(*args, **kwargs)
  File "/root/.local/lib/python3.8/site-packages/django/utils/decorators.py", line 130, in _wrapped_view
    response = view_func(request, *args, **kwargs)
  File "/root/.local/lib/python3.8/site-packages/django/contrib/admin/options.py", line 1697, in changelist_view
    cl = self.get_changelist_instance(request)
  File "/root/.local/lib/python3.8/site-packages/django/contrib/admin/options.py", line 736, in get_changelist_instance
    return ChangeList(
  File "/root/.local/lib/python3.8/site-packages/django/contrib/admin/views/main.py", line 100, in __init__
    self.get_results(request)
  File "/root/.local/lib/python3.8/site-packages/django/contrib/admin/views/main.py", line 235, in get_results
    result_count = paginator.count
  File "/root/.local/lib/python3.8/site-packages/django/utils/functional.py", line 48, in __get__
    res = instance.__dict__[self.name] = self.func(instance)
  File "/root/.local/lib/python3.8/site-packages/django/core/paginator.py", line 97, in count
    return c()
  File "/root/.local/lib/python3.8/site-packages/django/db/models/query.py", line 412, in count
    return self.query.get_count(using=self.db)
  File "/root/.local/lib/python3.8/site-packages/django/db/models/sql/query.py", line 519, in get_count
    number = obj.get_aggregation(using, ['__count'])['__count']
  File "/root/.local/lib/python3.8/site-packages/django/db/models/sql/query.py", line 504, in get_aggregation
    result = compiler.execute_sql(SINGLE)
  File "/root/.local/lib/python3.8/site-packages/django/db/models/sql/compiler.py", line 1175, in execute_sql
    cursor.execute(sql, params)
  File "/root/.local/lib/python3.8/site-packages/django/db/backends/utils.py", line 98, in execute
    return super().execute(sql, params)
  File "/root/.local/lib/python3.8/site-packages/django/db/backends/utils.py", line 66, in execute
    return self._execute_with_wrappers(sql, params, many=False, executor=self._execute)
  File "/root/.local/lib/python3.8/site-packages/django/db/backends/utils.py", line 75, in _execute_with_wrappers
    return executor(sql, params, many, context)
  File "/root/.local/lib/python3.8/site-packages/django/db/backends/utils.py", line 84, in _execute
    return self.cursor.execute(sql, params)
  File "/root/.local/lib/python3.8/site-packages/django/db/utils.py", line 90, in __exit__
    raise dj_exc_value.with_traceback(traceback) from exc_value
  File "/root/.local/lib/python3.8/site-packages/django/db/backends/utils.py", line 84, in _execute
    return self.cursor.execute(sql, params)
  File "/root/.local/lib/python3.8/site-packages/django/db/backends/mysql/base.py", line 73, in execute
    return self.cursor.execute(query, args)
  File "/root/.local/lib/python3.8/site-packages/pymysql/cursors.py", line 148, in execute
    result = self._query(query)
  File "/root/.local/lib/python3.8/site-packages/pymysql/cursors.py", line 310, in _query
    conn.query(q)
  File "/root/.local/lib/python3.8/site-packages/pymysql/connections.py", line 548, in query
    self._affected_rows = self._read_query_result(unbuffered=unbuffered)
  File "/root/.local/lib/python3.8/site-packages/pymysql/connections.py", line 775, in _read_query_result
    result.read()
  File "/root/.local/lib/python3.8/site-packages/pymysql/connections.py", line 1156, in read
    first_packet = self.connection._read_packet()
  File "/root/.local/lib/python3.8/site-packages/pymysql/connections.py", line 725, in _read_packet
    packet.raise_for_error()
  File "/root/.local/lib/python3.8/site-packages/pymysql/protocol.py", line 221, in raise_for_error
    err.raise_mysql_exception(self._data)
  File "/root/.local/lib/python3.8/site-packages/pymysql/err.py", line 143, in raise_mysql_exception
    raise errorclass(errno, errval)
django.db.utils.ProgrammingError: (1146, "Table 'django_demo.Enrollment_Manage_subject' doesn't exist")
[2024-03-06 05:52:48,663] [basehttp.py:161] [basehttp:log_message] [ERROR]- "GET /admin/Enrollment_Manage/subject/ HTTP/1.1" 500 237956
[2024-03-06 05:53:03,610] [autoreload.py:251] [autoreload:trigger_reload] [INFO]- /app/Enrollment_Manage/models.py changed, reloading.
[2024-03-06 05:53:03,906] [autoreload.py:637] [autoreload:run_with_reloader] [INFO]- Watching for file changes with StatReloader
[2024-03-06 05:53:10,208] [autoreload.py:637] [autoreload:run_with_reloader] [INFO]- Watching for file changes with StatReloader
[2024-03-06 05:56:41,812] [autoreload.py:637] [autoreload:run_with_reloader] [INFO]- Watching for file changes with StatReloader
[2024-03-06 05:56:44,387] [autoreload.py:637] [autoreload:run_with_reloader] [INFO]- Watching for file changes with StatReloader
[2024-03-06 05:57:09,356] [basehttp.py:161] [basehttp:log_message] [INFO]- "GET /admin/Enrollment_Manage/subject/ HTTP/1.1" 200 7905
[2024-03-06 05:57:09,373] [basehttp.py:161] [basehttp:log_message] [INFO]- "GET /static/admin/js/admin/RelatedObjectLookups.js HTTP/1.1" 304 0
[2024-03-06 05:57:09,373] [basehttp.py:161] [basehttp:log_message] [INFO]- "GET /static/admin/css/changelists.css HTTP/1.1" 304 0
[2024-03-06 05:57:09,376] [basehttp.py:161] [basehttp:log_message] [INFO]- "GET /static/admin/js/actions.js HTTP/1.1" 304 0
[2024-03-06 05:57:09,378] [basehttp.py:161] [basehttp:log_message] [INFO]- "GET /static/admin/js/core.js HTTP/1.1" 304 0
[2024-03-06 05:57:09,380] [basehttp.py:161] [basehttp:log_message] [INFO]- "GET /static/admin/js/vendor/jquery/jquery.js HTTP/1.1" 304 0
[2024-03-06 05:57:09,380] [basehttp.py:161] [basehttp:log_message] [INFO]- "GET /static/admin/js/urlify.js HTTP/1.1" 304 0
[2024-03-06 05:57:09,381] [basehttp.py:161] [basehttp:log_message] [INFO]- "GET /static/admin/js/jquery.init.js HTTP/1.1" 304 0
[2024-03-06 05:57:09,381] [basehttp.py:161] [basehttp:log_message] [INFO]- "GET /static/admin/js/prepopulate.js HTTP/1.1" 304 0
[2024-03-06 05:57:09,382] [basehttp.py:161] [basehttp:log_message] [INFO]- "GET /static/admin/js/vendor/xregexp/xregexp.js HTTP/1.1" 304 0
[2024-03-06 05:57:09,677] [basehttp.py:161] [basehttp:log_message] [INFO]- "GET /admin/jsi18n/ HTTP/1.1" 200 8398
[2024-03-06 05:57:09,730] [basehttp.py:161] [basehttp:log_message] [INFO]- "GET /static/admin/img/tooltag-add.svg HTTP/1.1" 304 0
[2024-03-06 05:57:11,447] [basehttp.py:161] [basehttp:log_message] [INFO]- "GET /admin/Enrollment_Manage/department/ HTTP/1.1" 200 7941
[2024-03-06 05:57:11,772] [basehttp.py:161] [basehttp:log_message] [INFO]- "GET /admin/jsi18n/ HTTP/1.1" 200 8398
[2024-03-06 05:57:17,067] [basehttp.py:161] [basehttp:log_message] [INFO]- "GET /admin/Professor_Student_Manage/student/ HTTP/1.1" 200 12937
[2024-03-06 05:57:17,079] [basehttp.py:161] [basehttp:log_message] [INFO]- "GET /static/admin/img/icon-yes.svg HTTP/1.1" 304 0
[2024-03-06 05:57:17,081] [basehttp.py:161] [basehttp:log_message] [INFO]- "GET /static/admin/img/icon-no.svg HTTP/1.1" 304 0
[2024-03-06 05:57:17,081] [basehttp.py:161] [basehttp:log_message] [INFO]- "GET /static/admin/img/search.svg HTTP/1.1" 304 0
[2024-03-06 05:57:17,386] [basehttp.py:161] [basehttp:log_message] [INFO]- "GET /admin/jsi18n/ HTTP/1.1" 200 8398
[2024-03-06 05:57:23,620] [basehttp.py:161] [basehttp:log_message] [INFO]- "POST /admin/Professor_Student_Manage/student/ HTTP/1.1" 200 9703
[2024-03-06 05:57:23,646] [basehttp.py:161] [basehttp:log_message] [INFO]- "GET /static/admin/js/cancel.js HTTP/1.1" 304 0
[2024-03-06 05:57:26,873] [basehttp.py:161] [basehttp:log_message] [INFO]- "POST /admin/Professor_Student_Manage/student/ HTTP/1.1" 302 0
[2024-03-06 05:57:27,436] [basehttp.py:161] [basehttp:log_message] [INFO]- "GET /admin/Professor_Student_Manage/student/ HTTP/1.1" 200 8382
[2024-03-06 05:57:27,762] [basehttp.py:161] [basehttp:log_message] [INFO]- "GET /admin/jsi18n/ HTTP/1.1" 200 8398
[2024-03-06 05:57:29,057] [basehttp.py:161] [basehttp:log_message] [INFO]- "GET /admin/Select_Information/studentprofessorchoice/ HTTP/1.1" 200 8350
[2024-03-06 05:57:29,065] [basehttp.py:161] [basehttp:log_message] [INFO]- "GET /admin/jsi18n/ HTTP/1.1" 302 0
[2024-03-06 05:57:29,407] [basehttp.py:161] [basehttp:log_message] [INFO]- "GET /admin/jsi18n/ HTTP/1.1" 200 8398
[2024-03-06 05:57:31,865] [basehttp.py:161] [basehttp:log_message] [INFO]- "GET /admin/Professor_Student_Manage/professor/ HTTP/1.1" 200 9780
[2024-03-06 05:57:31,871] [basehttp.py:161] [basehttp:log_message] [INFO]- "GET /admin/jsi18n/ HTTP/1.1" 302 0
[2024-03-06 05:57:32,231] [basehttp.py:161] [basehttp:log_message] [INFO]- "GET /admin/jsi18n/ HTTP/1.1" 200 8398
[2024-03-06 05:57:35,494] [basehttp.py:161] [basehttp:log_message] [INFO]- "GET /admin/Professor_Student_Manage/professor/ HTTP/1.1" 200 9780
[2024-03-06 05:57:35,502] [basehttp.py:161] [basehttp:log_message] [INFO]- "GET /admin/jsi18n/ HTTP/1.1" 302 0
[2024-03-06 05:57:35,852] [basehttp.py:161] [basehttp:log_message] [INFO]- "GET /admin/jsi18n/ HTTP/1.1" 200 8398
[2024-03-06 05:57:41,544] [basehttp.py:161] [basehttp:log_message] [INFO]- "GET /admin/Professor_Student_Manage/wechataccount/ HTTP/1.1" 200 9643
[2024-03-06 05:57:42,147] [basehttp.py:161] [basehttp:log_message] [INFO]- "GET /admin/jsi18n/ HTTP/1.1" 200 8398
[2024-03-06 05:57:46,858] [basehttp.py:161] [basehttp:log_message] [INFO]- "POST /admin/Professor_Student_Manage/wechataccount/ HTTP/1.1" 200 8107
[2024-03-06 05:57:48,224] [basehttp.py:161] [basehttp:log_message] [INFO]- "POST /admin/Professor_Student_Manage/wechataccount/ HTTP/1.1" 302 0
[2024-03-06 05:57:48,925] [basehttp.py:161] [basehttp:log_message] [INFO]- "GET /admin/Professor_Student_Manage/wechataccount/ HTTP/1.1" 200 8145
[2024-03-06 05:57:49,259] [basehttp.py:161] [basehttp:log_message] [INFO]- "GET /admin/jsi18n/ HTTP/1.1" 200 8398
[2024-03-06 05:57:50,712] [basehttp.py:161] [basehttp:log_message] [INFO]- "GET /admin/Professor_Student_Manage/professor/ HTTP/1.1" 200 9780
[2024-03-06 05:57:50,722] [basehttp.py:161] [basehttp:log_message] [INFO]- "GET /admin/jsi18n/ HTTP/1.1" 302 0
[2024-03-06 05:57:51,047] [basehttp.py:161] [basehttp:log_message] [INFO]- "GET /admin/jsi18n/ HTTP/1.1" 200 8398
[2024-03-06 05:57:55,826] [basehttp.py:161] [basehttp:log_message] [INFO]- "GET /admin/Select_Information/studentprofessorchoice/ HTTP/1.1" 200 8350
[2024-03-06 05:57:55,834] [basehttp.py:161] [basehttp:log_message] [INFO]- "GET /admin/jsi18n/ HTTP/1.1" 302 0
[2024-03-06 05:57:56,202] [basehttp.py:161] [basehttp:log_message] [INFO]- "GET /admin/jsi18n/ HTTP/1.1" 200 8398
[2024-03-06 05:57:58,208] [basehttp.py:161] [basehttp:log_message] [INFO]- "GET /admin/authtoken/tokenproxy/ HTTP/1.1" 200 9325
[2024-03-06 05:57:58,239] [basehttp.py:161] [basehttp:log_message] [INFO]- "GET /static/admin/img/sorting-icons.svg HTTP/1.1" 304 0
[2024-03-06 05:58:03,186] [basehttp.py:161] [basehttp:log_message] [INFO]- "GET /admin/authtoken/tokenproxy/4/change/ HTTP/1.1" 200 10008
[2024-03-06 05:58:03,205] [basehttp.py:161] [basehttp:log_message] [INFO]- "GET /static/admin/js/prepopulate_init.js HTTP/1.1" 304 0
[2024-03-06 05:58:03,205] [basehttp.py:161] [basehttp:log_message] [INFO]- "GET /static/admin/css/forms.css HTTP/1.1" 304 0
[2024-03-06 05:58:03,205] [basehttp.py:161] [basehttp:log_message] [INFO]- "GET /static/admin/js/change_form.js HTTP/1.1" 304 0
[2024-03-06 05:58:03,212] [basehttp.py:161] [basehttp:log_message] [INFO]- "GET /static/admin/css/widgets.css HTTP/1.1" 304 0
[2024-03-06 05:58:03,534] [basehttp.py:161] [basehttp:log_message] [INFO]- "GET /admin/jsi18n/ HTTP/1.1" 200 8398
[2024-03-06 05:58:04,882] [basehttp.py:161] [basehttp:log_message] [INFO]- "GET /admin/authtoken/tokenproxy/4/delete/ HTTP/1.1" 200 7934
[2024-03-06 05:58:06,187] [basehttp.py:161] [basehttp:log_message] [INFO]- "POST /admin/authtoken/tokenproxy/4/delete/ HTTP/1.1" 302 0
[2024-03-06 05:58:06,705] [basehttp.py:161] [basehttp:log_message] [INFO]- "GET /admin/authtoken/tokenproxy/ HTTP/1.1" 200 9266
[2024-03-06 05:58:08,218] [basehttp.py:161] [basehttp:log_message] [INFO]- "GET /admin/authtoken/tokenproxy/7/change/ HTTP/1.1" 200 10008
[2024-03-06 05:58:08,533] [basehttp.py:161] [basehttp:log_message] [INFO]- "GET /admin/jsi18n/ HTTP/1.1" 200 8398
[2024-03-06 05:58:09,652] [basehttp.py:161] [basehttp:log_message] [INFO]- "GET /admin/authtoken/tokenproxy/7/delete/ HTTP/1.1" 200 7934
[2024-03-06 05:58:10,889] [basehttp.py:161] [basehttp:log_message] [INFO]- "POST /admin/authtoken/tokenproxy/7/delete/ HTTP/1.1" 302 0
[2024-03-06 05:58:11,655] [basehttp.py:161] [basehttp:log_message] [INFO]- "GET /admin/authtoken/tokenproxy/ HTTP/1.1" 200 9031
[2024-03-06 05:58:13,088] [basehttp.py:161] [basehttp:log_message] [INFO]- "GET /admin/authtoken/tokenproxy/9/change/ HTTP/1.1" 200 10008
[2024-03-06 05:58:13,435] [basehttp.py:161] [basehttp:log_message] [INFO]- "GET /admin/jsi18n/ HTTP/1.1" 200 8398
[2024-03-06 05:58:14,467] [basehttp.py:161] [basehttp:log_message] [INFO]- "GET /admin/authtoken/tokenproxy/9/delete/ HTTP/1.1" 200 7934
[2024-03-06 05:58:17,328] [basehttp.py:161] [basehttp:log_message] [INFO]- "POST /admin/authtoken/tokenproxy/9/delete/ HTTP/1.1" 302 0
[2024-03-06 05:58:17,819] [basehttp.py:161] [basehttp:log_message] [INFO]- "GET /admin/authtoken/tokenproxy/ HTTP/1.1" 200 8009
[2024-03-06 05:58:20,335] [basehttp.py:161] [basehttp:log_message] [INFO]- "GET /admin/Professor_Student_Manage/professor/ HTTP/1.1" 200 9780
[2024-03-06 05:58:20,341] [basehttp.py:161] [basehttp:log_message] [INFO]- "GET /admin/jsi18n/ HTTP/1.1" 302 0
[2024-03-06 05:58:20,711] [basehttp.py:161] [basehttp:log_message] [INFO]- "GET /admin/jsi18n/ HTTP/1.1" 200 8398
[2024-03-06 05:58:59,881] [autoreload.py:637] [autoreload:run_with_reloader] [INFO]- Watching for file changes with StatReloader
[2024-03-06 05:59:03,223] [autoreload.py:251] [autoreload:trigger_reload] [INFO]- /app/Professor_Student_Manage/models.py changed, reloading.
[2024-03-06 05:59:03,500] [autoreload.py:637] [autoreload:run_with_reloader] [INFO]- Watching for file changes with StatReloader
[2024-03-06 05:59:06,991] [autoreload.py:637] [autoreload:run_with_reloader] [INFO]- Watching for file changes with StatReloader
[2024-03-06 06:02:23,328] [autoreload.py:637] [autoreload:run_with_reloader] [INFO]- Watching for file changes with StatReloader
[2024-03-06 06:03:50,226] [autoreload.py:637] [autoreload:run_with_reloader] [INFO]- Watching for file changes with StatReloader
[2024-03-06 06:05:08,161] [basehttp.py:161] [basehttp:log_message] [INFO]- "GET /admin/Professor_Student_Manage/professor/ HTTP/1.1" 302 0
[2024-03-06 06:05:08,200] [basehttp.py:161] [basehttp:log_message] [INFO]- "GET /admin/login/?next=/admin/Professor_Student_Manage/professor/ HTTP/1.1" 200 2286
[2024-03-06 06:05:08,209] [basehttp.py:161] [basehttp:log_message] [INFO]- "GET /static/admin/css/login.css HTTP/1.1" 200 939
[2024-03-06 06:07:49,961] [basehttp.py:161] [basehttp:log_message] [INFO]- "POST /admin/login/?next=/admin/Professor_Student_Manage/professor/ HTTP/1.1" 302 0
[2024-03-06 06:07:50,551] [basehttp.py:161] [basehttp:log_message] [INFO]- "GET /admin/Professor_Student_Manage/professor/ HTTP/1.1" 200 8933
[2024-03-06 06:07:50,893] [basehttp.py:161] [basehttp:log_message] [INFO]- "GET /admin/jsi18n/ HTTP/1.1" 200 8398
[2024-03-06 06:10:08,095] [autoreload.py:251] [autoreload:trigger_reload] [INFO]- /app/Professor_Student_Manage/models.py changed, reloading.
[2024-03-06 06:10:08,391] [autoreload.py:637] [autoreload:run_with_reloader] [INFO]- Watching for file changes with StatReloader
[2024-03-06 06:10:19,280] [autoreload.py:637] [autoreload:run_with_reloader] [INFO]- Watching for file changes with StatReloader
[2024-03-06 06:10:32,648] [autoreload.py:637] [autoreload:run_with_reloader] [INFO]- Watching for file changes with StatReloader
[2024-03-06 06:10:37,058] [autoreload.py:637] [autoreload:run_with_reloader] [INFO]- Watching for file changes with StatReloader
[2024-03-06 06:11:33,912] [basehttp.py:161] [basehttp:log_message] [INFO]- "GET /admin/Professor_Student_Manage/professor/ HTTP/1.1" 200 8933
[2024-03-06 06:11:33,917] [basehttp.py:161] [basehttp:log_message] [INFO]- "GET /admin/jsi18n/ HTTP/1.1" 302 0
[2024-03-06 06:11:34,259] [basehttp.py:161] [basehttp:log_message] [INFO]- "GET /admin/jsi18n/ HTTP/1.1" 200 8398
[2024-03-06 06:12:33,755] [autoreload.py:251] [autoreload:trigger_reload] [INFO]- /app/Enrollment_Manage/apps.py changed, reloading.
[2024-03-06 06:12:34,038] [autoreload.py:637] [autoreload:run_with_reloader] [INFO]- Watching for file changes with StatReloader
[2024-03-06 06:12:37,386] [autoreload.py:251] [autoreload:trigger_reload] [INFO]- /app/Enrollment_Manage/apps.py changed, reloading.
[2024-03-06 06:12:37,838] [autoreload.py:637] [autoreload:run_with_reloader] [INFO]- Watching for file changes with StatReloader
[2024-03-06 06:12:40,033] [basehttp.py:161] [basehttp:log_message] [INFO]- "GET /admin/Professor_Student_Manage/professor/ HTTP/1.1" 200 8947
[2024-03-06 06:12:40,325] [basehttp.py:161] [basehttp:log_message] [INFO]- "GET /admin/jsi18n/ HTTP/1.1" 200 8398
[2024-03-06 06:12:48,333] [basehttp.py:161] [basehttp:log_message] [INFO]- "GET /admin/Select_Information/studentprofessorchoice/add/ HTTP/1.1" 200 12656
[2024-03-06 06:12:48,356] [basehttp.py:161] [basehttp:log_message] [INFO]- "GET /static/admin/js/calendar.js HTTP/1.1" 200 8466
[2024-03-06 06:12:48,356] [basehttp.py:161] [basehttp:log_message] [INFO]- "GET /static/admin/js/admin/DateTimeShortcuts.js HTTP/1.1" 200 19634
[2024-03-06 06:12:48,677] [basehttp.py:161] [basehttp:log_message] [INFO]- "GET /admin/jsi18n/ HTTP/1.1" 200 8398
[2024-03-06 06:12:48,729] [basehttp.py:161] [basehttp:log_message] [INFO]- "GET /static/admin/img/icon-calendar.svg HTTP/1.1" 200 1086
[2024-03-06 06:12:48,729] [basehttp.py:161] [basehttp:log_message] [INFO]- "GET /static/admin/img/icon-clock.svg HTTP/1.1" 200 677
[2024-03-06 06:13:29,017] [basehttp.py:161] [basehttp:log_message] [INFO]- "GET /admin/Professor_Student_Manage/student/ HTTP/1.1" 200 8262
[2024-03-06 06:13:29,027] [basehttp.py:161] [basehttp:log_message] [INFO]- "GET /admin/jsi18n/ HTTP/1.1" 302 0
[2024-03-06 06:13:29,389] [basehttp.py:161] [basehttp:log_message] [INFO]- "GET /admin/jsi18n/ HTTP/1.1" 200 8398
[2024-03-06 06:13:30,877] [basehttp.py:161] [basehttp:log_message] [INFO]- "GET /admin/Professor_Student_Manage/professor/ HTTP/1.1" 200 8947
[2024-03-06 06:13:30,885] [basehttp.py:161] [basehttp:log_message] [INFO]- "GET /admin/jsi18n/ HTTP/1.1" 302 0
[2024-03-06 06:13:31,192] [basehttp.py:161] [basehttp:log_message] [INFO]- "GET /admin/jsi18n/ HTTP/1.1" 200 8398
[2024-03-06 06:13:32,670] [basehttp.py:161] [basehttp:log_message] [INFO]- "GET /admin/Professor_Student_Manage/professor/add/ HTTP/1.1" 200 16816
[2024-03-06 06:13:32,997] [basehttp.py:161] [basehttp:log_message] [INFO]- "GET /admin/jsi18n/ HTTP/1.1" 200 8398
[2024-03-06 06:14:03,103] [basehttp.py:161] [basehttp:log_message] [INFO]- "GET /admin/Enrollment_Manage/department/ HTTP/1.1" 200 7962
[2024-03-06 06:14:03,419] [basehttp.py:161] [basehttp:log_message] [INFO]- "GET /admin/jsi18n/ HTTP/1.1" 200 8398
[2024-03-06 06:14:05,396] [basehttp.py:161] [basehttp:log_message] [INFO]- "GET /admin/Enrollment_Manage/department/add/ HTTP/1.1" 200 12759
[2024-03-06 06:14:05,744] [basehttp.py:161] [basehttp:log_message] [INFO]- "GET /admin/jsi18n/ HTTP/1.1" 200 8398
[2024-03-06 06:14:53,312] [basehttp.py:161] [basehttp:log_message] [INFO]- "POST /admin/Enrollment_Manage/department/add/ HTTP/1.1" 302 0
[2024-03-06 06:14:53,846] [basehttp.py:161] [basehttp:log_message] [INFO]- "GET /admin/Enrollment_Manage/department/ HTTP/1.1" 200 11038
[2024-03-06 06:14:54,163] [basehttp.py:161] [basehttp:log_message] [INFO]- "GET /admin/jsi18n/ HTTP/1.1" 200 8398
[2024-03-06 06:14:57,189] [basehttp.py:161] [basehttp:log_message] [INFO]- "GET /admin/Enrollment_Manage/department/add/ HTTP/1.1" 200 12759
[2024-03-06 06:14:57,520] [basehttp.py:161] [basehttp:log_message] [INFO]- "GET /admin/jsi18n/ HTTP/1.1" 200 8398
[2024-03-06 06:15:01,965] [basehttp.py:161] [basehttp:log_message] [INFO]- "POST /admin/Enrollment_Manage/department/add/ HTTP/1.1" 302 0
[2024-03-06 06:15:02,564] [basehttp.py:161] [basehttp:log_message] [INFO]- "GET /admin/Enrollment_Manage/department/ HTTP/1.1" 200 11600
[2024-03-06 06:15:02,890] [basehttp.py:161] [basehttp:log_message] [INFO]- "GET /admin/jsi18n/ HTTP/1.1" 200 8398
[2024-03-06 06:15:04,167] [basehttp.py:161] [basehttp:log_message] [INFO]- "GET /admin/Enrollment_Manage/department/add/ HTTP/1.1" 200 12759
[2024-03-06 06:15:04,173] [basehttp.py:161] [basehttp:log_message] [INFO]- "GET /admin/jsi18n/ HTTP/1.1" 302 0
[2024-03-06 06:15:04,510] [basehttp.py:161] [basehttp:log_message] [INFO]- "GET /admin/jsi18n/ HTTP/1.1" 200 8398
[2024-03-06 06:15:13,531] [basehttp.py:161] [basehttp:log_message] [INFO]- "POST /admin/Enrollment_Manage/department/add/ HTTP/1.1" 302 0
[2024-03-06 06:15:14,145] [basehttp.py:161] [basehttp:log_message] [INFO]- "GET /admin/Enrollment_Manage/department/ HTTP/1.1" 200 12186
[2024-03-06 06:15:14,481] [basehttp.py:161] [basehttp:log_message] [INFO]- "GET /admin/jsi18n/ HTTP/1.1" 200 8398
[2024-03-06 06:15:15,531] [basehttp.py:161] [basehttp:log_message] [INFO]- "GET /admin/Enrollment_Manage/department/add/ HTTP/1.1" 200 12759
[2024-03-06 06:15:15,538] [basehttp.py:161] [basehttp:log_message] [INFO]- "GET /admin/jsi18n/ HTTP/1.1" 302 0
[2024-03-06 06:15:15,860] [basehttp.py:161] [basehttp:log_message] [INFO]- "GET /admin/jsi18n/ HTTP/1.1" 200 8398
[2024-03-06 06:15:19,239] [basehttp.py:161] [basehttp:log_message] [INFO]- "POST /admin/Enrollment_Manage/department/add/ HTTP/1.1" 302 0
[2024-03-06 06:15:19,961] [basehttp.py:161] [basehttp:log_message] [INFO]- "GET /admin/Enrollment_Manage/department/ HTTP/1.1" 200 12760
[2024-03-06 06:15:20,277] [basehttp.py:161] [basehttp:log_message] [INFO]- "GET /admin/jsi18n/ HTTP/1.1" 200 8398
[2024-03-06 06:15:21,248] [basehttp.py:161] [basehttp:log_message] [INFO]- "GET /admin/Enrollment_Manage/department/add/ HTTP/1.1" 200 12759
[2024-03-06 06:15:21,255] [basehttp.py:161] [basehttp:log_message] [INFO]- "GET /admin/jsi18n/ HTTP/1.1" 302 0
[2024-03-06 06:15:21,580] [basehttp.py:161] [basehttp:log_message] [INFO]- "GET /admin/jsi18n/ HTTP/1.1" 200 8398
[2024-03-06 06:15:25,110] [basehttp.py:161] [basehttp:log_message] [INFO]- "POST /admin/Enrollment_Manage/department/add/ HTTP/1.1" 302 0
[2024-03-06 06:15:25,923] [basehttp.py:161] [basehttp:log_message] [INFO]- "GET /admin/Enrollment_Manage/department/ HTTP/1.1" 200 13334
[2024-03-06 06:15:26,277] [basehttp.py:161] [basehttp:log_message] [INFO]- "GET /admin/jsi18n/ HTTP/1.1" 200 8398
[2024-03-06 06:15:27,300] [basehttp.py:161] [basehttp:log_message] [INFO]- "GET /admin/Enrollment_Manage/department/add/ HTTP/1.1" 200 12759
[2024-03-06 06:15:27,305] [basehttp.py:161] [basehttp:log_message] [INFO]- "GET /admin/jsi18n/ HTTP/1.1" 302 0
[2024-03-06 06:15:27,626] [basehttp.py:161] [basehttp:log_message] [INFO]- "GET /admin/jsi18n/ HTTP/1.1" 200 8398
[2024-03-06 06:15:31,053] [basehttp.py:161] [basehttp:log_message] [INFO]- "POST /admin/Enrollment_Manage/department/add/ HTTP/1.1" 302 0
[2024-03-06 06:15:31,846] [basehttp.py:161] [basehttp:log_message] [INFO]- "GET /admin/Enrollment_Manage/department/ HTTP/1.1" 200 13908
[2024-03-06 06:15:32,192] [basehttp.py:161] [basehttp:log_message] [INFO]- "GET /admin/jsi18n/ HTTP/1.1" 200 8398
[2024-03-06 06:15:36,048] [basehttp.py:161] [basehttp:log_message] [INFO]- "GET /admin/Enrollment_Manage/subject/ HTTP/1.1" 200 7926
[2024-03-06 06:15:36,372] [basehttp.py:161] [basehttp:log_message] [INFO]- "GET /admin/jsi18n/ HTTP/1.1" 200 8398
[2024-03-06 06:15:51,318] [basehttp.py:161] [basehttp:log_message] [INFO]- "GET /admin/Enrollment_Manage/subject/add/ HTTP/1.1" 200 11112
[2024-03-06 06:15:51,927] [basehttp.py:161] [basehttp:log_message] [INFO]- "GET /admin/jsi18n/ HTTP/1.1" 200 8398
[2024-03-06 06:16:09,940] [basehttp.py:161] [basehttp:log_message] [INFO]- "POST /admin/Enrollment_Manage/subject/add/ HTTP/1.1" 302 0
[2024-03-06 06:16:10,512] [basehttp.py:161] [basehttp:log_message] [INFO]- "GET /admin/Enrollment_Manage/subject/ HTTP/1.1" 200 9757
[2024-03-06 06:16:10,841] [basehttp.py:161] [basehttp:log_message] [INFO]- "GET /admin/jsi18n/ HTTP/1.1" 200 8398
[2024-03-06 06:16:15,478] [basehttp.py:161] [basehttp:log_message] [INFO]- "GET /admin/Enrollment_Manage/subject/add/ HTTP/1.1" 200 11112
[2024-03-06 06:16:15,819] [basehttp.py:161] [basehttp:log_message] [INFO]- "GET /admin/jsi18n/ HTTP/1.1" 200 8398
[2024-03-06 06:16:31,440] [basehttp.py:161] [basehttp:log_message] [INFO]- "POST /admin/Enrollment_Manage/subject/add/ HTTP/1.1" 302 0
[2024-03-06 06:16:31,929] [basehttp.py:161] [basehttp:log_message] [INFO]- "GET /admin/Enrollment_Manage/subject/ HTTP/1.1" 200 10094
[2024-03-06 06:16:32,232] [basehttp.py:161] [basehttp:log_message] [INFO]- "GET /admin/jsi18n/ HTTP/1.1" 200 8398
[2024-03-06 06:16:33,393] [basehttp.py:161] [basehttp:log_message] [INFO]- "GET /admin/Enrollment_Manage/subject/add/ HTTP/1.1" 200 11112
[2024-03-06 06:16:33,405] [basehttp.py:161] [basehttp:log_message] [INFO]- "GET /admin/jsi18n/ HTTP/1.1" 302 0
[2024-03-06 06:16:33,744] [basehttp.py:161] [basehttp:log_message] [INFO]- "GET /admin/jsi18n/ HTTP/1.1" 200 8398
[2024-03-06 06:16:52,833] [basehttp.py:161] [basehttp:log_message] [INFO]- "POST /admin/Enrollment_Manage/subject/add/ HTTP/1.1" 302 0
[2024-03-06 06:16:53,306] [basehttp.py:161] [basehttp:log_message] [INFO]- "GET /admin/Enrollment_Manage/subject/ HTTP/1.1" 200 10425
[2024-03-06 06:16:53,648] [basehttp.py:161] [basehttp:log_message] [INFO]- "GET /admin/jsi18n/ HTTP/1.1" 200 8398
[2024-03-06 06:16:55,719] [basehttp.py:161] [basehttp:log_message] [INFO]- "GET /admin/Enrollment_Manage/subject/add/ HTTP/1.1" 200 11112
[2024-03-06 06:16:55,733] [basehttp.py:161] [basehttp:log_message] [INFO]- "GET /admin/jsi18n/ HTTP/1.1" 302 0
[2024-03-06 06:16:56,093] [basehttp.py:161] [basehttp:log_message] [INFO]- "GET /admin/jsi18n/ HTTP/1.1" 200 8398
[2024-03-06 06:17:15,339] [basehttp.py:161] [basehttp:log_message] [INFO]- "POST /admin/Enrollment_Manage/subject/add/ HTTP/1.1" 302 0
[2024-03-06 06:17:15,943] [basehttp.py:161] [basehttp:log_message] [INFO]- "GET /admin/Enrollment_Manage/subject/ HTTP/1.1" 200 10753
[2024-03-06 06:17:16,250] [basehttp.py:161] [basehttp:log_message] [INFO]- "GET /admin/jsi18n/ HTTP/1.1" 200 8398
[2024-03-06 06:17:20,098] [basehttp.py:161] [basehttp:log_message] [INFO]- "GET /admin/Enrollment_Manage/subject/add/ HTTP/1.1" 200 11112
[2024-03-06 06:17:20,104] [basehttp.py:161] [basehttp:log_message] [INFO]- "GET /admin/jsi18n/ HTTP/1.1" 302 0
[2024-03-06 06:17:20,686] [basehttp.py:161] [basehttp:log_message] [INFO]- "GET /admin/jsi18n/ HTTP/1.1" 200 8398
[2024-03-06 06:17:35,623] [basehttp.py:161] [basehttp:log_message] [INFO]- "POST /admin/Enrollment_Manage/subject/add/ HTTP/1.1" 302 0
[2024-03-06 06:17:36,167] [basehttp.py:161] [basehttp:log_message] [INFO]- "GET /admin/Enrollment_Manage/subject/ HTTP/1.1" 200 11057
[2024-03-06 06:17:36,493] [basehttp.py:161] [basehttp:log_message] [INFO]- "GET /admin/jsi18n/ HTTP/1.1" 200 8398
[2024-03-06 06:17:40,834] [basehttp.py:161] [basehttp:log_message] [INFO]- "GET /admin/Enrollment_Manage/subject/add/ HTTP/1.1" 200 11112
[2024-03-06 06:17:40,840] [basehttp.py:161] [basehttp:log_message] [INFO]- "GET /admin/jsi18n/ HTTP/1.1" 302 0
[2024-03-06 06:17:41,398] [basehttp.py:161] [basehttp:log_message] [INFO]- "GET /admin/jsi18n/ HTTP/1.1" 200 8398
[2024-03-06 06:17:55,153] [basehttp.py:161] [basehttp:log_message] [INFO]- "POST /admin/Enrollment_Manage/subject/add/ HTTP/1.1" 302 0
[2024-03-06 06:17:55,690] [basehttp.py:161] [basehttp:log_message] [INFO]- "GET /admin/Enrollment_Manage/subject/ HTTP/1.1" 200 11367
[2024-03-06 06:17:56,065] [basehttp.py:161] [basehttp:log_message] [INFO]- "GET /admin/jsi18n/ HTTP/1.1" 200 8398
[2024-03-06 06:17:59,696] [basehttp.py:161] [basehttp:log_message] [INFO]- "GET /admin/Enrollment_Manage/subject/add/ HTTP/1.1" 200 11112
[2024-03-06 06:17:59,703] [basehttp.py:161] [basehttp:log_message] [INFO]- "GET /admin/jsi18n/ HTTP/1.1" 302 0
[2024-03-06 06:18:00,071] [basehttp.py:161] [basehttp:log_message] [INFO]- "GET /admin/jsi18n/ HTTP/1.1" 200 8398
[2024-03-06 06:18:11,344] [basehttp.py:161] [basehttp:log_message] [INFO]- "POST /admin/Enrollment_Manage/subject/add/ HTTP/1.1" 302 0
[2024-03-06 06:18:11,959] [basehttp.py:161] [basehttp:log_message] [INFO]- "GET /admin/Enrollment_Manage/subject/ HTTP/1.1" 200 11710
[2024-03-06 06:18:12,284] [basehttp.py:161] [basehttp:log_message] [INFO]- "GET /admin/jsi18n/ HTTP/1.1" 200 8398
[2024-03-06 06:19:12,133] [basehttp.py:161] [basehttp:log_message] [INFO]- "GET /admin/Enrollment_Manage/department/ HTTP/1.1" 200 13681
[2024-03-06 06:19:12,147] [basehttp.py:161] [basehttp:log_message] [INFO]- "GET /admin/jsi18n/ HTTP/1.1" 302 0
[2024-03-06 06:19:12,501] [basehttp.py:161] [basehttp:log_message] [INFO]- "GET /admin/jsi18n/ HTTP/1.1" 200 8398
[2024-03-06 06:19:13,670] [basehttp.py:161] [basehttp:log_message] [INFO]- "GET /admin/Enrollment_Manage/subject/ HTTP/1.1" 200 11489
[2024-03-06 06:19:13,677] [basehttp.py:161] [basehttp:log_message] [INFO]- "GET /admin/jsi18n/ HTTP/1.1" 302 0
[2024-03-06 06:19:14,041] [basehttp.py:161] [basehttp:log_message] [INFO]- "GET /admin/jsi18n/ HTTP/1.1" 200 8398
[2024-03-06 06:19:16,148] [basehttp.py:161] [basehttp:log_message] [INFO]- "GET /admin/Professor_Student_Manage/professor/ HTTP/1.1" 200 9733
[2024-03-06 06:19:16,154] [basehttp.py:161] [basehttp:log_message] [INFO]- "GET /admin/jsi18n/ HTTP/1.1" 302 0
[2024-03-06 06:19:16,473] [basehttp.py:161] [basehttp:log_message] [INFO]- "GET /admin/jsi18n/ HTTP/1.1" 200 8398
[2024-03-06 06:19:17,968] [basehttp.py:161] [basehttp:log_message] [INFO]- "GET /admin/Professor_Student_Manage/professor/add/ HTTP/1.1" 200 17122
[2024-03-06 06:19:18,302] [basehttp.py:161] [basehttp:log_message] [INFO]- "GET /admin/jsi18n/ HTTP/1.1" 200 8398
[2024-03-06 06:20:07,771] [basehttp.py:161] [basehttp:log_message] [INFO]- "POST /admin/Professor_Student_Manage/professor/add/ HTTP/1.1" 302 0
[2024-03-06 06:20:08,370] [basehttp.py:161] [basehttp:log_message] [INFO]- "GET /admin/Professor_Student_Manage/professor/ HTTP/1.1" 200 12123
[2024-03-06 06:20:08,701] [basehttp.py:161] [basehttp:log_message] [INFO]- "GET /admin/jsi18n/ HTTP/1.1" 200 8398
[2024-03-06 06:20:26,741] [autoreload.py:251] [autoreload:trigger_reload] [INFO]- /app/Professor_Student_Manage/admin.py changed, reloading.
[2024-03-06 06:20:27,068] [autoreload.py:637] [autoreload:run_with_reloader] [INFO]- Watching for file changes with StatReloader
[2024-03-06 06:20:28,896] [autoreload.py:637] [autoreload:run_with_reloader] [INFO]- Watching for file changes with StatReloader
[2024-03-06 06:20:33,818] [basehttp.py:161] [basehttp:log_message] [INFO]- "GET /admin/Professor_Student_Manage/professor/add/ HTTP/1.1" 200 16460
[2024-03-06 06:20:33,824] [basehttp.py:161] [basehttp:log_message] [INFO]- "GET /admin/jsi18n/ HTTP/1.1" 302 0
[2024-03-06 06:20:34,158] [basehttp.py:161] [basehttp:log_message] [INFO]- "GET /admin/jsi18n/ HTTP/1.1" 200 8398
[2024-03-06 06:20:41,064] [basehttp.py:161] [basehttp:log_message] [INFO]- "GET /admin/Professor_Student_Manage/professor/ HTTP/1.1" 200 11911
[2024-03-06 06:20:41,074] [basehttp.py:161] [basehttp:log_message] [INFO]- "GET /admin/jsi18n/ HTTP/1.1" 302 0
[2024-03-06 06:20:41,690] [basehttp.py:161] [basehttp:log_message] [INFO]- "GET /admin/jsi18n/ HTTP/1.1" 200 8398
[2024-03-06 06:20:46,770] [basehttp.py:161] [basehttp:log_message] [INFO]- "GET /admin/Professor_Student_Manage/student/ HTTP/1.1" 200 9317
[2024-03-06 06:20:46,775] [basehttp.py:161] [basehttp:log_message] [INFO]- "GET /admin/jsi18n/ HTTP/1.1" 302 0
[2024-03-06 06:20:47,090] [basehttp.py:161] [basehttp:log_message] [INFO]- "GET /admin/jsi18n/ HTTP/1.1" 200 8398
[2024-03-06 06:20:48,402] [basehttp.py:161] [basehttp:log_message] [INFO]- "GET /admin/Professor_Student_Manage/student/add/ HTTP/1.1" 200 15459
[2024-03-06 06:20:48,728] [basehttp.py:161] [basehttp:log_message] [INFO]- "GET /admin/jsi18n/ HTTP/1.1" 200 8398
[2024-03-06 06:21:08,075] [autoreload.py:251] [autoreload:trigger_reload] [INFO]- /app/Professor_Student_Manage/admin.py changed, reloading.
[2024-03-06 06:21:08,543] [autoreload.py:637] [autoreload:run_with_reloader] [INFO]- Watching for file changes with StatReloader
[2024-03-06 06:21:11,357] [basehttp.py:161] [basehttp:log_message] [INFO]- "GET /admin/Professor_Student_Manage/professor/ HTTP/1.1" 200 11911
[2024-03-06 06:21:11,367] [basehttp.py:161] [basehttp:log_message] [INFO]- "GET /admin/jsi18n/ HTTP/1.1" 302 0
[2024-03-06 06:21:11,695] [basehttp.py:161] [basehttp:log_message] [INFO]- "GET /admin/jsi18n/ HTTP/1.1" 200 8398
[2024-03-06 06:21:12,826] [basehttp.py:161] [basehttp:log_message] [INFO]- "GET /admin/Professor_Student_Manage/professor/add/ HTTP/1.1" 200 16460
[2024-03-06 06:21:12,831] [basehttp.py:161] [basehttp:log_message] [INFO]- "GET /admin/jsi18n/ HTTP/1.1" 302 0
[2024-03-06 06:21:13,187] [basehttp.py:161] [basehttp:log_message] [INFO]- "GET /admin/jsi18n/ HTTP/1.1" 200 8398
[2024-03-06 06:21:14,908] [basehttp.py:161] [basehttp:log_message] [INFO]- "GET /admin/Professor_Student_Manage/student/ HTTP/1.1" 200 9317
[2024-03-06 06:21:14,915] [basehttp.py:161] [basehttp:log_message] [INFO]- "GET /admin/jsi18n/ HTTP/1.1" 302 0
[2024-03-06 06:21:15,230] [basehttp.py:161] [basehttp:log_message] [INFO]- "GET /admin/jsi18n/ HTTP/1.1" 200 8398
[2024-03-06 06:21:16,761] [basehttp.py:161] [basehttp:log_message] [INFO]- "GET /admin/Professor_Student_Manage/student/add/ HTTP/1.1" 200 14305
[2024-03-06 06:21:16,766] [basehttp.py:161] [basehttp:log_message] [INFO]- "GET /admin/jsi18n/ HTTP/1.1" 302 0
[2024-03-06 06:21:17,091] [basehttp.py:161] [basehttp:log_message] [INFO]- "GET /admin/jsi18n/ HTTP/1.1" 200 8398
[2024-03-06 06:22:15,255] [basehttp.py:161] [basehttp:log_message] [INFO]- "POST /admin/Professor_Student_Manage/student/add/ HTTP/1.1" 302 0
[2024-03-06 06:22:15,834] [basehttp.py:161] [basehttp:log_message] [INFO]- "GET /admin/Professor_Student_Manage/student/ HTTP/1.1" 200 12038
[2024-03-06 06:22:16,163] [basehttp.py:161] [basehttp:log_message] [INFO]- "GET /admin/jsi18n/ HTTP/1.1" 200 8398
[2024-03-06 06:22:17,238] [basehttp.py:161] [basehttp:log_message] [INFO]- "GET /admin/Enrollment_Manage/subject/ HTTP/1.1" 200 11489
[2024-03-06 06:22:17,244] [basehttp.py:161] [basehttp:log_message] [INFO]- "GET /admin/jsi18n/ HTTP/1.1" 302 0
[2024-03-06 06:22:17,611] [basehttp.py:161] [basehttp:log_message] [INFO]- "GET /admin/jsi18n/ HTTP/1.1" 200 8398
[2024-03-06 06:22:21,203] [basehttp.py:161] [basehttp:log_message] [INFO]- "GET /admin/Enrollment_Manage/subject/6/change/ HTTP/1.1" 200 11423
[2024-03-06 06:22:21,557] [basehttp.py:161] [basehttp:log_message] [INFO]- "GET /admin/jsi18n/ HTTP/1.1" 200 8398
[2024-03-06 06:22:33,412] [basehttp.py:161] [basehttp:log_message] [INFO]- "POST /admin/Enrollment_Manage/subject/6/change/ HTTP/1.1" 302 0
[2024-03-06 06:22:33,979] [basehttp.py:161] [basehttp:log_message] [INFO]- "GET /admin/Enrollment_Manage/subject/ HTTP/1.1" 200 11705
[2024-03-06 06:22:34,314] [basehttp.py:161] [basehttp:log_message] [INFO]- "GET /admin/jsi18n/ HTTP/1.1" 200 8398
[2024-03-06 06:22:36,814] [basehttp.py:161] [basehttp:log_message] [INFO]- "GET /admin/Enrollment_Manage/subject/1/change/ HTTP/1.1" 200 11423
[2024-03-06 06:22:37,155] [basehttp.py:161] [basehttp:log_message] [INFO]- "GET /admin/jsi18n/ HTTP/1.1" 200 8398
[2024-03-06 06:22:43,735] [basehttp.py:161] [basehttp:log_message] [INFO]- "POST /admin/Enrollment_Manage/subject/1/change/ HTTP/1.1" 302 0
[2024-03-06 06:22:44,249] [basehttp.py:161] [basehttp:log_message] [INFO]- "GET /admin/Enrollment_Manage/subject/ HTTP/1.1" 200 11710
[2024-03-06 06:22:44,577] [basehttp.py:161] [basehttp:log_message] [INFO]- "GET /admin/jsi18n/ HTTP/1.1" 200 8398
[2024-03-06 06:22:47,410] [basehttp.py:161] [basehttp:log_message] [INFO]- "GET /admin/Professor_Student_Manage/student/ HTTP/1.1" 200 11853
[2024-03-06 06:22:47,417] [basehttp.py:161] [basehttp:log_message] [INFO]- "GET /admin/jsi18n/ HTTP/1.1" 302 0
[2024-03-06 06:22:47,960] [basehttp.py:161] [basehttp:log_message] [INFO]- "GET /admin/jsi18n/ HTTP/1.1" 200 8398
[2024-03-06 06:23:03,680] [basehttp.py:161] [basehttp:log_message] [INFO]- "GET /admin/Professor_Student_Manage/professor/ HTTP/1.1" 200 11911
[2024-03-06 06:23:04,223] [basehttp.py:161] [basehttp:log_message] [INFO]- "GET /admin/Professor_Student_Manage/professor/ HTTP/1.1" 200 11911
[2024-03-06 06:23:04,229] [basehttp.py:161] [basehttp:log_message] [INFO]- "GET /admin/jsi18n/ HTTP/1.1" 302 0
[2024-03-06 06:23:04,545] [basehttp.py:161] [basehttp:log_message] [INFO]- "GET /admin/jsi18n/ HTTP/1.1" 200 8398
[2024-03-06 06:23:06,173] [basehttp.py:161] [basehttp:log_message] [INFO]- "GET /admin/Professor_Student_Manage/student/ HTTP/1.1" 200 11853
[2024-03-06 06:23:06,178] [basehttp.py:161] [basehttp:log_message] [INFO]- "GET /admin/jsi18n/ HTTP/1.1" 302 0
[2024-03-06 06:23:06,564] [basehttp.py:161] [basehttp:log_message] [INFO]- "GET /admin/jsi18n/ HTTP/1.1" 200 8398
[2024-03-06 06:23:07,937] [basehttp.py:161] [basehttp:log_message] [INFO]- "GET /admin/Professor_Student_Manage/professor/ HTTP/1.1" 200 11911
[2024-03-06 06:23:07,943] [basehttp.py:161] [basehttp:log_message] [INFO]- "GET /admin/jsi18n/ HTTP/1.1" 302 0
[2024-03-06 06:23:08,257] [basehttp.py:161] [basehttp:log_message] [INFO]- "GET /admin/jsi18n/ HTTP/1.1" 200 8398
[2024-03-06 06:23:30,155] [basehttp.py:161] [basehttp:log_message] [INFO]- "POST /userlogin/ HTTP/1.1" 200 488
[2024-03-06 06:23:30,639] [basehttp.py:161] [basehttp:log_message] [INFO]- "GET /Professor_Student_Manage/user-info/?usertype=professor HTTP/1.1" 200 404
[2024-03-06 06:23:30,656] [log.py:224] [log:log_response] [WARNING]- Not Found: /Professor_Quota_Review/get-admission-approvals/
[2024-03-06 06:23:30,658] [basehttp.py:161] [basehttp:log_message] [WARNING]- "GET /Professor_Quota_Review/get-admission-approvals/ HTTP/1.1" 404 3256
[2024-03-06 06:23:31,039] [basehttp.py:161] [basehttp:log_message] [INFO]- "GET /Professor_Student_Manage/user-info/?usertype=professor HTTP/1.1" 200 404
[2024-03-06 06:23:31,061] [log.py:224] [log:log_response] [WARNING]- Not Found: /Professor_Quota_Review/get-admission-approvals/
[2024-03-06 06:23:31,062] [basehttp.py:161] [basehttp:log_message] [WARNING]- "GET /Professor_Quota_Review/get-admission-approvals/ HTTP/1.1" 404 3256
[2024-03-06 06:24:47,999] [basehttp.py:161] [basehttp:log_message] [INFO]- "GET /Select_Information/get-select-info/?usertype=professor HTTP/1.1" 200 2
[2024-03-06 06:24:48,012] [basehttp.py:161] [basehttp:log_message] [INFO]- "GET /Professor_Student_Manage/user-info/?usertype=professor HTTP/1.1" 200 404
[2024-03-06 06:24:48,354] [basehttp.py:161] [basehttp:log_message] [INFO]- "GET /Professor_Student_Manage/user-info/?usertype=professor HTTP/1.1" 200 404
[2024-03-06 06:24:48,403] [basehttp.py:161] [basehttp:log_message] [INFO]- "GET /Select_Information/get-select-info/?usertype=professor HTTP/1.1" 200 2
[2024-03-06 06:24:55,907] [basehttp.py:161] [basehttp:log_message] [INFO]- "GET /Professor_Student_Manage/user-info/?usertype=professor HTTP/1.1" 200 404
[2024-03-06 06:24:55,931] [log.py:224] [log:log_response] [WARNING]- Not Found: /Professor_Quota_Review/get-admission-approvals/
[2024-03-06 06:24:55,932] [basehttp.py:161] [basehttp:log_message] [WARNING]- "GET /Professor_Quota_Review/get-admission-approvals/ HTTP/1.1" 404 3256
[2024-03-06 06:24:59,317] [basehttp.py:161] [basehttp:log_message] [INFO]- "GET /Professor_Student_Manage/user-info/?usertype=professor HTTP/1.1" 200 404
[2024-03-06 06:24:59,504] [basehttp.py:161] [basehttp:log_message] [INFO]- "GET /Select_Information/get-select-info/?usertype=professor HTTP/1.1" 200 2
[2024-03-06 06:25:00,821] [basehttp.py:161] [basehttp:log_message] [INFO]- "GET /Professor_Student_Manage/user-info/?usertype=professor HTTP/1.1" 200 404
[2024-03-06 06:25:00,839] [log.py:224] [log:log_response] [WARNING]- Not Found: /Professor_Quota_Review/get-admission-approvals/
[2024-03-06 06:25:00,841] [basehttp.py:161] [basehttp:log_message] [WARNING]- "GET /Professor_Quota_Review/get-admission-approvals/ HTTP/1.1" 404 3256
[2024-03-06 06:25:02,810] [basehttp.py:161] [basehttp:log_message] [INFO]- "GET /Select_Information/get-select-info/?usertype=professor HTTP/1.1" 200 2
[2024-03-06 06:25:02,865] [basehttp.py:161] [basehttp:log_message] [INFO]- "GET /Professor_Student_Manage/user-info/?usertype=professor HTTP/1.1" 200 404
[2024-03-06 06:25:04,733] [basehttp.py:161] [basehttp:log_message] [INFO]- "GET /Professor_Student_Manage/user-info/?usertype=professor HTTP/1.1" 200 404
[2024-03-06 06:25:04,760] [log.py:224] [log:log_response] [WARNING]- Not Found: /Professor_Quota_Review/get-admission-approvals/
[2024-03-06 06:25:04,760] [basehttp.py:161] [basehttp:log_message] [WARNING]- "GET /Professor_Quota_Review/get-admission-approvals/ HTTP/1.1" 404 3256
[2024-03-06 06:25:05,526] [basehttp.py:161] [basehttp:log_message] [INFO]- "GET /Select_Information/get-select-info/?usertype=professor HTTP/1.1" 200 2
[2024-03-06 06:25:06,059] [basehttp.py:161] [basehttp:log_message] [INFO]- "GET /Professor_Student_Manage/user-info/?usertype=professor HTTP/1.1" 200 404
[2024-03-06 06:25:07,618] [basehttp.py:161] [basehttp:log_message] [INFO]- "GET /Professor_Student_Manage/professors_and_departments/ HTTP/1.1" 200 2021
[2024-03-06 06:25:07,945] [basehttp.py:161] [basehttp:log_message] [INFO]- "GET /Professor_Student_Manage/professors_and_departments/ HTTP/1.1" 200 2021
[2024-03-06 06:25:12,162] [basehttp.py:161] [basehttp:log_message] [INFO]- "GET /Select_Information/get-select-info/?usertype=professor HTTP/1.1" 200 2
[2024-03-06 06:25:12,195] [basehttp.py:161] [basehttp:log_message] [INFO]- "GET /Professor_Student_Manage/user-info/?usertype=professor HTTP/1.1" 200 404
[2024-03-06 06:25:12,542] [basehttp.py:161] [basehttp:log_message] [INFO]- "GET /Professor_Student_Manage/professors_and_departments/ HTTP/1.1" 200 2021
[2024-03-06 06:25:13,486] [basehttp.py:161] [basehttp:log_message] [INFO]- "GET /Professor_Student_Manage/user-info/?usertype=professor HTTP/1.1" 200 404
[2024-03-06 06:25:13,515] [basehttp.py:161] [basehttp:log_message] [INFO]- "GET /Select_Information/get-select-info/?usertype=professor HTTP/1.1" 200 2
[2024-03-06 06:25:14,183] [basehttp.py:161] [basehttp:log_message] [INFO]- "GET /Professor_Student_Manage/professors_and_departments/ HTTP/1.1" 200 2021
[2024-03-06 06:25:33,761] [basehttp.py:161] [basehttp:log_message] [INFO]- "GET /Professor_Student_Manage/user-info/?usertype=professor HTTP/1.1" 200 404
[2024-03-06 06:25:33,792] [log.py:224] [log:log_response] [WARNING]- Not Found: /Professor_Quota_Review/get-admission-approvals/
[2024-03-06 06:25:33,793] [basehttp.py:161] [basehttp:log_message] [WARNING]- "GET /Professor_Quota_Review/get-admission-approvals/ HTTP/1.1" 404 3256
[2024-03-06 06:30:50,340] [basehttp.py:161] [basehttp:log_message] [INFO]- "GET /Professor_Student_Manage/user-info/?usertype=professor HTTP/1.1" 200 404
[2024-03-06 06:30:50,374] [log.py:224] [log:log_response] [WARNING]- Not Found: /Professor_Quota_Review/get-admission-approvals/
[2024-03-06 06:30:50,375] [basehttp.py:161] [basehttp:log_message] [WARNING]- "GET /Professor_Quota_Review/get-admission-approvals/ HTTP/1.1" 404 3256
[2024-03-06 06:30:51,281] [basehttp.py:161] [basehttp:log_message] [INFO]- "GET /Professor_Student_Manage/user-info/?usertype=professor HTTP/1.1" 200 404
[2024-03-06 06:30:51,306] [log.py:224] [log:log_response] [WARNING]- Not Found: /Professor_Quota_Review/get-admission-approvals/
[2024-03-06 06:30:51,307] [basehttp.py:161] [basehttp:log_message] [WARNING]- "GET /Professor_Quota_Review/get-admission-approvals/ HTTP/1.1" 404 3256
[2024-03-06 06:32:30,794] [basehttp.py:161] [basehttp:log_message] [INFO]- "GET /Professor_Student_Manage/user-info/?usertype=professor HTTP/1.1" 200 404
[2024-03-06 06:32:30,796] [basehttp.py:161] [basehttp:log_message] [INFO]- "GET /Select_Information/get-select-info/?usertype=professor HTTP/1.1" 200 2
[2024-03-06 06:32:31,408] [basehttp.py:161] [basehttp:log_message] [INFO]- "GET /Professor_Student_Manage/user-info/?usertype=professor HTTP/1.1" 200 404
[2024-03-06 06:32:31,424] [log.py:224] [log:log_response] [WARNING]- Not Found: /Professor_Quota_Review/get-admission-approvals/
[2024-03-06 06:32:31,425] [basehttp.py:161] [basehttp:log_message] [WARNING]- "GET /Professor_Quota_Review/get-admission-approvals/ HTTP/1.1" 404 3256
[2024-03-06 06:34:28,928] [basehttp.py:161] [basehttp:log_message] [INFO]- "GET /Professor_Student_Manage/user-info/?usertype=professor HTTP/1.1" 200 404
[2024-03-06 06:34:29,304] [basehttp.py:161] [basehttp:log_message] [INFO]- "GET /Professor_Student_Manage/user-info/?usertype=professor HTTP/1.1" 200 404
[2024-03-06 06:35:05,549] [basehttp.py:161] [basehttp:log_message] [INFO]- "GET /Professor_Student_Manage/user-info/?usertype=professor HTTP/1.1" 200 404
[2024-03-06 06:35:05,920] [basehttp.py:161] [basehttp:log_message] [INFO]- "GET /Professor_Student_Manage/user-info/?usertype=professor HTTP/1.1" 200 404
[2024-03-06 06:35:21,975] [basehttp.py:161] [basehttp:log_message] [INFO]- "GET /admin/Professor_Student_Manage/professor/ HTTP/1.1" 200 11911
[2024-03-06 06:35:21,983] [basehttp.py:161] [basehttp:log_message] [INFO]- "GET /admin/jsi18n/ HTTP/1.1" 302 0
[2024-03-06 06:35:22,322] [basehttp.py:161] [basehttp:log_message] [INFO]- "GET /admin/jsi18n/ HTTP/1.1" 200 8398
[2024-03-06 06:35:25,184] [basehttp.py:161] [basehttp:log_message] [INFO]- "GET /admin/Professor_Student_Manage/professor/1/change/ HTTP/1.1" 200 16792
[2024-03-06 06:35:25,526] [basehttp.py:161] [basehttp:log_message] [INFO]- "GET /admin/jsi18n/ HTTP/1.1" 200 8398
[2024-03-06 06:35:36,910] [basehttp.py:161] [basehttp:log_message] [INFO]- "POST /admin/Professor_Student_Manage/professor/1/change/ HTTP/1.1" 302 0
[2024-03-06 06:35:37,464] [basehttp.py:161] [basehttp:log_message] [INFO]- "GET /admin/Professor_Student_Manage/professor/ HTTP/1.1" 200 12123
[2024-03-06 06:35:38,056] [basehttp.py:161] [basehttp:log_message] [INFO]- "GET /admin/jsi18n/ HTTP/1.1" 200 8398
[2024-03-06 06:35:43,437] [basehttp.py:161] [basehttp:log_message] [INFO]- "GET /Professor_Student_Manage/user-info/?usertype=professor HTTP/1.1" 200 405
[2024-03-06 06:35:43,459] [log.py:224] [log:log_response] [WARNING]- Not Found: /Professor_Quota_Review/get-admission-approvals/
[2024-03-06 06:35:43,460] [basehttp.py:161] [basehttp:log_message] [WARNING]- "GET /Professor_Quota_Review/get-admission-approvals/ HTTP/1.1" 404 3256
[2024-03-06 06:35:50,878] [basehttp.py:161] [basehttp:log_message] [INFO]- "GET /Professor_Student_Manage/user-info/?usertype=professor HTTP/1.1" 200 405
[2024-03-06 06:35:50,924] [log.py:224] [log:log_response] [WARNING]- Not Found: /Professor_Quota_Review/get-admission-approvals/
[2024-03-06 06:35:50,925] [basehttp.py:161] [basehttp:log_message] [WARNING]- "GET /Professor_Quota_Review/get-admission-approvals/ HTTP/1.1" 404 3256
[2024-03-06 06:35:53,205] [basehttp.py:161] [basehttp:log_message] [INFO]- "GET /admin/Professor_Student_Manage/professor/1/change/ HTTP/1.1" 200 16793
[2024-03-06 06:35:53,212] [basehttp.py:161] [basehttp:log_message] [INFO]- "GET /admin/jsi18n/ HTTP/1.1" 302 0
[2024-03-06 06:35:53,573] [basehttp.py:161] [basehttp:log_message] [INFO]- "GET /admin/jsi18n/ HTTP/1.1" 200 8398
[2024-03-06 06:35:59,078] [basehttp.py:161] [basehttp:log_message] [INFO]- "POST /admin/Professor_Student_Manage/professor/1/change/ HTTP/1.1" 302 0
[2024-03-06 06:35:59,709] [basehttp.py:161] [basehttp:log_message] [INFO]- "GET /admin/Professor_Student_Manage/professor/ HTTP/1.1" 200 12123
[2024-03-06 06:36:00,030] [basehttp.py:161] [basehttp:log_message] [INFO]- "GET /admin/jsi18n/ HTTP/1.1" 200 8398
[2024-03-06 06:36:03,179] [basehttp.py:161] [basehttp:log_message] [INFO]- "GET /Select_Information/get-select-info/?usertype=professor HTTP/1.1" 200 2
[2024-03-06 06:36:03,218] [basehttp.py:161] [basehttp:log_message] [INFO]- "GET /Professor_Student_Manage/user-info/?usertype=professor HTTP/1.1" 200 405
[2024-03-06 06:36:04,341] [basehttp.py:161] [basehttp:log_message] [INFO]- "GET /Professor_Student_Manage/user-info/?usertype=professor HTTP/1.1" 200 405
[2024-03-06 06:36:04,372] [log.py:224] [log:log_response] [WARNING]- Not Found: /Professor_Quota_Review/get-admission-approvals/
[2024-03-06 06:36:04,373] [basehttp.py:161] [basehttp:log_message] [WARNING]- "GET /Professor_Quota_Review/get-admission-approvals/ HTTP/1.1" 404 3256
[2024-03-06 06:36:57,160] [basehttp.py:161] [basehttp:log_message] [INFO]- "POST /userlogin/ HTTP/1.1" 200 489
[2024-03-06 06:36:57,618] [basehttp.py:161] [basehttp:log_message] [INFO]- "GET /Professor_Student_Manage/user-info/?usertype=professor HTTP/1.1" 200 405
[2024-03-06 06:36:57,974] [basehttp.py:161] [basehttp:log_message] [INFO]- "GET /Professor_Student_Manage/user-info/?usertype=professor HTTP/1.1" 200 405
[2024-03-06 06:37:03,264] [basehttp.py:161] [basehttp:log_message] [INFO]- "GET /Professor_Student_Manage/user-info/?usertype=professor HTTP/1.1" 200 405
[2024-03-06 06:37:04,362] [basehttp.py:161] [basehttp:log_message] [INFO]- "GET /Select_Information/get-select-info/?usertype=professor HTTP/1.1" 200 2
[2024-03-06 06:37:04,433] [basehttp.py:161] [basehttp:log_message] [INFO]- "GET /Professor_Student_Manage/user-info/?usertype=professor HTTP/1.1" 200 405
[2024-03-06 06:37:04,760] [basehttp.py:161] [basehttp:log_message] [INFO]- "GET /Select_Information/get-select-info/?usertype=professor HTTP/1.1" 200 2
[2024-03-06 06:37:04,992] [basehttp.py:161] [basehttp:log_message] [INFO]- "GET /Professor_Student_Manage/user-info/?usertype=professor HTTP/1.1" 200 405
[2024-03-06 06:37:07,157] [basehttp.py:161] [basehttp:log_message] [INFO]- "GET /Professor_Student_Manage/user-info/?usertype=professor HTTP/1.1" 200 405
[2024-03-06 06:39:05,200] [basehttp.py:161] [basehttp:log_message] [INFO]- "GET /Professor_Student_Manage/user-info/?usertype=professor HTTP/1.1" 200 405
[2024-03-06 06:39:05,598] [basehttp.py:161] [basehttp:log_message] [INFO]- "GET /Professor_Student_Manage/user-info/?usertype=professor HTTP/1.1" 200 405
[2024-03-06 06:39:07,948] [basehttp.py:161] [basehttp:log_message] [INFO]- "GET /Select_Information/get-select-info/?usertype=professor HTTP/1.1" 200 2
[2024-03-06 06:39:07,971] [basehttp.py:161] [basehttp:log_message] [INFO]- "GET /Professor_Student_Manage/user-info/?usertype=professor HTTP/1.1" 200 405
[2024-03-06 06:39:08,769] [basehttp.py:161] [basehttp:log_message] [INFO]- "GET /Professor_Student_Manage/user-info/?usertype=professor HTTP/1.1" 200 405
[2024-03-06 06:39:10,571] [basehttp.py:161] [basehttp:log_message] [INFO]- "GET /Select_Information/get-select-info/?usertype=professor HTTP/1.1" 200 2
[2024-03-06 06:39:10,601] [basehttp.py:161] [basehttp:log_message] [INFO]- "GET /Professor_Student_Manage/user-info/?usertype=professor HTTP/1.1" 200 405
[2024-03-06 06:39:11,053] [basehttp.py:161] [basehttp:log_message] [INFO]- "GET /Professor_Student_Manage/user-info/?usertype=professor HTTP/1.1" 200 405
[2024-03-06 06:39:14,850] [basehttp.py:161] [basehttp:log_message] [INFO]- "GET /Professor_Student_Manage/user-info/?usertype=professor HTTP/1.1" 200 405
[2024-03-06 06:39:35,605] [basehttp.py:161] [basehttp:log_message] [INFO]- "GET /Professor_Student_Manage/user-info/?usertype=professor HTTP/1.1" 200 405
[2024-03-06 06:40:33,233] [basehttp.py:161] [basehttp:log_message] [INFO]- "GET /Professor_Student_Manage/user-info/?usertype=professor HTTP/1.1" 200 405
[2024-03-06 06:40:33,471] [basehttp.py:161] [basehttp:log_message] [INFO]- "GET /Select_Information/get-select-info/?usertype=professor HTTP/1.1" 200 2
[2024-03-06 06:40:45,792] [basehttp.py:161] [basehttp:log_message] [INFO]- "POST /userlogin/ HTTP/1.1" 200 489
[2024-03-06 06:40:46,267] [basehttp.py:161] [basehttp:log_message] [INFO]- "GET /Professor_Student_Manage/user-info/?usertype=professor HTTP/1.1" 200 405
[2024-03-06 06:40:46,635] [basehttp.py:161] [basehttp:log_message] [INFO]- "GET /Professor_Student_Manage/user-info/?usertype=professor HTTP/1.1" 200 405
[2024-03-06 06:40:49,578] [basehttp.py:161] [basehttp:log_message] [INFO]- "GET /Select_Information/get-select-info/?usertype=professor HTTP/1.1" 200 2
[2024-03-06 06:40:49,602] [basehttp.py:161] [basehttp:log_message] [INFO]- "GET /Professor_Student_Manage/user-info/?usertype=professor HTTP/1.1" 200 405
[2024-03-06 06:40:49,956] [basehttp.py:161] [basehttp:log_message] [INFO]- "GET /Select_Information/get-select-info/?usertype=professor HTTP/1.1" 200 2
[2024-03-06 06:40:49,966] [basehttp.py:161] [basehttp:log_message] [INFO]- "GET /Professor_Student_Manage/user-info/?usertype=professor HTTP/1.1" 200 405
[2024-03-06 06:40:52,726] [basehttp.py:161] [basehttp:log_message] [INFO]- "GET /Professor_Student_Manage/user-info/?usertype=professor HTTP/1.1" 200 405
[2024-03-06 06:40:56,701] [basehttp.py:161] [basehttp:log_message] [INFO]- "GET /Professor_Student_Manage/user-info/?usertype=professor HTTP/1.1" 200 405
[2024-03-06 06:41:00,309] [basehttp.py:161] [basehttp:log_message] [INFO]- "GET /Select_Information/get-select-info/?usertype=professor HTTP/1.1" 200 2
[2024-03-06 06:41:00,535] [basehttp.py:161] [basehttp:log_message] [INFO]- "GET /Professor_Student_Manage/user-info/?usertype=professor HTTP/1.1" 200 405
[2024-03-06 06:41:02,162] [basehttp.py:161] [basehttp:log_message] [INFO]- "GET /Professor_Student_Manage/user-info/?usertype=professor HTTP/1.1" 200 405
[2024-03-06 06:41:26,383] [basehttp.py:161] [basehttp:log_message] [INFO]- "GET /Professor_Student_Manage/user-info/?usertype=professor HTTP/1.1" 200 405
[2024-03-06 06:41:26,746] [basehttp.py:161] [basehttp:log_message] [INFO]- "GET /Professor_Student_Manage/user-info/?usertype=professor HTTP/1.1" 200 405
[2024-03-06 06:41:27,436] [basehttp.py:161] [basehttp:log_message] [INFO]- "GET /Professor_Student_Manage/user-info/?usertype=professor HTTP/1.1" 200 405
[2024-03-06 06:41:27,445] [basehttp.py:161] [basehttp:log_message] [INFO]- "GET /Select_Information/get-select-info/?usertype=professor HTTP/1.1" 200 2
[2024-03-06 06:41:28,142] [basehttp.py:161] [basehttp:log_message] [INFO]- "GET /Professor_Student_Manage/user-info/?usertype=professor HTTP/1.1" 200 405
[2024-03-06 06:41:40,196] [basehttp.py:161] [basehttp:log_message] [INFO]- "POST /userlogin/ HTTP/1.1" 200 489
[2024-03-06 06:41:40,635] [basehttp.py:161] [basehttp:log_message] [INFO]- "GET /Professor_Student_Manage/user-info/?usertype=professor HTTP/1.1" 200 405
[2024-03-06 06:41:41,076] [basehttp.py:161] [basehttp:log_message] [INFO]- "GET /Professor_Student_Manage/user-info/?usertype=professor HTTP/1.1" 200 405
[2024-03-06 06:41:43,210] [basehttp.py:161] [basehttp:log_message] [INFO]- "GET /Select_Information/get-select-info/?usertype=professor HTTP/1.1" 200 2
[2024-03-06 06:41:43,512] [basehttp.py:161] [basehttp:log_message] [INFO]- "GET /Professor_Student_Manage/user-info/?usertype=professor HTTP/1.1" 200 405
[2024-03-06 06:41:43,578] [basehttp.py:161] [basehttp:log_message] [INFO]- "GET /Select_Information/get-select-info/?usertype=professor HTTP/1.1" 200 2
[2024-03-06 06:41:43,874] [basehttp.py:161] [basehttp:log_message] [INFO]- "GET /Professor_Student_Manage/user-info/?usertype=professor HTTP/1.1" 200 405
[2024-03-06 06:41:44,234] [basehttp.py:161] [basehttp:log_message] [INFO]- "GET /Professor_Student_Manage/user-info/?usertype=professor HTTP/1.1" 200 405
[2024-03-06 06:41:47,760] [basehttp.py:161] [basehttp:log_message] [INFO]- "GET /admin/Professor_Student_Manage/professor/1/change/ HTTP/1.1" 200 16793
[2024-03-06 06:41:47,768] [basehttp.py:161] [basehttp:log_message] [INFO]- "GET /admin/jsi18n/ HTTP/1.1" 302 0
[2024-03-06 06:41:48,580] [basehttp.py:161] [basehttp:log_message] [INFO]- "GET /admin/jsi18n/ HTTP/1.1" 200 8398
[2024-03-06 06:41:54,158] [basehttp.py:161] [basehttp:log_message] [INFO]- "POST /admin/Professor_Student_Manage/professor/1/change/ HTTP/1.1" 302 0
[2024-03-06 06:41:54,698] [basehttp.py:161] [basehttp:log_message] [INFO]- "GET /admin/Professor_Student_Manage/professor/ HTTP/1.1" 200 12123
[2024-03-06 06:41:55,036] [basehttp.py:161] [basehttp:log_message] [INFO]- "GET /admin/jsi18n/ HTTP/1.1" 200 8398
[2024-03-06 06:41:57,439] [basehttp.py:161] [basehttp:log_message] [INFO]- "GET /Select_Information/get-select-info/?usertype=professor HTTP/1.1" 200 2
[2024-03-06 06:41:57,682] [basehttp.py:161] [basehttp:log_message] [INFO]- "GET /Professor_Student_Manage/user-info/?usertype=professor HTTP/1.1" 200 405
[2024-03-06 06:41:58,814] [basehttp.py:161] [basehttp:log_message] [INFO]- "GET /Professor_Student_Manage/user-info/?usertype=professor HTTP/1.1" 200 405
[2024-03-06 06:42:24,620] [basehttp.py:161] [basehttp:log_message] [INFO]- "GET /Select_Information/get-select-info/?usertype=professor HTTP/1.1" 200 2
[2024-03-06 06:42:24,630] [basehttp.py:161] [basehttp:log_message] [INFO]- "GET /Professor_Student_Manage/user-info/?usertype=professor HTTP/1.1" 200 405
[2024-03-06 06:42:26,148] [basehttp.py:161] [basehttp:log_message] [INFO]- "GET /Professor_Student_Manage/professors_and_departments/ HTTP/1.1" 200 2022
[2024-03-06 06:42:26,622] [basehttp.py:161] [basehttp:log_message] [INFO]- "GET /Professor_Student_Manage/professors_and_departments/ HTTP/1.1" 200 2022
[2024-03-06 06:42:27,347] [basehttp.py:161] [basehttp:log_message] [INFO]- "GET /Select_Information/get-select-info/?usertype=professor HTTP/1.1" 200 2
[2024-03-06 06:42:27,361] [basehttp.py:161] [basehttp:log_message] [INFO]- "GET /Professor_Student_Manage/user-info/?usertype=professor HTTP/1.1" 200 405
[2024-03-06 06:42:27,982] [basehttp.py:161] [basehttp:log_message] [INFO]- "GET /Professor_Student_Manage/user-info/?usertype=professor HTTP/1.1" 200 405
[2024-03-06 06:42:28,841] [basehttp.py:161] [basehttp:log_message] [INFO]- "GET /Select_Information/get-select-info/?usertype=professor HTTP/1.1" 200 2
[2024-03-06 06:42:28,848] [basehttp.py:161] [basehttp:log_message] [INFO]- "GET /Professor_Student_Manage/user-info/?usertype=professor HTTP/1.1" 200 405
[2024-03-06 06:42:29,463] [basehttp.py:161] [basehttp:log_message] [INFO]- "GET /Professor_Student_Manage/user-info/?usertype=professor HTTP/1.1" 200 405
[2024-03-06 06:42:29,859] [basehttp.py:161] [basehttp:log_message] [INFO]- "GET /Professor_Student_Manage/user-info/?usertype=professor HTTP/1.1" 200 405
[2024-03-06 06:42:30,078] [basehttp.py:161] [basehttp:log_message] [INFO]- "GET /Select_Information/get-select-info/?usertype=professor HTTP/1.1" 200 2
[2024-03-06 06:42:30,258] [basehttp.py:161] [basehttp:log_message] [INFO]- "GET /Professor_Student_Manage/user-info/?usertype=professor HTTP/1.1" 200 405
[2024-03-06 06:42:30,624] [basehttp.py:161] [basehttp:log_message] [INFO]- "GET /Select_Information/get-select-info/?usertype=professor HTTP/1.1" 200 2
[2024-03-06 06:42:30,643] [basehttp.py:161] [basehttp:log_message] [INFO]- "GET /Professor_Student_Manage/user-info/?usertype=professor HTTP/1.1" 200 405
[2024-03-06 06:42:30,990] [basehttp.py:161] [basehttp:log_message] [INFO]- "GET /Professor_Student_Manage/user-info/?usertype=professor HTTP/1.1" 200 405
[2024-03-06 06:42:31,406] [basehttp.py:161] [basehttp:log_message] [INFO]- "GET /Professor_Student_Manage/user-info/?usertype=professor HTTP/1.1" 200 405
[2024-03-06 06:42:31,643] [basehttp.py:161] [basehttp:log_message] [INFO]- "GET /Select_Information/get-select-info/?usertype=professor HTTP/1.1" 200 2
[2024-03-06 06:42:31,858] [basehttp.py:161] [basehttp:log_message] [INFO]- "GET /Professor_Student_Manage/user-info/?usertype=professor HTTP/1.1" 200 405
[2024-03-06 06:42:32,595] [basehttp.py:161] [basehttp:log_message] [INFO]- "GET /Select_Information/get-select-info/?usertype=professor HTTP/1.1" 200 2
[2024-03-06 06:42:32,597] [basehttp.py:161] [basehttp:log_message] [INFO]- "GET /Professor_Student_Manage/user-info/?usertype=professor HTTP/1.1" 200 405
