[2025-09-18 03:13:45,942] [autoreload.py:637] [autoreload:run_with_reloader] [INFO]- Watching for file changes with StatReloader
[2025-09-18 03:15:53,131] [autoreload.py:637] [autoreload:run_with_reloader] [INFO]- Watching for file changes with StatReloader
[2025-09-18 03:15:57,663] [autoreload.py:637] [autoreload:run_with_reloader] [INFO]- Watching for file changes with StatReloader
[2025-09-18 03:22:47,930] [autoreload.py:637] [autoreload:run_with_reloader] [INFO]- Watching for file changes with StatReloader
[2025-09-18 03:27:05,996] [autoreload.py:637] [autoreload:run_with_reloader] [INFO]- Watching for file changes with StatReloader
[2025-09-18 03:29:19,866] [basehttp.py:161] [basehttp:log_message] [INFO]- "GET /Select_Information/get-select-time/ HTTP/1.1" 200 91
[2025-09-18 03:29:20,017] [basehttp.py:161] [basehttp:log_message] [INFO]- "GET /Professor_Student_Manage/user-info/?usertype=professor HTTP/1.1" 200 972
[2025-09-18 03:29:20,304] [basehttp.py:161] [basehttp:log_message] [INFO]- "GET /Select_Information/reviewer/review_records/ HTTP/1.1" 200 1195
[2025-09-18 03:29:20,342] [basehttp.py:161] [basehttp:log_message] [INFO]- "GET /Select_Information/get-select-time/ HTTP/1.1" 200 91
[2025-09-18 03:29:20,526] [log.py:224] [log:log_response] [ERROR]- Internal Server Error: /Professor_Student_Manage/professors_and_departments/
Traceback (most recent call last):
  File "/root/.local/lib/python3.8/site-packages/django/core/handlers/exception.py", line 47, in inner
    response = get_response(request)
  File "/root/.local/lib/python3.8/site-packages/django/core/handlers/base.py", line 181, in _get_response
    response = wrapped_callback(request, *callback_args, **callback_kwargs)
  File "/root/.local/lib/python3.8/site-packages/django/views/decorators/csrf.py", line 54, in wrapped_view
    return view_func(*args, **kwargs)
  File "/root/.local/lib/python3.8/site-packages/django/views/generic/base.py", line 70, in view
    return self.dispatch(request, *args, **kwargs)
  File "/root/.local/lib/python3.8/site-packages/rest_framework/views.py", line 509, in dispatch
    response = self.handle_exception(exc)
  File "/root/.local/lib/python3.8/site-packages/rest_framework/views.py", line 469, in handle_exception
    self.raise_uncaught_exception(exc)
  File "/root/.local/lib/python3.8/site-packages/rest_framework/views.py", line 480, in raise_uncaught_exception
    raise exc
  File "/root/.local/lib/python3.8/site-packages/rest_framework/views.py", line 506, in dispatch
    response = handler(request, *args, **kwargs)
  File "/app/Professor_Student_Manage/views.py", line 75, in get
    'professors': professor_serializer.data
  File "/root/.local/lib/python3.8/site-packages/rest_framework/serializers.py", line 768, in data
    ret = super().data
  File "/root/.local/lib/python3.8/site-packages/rest_framework/serializers.py", line 253, in data
    self._data = self.to_representation(self.instance)
  File "/root/.local/lib/python3.8/site-packages/rest_framework/serializers.py", line 686, in to_representation
    return [
  File "/root/.local/lib/python3.8/site-packages/rest_framework/serializers.py", line 687, in <listcomp>
    self.child.to_representation(item) for item in iterable
  File "/app/Professor_Student_Manage/serializers.py", line 116, in to_representation
    data = super().to_representation(instance)
  File "/root/.local/lib/python3.8/site-packages/rest_framework/serializers.py", line 522, in to_representation
    ret[field.field_name] = field.to_representation(attribute)
  File "/root/.local/lib/python3.8/site-packages/rest_framework/fields.py", line 1838, in to_representation
    return method(value)
  File "/app/Professor_Student_Manage/serializers.py", line 108, in get_master_subjects
    models.Q(beijing_remaining_quota__gt=0) | models.Q(yantai_remaining_quota__gt=0)
NameError: name 'models' is not defined
[2025-09-18 03:29:20,528] [basehttp.py:161] [basehttp:log_message] [ERROR]- "GET /Professor_Student_Manage/professors_and_departments/ HTTP/1.1" 500 164004
[2025-09-18 03:29:20,654] [basehttp.py:161] [basehttp:log_message] [INFO]- "GET /Select_Information/get-select-info/?usertype=professor HTTP/1.1" 200 5440
[2025-09-18 03:29:20,657] [basehttp.py:161] [basehttp:log_message] [INFO]- "GET /Professor_Student_Manage/user-info/?usertype=professor HTTP/1.1" 200 972
[2025-09-18 03:29:21,195] [log.py:224] [log:log_response] [ERROR]- Internal Server Error: /Professor_Student_Manage/professors_and_departments/
Traceback (most recent call last):
  File "/root/.local/lib/python3.8/site-packages/django/core/handlers/exception.py", line 47, in inner
    response = get_response(request)
  File "/root/.local/lib/python3.8/site-packages/django/core/handlers/base.py", line 181, in _get_response
    response = wrapped_callback(request, *callback_args, **callback_kwargs)
  File "/root/.local/lib/python3.8/site-packages/django/views/decorators/csrf.py", line 54, in wrapped_view
    return view_func(*args, **kwargs)
  File "/root/.local/lib/python3.8/site-packages/django/views/generic/base.py", line 70, in view
    return self.dispatch(request, *args, **kwargs)
  File "/root/.local/lib/python3.8/site-packages/rest_framework/views.py", line 509, in dispatch
    response = self.handle_exception(exc)
  File "/root/.local/lib/python3.8/site-packages/rest_framework/views.py", line 469, in handle_exception
    self.raise_uncaught_exception(exc)
  File "/root/.local/lib/python3.8/site-packages/rest_framework/views.py", line 480, in raise_uncaught_exception
    raise exc
  File "/root/.local/lib/python3.8/site-packages/rest_framework/views.py", line 506, in dispatch
    response = handler(request, *args, **kwargs)
  File "/app/Professor_Student_Manage/views.py", line 75, in get
    'professors': professor_serializer.data
  File "/root/.local/lib/python3.8/site-packages/rest_framework/serializers.py", line 768, in data
    ret = super().data
  File "/root/.local/lib/python3.8/site-packages/rest_framework/serializers.py", line 253, in data
    self._data = self.to_representation(self.instance)
  File "/root/.local/lib/python3.8/site-packages/rest_framework/serializers.py", line 686, in to_representation
    return [
  File "/root/.local/lib/python3.8/site-packages/rest_framework/serializers.py", line 687, in <listcomp>
    self.child.to_representation(item) for item in iterable
  File "/app/Professor_Student_Manage/serializers.py", line 116, in to_representation
    data = super().to_representation(instance)
  File "/root/.local/lib/python3.8/site-packages/rest_framework/serializers.py", line 522, in to_representation
    ret[field.field_name] = field.to_representation(attribute)
  File "/root/.local/lib/python3.8/site-packages/rest_framework/fields.py", line 1838, in to_representation
    return method(value)
  File "/app/Professor_Student_Manage/serializers.py", line 108, in get_master_subjects
    models.Q(beijing_remaining_quota__gt=0) | models.Q(yantai_remaining_quota__gt=0)
NameError: name 'models' is not defined
[2025-09-18 03:29:21,195] [basehttp.py:161] [basehttp:log_message] [ERROR]- "GET /Professor_Student_Manage/professors_and_departments/ HTTP/1.1" 500 164004
[2025-09-18 03:29:21,308] [basehttp.py:161] [basehttp:log_message] [INFO]- "GET /Professor_Student_Manage/user-info/?usertype=professor HTTP/1.1" 200 972
[2025-09-18 03:29:22,298] [basehttp.py:161] [basehttp:log_message] [INFO]- "GET /Professor_Student_Manage/user-info/?usertype=professor HTTP/1.1" 200 972
[2025-09-18 03:29:22,436] [basehttp.py:161] [basehttp:log_message] [INFO]- "GET /Select_Information/get-select-info/?usertype=professor HTTP/1.1" 200 5440
[2025-09-18 03:29:23,876] [basehttp.py:161] [basehttp:log_message] [INFO]- "GET /Professor_Student_Manage/departments/reviewers/ HTTP/1.1" 200 12159
[2025-09-18 03:29:27,402] [basehttp.py:161] [basehttp:log_message] [INFO]- "GET /Professor_Student_Manage/departments/reviewers/ HTTP/1.1" 200 12159
[2025-09-18 03:30:08,084] [autoreload.py:637] [autoreload:run_with_reloader] [INFO]- Watching for file changes with StatReloader
[2025-09-18 03:30:11,968] [basehttp.py:161] [basehttp:log_message] [INFO]- "GET /Select_Information/get-select-time/ HTTP/1.1" 200 91
[2025-09-18 03:30:14,481] [basehttp.py:161] [basehttp:log_message] [INFO]- "GET /Select_Information/get-select-time/ HTTP/1.1" 200 91
[2025-09-18 03:30:21,834] [basehttp.py:161] [basehttp:log_message] [INFO]- "GET /Select_Information/get-select-time/ HTTP/1.1" 200 91
[2025-09-18 03:30:31,239] [basehttp.py:161] [basehttp:log_message] [INFO]- "POST /Professor_Student_Manage/user-login/ HTTP/1.1" 200 36
[2025-09-18 03:30:32,176] [basehttp.py:161] [basehttp:log_message] [INFO]- "GET /Professor_Student_Manage/user-info/?usertype=professor HTTP/1.1" 200 972
[2025-09-18 03:30:32,418] [basehttp.py:161] [basehttp:log_message] [INFO]- "GET /Select_Information/reviewer/review_records/ HTTP/1.1" 200 1195
[2025-09-18 03:30:32,838] [basehttp.py:161] [basehttp:log_message] [INFO]- "GET /Professor_Student_Manage/user-info/?usertype=professor HTTP/1.1" 200 972
[2025-09-18 03:30:35,066] [basehttp.py:161] [basehttp:log_message] [INFO]- "GET /Select_Information/get-select-time/ HTTP/1.1" 200 91
[2025-09-18 03:30:35,355] [basehttp.py:161] [basehttp:log_message] [INFO]- "GET /Select_Information/get-select-time/ HTTP/1.1" 200 91
[2025-09-18 03:30:47,073] [basehttp.py:161] [basehttp:log_message] [INFO]- "GET /Professor_Student_Manage/professors_and_departments/ HTTP/1.1" 200 125631
[2025-09-18 03:31:03,992] [basehttp.py:161] [basehttp:log_message] [INFO]- "GET /Professor_Student_Manage/professors_and_departments/ HTTP/1.1" 200 125631
[2025-09-18 03:31:10,880] [basehttp.py:161] [basehttp:log_message] [INFO]- "GET /Professor_Student_Manage/professors_and_departments/ HTTP/1.1" 200 125631
[2025-09-18 03:31:35,516] [basehttp.py:161] [basehttp:log_message] [INFO]- "GET /Professor_Student_Manage/professors_and_departments/ HTTP/1.1" 200 125631
[2025-09-18 07:50:01,146] [autoreload.py:637] [autoreload:run_with_reloader] [INFO]- Watching for file changes with StatReloader
[2025-09-18 07:56:35,206] [autoreload.py:637] [autoreload:run_with_reloader] [INFO]- Watching for file changes with StatReloader
[2025-09-18 08:01:14,336] [autoreload.py:637] [autoreload:run_with_reloader] [INFO]- Watching for file changes with StatReloader
[2025-09-18 08:06:23,671] [basehttp.py:161] [basehttp:log_message] [INFO]- "GET /Professor_Student_Manage/user-info/?usertype=professor HTTP/1.1" 200 972
[2025-09-18 08:06:23,875] [basehttp.py:161] [basehttp:log_message] [INFO]- "GET /Select_Information/reviewer/review_records/ HTTP/1.1" 200 1195
[2025-09-18 08:06:33,649] [basehttp.py:161] [basehttp:log_message] [INFO]- "POST /userlogin/ HTTP/1.1" 200 769
[2025-09-18 08:06:48,999] [basehttp.py:161] [basehttp:log_message] [INFO]- "GET /Professor_Student_Manage/user-info/?usertype=student HTTP/1.1" 200 682
[2025-09-18 08:06:49,313] [basehttp.py:161] [basehttp:log_message] [INFO]- "GET /Professor_Student_Manage/user-info/?usertype=student HTTP/1.1" 200 682
[2025-09-18 08:06:53,729] [basehttp.py:161] [basehttp:log_message] [INFO]- "GET /Select_Information/get-select-info/?usertype=student HTTP/1.1" 200 22
[2025-09-18 08:06:53,768] [basehttp.py:161] [basehttp:log_message] [INFO]- "GET /Professor_Student_Manage/user-info/?usertype=student HTTP/1.1" 200 682
[2025-09-18 08:06:54,069] [basehttp.py:161] [basehttp:log_message] [INFO]- "GET /Select_Information/get-select-info/?usertype=student HTTP/1.1" 200 22
[2025-09-18 08:06:54,083] [basehttp.py:161] [basehttp:log_message] [INFO]- "GET /Professor_Student_Manage/user-info/?usertype=student HTTP/1.1" 200 682
[2025-09-18 08:09:17,477] [autoreload.py:637] [autoreload:run_with_reloader] [INFO]- Watching for file changes with StatReloader
[2025-09-18 08:09:46,998] [basehttp.py:161] [basehttp:log_message] [INFO]- "POST /Professor_Student_Manage/user-login/ HTTP/1.1" 200 36
[2025-09-18 08:09:47,571] [basehttp.py:161] [basehttp:log_message] [INFO]- "GET /Professor_Student_Manage/user-info/?usertype=student HTTP/1.1" 200 682
[2025-09-18 08:09:47,912] [basehttp.py:161] [basehttp:log_message] [INFO]- "GET /Professor_Student_Manage/user-info/?usertype=student HTTP/1.1" 200 682
[2025-09-18 08:09:50,652] [basehttp.py:161] [basehttp:log_message] [INFO]- "GET /Select_Information/get-select-info/?usertype=student HTTP/1.1" 200 22
[2025-09-18 08:09:50,695] [basehttp.py:161] [basehttp:log_message] [INFO]- "GET /Professor_Student_Manage/user-info/?usertype=student HTTP/1.1" 200 682
[2025-09-18 08:09:50,927] [basehttp.py:161] [basehttp:log_message] [INFO]- "GET /Select_Information/get-select-info/?usertype=student HTTP/1.1" 200 22
[2025-09-18 08:09:51,009] [basehttp.py:161] [basehttp:log_message] [INFO]- "GET /Professor_Student_Manage/user-info/?usertype=student HTTP/1.1" 200 682
[2025-09-18 08:09:53,013] [basehttp.py:161] [basehttp:log_message] [INFO]- "GET /Select_Information/get-select-time/ HTTP/1.1" 200 91
[2025-09-18 08:09:53,217] [basehttp.py:161] [basehttp:log_message] [INFO]- "GET /Select_Information/get-select-time/ HTTP/1.1" 200 91
[2025-09-18 08:10:16,649] [basehttp.py:161] [basehttp:log_message] [INFO]- "GET /Professor_Student_Manage/professors_and_departments/ HTTP/1.1" 200 125631
[2025-09-18 08:10:24,767] [log.py:224] [log:log_response] [ERROR]- Internal Server Error: /Select_Information/select-professor/
[2025-09-18 08:10:24,768] [basehttp.py:161] [basehttp:log_message] [ERROR]- "POST /Select_Information/select-professor/ HTTP/1.1" 500 91
[2025-09-18 08:10:39,383] [basehttp.py:161] [basehttp:log_message] [INFO]- "GET /Professor_Student_Manage/professors_and_departments/ HTTP/1.1" 200 125631
[2025-09-18 08:11:14,463] [autoreload.py:637] [autoreload:run_with_reloader] [INFO]- Watching for file changes with StatReloader
[2025-09-18 08:11:19,934] [log.py:224] [log:log_response] [ERROR]- Internal Server Error: /Select_Information/select-professor/
[2025-09-18 08:11:19,935] [basehttp.py:161] [basehttp:log_message] [ERROR]- "POST /Select_Information/select-professor/ HTTP/1.1" 500 91
[2025-09-18 08:11:25,008] [autoreload.py:637] [autoreload:run_with_reloader] [INFO]- Watching for file changes with StatReloader
[2025-09-18 08:11:40,603] [autoreload.py:637] [autoreload:run_with_reloader] [INFO]- Watching for file changes with StatReloader
[2025-09-18 08:11:46,310] [log.py:224] [log:log_response] [ERROR]- Internal Server Error: /Select_Information/select-professor/
[2025-09-18 08:11:46,312] [basehttp.py:161] [basehttp:log_message] [ERROR]- "POST /Select_Information/select-professor/ HTTP/1.1" 500 91
[2025-09-18 08:11:51,430] [autoreload.py:637] [autoreload:run_with_reloader] [INFO]- Watching for file changes with StatReloader
[2025-09-18 08:12:19,567] [autoreload.py:637] [autoreload:run_with_reloader] [INFO]- Watching for file changes with StatReloader
[2025-09-18 08:12:24,616] [log.py:224] [log:log_response] [ERROR]- Internal Server Error: /Select_Information/select-professor/
[2025-09-18 08:12:24,617] [basehttp.py:161] [basehttp:log_message] [ERROR]- "POST /Select_Information/select-professor/ HTTP/1.1" 500 91
[2025-09-18 08:12:38,878] [autoreload.py:637] [autoreload:run_with_reloader] [INFO]- Watching for file changes with StatReloader
[2025-09-18 08:12:43,974] [log.py:224] [log:log_response] [ERROR]- Internal Server Error: /Select_Information/select-professor/
[2025-09-18 08:12:43,976] [basehttp.py:161] [basehttp:log_message] [ERROR]- "POST /Select_Information/select-professor/ HTTP/1.1" 500 91
[2025-09-18 08:13:08,821] [autoreload.py:637] [autoreload:run_with_reloader] [INFO]- Watching for file changes with StatReloader
[2025-09-18 08:13:13,662] [log.py:224] [log:log_response] [ERROR]- Internal Server Error: /Select_Information/select-professor/
[2025-09-18 08:13:13,663] [basehttp.py:161] [basehttp:log_message] [ERROR]- "POST /Select_Information/select-professor/ HTTP/1.1" 500 91
[2025-09-18 08:14:17,009] [autoreload.py:637] [autoreload:run_with_reloader] [INFO]- Watching for file changes with StatReloader
[2025-09-18 08:14:26,039] [autoreload.py:637] [autoreload:run_with_reloader] [INFO]- Watching for file changes with StatReloader
[2025-09-18 08:14:31,230] [basehttp.py:161] [basehttp:log_message] [INFO]- "POST /Select_Information/select-professor/ HTTP/1.1" 201 44
[2025-09-18 08:15:11,054] [autoreload.py:637] [autoreload:run_with_reloader] [INFO]- Watching for file changes with StatReloader
[2025-09-18 08:18:20,892] [basehttp.py:161] [basehttp:log_message] [INFO]- "GET /Select_Information/get-select-time/ HTTP/1.1" 200 91
[2025-09-18 08:18:21,146] [basehttp.py:161] [basehttp:log_message] [INFO]- "GET /Select_Information/get-select-time/ HTTP/1.1" 200 91
[2025-09-18 08:18:46,986] [basehttp.py:161] [basehttp:log_message] [INFO]- "GET /Professor_Student_Manage/professors_and_departments/ HTTP/1.1" 200 125631
[2025-09-18 08:19:04,343] [basehttp.py:161] [basehttp:log_message] [INFO]- "GET /Professor_Student_Manage/professors_and_departments/ HTTP/1.1" 200 125631
[2025-09-18 08:19:05,057] [basehttp.py:161] [basehttp:log_message] [INFO]- "GET /Select_Information/get-select-time/ HTTP/1.1" 200 91
[2025-09-18 08:19:05,304] [basehttp.py:161] [basehttp:log_message] [INFO]- "GET /Select_Information/get-select-time/ HTTP/1.1" 200 91
[2025-09-18 08:19:28,865] [basehttp.py:161] [basehttp:log_message] [INFO]- "GET /Professor_Student_Manage/professors_and_departments/ HTTP/1.1" 200 125631
[2025-09-18 08:19:43,488] [basehttp.py:161] [basehttp:log_message] [INFO]- "POST /Professor_Student_Manage/user-login/ HTTP/1.1" 200 36
[2025-09-18 08:19:44,065] [basehttp.py:161] [basehttp:log_message] [INFO]- "GET /Professor_Student_Manage/user-info/?usertype=student HTTP/1.1" 200 682
[2025-09-18 08:19:44,343] [basehttp.py:161] [basehttp:log_message] [INFO]- "GET /Professor_Student_Manage/user-info/?usertype=student HTTP/1.1" 200 682
[2025-09-18 08:19:50,333] [basehttp.py:161] [basehttp:log_message] [INFO]- "GET /Professor_Student_Manage/professors_and_departments/ HTTP/1.1" 200 125631
[2025-09-18 08:19:51,278] [basehttp.py:161] [basehttp:log_message] [INFO]- "GET /Professor_Student_Manage/user-info/?usertype=student HTTP/1.1" 200 682
[2025-09-18 08:19:51,377] [basehttp.py:161] [basehttp:log_message] [INFO]- "GET /Select_Information/get-select-info/?usertype=student HTTP/1.1" 200 945
[2025-09-18 08:19:51,576] [basehttp.py:161] [basehttp:log_message] [INFO]- "GET /Professor_Student_Manage/user-info/?usertype=student HTTP/1.1" 200 682
[2025-09-18 08:19:51,730] [basehttp.py:161] [basehttp:log_message] [INFO]- "GET /Select_Information/get-select-info/?usertype=student HTTP/1.1" 200 945
[2025-09-18 08:19:52,146] [basehttp.py:161] [basehttp:log_message] [INFO]- "GET /Select_Information/get-select-time/ HTTP/1.1" 200 91
[2025-09-18 08:19:52,338] [basehttp.py:161] [basehttp:log_message] [INFO]- "GET /Select_Information/get-select-time/ HTTP/1.1" 200 91
[2025-09-18 08:20:20,576] [basehttp.py:161] [basehttp:log_message] [INFO]- "GET /Professor_Student_Manage/professors_and_departments/ HTTP/1.1" 200 125631
[2025-09-18 08:20:40,335] [basehttp.py:161] [basehttp:log_message] [INFO]- "GET /Professor_Student_Manage/professors_and_departments/ HTTP/1.1" 200 125631
[2025-09-18 08:20:40,876] [log.py:224] [log:log_response] [WARNING]- Conflict: /Select_Information/select-professor/
[2025-09-18 08:20:40,877] [basehttp.py:161] [basehttp:log_message] [WARNING]- "POST /Select_Information/select-professor/ HTTP/1.1" 409 50
[2025-09-18 08:21:30,211] [basehttp.py:161] [basehttp:log_message] [INFO]- "GET /Select_Information/get-select-time/ HTTP/1.1" 200 91
[2025-09-18 08:21:30,445] [basehttp.py:161] [basehttp:log_message] [INFO]- "GET /Select_Information/get-select-time/ HTTP/1.1" 200 91
[2025-09-18 08:21:31,812] [basehttp.py:161] [basehttp:log_message] [INFO]- "POST /Professor_Student_Manage/user-login/ HTTP/1.1" 200 36
[2025-09-18 08:21:32,355] [basehttp.py:161] [basehttp:log_message] [INFO]- "GET /Professor_Student_Manage/user-info/?usertype=student HTTP/1.1" 200 682
[2025-09-18 08:21:32,689] [basehttp.py:161] [basehttp:log_message] [INFO]- "GET /Professor_Student_Manage/user-info/?usertype=student HTTP/1.1" 200 682
[2025-09-18 08:21:33,958] [basehttp.py:161] [basehttp:log_message] [INFO]- "GET /Select_Information/get-select-time/ HTTP/1.1" 200 91
[2025-09-18 08:21:34,174] [basehttp.py:161] [basehttp:log_message] [INFO]- "GET /Select_Information/get-select-time/ HTTP/1.1" 200 91
[2025-09-18 08:21:55,805] [basehttp.py:161] [basehttp:log_message] [INFO]- "GET /Professor_Student_Manage/professors_and_departments/ HTTP/1.1" 200 125631
[2025-09-18 08:21:56,240] [basehttp.py:161] [basehttp:log_message] [INFO]- "GET /Professor_Student_Manage/professors_and_departments/ HTTP/1.1" 200 125631
[2025-09-18 08:21:59,009] [basehttp.py:161] [basehttp:log_message] [INFO]- "GET /Professor_Student_Manage/professors_and_departments/ HTTP/1.1" 200 125631
[2025-09-18 08:22:02,358] [log.py:224] [log:log_response] [WARNING]- Conflict: /Select_Information/select-professor/
[2025-09-18 08:22:02,361] [basehttp.py:161] [basehttp:log_message] [WARNING]- "POST /Select_Information/select-professor/ HTTP/1.1" 409 50
[2025-09-18 08:22:19,414] [basehttp.py:161] [basehttp:log_message] [INFO]- "GET /Professor_Student_Manage/professors_and_departments/ HTTP/1.1" 200 125631
[2025-09-18 08:23:13,410] [basehttp.py:161] [basehttp:log_message] [INFO]- "GET /Select_Information/get-select-time/ HTTP/1.1" 200 91
[2025-09-18 08:23:13,637] [basehttp.py:161] [basehttp:log_message] [INFO]- "GET /Select_Information/get-select-time/ HTTP/1.1" 200 91
[2025-09-18 08:23:15,958] [basehttp.py:161] [basehttp:log_message] [INFO]- "POST /Professor_Student_Manage/user-login/ HTTP/1.1" 200 36
[2025-09-18 08:23:16,477] [basehttp.py:161] [basehttp:log_message] [INFO]- "GET /Professor_Student_Manage/user-info/?usertype=student HTTP/1.1" 200 682
[2025-09-18 08:23:16,830] [basehttp.py:161] [basehttp:log_message] [INFO]- "GET /Professor_Student_Manage/user-info/?usertype=student HTTP/1.1" 200 682
[2025-09-18 08:23:31,758] [basehttp.py:161] [basehttp:log_message] [INFO]- "GET /Select_Information/get-select-time/ HTTP/1.1" 200 91
[2025-09-18 08:23:31,974] [basehttp.py:161] [basehttp:log_message] [INFO]- "GET /Select_Information/get-select-time/ HTTP/1.1" 200 91
[2025-09-18 08:23:42,349] [basehttp.py:161] [basehttp:log_message] [INFO]- "GET /Professor_Student_Manage/professors_and_departments/ HTTP/1.1" 200 125631
[2025-09-18 08:23:55,523] [basehttp.py:161] [basehttp:log_message] [INFO]- "GET /Professor_Student_Manage/professors_and_departments/ HTTP/1.1" 200 125631
[2025-09-18 08:24:15,948] [basehttp.py:161] [basehttp:log_message] [INFO]- "GET /Professor_Student_Manage/professors_and_departments/ HTTP/1.1" 200 125631
[2025-09-18 09:52:45,034] [autoreload.py:637] [autoreload:run_with_reloader] [INFO]- Watching for file changes with StatReloader
[2025-09-18 09:53:04,923] [autoreload.py:637] [autoreload:run_with_reloader] [INFO]- Watching for file changes with StatReloader
[2025-09-18 09:53:17,186] [autoreload.py:637] [autoreload:run_with_reloader] [INFO]- Watching for file changes with StatReloader
[2025-09-18 10:04:54,031] [basehttp.py:161] [basehttp:log_message] [INFO]- "GET /Professor_Student_Manage/user-info/?usertype=student HTTP/1.1" 200 682
[2025-09-18 10:05:24,427] [basehttp.py:161] [basehttp:log_message] [INFO]- "POST /Professor_Student_Manage/user-logout/ HTTP/1.1" 200 50
[2025-09-18 10:05:39,903] [basehttp.py:161] [basehttp:log_message] [INFO]- "POST /userlogin/ HTTP/1.1" 200 1058
[2025-09-18 10:05:40,546] [basehttp.py:161] [basehttp:log_message] [INFO]- "GET /Professor_Student_Manage/user-info/?usertype=professor HTTP/1.1" 200 972
[2025-09-18 10:05:40,792] [basehttp.py:161] [basehttp:log_message] [INFO]- "GET /Select_Information/reviewer/review_records/ HTTP/1.1" 200 1195
[2025-09-18 10:05:40,998] [basehttp.py:161] [basehttp:log_message] [INFO]- "GET /Professor_Student_Manage/user-info/?usertype=professor HTTP/1.1" 200 972
[2025-09-18 10:05:45,241] [basehttp.py:161] [basehttp:log_message] [INFO]- "GET /Professor_Student_Manage/user-info/?usertype=professor HTTP/1.1" 200 972
[2025-09-18 10:05:45,736] [basehttp.py:161] [basehttp:log_message] [INFO]- "GET /Professor_Student_Manage/user-info/?usertype=professor HTTP/1.1" 200 972
[2025-09-18 10:05:45,748] [basehttp.py:161] [basehttp:log_message] [INFO]- "GET /Select_Information/get-select-info/?usertype=professor HTTP/1.1" 200 6364
[2025-09-18 10:05:46,801] [basehttp.py:161] [basehttp:log_message] [INFO]- "GET /Select_Information/get-select-info/?usertype=professor HTTP/1.1" 200 6364
[2025-09-18 10:05:46,960] [basehttp.py:161] [basehttp:log_message] [INFO]- "GET /Professor_Student_Manage/departments/reviewers/ HTTP/1.1" 200 12159
[2025-09-18 10:05:47,206] [basehttp.py:161] [basehttp:log_message] [INFO]- "GET /Select_Information/get-select-time/ HTTP/1.1" 200 91
[2025-09-18 10:05:47,404] [basehttp.py:161] [basehttp:log_message] [INFO]- "GET /Select_Information/get-select-time/ HTTP/1.1" 200 91
[2025-09-18 10:05:49,149] [basehttp.py:161] [basehttp:log_message] [INFO]- "GET /Professor_Student_Manage/departments/reviewers/ HTTP/1.1" 200 12159
[2025-09-18 10:05:52,049] [basehttp.py:161] [basehttp:log_message] [INFO]- "GET /Professor_Student_Manage/user-info/?usertype=professor HTTP/1.1" 200 972
[2025-09-18 10:05:52,753] [basehttp.py:161] [basehttp:log_message] [INFO]- "GET /Select_Information/get-select-info/?usertype=professor HTTP/1.1" 200 6364
[2025-09-18 10:05:53,779] [basehttp.py:161] [basehttp:log_message] [INFO]- "GET /Professor_Student_Manage/departments/reviewers/ HTTP/1.1" 200 12159
[2025-09-18 10:05:59,929] [basehttp.py:161] [basehttp:log_message] [INFO]- "GET /Professor_Student_Manage/user-info/?usertype=professor HTTP/1.1" 200 972
[2025-09-18 10:06:00,045] [basehttp.py:161] [basehttp:log_message] [INFO]- "GET /Select_Information/reviewer/review_records/ HTTP/1.1" 200 1195
[2025-09-18 10:06:00,748] [basehttp.py:161] [basehttp:log_message] [INFO]- "GET /Professor_Student_Manage/user-info/?usertype=professor HTTP/1.1" 200 972
[2025-09-18 10:06:00,974] [basehttp.py:161] [basehttp:log_message] [INFO]- "GET /Select_Information/get-select-time/ HTTP/1.1" 200 91
[2025-09-18 10:06:01,205] [basehttp.py:161] [basehttp:log_message] [INFO]- "GET /Select_Information/get-select-info/?usertype=professor HTTP/1.1" 200 6364
[2025-09-18 10:06:02,174] [basehttp.py:161] [basehttp:log_message] [INFO]- "GET /Professor_Student_Manage/departments/reviewers/ HTTP/1.1" 200 12159
[2025-09-18 10:06:08,497] [basehttp.py:161] [basehttp:log_message] [INFO]- "GET /Professor_Student_Manage/user-info/?usertype=professor HTTP/1.1" 200 972
[2025-09-18 10:06:09,117] [basehttp.py:161] [basehttp:log_message] [INFO]- "GET /Select_Information/get-select-info/?usertype=professor HTTP/1.1" 200 6364
[2025-09-18 10:06:10,250] [basehttp.py:161] [basehttp:log_message] [INFO]- "GET /Professor_Student_Manage/professors_and_departments/ HTTP/1.1" 200 125631
[2025-09-18 10:06:10,258] [basehttp.py:161] [basehttp:log_message] [INFO]- "GET /Professor_Student_Manage/departments/reviewers/ HTTP/1.1" 200 12159
[2025-09-18 10:06:32,031] [basehttp.py:161] [basehttp:log_message] [INFO]- "GET /Select_Information/get-select-info/?usertype=professor HTTP/1.1" 200 6364
[2025-09-18 10:06:34,647] [basehttp.py:161] [basehttp:log_message] [INFO]- "GET /Professor_Student_Manage/professors_and_departments/ HTTP/1.1" 200 125631
[2025-09-18 10:06:38,081] [basehttp.py:161] [basehttp:log_message] [INFO]- "GET /Professor_Student_Manage/professors_and_departments/ HTTP/1.1" 200 125631
[2025-09-18 15:39:01,245] [autoreload.py:637] [autoreload:run_with_reloader] [INFO]- Watching for file changes with StatReloader
[2025-09-18 15:41:08,232] [autoreload.py:637] [autoreload:run_with_reloader] [INFO]- Watching for file changes with StatReloader
[2025-09-18 15:44:58,721] [autoreload.py:637] [autoreload:run_with_reloader] [INFO]- Watching for file changes with StatReloader
[2025-09-18 15:45:43,721] [autoreload.py:637] [autoreload:run_with_reloader] [INFO]- Watching for file changes with StatReloader
[2025-09-18 15:57:16,424] [autoreload.py:637] [autoreload:run_with_reloader] [INFO]- Watching for file changes with StatReloader
[2025-09-18 15:57:16,765] [autoreload.py:637] [autoreload:run_with_reloader] [INFO]- Watching for file changes with StatReloader
[2025-09-18 15:59:58,569] [autoreload.py:637] [autoreload:run_with_reloader] [INFO]- Watching for file changes with StatReloader
[2025-09-18 15:59:58,571] [autoreload.py:251] [autoreload:trigger_reload] [INFO]- /app/Professor_Student_Manage/admin.py changed, reloading.
[2025-09-18 16:00:16,530] [basehttp.py:161] [basehttp:log_message] [INFO]- "GET / HTTP/1.1" 200 10330
[2025-09-18 16:00:16,559] [log.py:224] [log:log_response] [WARNING]- Not Found: /api/count
[2025-09-18 16:00:16,559] [basehttp.py:161] [basehttp:log_message] [WARNING]- "GET /api/count HTTP/1.1" 404 3142
[2025-09-18 16:00:16,576] [log.py:224] [log:log_response] [WARNING]- Not Found: /apple-touch-icon.png
[2025-09-18 16:00:16,577] [log.py:224] [log:log_response] [WARNING]- Not Found: /apple-touch-icon-precomposed.png
[2025-09-18 16:00:16,579] [log.py:224] [log:log_response] [WARNING]- Not Found: /favicon.ico
[2025-09-18 16:00:16,580] [basehttp.py:161] [basehttp:log_message] [WARNING]- "GET /apple-touch-icon.png HTTP/1.1" 404 3175
[2025-09-18 16:00:16,580] [basehttp.py:161] [basehttp:log_message] [WARNING]- "GET /apple-touch-icon-precomposed.png HTTP/1.1" 404 3211
[2025-09-18 16:00:16,582] [basehttp.py:161] [basehttp:log_message] [WARNING]- "GET /favicon.ico HTTP/1.1" 404 3148
[2025-09-18 16:00:21,134] [basehttp.py:161] [basehttp:log_message] [INFO]- "GET /admin/ HTTP/1.1" 200 13138
[2025-09-18 16:00:21,137] [basehttp.py:161] [basehttp:log_message] [INFO]- "GET /static/admin/img/icon-deletelink.svg HTTP/1.1" 304 0
[2025-09-18 16:00:21,138] [basehttp.py:161] [basehttp:log_message] [INFO]- "GET /static/admin/img/icon-changelink.svg HTTP/1.1" 304 0
[2025-09-18 16:00:21,139] [basehttp.py:161] [basehttp:log_message] [INFO]- "GET /static/admin/css/dashboard.css HTTP/1.1" 304 0
[2025-09-18 16:00:21,142] [basehttp.py:161] [basehttp:log_message] [INFO]- "GET /static/admin/js/nav_sidebar.js HTTP/1.1" 200 1360
[2025-09-18 16:00:21,145] [basehttp.py:161] [basehttp:log_message] [INFO]- "GET /static/admin/css/responsive.css HTTP/1.1" 304 0
[2025-09-18 16:00:21,146] [basehttp.py:161] [basehttp:log_message] [INFO]- "GET /static/admin/css/base.css HTTP/1.1" 304 0
[2025-09-18 16:00:21,147] [basehttp.py:161] [basehttp:log_message] [INFO]- "GET /static/admin/css/nav_sidebar.css HTTP/1.1" 304 0
[2025-09-18 16:00:21,150] [basehttp.py:161] [basehttp:log_message] [INFO]- "GET /static/admin/css/fonts.css HTTP/1.1" 304 0
[2025-09-18 16:00:21,158] [basehttp.py:161] [basehttp:log_message] [INFO]- "GET /static/admin/fonts/Roboto-Bold-webfont.woff HTTP/1.1" 304 0
[2025-09-18 16:00:21,158] [basehttp.py:161] [basehttp:log_message] [INFO]- "GET /static/admin/fonts/Roboto-Regular-webfont.woff HTTP/1.1" 304 0
[2025-09-18 16:00:21,160] [basehttp.py:161] [basehttp:log_message] [INFO]- "GET /static/admin/img/icon-addlink.svg HTTP/1.1" 200 331
[2025-09-18 16:00:21,168] [basehttp.py:161] [basehttp:log_message] [INFO]- "GET /static/admin/fonts/Roboto-Light-webfont.woff HTTP/1.1" 304 0
[2025-09-18 16:00:21,479] [basehttp.py:161] [basehttp:log_message] [INFO]- "GET /admin/ HTTP/1.1" 200 13138
[2025-09-18 16:00:23,416] [basehttp.py:161] [basehttp:log_message] [INFO]- "GET /admin/Professor_Student_Manage/professor/ HTTP/1.1" 200 67439
[2025-09-18 16:00:23,425] [basehttp.py:161] [basehttp:log_message] [INFO]- "GET /static/admin/css/changelists.css HTTP/1.1" 200 6874
[2025-09-18 16:00:23,428] [basehttp.py:161] [basehttp:log_message] [INFO]- "GET /static/admin/js/urlify.js HTTP/1.1" 200 7902
[2025-09-18 16:00:23,429] [basehttp.py:161] [basehttp:log_message] [INFO]- "GET /static/admin/js/jquery.init.js HTTP/1.1" 304 0
[2025-09-18 16:00:23,436] [basehttp.py:161] [basehttp:log_message] [INFO]- "GET /static/admin/js/actions.js HTTP/1.1" 304 0
[2025-09-18 16:00:23,437] [basehttp.py:161] [basehttp:log_message] [INFO]- "GET /static/admin/js/vendor/jquery/jquery.js HTTP/1.1" 304 0
[2025-09-18 16:00:23,439] [basehttp.py:161] [basehttp:log_message] [INFO]- "GET /static/admin/js/admin/RelatedObjectLookups.js HTTP/1.1" 304 0
[2025-09-18 16:00:23,440] [basehttp.py:161] [basehttp:log_message] [INFO]- "GET /static/admin/js/prepopulate.js HTTP/1.1" 304 0
[2025-09-18 16:00:23,441] [basehttp.py:161] [basehttp:log_message] [INFO]- "GET /static/admin/js/core.js HTTP/1.1" 304 0
[2025-09-18 16:00:23,441] [basehttp.py:161] [basehttp:log_message] [INFO]- "GET /static/admin/js/vendor/xregexp/xregexp.js HTTP/1.1" 304 0
[2025-09-18 16:00:23,444] [basehttp.py:161] [basehttp:log_message] [INFO]- "GET /static/admin/img/icon-yes.svg HTTP/1.1" 304 0
[2025-09-18 16:00:23,447] [basehttp.py:161] [basehttp:log_message] [INFO]- "GET /static/admin/img/icon-no.svg HTTP/1.1" 304 0
[2025-09-18 16:00:23,451] [basehttp.py:161] [basehttp:log_message] [INFO]- "GET /static/admin/img/search.svg HTTP/1.1" 200 458
[2025-09-18 16:00:23,690] [basehttp.py:161] [basehttp:log_message] [INFO]- "GET /admin/jsi18n/ HTTP/1.1" 200 8398
[2025-09-18 16:00:23,725] [basehttp.py:161] [basehttp:log_message] [INFO]- "GET /static/admin/img/tooltag-add.svg HTTP/1.1" 304 0
[2025-09-18 16:00:25,214] [basehttp.py:161] [basehttp:log_message] [INFO]- "GET /admin/Professor_Student_Manage/professor/import-quota/ HTTP/1.1" 200 1896
[2025-09-18 16:00:30,198] [basehttp.py:161] [basehttp:log_message] [INFO]- "POST /admin/Professor_Student_Manage/professor/import-quota/ HTTP/1.1" 302 0
[2025-09-18 16:00:30,759] [basehttp.py:161] [basehttp:log_message] [INFO]- "GET /admin/Professor_Student_Manage/professor/ HTTP/1.1" 200 67641
[2025-09-18 16:00:31,014] [basehttp.py:161] [basehttp:log_message] [INFO]- "GET /admin/jsi18n/ HTTP/1.1" 200 8398
[2025-09-18 16:06:25,387] [autoreload.py:637] [autoreload:run_with_reloader] [INFO]- Watching for file changes with StatReloader
[2025-09-18 16:06:28,224] [basehttp.py:161] [basehttp:log_message] [INFO]- "GET /admin/Professor_Student_Manage/professor/import-quota/ HTTP/1.1" 200 1896
[2025-09-18 16:06:34,073] [basehttp.py:161] [basehttp:log_message] [INFO]- "POST /admin/Professor_Student_Manage/professor/import-quota/ HTTP/1.1" 302 0
[2025-09-18 16:06:34,631] [basehttp.py:161] [basehttp:log_message] [INFO]- "GET /admin/Professor_Student_Manage/professor/ HTTP/1.1" 200 67641
[2025-09-18 16:06:34,886] [basehttp.py:161] [basehttp:log_message] [INFO]- "GET /admin/jsi18n/ HTTP/1.1" 200 8398
[2025-09-18 16:07:51,960] [basehttp.py:161] [basehttp:log_message] [INFO]- "GET /admin/Professor_Student_Manage/professor/import-quota/ HTTP/1.1" 200 1896
[2025-09-18 16:07:57,117] [basehttp.py:161] [basehttp:log_message] [INFO]- "POST /admin/Professor_Student_Manage/professor/import-quota/ HTTP/1.1" 302 0
[2025-09-18 16:07:57,611] [basehttp.py:161] [basehttp:log_message] [INFO]- "GET /admin/Professor_Student_Manage/professor/ HTTP/1.1" 200 67641
[2025-09-18 16:07:57,865] [basehttp.py:161] [basehttp:log_message] [INFO]- "GET /admin/jsi18n/ HTTP/1.1" 200 8398
[2025-09-18 16:09:48,313] [autoreload.py:637] [autoreload:run_with_reloader] [INFO]- Watching for file changes with StatReloader
[2025-09-18 16:09:51,051] [basehttp.py:161] [basehttp:log_message] [INFO]- "GET /admin/Professor_Student_Manage/professor/import-quota/ HTTP/1.1" 200 1896
[2025-09-18 16:09:54,970] [basehttp.py:161] [basehttp:log_message] [INFO]- "POST /admin/Professor_Student_Manage/professor/import-quota/ HTTP/1.1" 302 0
[2025-09-18 16:09:55,506] [basehttp.py:161] [basehttp:log_message] [INFO]- "GET /admin/Professor_Student_Manage/professor/ HTTP/1.1" 200 67641
[2025-09-18 16:09:55,721] [basehttp.py:161] [basehttp:log_message] [INFO]- "GET /admin/jsi18n/ HTTP/1.1" 200 8398
[2025-09-18 16:10:21,286] [autoreload.py:637] [autoreload:run_with_reloader] [INFO]- Watching for file changes with StatReloader
[2025-09-18 16:10:24,445] [basehttp.py:161] [basehttp:log_message] [INFO]- "GET /admin/Professor_Student_Manage/professor/import-quota/ HTTP/1.1" 200 1896
[2025-09-18 16:10:28,805] [basehttp.py:161] [basehttp:log_message] [INFO]- "POST /admin/Professor_Student_Manage/professor/import-quota/ HTTP/1.1" 302 0
[2025-09-18 16:10:29,390] [basehttp.py:161] [basehttp:log_message] [INFO]- "GET /admin/Professor_Student_Manage/professor/ HTTP/1.1" 200 67641
[2025-09-18 16:10:29,661] [basehttp.py:161] [basehttp:log_message] [INFO]- "GET /admin/jsi18n/ HTTP/1.1" 200 8398
[2025-09-18 16:13:49,436] [autoreload.py:637] [autoreload:run_with_reloader] [INFO]- Watching for file changes with StatReloader
[2025-09-18 16:13:52,537] [basehttp.py:161] [basehttp:log_message] [INFO]- "GET /admin/Professor_Student_Manage/professor/import-quota/ HTTP/1.1" 200 1896
[2025-09-18 16:13:56,535] [basehttp.py:161] [basehttp:log_message] [INFO]- "POST /admin/Professor_Student_Manage/professor/import-quota/ HTTP/1.1" 302 0
[2025-09-18 16:13:57,050] [basehttp.py:161] [basehttp:log_message] [INFO]- "GET /admin/Professor_Student_Manage/professor/ HTTP/1.1" 200 67641
[2025-09-18 16:13:57,290] [basehttp.py:161] [basehttp:log_message] [INFO]- "GET /admin/jsi18n/ HTTP/1.1" 200 8398
[2025-09-18 16:15:44,996] [autoreload.py:637] [autoreload:run_with_reloader] [INFO]- Watching for file changes with StatReloader
[2025-09-18 16:15:48,618] [basehttp.py:161] [basehttp:log_message] [INFO]- "GET /admin/Professor_Student_Manage/professor/import-quota/ HTTP/1.1" 200 1896
[2025-09-18 16:15:48,894] [basehttp.py:161] [basehttp:log_message] [INFO]- "GET /admin/jsi18n/ HTTP/1.1" 200 8398
[2025-09-18 16:15:52,914] [basehttp.py:161] [basehttp:log_message] [INFO]- "POST /admin/Professor_Student_Manage/professor/import-quota/ HTTP/1.1" 302 0
[2025-09-18 16:15:53,531] [basehttp.py:161] [basehttp:log_message] [INFO]- "GET /admin/Professor_Student_Manage/professor/ HTTP/1.1" 200 67587
[2025-09-18 16:18:01,055] [autoreload.py:637] [autoreload:run_with_reloader] [INFO]- Watching for file changes with StatReloader
[2025-09-18 16:18:07,406] [basehttp.py:161] [basehttp:log_message] [INFO]- "GET /admin/Professor_Student_Manage/professormasterquota/ HTTP/1.1" 200 10982
[2025-09-18 16:18:07,689] [basehttp.py:161] [basehttp:log_message] [INFO]- "GET /admin/jsi18n/ HTTP/1.1" 200 8398
[2025-09-18 16:18:09,519] [basehttp.py:161] [basehttp:log_message] [INFO]- "GET /admin/Professor_Student_Manage/professor/ HTTP/1.1" 200 67439
[2025-09-18 16:18:09,730] [basehttp.py:161] [basehttp:log_message] [INFO]- "GET /admin/jsi18n/ HTTP/1.1" 200 8398
[2025-09-18 16:18:10,667] [basehttp.py:161] [basehttp:log_message] [INFO]- "GET /admin/Professor_Student_Manage/professor/import-quota/ HTTP/1.1" 200 1896
[2025-09-18 16:18:10,887] [basehttp.py:161] [basehttp:log_message] [INFO]- "GET /admin/jsi18n/ HTTP/1.1" 200 8398
[2025-09-18 16:18:17,060] [basehttp.py:161] [basehttp:log_message] [INFO]- "POST /admin/Professor_Student_Manage/professor/import-quota/ HTTP/1.1" 302 0
[2025-09-18 16:18:17,555] [basehttp.py:161] [basehttp:log_message] [INFO]- "GET /admin/Professor_Student_Manage/professor/ HTTP/1.1" 200 67587
[2025-09-18 16:22:26,243] [autoreload.py:637] [autoreload:run_with_reloader] [INFO]- Watching for file changes with StatReloader
[2025-09-18 16:22:31,650] [basehttp.py:161] [basehttp:log_message] [INFO]- "GET /admin/Professor_Student_Manage/professor/import-quota/ HTTP/1.1" 200 1896
[2025-09-18 16:22:36,337] [basehttp.py:161] [basehttp:log_message] [INFO]- "POST /admin/Professor_Student_Manage/professor/import-quota/ HTTP/1.1" 302 0
[2025-09-18 16:22:36,887] [basehttp.py:161] [basehttp:log_message] [INFO]- "GET /admin/Professor_Student_Manage/professor/ HTTP/1.1" 200 67587
[2025-09-18 16:22:37,138] [basehttp.py:161] [basehttp:log_message] [INFO]- "GET /admin/jsi18n/ HTTP/1.1" 200 8398
[2025-09-18 16:22:54,525] [autoreload.py:637] [autoreload:run_with_reloader] [INFO]- Watching for file changes with StatReloader
[2025-09-18 16:23:11,587] [autoreload.py:637] [autoreload:run_with_reloader] [INFO]- Watching for file changes with StatReloader
[2025-09-18 16:23:14,654] [basehttp.py:161] [basehttp:log_message] [INFO]- "GET /admin/Professor_Student_Manage/professor/import-quota/ HTTP/1.1" 200 1896
[2025-09-18 16:23:18,476] [basehttp.py:161] [basehttp:log_message] [INFO]- "POST /admin/Professor_Student_Manage/professor/import-quota/ HTTP/1.1" 302 0
[2025-09-18 16:23:19,023] [basehttp.py:161] [basehttp:log_message] [INFO]- "GET /admin/Professor_Student_Manage/professor/ HTTP/1.1" 200 67587
[2025-09-18 16:23:19,288] [basehttp.py:161] [basehttp:log_message] [INFO]- "GET /admin/jsi18n/ HTTP/1.1" 200 8398
[2025-09-18 16:24:15,358] [autoreload.py:637] [autoreload:run_with_reloader] [INFO]- Watching for file changes with StatReloader
[2025-09-18 16:24:21,427] [basehttp.py:161] [basehttp:log_message] [INFO]- "GET /admin/Professor_Student_Manage/professor/ HTTP/1.1" 200 67439
[2025-09-18 16:24:21,651] [basehttp.py:161] [basehttp:log_message] [INFO]- "GET /admin/jsi18n/ HTTP/1.1" 200 8398
[2025-09-18 16:25:52,357] [autoreload.py:637] [autoreload:run_with_reloader] [INFO]- Watching for file changes with StatReloader
[2025-09-18 16:25:54,746] [basehttp.py:161] [basehttp:log_message] [INFO]- "GET /admin/Professor_Student_Manage/professor/import-quota/ HTTP/1.1" 200 1896
[2025-09-18 16:25:55,017] [basehttp.py:161] [basehttp:log_message] [INFO]- "GET /admin/jsi18n/ HTTP/1.1" 200 8398
[2025-09-18 16:25:58,877] [basehttp.py:161] [basehttp:log_message] [INFO]- "POST /admin/Professor_Student_Manage/professor/import-quota/ HTTP/1.1" 302 0
[2025-09-18 16:25:59,461] [basehttp.py:161] [basehttp:log_message] [INFO]- "GET /admin/Professor_Student_Manage/professor/ HTTP/1.1" 200 67587
[2025-09-18 16:29:05,281] [autoreload.py:637] [autoreload:run_with_reloader] [INFO]- Watching for file changes with StatReloader
[2025-09-18 16:30:04,302] [autoreload.py:637] [autoreload:run_with_reloader] [INFO]- Watching for file changes with StatReloader
[2025-09-18 16:30:08,472] [basehttp.py:161] [basehttp:log_message] [INFO]- "GET /admin/Professor_Student_Manage/professor/import-quota/ HTTP/1.1" 200 1896
[2025-09-18 16:30:13,175] [basehttp.py:161] [basehttp:log_message] [INFO]- "POST /admin/Professor_Student_Manage/professor/import-quota/ HTTP/1.1" 302 0
[2025-09-18 16:30:13,758] [basehttp.py:161] [basehttp:log_message] [INFO]- "GET /admin/Professor_Student_Manage/professor/ HTTP/1.1" 200 67587
[2025-09-18 16:30:14,036] [basehttp.py:161] [basehttp:log_message] [INFO]- "GET /admin/jsi18n/ HTTP/1.1" 200 8398
[2025-09-18 16:31:09,207] [autoreload.py:637] [autoreload:run_with_reloader] [INFO]- Watching for file changes with StatReloader
[2025-09-18 16:31:12,657] [basehttp.py:161] [basehttp:log_message] [INFO]- "GET /admin/Professor_Student_Manage/professor/import-quota/ HTTP/1.1" 200 1896
[2025-09-18 16:31:18,729] [basehttp.py:161] [basehttp:log_message] [INFO]- "POST /admin/Professor_Student_Manage/professor/import-quota/ HTTP/1.1" 302 0
[2025-09-18 16:31:19,238] [basehttp.py:161] [basehttp:log_message] [INFO]- "GET /admin/Professor_Student_Manage/professor/ HTTP/1.1" 200 67587
[2025-09-18 16:31:19,485] [basehttp.py:161] [basehttp:log_message] [INFO]- "GET /admin/jsi18n/ HTTP/1.1" 200 8398
[2025-09-18 16:31:25,057] [autoreload.py:637] [autoreload:run_with_reloader] [INFO]- Watching for file changes with StatReloader
[2025-09-18 16:37:23,449] [autoreload.py:637] [autoreload:run_with_reloader] [INFO]- Watching for file changes with StatReloader
[2025-09-18 16:38:19,677] [autoreload.py:637] [autoreload:run_with_reloader] [INFO]- Watching for file changes with StatReloader
[2025-09-18 16:38:25,032] [basehttp.py:161] [basehttp:log_message] [INFO]- "GET /admin/Professor_Student_Manage/professor/import-quota/ HTTP/1.1" 200 1896
[2025-09-18 16:38:29,961] [basehttp.py:161] [basehttp:log_message] [INFO]- "POST /admin/Professor_Student_Manage/professor/import-quota/ HTTP/1.1" 302 0
[2025-09-18 16:38:30,539] [basehttp.py:161] [basehttp:log_message] [INFO]- "GET /admin/Professor_Student_Manage/professor/ HTTP/1.1" 200 67587
[2025-09-18 16:38:30,792] [basehttp.py:161] [basehttp:log_message] [INFO]- "GET /admin/jsi18n/ HTTP/1.1" 200 8398
[2025-09-18 16:38:54,416] [autoreload.py:637] [autoreload:run_with_reloader] [INFO]- Watching for file changes with StatReloader
[2025-09-18 16:38:57,471] [basehttp.py:161] [basehttp:log_message] [INFO]- "GET /admin/Professor_Student_Manage/professormasterquota/ HTTP/1.1" 200 14557
[2025-09-18 16:38:57,715] [basehttp.py:161] [basehttp:log_message] [INFO]- "GET /admin/jsi18n/ HTTP/1.1" 200 8398
[2025-09-18 16:39:18,212] [basehttp.py:161] [basehttp:log_message] [INFO]- "GET /admin/Enrollment_Manage/department/ HTTP/1.1" 200 15808
[2025-09-18 16:39:18,469] [basehttp.py:161] [basehttp:log_message] [INFO]- "GET /admin/jsi18n/ HTTP/1.1" 200 8398
[2025-09-18 16:39:59,059] [basehttp.py:161] [basehttp:log_message] [INFO]- "GET /admin/Enrollment_Manage/department/3/change/ HTTP/1.1" 200 14544
[2025-09-18 16:39:59,071] [basehttp.py:161] [basehttp:log_message] [INFO]- "GET /static/admin/js/prepopulate_init.js HTTP/1.1" 200 492
[2025-09-18 16:39:59,074] [basehttp.py:161] [basehttp:log_message] [INFO]- "GET /static/admin/css/forms.css HTTP/1.1" 304 0
[2025-09-18 16:39:59,076] [basehttp.py:161] [basehttp:log_message] [INFO]- "GET /static/admin/js/change_form.js HTTP/1.1" 304 0
[2025-09-18 16:39:59,079] [basehttp.py:161] [basehttp:log_message] [INFO]- "GET /static/admin/css/widgets.css HTTP/1.1" 304 0
[2025-09-18 16:39:59,356] [basehttp.py:161] [basehttp:log_message] [INFO]- "GET /admin/jsi18n/ HTTP/1.1" 200 8398
[2025-09-18 16:40:10,352] [autoreload.py:637] [autoreload:run_with_reloader] [INFO]- Watching for file changes with StatReloader
[2025-09-18 16:42:18,613] [autoreload.py:637] [autoreload:run_with_reloader] [INFO]- Watching for file changes with StatReloader
[2025-09-18 16:42:26,802] [basehttp.py:161] [basehttp:log_message] [INFO]- "GET /admin/Enrollment_Manage/department/ HTTP/1.1" 200 15964
[2025-09-18 16:42:27,107] [basehttp.py:161] [basehttp:log_message] [INFO]- "GET /admin/jsi18n/ HTTP/1.1" 200 8398
[2025-09-18 16:42:46,373] [basehttp.py:161] [basehttp:log_message] [INFO]- "GET /admin/Professor_Student_Manage/student/ HTTP/1.1" 200 114425
[2025-09-18 16:42:46,625] [basehttp.py:161] [basehttp:log_message] [INFO]- "GET /admin/jsi18n/ HTTP/1.1" 200 8398
[2025-09-18 17:41:50,246] [basehttp.py:161] [basehttp:log_message] [INFO]- "GET /admin/Professor_Student_Manage/professordoctorquota/ HTTP/1.1" 200 55591
[2025-09-18 17:50:15,618] [autoreload.py:637] [autoreload:run_with_reloader] [INFO]- Watching for file changes with StatReloader
[2025-09-18 17:50:29,956] [autoreload.py:637] [autoreload:run_with_reloader] [INFO]- Watching for file changes with StatReloader
[2025-09-18 17:51:08,801] [autoreload.py:637] [autoreload:run_with_reloader] [INFO]- Watching for file changes with StatReloader
[2025-09-18 17:51:57,868] [autoreload.py:637] [autoreload:run_with_reloader] [INFO]- Watching for file changes with StatReloader
[2025-09-18 17:52:04,383] [autoreload.py:637] [autoreload:run_with_reloader] [INFO]- Watching for file changes with StatReloader
[2025-09-18 17:52:19,087] [basehttp.py:161] [basehttp:log_message] [INFO]- "GET / HTTP/1.1" 200 10330
[2025-09-18 17:52:19,113] [log.py:224] [log:log_response] [WARNING]- Not Found: /api/count
[2025-09-18 17:52:19,116] [log.py:224] [log:log_response] [WARNING]- Not Found: /apple-touch-icon-precomposed.png
[2025-09-18 17:52:19,117] [basehttp.py:161] [basehttp:log_message] [WARNING]- "GET /api/count HTTP/1.1" 404 3142
[2025-09-18 17:52:19,117] [basehttp.py:161] [basehttp:log_message] [WARNING]- "GET /apple-touch-icon-precomposed.png HTTP/1.1" 404 3211
[2025-09-18 17:52:19,126] [log.py:224] [log:log_response] [WARNING]- Not Found: /favicon.ico
[2025-09-18 17:52:19,127] [log.py:224] [log:log_response] [WARNING]- Not Found: /apple-touch-icon.png
[2025-09-18 17:52:19,127] [basehttp.py:161] [basehttp:log_message] [WARNING]- "GET /favicon.ico HTTP/1.1" 404 3148
[2025-09-18 17:52:19,129] [basehttp.py:161] [basehttp:log_message] [WARNING]- "GET /apple-touch-icon.png HTTP/1.1" 404 3175
[2025-09-18 17:52:21,299] [basehttp.py:161] [basehttp:log_message] [INFO]- "GET / HTTP/1.1" 200 10330
[2025-09-18 17:52:21,314] [log.py:224] [log:log_response] [WARNING]- Not Found: /api/count
[2025-09-18 17:52:21,315] [basehttp.py:161] [basehttp:log_message] [WARNING]- "GET /api/count HTTP/1.1" 404 3142
[2025-09-18 17:52:22,494] [basehttp.py:161] [basehttp:log_message] [INFO]- "GET /admin/ HTTP/1.1" 200 13138
[2025-09-18 17:52:22,597] [basehttp.py:161] [basehttp:log_message] [INFO]- "GET /admin/ HTTP/1.1" 200 13138
[2025-09-18 17:52:33,531] [basehttp.py:161] [basehttp:log_message] [INFO]- "GET /admin/Enrollment_Manage/subject/ HTTP/1.1" 200 14912
[2025-09-18 17:52:33,783] [basehttp.py:161] [basehttp:log_message] [INFO]- "GET /admin/jsi18n/ HTTP/1.1" 200 8398
[2025-09-18 17:52:56,029] [autoreload.py:637] [autoreload:run_with_reloader] [INFO]- Watching for file changes with StatReloader
[2025-09-18 17:52:57,656] [basehttp.py:161] [basehttp:log_message] [INFO]- "GET /admin/Enrollment_Manage/subject/ HTTP/1.1" 200 15684
[2025-09-18 17:52:57,910] [basehttp.py:161] [basehttp:log_message] [INFO]- "GET /admin/jsi18n/ HTTP/1.1" 200 8398
[2025-09-18 17:53:04,799] [basehttp.py:161] [basehttp:log_message] [INFO]- "GET /admin/Enrollment_Manage/subject/14/change/ HTTP/1.1" 200 13495
[2025-09-18 17:53:05,066] [basehttp.py:161] [basehttp:log_message] [INFO]- "GET /admin/jsi18n/ HTTP/1.1" 200 8398
[2025-09-18 17:53:13,746] [autoreload.py:637] [autoreload:run_with_reloader] [INFO]- Watching for file changes with StatReloader
[2025-09-18 17:53:37,839] [basehttp.py:161] [basehttp:log_message] [INFO]- "GET /admin/Professor_Student_Manage/student/ HTTP/1.1" 200 114425
[2025-09-18 17:53:38,132] [basehttp.py:161] [basehttp:log_message] [INFO]- "GET /admin/jsi18n/ HTTP/1.1" 200 8398
[2025-09-18 17:55:45,116] [autoreload.py:637] [autoreload:run_with_reloader] [INFO]- Watching for file changes with StatReloader
[2025-09-18 17:55:56,962] [autoreload.py:637] [autoreload:run_with_reloader] [INFO]- Watching for file changes with StatReloader
[2025-09-18 17:57:21,135] [basehttp.py:161] [basehttp:log_message] [INFO]- "GET /admin/Professor_Student_Manage/student/ HTTP/1.1" 200 114425
[2025-09-18 17:57:21,419] [basehttp.py:161] [basehttp:log_message] [INFO]- "GET /admin/jsi18n/ HTTP/1.1" 200 8398
[2025-09-18 18:00:46,882] [autoreload.py:637] [autoreload:run_with_reloader] [INFO]- Watching for file changes with StatReloader
[2025-09-18 18:00:51,721] [autoreload.py:637] [autoreload:run_with_reloader] [INFO]- Watching for file changes with StatReloader
[2025-09-18 18:11:53,538] [autoreload.py:637] [autoreload:run_with_reloader] [INFO]- Watching for file changes with StatReloader
[2025-09-18 18:12:24,408] [autoreload.py:251] [autoreload:trigger_reload] [INFO]- /app/Professor_Student_Manage/views.py changed, reloading.
[2025-09-18 18:12:24,735] [autoreload.py:637] [autoreload:run_with_reloader] [INFO]- Watching for file changes with StatReloader
[2025-09-18 18:12:31,592] [autoreload.py:637] [autoreload:run_with_reloader] [INFO]- Watching for file changes with StatReloader
[2025-09-18 18:16:06,933] [autoreload.py:637] [autoreload:run_with_reloader] [INFO]- Watching for file changes with StatReloader
[2025-09-18 18:16:51,444] [autoreload.py:637] [autoreload:run_with_reloader] [INFO]- Watching for file changes with StatReloader
[2025-09-18 18:18:54,245] [autoreload.py:637] [autoreload:run_with_reloader] [INFO]- Watching for file changes with StatReloader
[2025-09-18 18:18:55,637] [autoreload.py:637] [autoreload:run_with_reloader] [INFO]- Watching for file changes with StatReloader
[2025-09-18 18:23:57,982] [autoreload.py:637] [autoreload:run_with_reloader] [INFO]- Watching for file changes with StatReloader
[2025-09-18 18:24:47,179] [autoreload.py:637] [autoreload:run_with_reloader] [INFO]- Watching for file changes with StatReloader
[2025-09-19 08:05:28,581] [log.py:224] [log:log_response] [ERROR]- Internal Server Error: /admin/Select_Information/studentprofessorchoice/
Traceback (most recent call last):
  File "/root/.local/lib/python3.8/site-packages/django/contrib/sessions/backends/base.py", line 233, in _get_session
    return self._session_cache
AttributeError: 'SessionStore' object has no attribute '_session_cache'

During handling of the above exception, another exception occurred:

Traceback (most recent call last):
  File "/root/.local/lib/python3.8/site-packages/django/db/backends/base/base.py", line 219, in ensure_connection
    self.connect()
  File "/root/.local/lib/python3.8/site-packages/django/utils/asyncio.py", line 26, in inner
    return func(*args, **kwargs)
  File "/root/.local/lib/python3.8/site-packages/django/db/backends/base/base.py", line 200, in connect
    self.connection = self.get_new_connection(conn_params)
  File "/root/.local/lib/python3.8/site-packages/django/utils/asyncio.py", line 26, in inner
    return func(*args, **kwargs)
  File "/root/.local/lib/python3.8/site-packages/django/db/backends/mysql/base.py", line 234, in get_new_connection
    connection = Database.connect(**conn_params)
  File "/root/.local/lib/python3.8/site-packages/pymysql/connections.py", line 353, in __init__
    self.connect()
  File "/root/.local/lib/python3.8/site-packages/pymysql/connections.py", line 633, in connect
    self._request_authentication()
  File "/root/.local/lib/python3.8/site-packages/pymysql/connections.py", line 907, in _request_authentication
    auth_packet = self._read_packet()
  File "/root/.local/lib/python3.8/site-packages/pymysql/connections.py", line 725, in _read_packet
    packet.raise_for_error()
  File "/root/.local/lib/python3.8/site-packages/pymysql/protocol.py", line 221, in raise_for_error
    err.raise_mysql_exception(self._data)
  File "/root/.local/lib/python3.8/site-packages/pymysql/err.py", line 143, in raise_mysql_exception
    raise errorclass(errno, errval)
pymysql.err.OperationalError: (9449, 'CynosDB serverless master instance is resuming, please try connecting again')

The above exception was the direct cause of the following exception:

Traceback (most recent call last):
  File "/root/.local/lib/python3.8/site-packages/django/core/handlers/exception.py", line 47, in inner
    response = get_response(request)
  File "/root/.local/lib/python3.8/site-packages/django/core/handlers/base.py", line 181, in _get_response
    response = wrapped_callback(request, *callback_args, **callback_kwargs)
  File "/root/.local/lib/python3.8/site-packages/django/contrib/admin/options.py", line 616, in wrapper
    return self.admin_site.admin_view(view)(*args, **kwargs)
  File "/root/.local/lib/python3.8/site-packages/django/utils/decorators.py", line 130, in _wrapped_view
    response = view_func(request, *args, **kwargs)
  File "/root/.local/lib/python3.8/site-packages/django/views/decorators/cache.py", line 44, in _wrapped_view_func
    response = view_func(request, *args, **kwargs)
  File "/root/.local/lib/python3.8/site-packages/django/contrib/admin/sites.py", line 221, in inner
    if not self.has_permission(request):
  File "/root/.local/lib/python3.8/site-packages/django/contrib/admin/sites.py", line 195, in has_permission
    return request.user.is_active and request.user.is_staff
  File "/root/.local/lib/python3.8/site-packages/django/utils/functional.py", line 246, in inner
    self._setup()
  File "/root/.local/lib/python3.8/site-packages/django/utils/functional.py", line 382, in _setup
    self._wrapped = self._setupfunc()
  File "/root/.local/lib/python3.8/site-packages/django/contrib/auth/middleware.py", line 23, in <lambda>
    request.user = SimpleLazyObject(lambda: get_user(request))
  File "/root/.local/lib/python3.8/site-packages/django/contrib/auth/middleware.py", line 11, in get_user
    request._cached_user = auth.get_user(request)
  File "/root/.local/lib/python3.8/site-packages/django/contrib/auth/__init__.py", line 177, in get_user
    user_id = _get_user_session_key(request)
  File "/root/.local/lib/python3.8/site-packages/django/contrib/auth/__init__.py", line 60, in _get_user_session_key
    return get_user_model()._meta.pk.to_python(request.session[SESSION_KEY])
  File "/root/.local/lib/python3.8/site-packages/django/contrib/sessions/backends/base.py", line 65, in __getitem__
    return self._session[key]
  File "/root/.local/lib/python3.8/site-packages/django/contrib/sessions/backends/base.py", line 238, in _get_session
    self._session_cache = self.load()
  File "/root/.local/lib/python3.8/site-packages/django/contrib/sessions/backends/db.py", line 43, in load
    s = self._get_session_from_db()
  File "/root/.local/lib/python3.8/site-packages/django/contrib/sessions/backends/db.py", line 32, in _get_session_from_db
    return self.model.objects.get(
  File "/root/.local/lib/python3.8/site-packages/django/db/models/manager.py", line 85, in manager_method
    return getattr(self.get_queryset(), name)(*args, **kwargs)
  File "/root/.local/lib/python3.8/site-packages/django/db/models/query.py", line 431, in get
    num = len(clone)
  File "/root/.local/lib/python3.8/site-packages/django/db/models/query.py", line 262, in __len__
    self._fetch_all()
  File "/root/.local/lib/python3.8/site-packages/django/db/models/query.py", line 1324, in _fetch_all
    self._result_cache = list(self._iterable_class(self))
  File "/root/.local/lib/python3.8/site-packages/django/db/models/query.py", line 51, in __iter__
    results = compiler.execute_sql(chunked_fetch=self.chunked_fetch, chunk_size=self.chunk_size)
  File "/root/.local/lib/python3.8/site-packages/django/db/models/sql/compiler.py", line 1173, in execute_sql
    cursor = self.connection.cursor()
  File "/root/.local/lib/python3.8/site-packages/django/utils/asyncio.py", line 26, in inner
    return func(*args, **kwargs)
  File "/root/.local/lib/python3.8/site-packages/django/db/backends/base/base.py", line 259, in cursor
    return self._cursor()
  File "/root/.local/lib/python3.8/site-packages/django/db/backends/base/base.py", line 235, in _cursor
    self.ensure_connection()
  File "/root/.local/lib/python3.8/site-packages/django/utils/asyncio.py", line 26, in inner
    return func(*args, **kwargs)
  File "/root/.local/lib/python3.8/site-packages/django/db/backends/base/base.py", line 219, in ensure_connection
    self.connect()
  File "/root/.local/lib/python3.8/site-packages/django/db/utils.py", line 90, in __exit__
    raise dj_exc_value.with_traceback(traceback) from exc_value
  File "/root/.local/lib/python3.8/site-packages/django/db/backends/base/base.py", line 219, in ensure_connection
    self.connect()
  File "/root/.local/lib/python3.8/site-packages/django/utils/asyncio.py", line 26, in inner
    return func(*args, **kwargs)
  File "/root/.local/lib/python3.8/site-packages/django/db/backends/base/base.py", line 200, in connect
    self.connection = self.get_new_connection(conn_params)
  File "/root/.local/lib/python3.8/site-packages/django/utils/asyncio.py", line 26, in inner
    return func(*args, **kwargs)
  File "/root/.local/lib/python3.8/site-packages/django/db/backends/mysql/base.py", line 234, in get_new_connection
    connection = Database.connect(**conn_params)
  File "/root/.local/lib/python3.8/site-packages/pymysql/connections.py", line 353, in __init__
    self.connect()
  File "/root/.local/lib/python3.8/site-packages/pymysql/connections.py", line 633, in connect
    self._request_authentication()
  File "/root/.local/lib/python3.8/site-packages/pymysql/connections.py", line 907, in _request_authentication
    auth_packet = self._read_packet()
  File "/root/.local/lib/python3.8/site-packages/pymysql/connections.py", line 725, in _read_packet
    packet.raise_for_error()
  File "/root/.local/lib/python3.8/site-packages/pymysql/protocol.py", line 221, in raise_for_error
    err.raise_mysql_exception(self._data)
  File "/root/.local/lib/python3.8/site-packages/pymysql/err.py", line 143, in raise_mysql_exception
    raise errorclass(errno, errval)
django.db.utils.OperationalError: (9449, 'CynosDB serverless master instance is resuming, please try connecting again')
[2025-09-19 08:05:28,585] [basehttp.py:161] [basehttp:log_message] [ERROR]- "GET /admin/Select_Information/studentprofessorchoice/ HTTP/1.1" 500 306095
[2025-09-19 08:17:06,692] [basehttp.py:161] [basehttp:log_message] [INFO]- "GET / HTTP/1.1" 200 10330
[2025-09-19 08:17:06,715] [log.py:224] [log:log_response] [WARNING]- Not Found: /api/count
[2025-09-19 08:17:06,716] [basehttp.py:161] [basehttp:log_message] [WARNING]- "GET /api/count HTTP/1.1" 404 3142
[2025-09-19 08:17:06,736] [log.py:224] [log:log_response] [WARNING]- Not Found: /favicon.ico
[2025-09-19 08:17:06,736] [log.py:224] [log:log_response] [WARNING]- Not Found: /apple-touch-icon-precomposed.png
[2025-09-19 08:17:06,737] [log.py:224] [log:log_response] [WARNING]- Not Found: /apple-touch-icon.png
[2025-09-19 08:17:06,737] [basehttp.py:161] [basehttp:log_message] [WARNING]- "GET /favicon.ico HTTP/1.1" 404 3148
[2025-09-19 08:17:06,737] [basehttp.py:161] [basehttp:log_message] [WARNING]- "GET /apple-touch-icon-precomposed.png HTTP/1.1" 404 3211
[2025-09-19 08:17:06,738] [basehttp.py:161] [basehttp:log_message] [WARNING]- "GET /apple-touch-icon.png HTTP/1.1" 404 3175
[2025-09-19 08:17:09,745] [basehttp.py:161] [basehttp:log_message] [INFO]- "GET / HTTP/1.1" 200 10330
[2025-09-19 08:17:09,760] [log.py:224] [log:log_response] [WARNING]- Not Found: /api/count
[2025-09-19 08:17:09,761] [basehttp.py:161] [basehttp:log_message] [WARNING]- "GET /api/count HTTP/1.1" 404 3142
[2025-09-19 08:17:10,766] [basehttp.py:161] [basehttp:log_message] [INFO]- "GET /admin/ HTTP/1.1" 200 13138
[2025-09-19 08:17:11,032] [basehttp.py:161] [basehttp:log_message] [INFO]- "GET /admin/ HTTP/1.1" 200 13138
[2025-09-19 08:17:11,038] [basehttp.py:161] [basehttp:log_message] [INFO]- "GET /static/admin/img/icon-changelink.svg HTTP/1.1" 304 0
[2025-09-19 08:17:11,038] [basehttp.py:161] [basehttp:log_message] [INFO]- "GET /static/admin/img/icon-deletelink.svg HTTP/1.1" 304 0
[2025-09-19 08:17:11,041] [basehttp.py:161] [basehttp:log_message] [INFO]- "GET /static/admin/css/base.css HTTP/1.1" 200 19513
[2025-09-19 08:17:11,042] [basehttp.py:161] [basehttp:log_message] [INFO]- "GET /static/admin/js/nav_sidebar.js HTTP/1.1" 304 0
[2025-09-19 08:17:11,043] [basehttp.py:161] [basehttp:log_message] [INFO]- "GET /static/admin/css/nav_sidebar.css HTTP/1.1" 304 0
[2025-09-19 08:17:11,047] [basehttp.py:161] [basehttp:log_message] [INFO]- "GET /static/admin/css/dashboard.css HTTP/1.1" 304 0
[2025-09-19 08:17:11,048] [basehttp.py:161] [basehttp:log_message] [INFO]- "GET /static/admin/css/responsive.css HTTP/1.1" 304 0
[2025-09-19 08:17:11,049] [basehttp.py:161] [basehttp:log_message] [INFO]- "GET /static/admin/css/fonts.css HTTP/1.1" 304 0
[2025-09-19 08:17:11,055] [basehttp.py:161] [basehttp:log_message] [INFO]- "GET /static/admin/fonts/Roboto-Bold-webfont.woff HTTP/1.1" 304 0
[2025-09-19 08:17:11,056] [basehttp.py:161] [basehttp:log_message] [INFO]- "GET /static/admin/img/icon-addlink.svg HTTP/1.1" 304 0
[2025-09-19 08:17:11,057] [basehttp.py:161] [basehttp:log_message] [INFO]- "GET /static/admin/fonts/Roboto-Regular-webfont.woff HTTP/1.1" 304 0
[2025-09-19 08:17:11,071] [basehttp.py:161] [basehttp:log_message] [INFO]- "GET /static/admin/fonts/Roboto-Light-webfont.woff HTTP/1.1" 304 0
[2025-09-19 08:31:05,909] [log.py:224] [log:log_response] [ERROR]- Internal Server Error: /admin/Select_Information/reviewrecord/
Traceback (most recent call last):
  File "/root/.local/lib/python3.8/site-packages/django/db/backends/utils.py", line 84, in _execute
    return self.cursor.execute(sql, params)
  File "/root/.local/lib/python3.8/site-packages/django/db/backends/mysql/base.py", line 73, in execute
    return self.cursor.execute(query, args)
  File "/root/.local/lib/python3.8/site-packages/pymysql/cursors.py", line 148, in execute
    result = self._query(query)
  File "/root/.local/lib/python3.8/site-packages/pymysql/cursors.py", line 310, in _query
    conn.query(q)
  File "/root/.local/lib/python3.8/site-packages/pymysql/connections.py", line 548, in query
    self._affected_rows = self._read_query_result(unbuffered=unbuffered)
  File "/root/.local/lib/python3.8/site-packages/pymysql/connections.py", line 775, in _read_query_result
    result.read()
  File "/root/.local/lib/python3.8/site-packages/pymysql/connections.py", line 1156, in read
    first_packet = self.connection._read_packet()
  File "/root/.local/lib/python3.8/site-packages/pymysql/connections.py", line 692, in _read_packet
    packet_header = self._read_bytes(4)
  File "/root/.local/lib/python3.8/site-packages/pymysql/connections.py", line 748, in _read_bytes
    raise err.OperationalError(
pymysql.err.OperationalError: (2013, 'Lost connection to MySQL server during query')

The above exception was the direct cause of the following exception:

Traceback (most recent call last):
  File "/root/.local/lib/python3.8/site-packages/django/core/handlers/exception.py", line 47, in inner
    response = get_response(request)
  File "/root/.local/lib/python3.8/site-packages/django/core/handlers/base.py", line 181, in _get_response
    response = wrapped_callback(request, *callback_args, **callback_kwargs)
  File "/root/.local/lib/python3.8/site-packages/django/contrib/admin/options.py", line 616, in wrapper
    return self.admin_site.admin_view(view)(*args, **kwargs)
  File "/root/.local/lib/python3.8/site-packages/django/utils/decorators.py", line 130, in _wrapped_view
    response = view_func(request, *args, **kwargs)
  File "/root/.local/lib/python3.8/site-packages/django/views/decorators/cache.py", line 44, in _wrapped_view_func
    response = view_func(request, *args, **kwargs)
  File "/root/.local/lib/python3.8/site-packages/django/contrib/admin/sites.py", line 232, in inner
    return view(request, *args, **kwargs)
  File "/root/.local/lib/python3.8/site-packages/django/utils/decorators.py", line 43, in _wrapper
    return bound_method(*args, **kwargs)
  File "/root/.local/lib/python3.8/site-packages/django/utils/decorators.py", line 130, in _wrapped_view
    response = view_func(request, *args, **kwargs)
  File "/root/.local/lib/python3.8/site-packages/django/contrib/admin/options.py", line 1697, in changelist_view
    cl = self.get_changelist_instance(request)
  File "/root/.local/lib/python3.8/site-packages/django/contrib/admin/options.py", line 736, in get_changelist_instance
    return ChangeList(
  File "/root/.local/lib/python3.8/site-packages/django/contrib/admin/views/main.py", line 100, in __init__
    self.get_results(request)
  File "/root/.local/lib/python3.8/site-packages/django/contrib/admin/views/main.py", line 235, in get_results
    result_count = paginator.count
  File "/root/.local/lib/python3.8/site-packages/django/utils/functional.py", line 48, in __get__
    res = instance.__dict__[self.name] = self.func(instance)
  File "/root/.local/lib/python3.8/site-packages/django/core/paginator.py", line 97, in count
    return c()
  File "/root/.local/lib/python3.8/site-packages/django/db/models/query.py", line 412, in count
    return self.query.get_count(using=self.db)
  File "/root/.local/lib/python3.8/site-packages/django/db/models/sql/query.py", line 519, in get_count
    number = obj.get_aggregation(using, ['__count'])['__count']
  File "/root/.local/lib/python3.8/site-packages/django/db/models/sql/query.py", line 504, in get_aggregation
    result = compiler.execute_sql(SINGLE)
  File "/root/.local/lib/python3.8/site-packages/django/db/models/sql/compiler.py", line 1175, in execute_sql
    cursor.execute(sql, params)
  File "/root/.local/lib/python3.8/site-packages/django/db/backends/utils.py", line 98, in execute
    return super().execute(sql, params)
  File "/root/.local/lib/python3.8/site-packages/django/db/backends/utils.py", line 66, in execute
    return self._execute_with_wrappers(sql, params, many=False, executor=self._execute)
  File "/root/.local/lib/python3.8/site-packages/django/db/backends/utils.py", line 75, in _execute_with_wrappers
    return executor(sql, params, many, context)
  File "/root/.local/lib/python3.8/site-packages/django/db/backends/utils.py", line 84, in _execute
    return self.cursor.execute(sql, params)
  File "/root/.local/lib/python3.8/site-packages/django/db/utils.py", line 90, in __exit__
    raise dj_exc_value.with_traceback(traceback) from exc_value
  File "/root/.local/lib/python3.8/site-packages/django/db/backends/utils.py", line 84, in _execute
    return self.cursor.execute(sql, params)
  File "/root/.local/lib/python3.8/site-packages/django/db/backends/mysql/base.py", line 73, in execute
    return self.cursor.execute(query, args)
  File "/root/.local/lib/python3.8/site-packages/pymysql/cursors.py", line 148, in execute
    result = self._query(query)
  File "/root/.local/lib/python3.8/site-packages/pymysql/cursors.py", line 310, in _query
    conn.query(q)
  File "/root/.local/lib/python3.8/site-packages/pymysql/connections.py", line 548, in query
    self._affected_rows = self._read_query_result(unbuffered=unbuffered)
  File "/root/.local/lib/python3.8/site-packages/pymysql/connections.py", line 775, in _read_query_result
    result.read()
  File "/root/.local/lib/python3.8/site-packages/pymysql/connections.py", line 1156, in read
    first_packet = self.connection._read_packet()
  File "/root/.local/lib/python3.8/site-packages/pymysql/connections.py", line 692, in _read_packet
    packet_header = self._read_bytes(4)
  File "/root/.local/lib/python3.8/site-packages/pymysql/connections.py", line 748, in _read_bytes
    raise err.OperationalError(
django.db.utils.OperationalError: (2013, 'Lost connection to MySQL server during query')
[2025-09-19 08:31:05,911] [basehttp.py:161] [basehttp:log_message] [ERROR]- "GET /admin/Select_Information/reviewrecord/ HTTP/1.1" 500 230171
[2025-09-19 08:31:14,323] [basehttp.py:161] [basehttp:log_message] [INFO]- "GET /admin/Select_Information/reviewrecord/ HTTP/1.1" 200 80752
[2025-09-19 08:31:14,340] [basehttp.py:161] [basehttp:log_message] [INFO]- "GET /static/admin/css/changelists.css HTTP/1.1" 304 0
[2025-09-19 08:31:14,348] [basehttp.py:161] [basehttp:log_message] [INFO]- "GET /static/admin/js/urlify.js HTTP/1.1" 304 0
[2025-09-19 08:31:14,349] [basehttp.py:161] [basehttp:log_message] [INFO]- "GET /static/admin/js/admin/RelatedObjectLookups.js HTTP/1.1" 304 0
[2025-09-19 08:31:14,349] [basehttp.py:161] [basehttp:log_message] [INFO]- "GET /static/admin/js/jquery.init.js HTTP/1.1" 304 0
[2025-09-19 08:31:14,349] [basehttp.py:161] [basehttp:log_message] [INFO]- "GET /static/admin/js/vendor/jquery/jquery.js HTTP/1.1" 304 0
[2025-09-19 08:31:14,350] [basehttp.py:161] [basehttp:log_message] [INFO]- "GET /static/admin/js/actions.js HTTP/1.1" 304 0
[2025-09-19 08:31:14,351] [basehttp.py:161] [basehttp:log_message] [INFO]- "GET /static/admin/js/vendor/xregexp/xregexp.js HTTP/1.1" 304 0
[2025-09-19 08:31:14,351] [basehttp.py:161] [basehttp:log_message] [INFO]- "GET /static/admin/js/prepopulate.js HTTP/1.1" 304 0
[2025-09-19 08:31:14,352] [basehttp.py:161] [basehttp:log_message] [INFO]- "GET /static/admin/img/search.svg HTTP/1.1" 304 0
[2025-09-19 08:31:14,353] [basehttp.py:161] [basehttp:log_message] [INFO]- "GET /static/admin/js/core.js HTTP/1.1" 304 0
[2025-09-19 08:31:14,354] [basehttp.py:161] [basehttp:log_message] [INFO]- "GET /static/admin/img/icon-yes.svg HTTP/1.1" 304 0
[2025-09-19 08:31:14,356] [basehttp.py:161] [basehttp:log_message] [INFO]- "GET /static/admin/img/icon-no.svg HTTP/1.1" 200 560
[2025-09-19 08:31:14,581] [basehttp.py:161] [basehttp:log_message] [INFO]- "GET /admin/jsi18n/ HTTP/1.1" 200 8398
[2025-09-19 08:31:14,633] [basehttp.py:161] [basehttp:log_message] [INFO]- "GET /static/admin/img/tooltag-add.svg HTTP/1.1" 304 0
